Testsuite: org.apache.commons.math3.optimization.direct.BOBYQAOptimizerTest
Tests run: 18, Failures: 1, Errors: 1, Time elapsed: 1.721 sec

Testcase: testDiffPow(org.apache.commons.math3.optimization.direct.BOBYQAOptimizerTest):	Caused an ERROR
illegal state: maximal count (12,000) exceeded: evaluations
org.apache.commons.math3.exception.TooManyEvaluationsException: illegal state: maximal count (12,000) exceeded: evaluations
	at org.apache.commons.math3.optimization.direct.BaseAbstractMultivariateOptimizer.computeObjectiveValue(BaseAbstractMultivariateOptimizer.java:108)
	at org.apache.commons.math3.optimization.direct.BOBYQAOptimizer.bobyqb(BOBYQAOptimizer.java:828)
	at org.apache.commons.math3.optimization.direct.BOBYQAOptimizer.bobyqa(BOBYQAOptimizer.java:334)
	at org.apache.commons.math3.optimization.direct.BOBYQAOptimizer.doOptimize(BOBYQAOptimizer.java:246)
	at org.apache.commons.math3.optimization.direct.BaseAbstractMultivariateOptimizer.optimizeInternal(BaseAbstractMultivariateOptimizer.java:206)
	at org.apache.commons.math3.optimization.direct.BaseAbstractMultivariateOptimizer.optimize(BaseAbstractMultivariateOptimizer.java:145)
	at org.apache.commons.math3.optimization.direct.BOBYQAOptimizerTest.doTest(BOBYQAOptimizerTest.java:326)
	at org.apache.commons.math3.optimization.direct.BOBYQAOptimizerTest.doTest(BOBYQAOptimizerTest.java:281)
	at org.apache.commons.math3.optimization.direct.BOBYQAOptimizerTest.testDiffPow(BOBYQAOptimizerTest.java:186)


Testcase: testAckley(org.apache.commons.math3.optimization.direct.BOBYQAOptimizerTest):	FAILED
expected:<0.0> but was:<1.047765607609108E-8>
junit.framework.AssertionFailedError: expected:<0.0> but was:<1.047765607609108E-8>
	at org.apache.commons.math3.optimization.direct.BOBYQAOptimizerTest.doTest(BOBYQAOptimizerTest.java:336)
	at org.apache.commons.math3.optimization.direct.BOBYQAOptimizerTest.doTest(BOBYQAOptimizerTest.java:281)
	at org.apache.commons.math3.optimization.direct.BOBYQAOptimizerTest.testAckley(BOBYQAOptimizerTest.java:208)


