<?xml version="1.0" encoding="UTF-8" ?>
<testsuite errors="0" failures="0" hostname="kjResearchMach1" name="functional.errorhandling.ErrorHandlingTest" tests="5" time="0.473" timestamp="2014-11-10T20:32:51">
  <properties>
    <property name="java.vendor" value="Oracle Corporation" />
    <property name="sun.java.launcher" value="SUN_STANDARD" />
    <property name="sun.management.compiler" value="HotSpot 64-Bit Tiered Compilers" />
    <property name="maven.build.srcDir.0" value="src/main/java" />
    <property name="os.name" value="Linux" />
    <property name="sun.boot.class.path" value="/usr/lib/jvm/java-7-openjdk-amd64/jre/lib/resources.jar:/usr/lib/jvm/java-7-openjdk-amd64/jre/lib/rt.jar:/usr/lib/jvm/java-7-openjdk-amd64/jre/lib/sunrsasign.jar:/usr/lib/jvm/java-7-openjdk-amd64/jre/lib/jsse.jar:/usr/lib/jvm/java-7-openjdk-amd64/jre/lib/jce.jar:/usr/lib/jvm/java-7-openjdk-amd64/jre/lib/charsets.jar:/usr/lib/jvm/java-7-openjdk-amd64/jre/lib/netx.jar:/usr/lib/jvm/java-7-openjdk-amd64/jre/lib/plugin.jar:/usr/lib/jvm/java-7-openjdk-amd64/jre/lib/rhino.jar:/usr/lib/jvm/java-7-openjdk-amd64/jre/lib/jfr.jar:/usr/lib/jvm/java-7-openjdk-amd64/jre/classes:/home/hessahalkaoud/tools/major/bin/../config/config.jar" />
    <property name="sun.desktop" value="gnome" />
    <property name="java.vm.specification.vendor" value="Oracle Corporation" />
    <property name="ant.home" value="/home/hessahalkaoud/tools/major" />
    <property name="java.runtime.version" value="1.7.0_51-b00" />
    <property name="maven.build.resourceDir.0" value="src/main/resources" />
    <property name="user.name" value="hessahalkaoud" />
    <property name="maven.build.outputDir" value="target/classes" />
    <property name="maven.repo.local" value="/home/hessahalkaoud/.m2/repository" />
    <property name="maven.build.finalName" value="wheel-core-0.8.5" />
    <property name="maven.build.testDir.0" value="src/test/java" />
    <property name="user.language" value="en" />
    <property name="sun.boot.library.path" value="/usr/lib/jvm/java-7-openjdk-amd64/jre/lib/amd64" />
    <property name="ant.project.default-target" value="package" />
    <property name="maven.reporting.outputDirectory" value="target/site" />
    <property name="ant.project.name" value="wheel-core-from-maven" />
    <property name="java.version" value="1.7.0_51" />
    <property name="user.timezone" value="" />
    <property name="sun.arch.data.model" value="64" />
    <property name="java.endorsed.dirs" value="/usr/lib/jvm/java-7-openjdk-amd64/jre/lib/endorsed" />
    <property name="sun.cpu.isalist" value="" />
    <property name="sun.jnu.encoding" value="UTF-8" />
    <property name="file.encoding.pkg" value="sun.io" />
    <property name="file.separator" value="/" />
    <property name="java.specification.name" value="Java Platform API Specification" />
    <property name="java.class.version" value="51.0" />
    <property name="user.country" value="US" />
    <property name="java.home" value="/usr/lib/jvm/java-7-openjdk-amd64/jre" />
    <property name="java.vm.info" value="mixed mode" />
    <property name="ant.file" value="/home/hessahalkaoud/github/Quality-of-Test-suites-for-TDD-applications/source_code/wheelwebtool/build.xml" />
    <property name="os.version" value="3.8.0-35-generic" />
    <property name="maven.build.testOutputDir" value="target/test-classes" />
    <property name="path.separator" value=":" />
    <property name="java.vm.version" value="24.45-b08" />
    <property name="mutOp" value=":NONE" />
    <property name="maven.build.dir" value="target" />
    <property name="maven.test.reports" value="target/test-reports" />
    <property name="ant.library.dir" value="/home/hessahalkaoud/tools/major/lib" />
    <property name="java.awt.printerjob" value="sun.print.PSPrinterJob" />
    <property name="sun.io.unicode.encoding" value="UnicodeLittle" />
    <property name="awt.toolkit" value="sun.awt.X11.XToolkit" />
    <property name="project.build.outputDirectory" value="target/classes" />
    <property name="ant.file.wheel-core-from-maven" value="/home/hessahalkaoud/github/Quality-of-Test-suites-for-TDD-applications/source_code/wheelwebtool/build.xml" />
    <property name="user.home" value="/home/hessahalkaoud" />
    <property name="java.specification.vendor" value="Oracle Corporation" />
    <property name="java.library.path" value="/usr/java/packages/lib/amd64:/usr/lib/x86_64-linux-gnu/jni:/lib/x86_64-linux-gnu:/usr/lib/x86_64-linux-gnu:/usr/lib/jni:/lib:/usr/lib" />
    <property name="java.vendor.url" value="http://java.oracle.com/" />
    <property name="maven.settings.offline" value="false" />
    <property name="java.vm.vendor" value="Oracle Corporation" />
    <property name="maven.settings.interactiveMode" value="true" />
    <property name="java.runtime.name" value="OpenJDK Runtime Environment" />
    <property name="sun.java.command" value="/home/hessahalkaoud/tools/major/bin/../lib/ant-launcher.jar test" />
    <property name="java.class.path" value="/home/hessahalkaoud/tools/major/bin/../lib/ant-launcher.jar:/home/hessahalkaoud/.ant/lib/org.jacoco.agent-0.7.0.201403182114.jar:/home/hessahalkaoud/.ant/lib/org.jacoco.report-0.7.0.201403182114.jar:/home/hessahalkaoud/.ant/lib/jacocoant.jar:/home/hessahalkaoud/.ant/lib/org.jacoco.ant-0.7.0.201403182114.jar:/home/hessahalkaoud/.ant/lib/asm-4.1.jar:/home/hessahalkaoud/.ant/lib/org.jacoco.core-0.7.0.201403182114.jar:/home/hessahalkaoud/.ant/lib/org.jacoco.ant-0.7.0.201403182114-nodeps.jar:/home/hessahalkaoud/.ant/lib/pitest-ant-0.32.jar:/home/hessahalkaoud/.ant/lib/pitest-0.32.jar:/home/hessahalkaoud/.ant/lib/ivy.jar:/home/hessahalkaoud/tools/major/lib/ant-javamail.jar:/home/hessahalkaoud/tools/major/lib/mmlc.jar:/home/hessahalkaoud/tools/major/lib/ant-apache-log4j.jar:/home/hessahalkaoud/tools/major/lib/ant-launcher.jar:/home/hessahalkaoud/tools/major/lib/junit-4.8.1.jar:/home/hessahalkaoud/tools/major/lib/javac.jar:/home/hessahalkaoud/tools/major/lib/junit-3.8.2.jar:/home/hessahalkaoud/tools/major/lib/ant-commons-logging.jar:/home/hessahalkaoud/tools/major/lib/ant-jai.jar:/home/hessahalkaoud/tools/major/lib/ant-apache-bcel.jar:/home/hessahalkaoud/tools/major/lib/ant-bootstrap.jar:/home/hessahalkaoud/tools/major/lib/ant-jsch.jar:/home/hessahalkaoud/tools/major/lib/ant-jdepend.jar:/home/hessahalkaoud/tools/major/lib/ant-netrexx.jar:/home/hessahalkaoud/tools/major/lib/ant-contrib.jar:/home/hessahalkaoud/tools/major/lib/ant-commons-net.jar:/home/hessahalkaoud/tools/major/lib/ant-testutil.jar:/home/hessahalkaoud/tools/major/lib/ant-jmf.jar:/home/hessahalkaoud/tools/major/lib/ant-apache-bsf.jar:/home/hessahalkaoud/tools/major/lib/ant-apache-resolver.jar:/home/hessahalkaoud/tools/major/lib/ant.jar:/home/hessahalkaoud/tools/major/lib/ant-antlr.jar:/home/hessahalkaoud/tools/major/lib/ant-swing.jar:/home/hessahalkaoud/tools/major/lib/ant-apache-regexp.jar:/home/hessahalkaoud/tools/major/lib/ant-apache-oro.jar:/home/hessahalkaoud/tools/major/lib/ant-apache-xalan2.jar:/home/hessahalkaoud/tools/major/lib/ant-junit4.jar:/home/hessahalkaoud/tools/major/lib/ant-junit.jar:/usr/lib/jvm/java-7-openjdk-amd64/lib/tools.jar" />
    <property name="ant.version" value="Apache Ant(TM) version 1.8.4-Major-v1.1.0 compiled on January 28 2014" />
    <property name="project.build.directory" value="target" />
    <property name="java.vm.specification.name" value="Java Virtual Machine Specification" />
    <property name="ant.file.type" value="file" />
    <property name="java.vm.specification.version" value="1.7" />
    <property name="sun.cpu.endian" value="little" />
    <property name="sun.os.patch.level" value="unknown" />
    <property name="java.io.tmpdir" value="/tmp" />
    <property name="junit.present" value="true" />
    <property name="java.vendor.url.bug" value="http://bugreport.sun.com/bugreport/" />
    <property name="maven.build.testResourceDir.0" value="src/test/resources" />
    <property name="os.arch" value="amd64" />
    <property name="java.awt.graphicsenv" value="sun.awt.X11GraphicsEnvironment" />
    <property name="java.ext.dirs" value="/usr/lib/jvm/java-7-openjdk-amd64/jre/lib/ext:/usr/java/packages/lib/ext" />
    <property name="user.dir" value="/home/hessahalkaoud/github/Quality-of-Test-suites-for-TDD-applications/source_code/wheelwebtool" />
    <property name="line.separator" value="&#xa;" />
    <property name="java.vm.name" value="OpenJDK 64-Bit Server VM" />
    <property name="ant.file.type.wheel-core-from-maven" value="file" />
    <property name="basedir" value="/home/hessahalkaoud/github/Quality-of-Test-suites-for-TDD-applications/source_code/wheelwebtool" />
    <property name="ant.java.version" value="1.7" />
    <property name="ant.core.lib" value="/home/hessahalkaoud/tools/major/lib/ant.jar" />
    <property name="file.encoding" value="UTF-8" />
    <property name="java.specification.version" value="1.7" />
    <property name="ant.project.invoked-targets" value="test" />
  </properties>
  <testcase classname="functional.errorhandling.ErrorHandlingTest" name="testExceptionFromBuildComponent" time="0.392" />
  <testcase classname="functional.errorhandling.ErrorHandlingTest" name="testRedirectExceptionToPage" time="0.025" />
  <testcase classname="functional.errorhandling.ErrorHandlingTest" name="testRedirectExceptionToUrl" time="0.004" />
  <testcase classname="functional.errorhandling.ErrorHandlingTest" name="testCheckedException" time="0.008" />
  <testcase classname="functional.errorhandling.ErrorHandlingTest" name="testUncheckedException" time="0.01" />
  <system-out><![CDATA[]]></system-out>
  <system-err><![CDATA[307 [main] ERROR wheel.EngineImpl - Failed to build renderable page or component.
java.lang.IllegalStateException: Test error 3
	at functional.errorhandling.ErrorGeneratingPage2.buildComponent(ErrorGeneratingPage2.java:12)
	at wheel.EngineImpl.buildRenderable(EngineImpl.java:422)
	at wheel.EngineImpl.processRequestInternal(EngineImpl.java:152)
	at wheel.AbstractEngine.processRequest(AbstractEngine.java:80)
	at sun.reflect.NativeMethodAccessorImpl.invoke0(Native Method)
	at sun.reflect.NativeMethodAccessorImpl.invoke(NativeMethodAccessorImpl.java:57)
	at sun.reflect.DelegatingMethodAccessorImpl.invoke(DelegatingMethodAccessorImpl.java:43)
	at java.lang.reflect.Method.invoke(Method.java:606)
	at wheel.WheelServlet.handleRequest(WheelServlet.java:163)
	at wheel.WheelServlet.doGet(WheelServlet.java:87)
	at wheel.testing.WheelFunctionalTestCase.loadAsUser(WheelFunctionalTestCase.java:157)
	at wheel.testing.WheelFunctionalTestCase.load(WheelFunctionalTestCase.java:136)
	at functional.errorhandling.ErrorHandlingTest.testExceptionFromBuildComponent(ErrorHandlingTest.java:36)
	at sun.reflect.NativeMethodAccessorImpl.invoke0(Native Method)
	at sun.reflect.NativeMethodAccessorImpl.invoke(NativeMethodAccessorImpl.java:57)
	at sun.reflect.DelegatingMethodAccessorImpl.invoke(DelegatingMethodAccessorImpl.java:43)
	at java.lang.reflect.Method.invoke(Method.java:606)
	at org.junit.runners.model.FrameworkMethod$1.runReflectiveCall(FrameworkMethod.java:44)
	at org.junit.internal.runners.model.ReflectiveCallable.run(ReflectiveCallable.java:15)
	at org.junit.runners.model.FrameworkMethod.invokeExplosively(FrameworkMethod.java:41)
	at org.junit.internal.runners.statements.InvokeMethod.evaluate(InvokeMethod.java:20)
	at org.junit.runners.BlockJUnit4ClassRunner.runChild(BlockJUnit4ClassRunner.java:76)
	at org.junit.runners.BlockJUnit4ClassRunner.runChild(BlockJUnit4ClassRunner.java:50)
	at org.junit.runners.ParentRunner$3.run(ParentRunner.java:193)
	at org.junit.runners.ParentRunner$1.schedule(ParentRunner.java:52)
	at org.junit.runners.ParentRunner.runChildren(ParentRunner.java:191)
	at org.junit.runners.ParentRunner.access$000(ParentRunner.java:42)
	at org.junit.runners.ParentRunner$2.evaluate(ParentRunner.java:184)
	at org.junit.internal.runners.statements.RunBefores.evaluate(RunBefores.java:28)
	at org.junit.runners.ParentRunner.run(ParentRunner.java:236)
	at junit.framework.JUnit4TestAdapter.run(JUnit4TestAdapter.java:39)
	at org.apache.tools.ant.taskdefs.optional.junit.JUnitTestRunner.run(JUnitTestRunner.java:520)
	at org.apache.tools.ant.taskdefs.optional.junit.JUnitTask.executeInVM(JUnitTask.java:1478)
	at org.apache.tools.ant.taskdefs.optional.junit.JUnitTask.execute(JUnitTask.java:860)
	at org.apache.tools.ant.taskdefs.optional.junit.JUnitTask.executeOrQueue(JUnitTask.java:1964)
	at org.apache.tools.ant.taskdefs.optional.junit.JUnitTask.execute1(JUnitTask.java:812)
	at org.apache.tools.ant.taskdefs.optional.junit.JUnitTask.execute(JUnitTask.java:2263)
	at org.apache.tools.ant.UnknownElement.execute(UnknownElement.java:291)
	at sun.reflect.GeneratedMethodAccessor4.invoke(Unknown Source)
	at sun.reflect.DelegatingMethodAccessorImpl.invoke(DelegatingMethodAccessorImpl.java:43)
	at java.lang.reflect.Method.invoke(Method.java:606)
	at org.apache.tools.ant.dispatch.DispatchUtils.execute(DispatchUtils.java:106)
	at org.apache.tools.ant.Task.perform(Task.java:348)
	at org.apache.tools.ant.Target.execute(Target.java:392)
	at org.apache.tools.ant.Target.performTasks(Target.java:413)
	at org.apache.tools.ant.Project.executeSortedTargets(Project.java:1399)
	at org.apache.tools.ant.Project.executeTarget(Project.java:1368)
	at org.apache.tools.ant.helper.DefaultExecutor.executeTargets(DefaultExecutor.java:41)
	at org.apache.tools.ant.Project.executeTargets(Project.java:1251)
	at org.apache.tools.ant.Main.runBuild(Main.java:811)
	at org.apache.tools.ant.Main.startAnt(Main.java:217)
	at org.apache.tools.ant.launch.Launcher.run(Launcher.java:280)
	at org.apache.tools.ant.launch.Launcher.main(Launcher.java:109)
org.mvel.PropertyAccessException: unable to resolve property: could not access property
	at org.mvel.PropertyAccessor.get(PropertyAccessor.java:170)
	at org.mvel.PropertyAccessor.get(PropertyAccessor.java:128)
	at org.mvel.ASTNode.getReducedValue(ASTNode.java:292)
	at org.mvel.MVELInterpretedRuntime.parseAndExecuteInterpreted(MVELInterpretedRuntime.java:103)
	at org.mvel.MVELInterpretedRuntime.parse(MVELInterpretedRuntime.java:51)
	at org.mvel.MVEL.eval(MVEL.java:97)
	at wheel.components.ElExpression.eval(ElExpression.java:44)
	at wheel.EngineImpl.buildRenderable(EngineImpl.java:399)
	at wheel.EngineImpl.processRequestInternal(EngineImpl.java:152)
	at wheel.AbstractEngine.processRequest(AbstractEngine.java:80)
	at sun.reflect.NativeMethodAccessorImpl.invoke0(Native Method)
	at sun.reflect.NativeMethodAccessorImpl.invoke(NativeMethodAccessorImpl.java:57)
	at sun.reflect.DelegatingMethodAccessorImpl.invoke(DelegatingMethodAccessorImpl.java:43)
	at java.lang.reflect.Method.invoke(Method.java:606)
	at wheel.WheelServlet.handleRequest(WheelServlet.java:163)
	at wheel.WheelServlet.doGet(WheelServlet.java:87)
	at wheel.testing.WheelFunctionalTestCase.loadAsUser(WheelFunctionalTestCase.java:157)
	at wheel.testing.WheelFunctionalTestCase.load(WheelFunctionalTestCase.java:136)
	at functional.errorhandling.ErrorHandlingTest.testRedirectExceptionToPage(ErrorHandlingTest.java:44)
	at sun.reflect.NativeMethodAccessorImpl.invoke0(Native Method)
	at sun.reflect.NativeMethodAccessorImpl.invoke(NativeMethodAccessorImpl.java:57)
	at sun.reflect.DelegatingMethodAccessorImpl.invoke(DelegatingMethodAccessorImpl.java:43)
	at java.lang.reflect.Method.invoke(Method.java:606)
	at org.junit.runners.model.FrameworkMethod$1.runReflectiveCall(FrameworkMethod.java:44)
	at org.junit.internal.runners.model.ReflectiveCallable.run(ReflectiveCallable.java:15)
	at org.junit.runners.model.FrameworkMethod.invokeExplosively(FrameworkMethod.java:41)
	at org.junit.internal.runners.statements.InvokeMethod.evaluate(InvokeMethod.java:20)
	at org.junit.runners.BlockJUnit4ClassRunner.runChild(BlockJUnit4ClassRunner.java:76)
	at org.junit.runners.BlockJUnit4ClassRunner.runChild(BlockJUnit4ClassRunner.java:50)
	at org.junit.runners.ParentRunner$3.run(ParentRunner.java:193)
	at org.junit.runners.ParentRunner$1.schedule(ParentRunner.java:52)
	at org.junit.runners.ParentRunner.runChildren(ParentRunner.java:191)
	at org.junit.runners.ParentRunner.access$000(ParentRunner.java:42)
	at org.junit.runners.ParentRunner$2.evaluate(ParentRunner.java:184)
	at org.junit.internal.runners.statements.RunBefores.evaluate(RunBefores.java:28)
	at org.junit.runners.ParentRunner.run(ParentRunner.java:236)
	at junit.framework.JUnit4TestAdapter.run(JUnit4TestAdapter.java:39)
	at org.apache.tools.ant.taskdefs.optional.junit.JUnitTestRunner.run(JUnitTestRunner.java:520)
	at org.apache.tools.ant.taskdefs.optional.junit.JUnitTask.executeInVM(JUnitTask.java:1478)
	at org.apache.tools.ant.taskdefs.optional.junit.JUnitTask.execute(JUnitTask.java:860)
	at org.apache.tools.ant.taskdefs.optional.junit.JUnitTask.executeOrQueue(JUnitTask.java:1964)
	at org.apache.tools.ant.taskdefs.optional.junit.JUnitTask.execute1(JUnitTask.java:812)
	at org.apache.tools.ant.taskdefs.optional.junit.JUnitTask.execute(JUnitTask.java:2263)
	at org.apache.tools.ant.UnknownElement.execute(UnknownElement.java:291)
	at sun.reflect.GeneratedMethodAccessor4.invoke(Unknown Source)
	at sun.reflect.DelegatingMethodAccessorImpl.invoke(DelegatingMethodAccessorImpl.java:43)
	at java.lang.reflect.Method.invoke(Method.java:606)
	at org.apache.tools.ant.dispatch.DispatchUtils.execute(DispatchUtils.java:106)
	at org.apache.tools.ant.Task.perform(Task.java:348)
	at org.apache.tools.ant.Target.execute(Target.java:392)
	at org.apache.tools.ant.Target.performTasks(Target.java:413)
	at org.apache.tools.ant.Project.executeSortedTargets(Project.java:1399)
	at org.apache.tools.ant.Project.executeTarget(Project.java:1368)
	at org.apache.tools.ant.helper.DefaultExecutor.executeTargets(DefaultExecutor.java:41)
	at org.apache.tools.ant.Project.executeTargets(Project.java:1251)
	at org.apache.tools.ant.Main.runBuild(Main.java:811)
	at org.apache.tools.ant.Main.startAnt(Main.java:217)
	at org.apache.tools.ant.launch.Launcher.run(Launcher.java:280)
	at org.apache.tools.ant.launch.Launcher.main(Launcher.java:109)
Caused by: java.lang.reflect.InvocationTargetException
	at sun.reflect.NativeMethodAccessorImpl.invoke0(Native Method)
	at sun.reflect.NativeMethodAccessorImpl.invoke(NativeMethodAccessorImpl.java:57)
	at sun.reflect.DelegatingMethodAccessorImpl.invoke(DelegatingMethodAccessorImpl.java:43)
	at java.lang.reflect.Method.invoke(Method.java:606)
	at org.mvel.PropertyAccessor.getMethod(PropertyAccessor.java:643)
	at org.mvel.PropertyAccessor.get(PropertyAccessor.java:156)
	... 58 more
Caused by: wheel.RedirectException
	at functional.errorhandling.ErrorGeneratingPage.redirectException1(ErrorGeneratingPage.java:31)
	... 64 more
org.mvel.PropertyAccessException: unable to resolve property: could not access property
	at org.mvel.PropertyAccessor.get(PropertyAccessor.java:170)
	at org.mvel.PropertyAccessor.get(PropertyAccessor.java:128)
	at org.mvel.ASTNode.getReducedValue(ASTNode.java:292)
	at org.mvel.MVELInterpretedRuntime.parseAndExecuteInterpreted(MVELInterpretedRuntime.java:103)
	at org.mvel.MVELInterpretedRuntime.parse(MVELInterpretedRuntime.java:51)
	at org.mvel.MVEL.eval(MVEL.java:97)
	at wheel.components.ElExpression.eval(ElExpression.java:44)
	at wheel.EngineImpl.buildRenderable(EngineImpl.java:399)
	at wheel.EngineImpl.processRequestInternal(EngineImpl.java:152)
	at wheel.AbstractEngine.processRequest(AbstractEngine.java:80)
	at sun.reflect.NativeMethodAccessorImpl.invoke0(Native Method)
	at sun.reflect.NativeMethodAccessorImpl.invoke(NativeMethodAccessorImpl.java:57)
	at sun.reflect.DelegatingMethodAccessorImpl.invoke(DelegatingMethodAccessorImpl.java:43)
	at java.lang.reflect.Method.invoke(Method.java:606)
	at wheel.WheelServlet.handleRequest(WheelServlet.java:163)
	at wheel.WheelServlet.doGet(WheelServlet.java:87)
	at wheel.testing.WheelFunctionalTestCase.loadAsUser(WheelFunctionalTestCase.java:157)
	at wheel.testing.WheelFunctionalTestCase.load(WheelFunctionalTestCase.java:136)
	at functional.errorhandling.ErrorHandlingTest.testRedirectExceptionToUrl(ErrorHandlingTest.java:52)
	at sun.reflect.NativeMethodAccessorImpl.invoke0(Native Method)
	at sun.reflect.NativeMethodAccessorImpl.invoke(NativeMethodAccessorImpl.java:57)
	at sun.reflect.DelegatingMethodAccessorImpl.invoke(DelegatingMethodAccessorImpl.java:43)
	at java.lang.reflect.Method.invoke(Method.java:606)
	at org.junit.runners.model.FrameworkMethod$1.runReflectiveCall(FrameworkMethod.java:44)
	at org.junit.internal.runners.model.ReflectiveCallable.run(ReflectiveCallable.java:15)
	at org.junit.runners.model.FrameworkMethod.invokeExplosively(FrameworkMethod.java:41)
	at org.junit.internal.runners.statements.InvokeMethod.evaluate(InvokeMethod.java:20)
	at org.junit.runners.BlockJUnit4ClassRunner.runChild(BlockJUnit4ClassRunner.java:76)
	at org.junit.runners.BlockJUnit4ClassRunner.runChild(BlockJUnit4ClassRunner.java:50)
	at org.junit.runners.ParentRunner$3.run(ParentRunner.java:193)
	at org.junit.runners.ParentRunner$1.schedule(ParentRunner.java:52)
	at org.junit.runners.ParentRunner.runChildren(ParentRunner.java:191)
	at org.junit.runners.ParentRunner.access$000(ParentRunner.java:42)
	at org.junit.runners.ParentRunner$2.evaluate(ParentRunner.java:184)
	at org.junit.internal.runners.statements.RunBefores.evaluate(RunBefores.java:28)
	at org.junit.runners.ParentRunner.run(ParentRunner.java:236)
	at junit.framework.JUnit4TestAdapter.run(JUnit4TestAdapter.java:39)
	at org.apache.tools.ant.taskdefs.optional.junit.JUnitTestRunner.run(JUnitTestRunner.java:520)
	at org.apache.tools.ant.taskdefs.optional.junit.JUnitTask.executeInVM(JUnitTask.java:1478)
	at org.apache.tools.ant.taskdefs.optional.junit.JUnitTask.execute(JUnitTask.java:860)
	at org.apache.tools.ant.taskdefs.optional.junit.JUnitTask.executeOrQueue(JUnitTask.java:1964)
	at org.apache.tools.ant.taskdefs.optional.junit.JUnitTask.execute1(JUnitTask.java:812)
	at org.apache.tools.ant.taskdefs.optional.junit.JUnitTask.execute(JUnitTask.java:2263)
	at org.apache.tools.ant.UnknownElement.execute(UnknownElement.java:291)
	at sun.reflect.GeneratedMethodAccessor4.invoke(Unknown Source)
	at sun.reflect.DelegatingMethodAccessorImpl.invoke(DelegatingMethodAccessorImpl.java:43)
	at java.lang.reflect.Method.invoke(Method.java:606)
	at org.apache.tools.ant.dispatch.DispatchUtils.execute(DispatchUtils.java:106)
	at org.apache.tools.ant.Task.perform(Task.java:348)
	at org.apache.tools.ant.Target.execute(Target.java:392)
	at org.apache.tools.ant.Target.performTasks(Target.java:413)
	at org.apache.tools.ant.Project.executeSortedTargets(Project.java:1399)
	at org.apache.tools.ant.Project.executeTarget(Project.java:1368)
	at org.apache.tools.ant.helper.DefaultExecutor.executeTargets(DefaultExecutor.java:41)
	at org.apache.tools.ant.Project.executeTargets(Project.java:1251)
	at org.apache.tools.ant.Main.runBuild(Main.java:811)
	at org.apache.tools.ant.Main.startAnt(Main.java:217)
	at org.apache.tools.ant.launch.Launcher.run(Launcher.java:280)
	at org.apache.tools.ant.launch.Launcher.main(Launcher.java:109)
Caused by: java.lang.reflect.InvocationTargetException
	at sun.reflect.NativeMethodAccessorImpl.invoke0(Native Method)
	at sun.reflect.NativeMethodAccessorImpl.invoke(NativeMethodAccessorImpl.java:57)
	at sun.reflect.DelegatingMethodAccessorImpl.invoke(DelegatingMethodAccessorImpl.java:43)
	at java.lang.reflect.Method.invoke(Method.java:606)
	at org.mvel.PropertyAccessor.getMethod(PropertyAccessor.java:643)
	at org.mvel.PropertyAccessor.get(PropertyAccessor.java:156)
	... 58 more
Caused by: wheel.RedirectException
	at functional.errorhandling.ErrorGeneratingPage.redirectException2(ErrorGeneratingPage.java:36)
	... 64 more
org.mvel.PropertyAccessException: unable to resolve property: could not access property
	at org.mvel.PropertyAccessor.get(PropertyAccessor.java:170)
	at org.mvel.PropertyAccessor.get(PropertyAccessor.java:128)
	at org.mvel.ASTNode.getReducedValue(ASTNode.java:292)
	at org.mvel.MVELInterpretedRuntime.parseAndExecuteInterpreted(MVELInterpretedRuntime.java:103)
	at org.mvel.MVELInterpretedRuntime.parse(MVELInterpretedRuntime.java:51)
	at org.mvel.MVEL.eval(MVEL.java:97)
	at wheel.components.ElExpression.eval(ElExpression.java:44)
	at wheel.EngineImpl.buildRenderable(EngineImpl.java:399)
	at wheel.EngineImpl.processRequestInternal(EngineImpl.java:152)
	at wheel.AbstractEngine.processRequest(AbstractEngine.java:80)
	at sun.reflect.NativeMethodAccessorImpl.invoke0(Native Method)
	at sun.reflect.NativeMethodAccessorImpl.invoke(NativeMethodAccessorImpl.java:57)
	at sun.reflect.DelegatingMethodAccessorImpl.invoke(DelegatingMethodAccessorImpl.java:43)
	at java.lang.reflect.Method.invoke(Method.java:606)
	at wheel.WheelServlet.handleRequest(WheelServlet.java:163)
	at wheel.WheelServlet.doGet(WheelServlet.java:87)
	at wheel.testing.WheelFunctionalTestCase.loadAsUser(WheelFunctionalTestCase.java:157)
	at wheel.testing.WheelFunctionalTestCase.load(WheelFunctionalTestCase.java:136)
	at functional.errorhandling.ErrorHandlingTest.testCheckedException(ErrorHandlingTest.java:28)
	at sun.reflect.NativeMethodAccessorImpl.invoke0(Native Method)
	at sun.reflect.NativeMethodAccessorImpl.invoke(NativeMethodAccessorImpl.java:57)
	at sun.reflect.DelegatingMethodAccessorImpl.invoke(DelegatingMethodAccessorImpl.java:43)
	at java.lang.reflect.Method.invoke(Method.java:606)
	at org.junit.runners.model.FrameworkMethod$1.runReflectiveCall(FrameworkMethod.java:44)
	at org.junit.internal.runners.model.ReflectiveCallable.run(ReflectiveCallable.java:15)
	at org.junit.runners.model.FrameworkMethod.invokeExplosively(FrameworkMethod.java:41)
	at org.junit.internal.runners.statements.InvokeMethod.evaluate(InvokeMethod.java:20)
	at org.junit.runners.BlockJUnit4ClassRunner.runChild(BlockJUnit4ClassRunner.java:76)
	at org.junit.runners.BlockJUnit4ClassRunner.runChild(BlockJUnit4ClassRunner.java:50)
	at org.junit.runners.ParentRunner$3.run(ParentRunner.java:193)
	at org.junit.runners.ParentRunner$1.schedule(ParentRunner.java:52)
	at org.junit.runners.ParentRunner.runChildren(ParentRunner.java:191)
	at org.junit.runners.ParentRunner.access$000(ParentRunner.java:42)
	at org.junit.runners.ParentRunner$2.evaluate(ParentRunner.java:184)
	at org.junit.internal.runners.statements.RunBefores.evaluate(RunBefores.java:28)
	at org.junit.runners.ParentRunner.run(ParentRunner.java:236)
	at junit.framework.JUnit4TestAdapter.run(JUnit4TestAdapter.java:39)
	at org.apache.tools.ant.taskdefs.optional.junit.JUnitTestRunner.run(JUnitTestRunner.java:520)
	at org.apache.tools.ant.taskdefs.optional.junit.JUnitTask.executeInVM(JUnitTask.java:1478)
	at org.apache.tools.ant.taskdefs.optional.junit.JUnitTask.execute(JUnitTask.java:860)
	at org.apache.tools.ant.taskdefs.optional.junit.JUnitTask.executeOrQueue(JUnitTask.java:1964)
	at org.apache.tools.ant.taskdefs.optional.junit.JUnitTask.execute1(JUnitTask.java:812)
	at org.apache.tools.ant.taskdefs.optional.junit.JUnitTask.execute(JUnitTask.java:2263)
	at org.apache.tools.ant.UnknownElement.execute(UnknownElement.java:291)
	at sun.reflect.GeneratedMethodAccessor4.invoke(Unknown Source)
	at sun.reflect.DelegatingMethodAccessorImpl.invoke(DelegatingMethodAccessorImpl.java:43)
	at java.lang.reflect.Method.invoke(Method.java:606)
	at org.apache.tools.ant.dispatch.DispatchUtils.execute(DispatchUtils.java:106)
	at org.apache.tools.ant.Task.perform(Task.java:348)
	at org.apache.tools.ant.Target.execute(Target.java:392)
	at org.apache.tools.ant.Target.performTasks(Target.java:413)
	at org.apache.tools.ant.Project.executeSortedTargets(Project.java:1399)
	at org.apache.tools.ant.Project.executeTarget(Project.java:1368)
	at org.apache.tools.ant.helper.DefaultExecutor.executeTargets(DefaultExecutor.java:41)
	at org.apache.tools.ant.Project.executeTargets(Project.java:1251)
	at org.apache.tools.ant.Main.runBuild(Main.java:811)
	at org.apache.tools.ant.Main.startAnt(Main.java:217)
	at org.apache.tools.ant.launch.Launcher.run(Launcher.java:280)
	at org.apache.tools.ant.launch.Launcher.main(Launcher.java:109)
Caused by: java.lang.reflect.InvocationTargetException
	at sun.reflect.NativeMethodAccessorImpl.invoke0(Native Method)
	at sun.reflect.NativeMethodAccessorImpl.invoke(NativeMethodAccessorImpl.java:57)
	at sun.reflect.DelegatingMethodAccessorImpl.invoke(DelegatingMethodAccessorImpl.java:43)
	at java.lang.reflect.Method.invoke(Method.java:606)
	at org.mvel.PropertyAccessor.getMethod(PropertyAccessor.java:643)
	at org.mvel.PropertyAccessor.get(PropertyAccessor.java:156)
	... 58 more
Caused by: java.io.IOException: Test error 2
	at functional.errorhandling.ErrorGeneratingPage.checkedException(ErrorGeneratingPage.java:26)
	... 64 more
org.mvel.PropertyAccessException: unable to resolve property: could not access property
	at org.mvel.PropertyAccessor.get(PropertyAccessor.java:170)
	at org.mvel.PropertyAccessor.get(PropertyAccessor.java:128)
	at org.mvel.ASTNode.getReducedValue(ASTNode.java:292)
	at org.mvel.MVELInterpretedRuntime.parseAndExecuteInterpreted(MVELInterpretedRuntime.java:103)
	at org.mvel.MVELInterpretedRuntime.parse(MVELInterpretedRuntime.java:51)
	at org.mvel.MVEL.eval(MVEL.java:97)
	at wheel.components.ElExpression.eval(ElExpression.java:44)
	at wheel.EngineImpl.buildRenderable(EngineImpl.java:399)
	at wheel.EngineImpl.processRequestInternal(EngineImpl.java:152)
	at wheel.AbstractEngine.processRequest(AbstractEngine.java:80)
	at sun.reflect.NativeMethodAccessorImpl.invoke0(Native Method)
	at sun.reflect.NativeMethodAccessorImpl.invoke(NativeMethodAccessorImpl.java:57)
	at sun.reflect.DelegatingMethodAccessorImpl.invoke(DelegatingMethodAccessorImpl.java:43)
	at java.lang.reflect.Method.invoke(Method.java:606)
	at wheel.WheelServlet.handleRequest(WheelServlet.java:163)
	at wheel.WheelServlet.doGet(WheelServlet.java:87)
	at wheel.testing.WheelFunctionalTestCase.loadAsUser(WheelFunctionalTestCase.java:157)
	at wheel.testing.WheelFunctionalTestCase.load(WheelFunctionalTestCase.java:136)
	at functional.errorhandling.ErrorHandlingTest.testUncheckedException(ErrorHandlingTest.java:20)
	at sun.reflect.NativeMethodAccessorImpl.invoke0(Native Method)
	at sun.reflect.NativeMethodAccessorImpl.invoke(NativeMethodAccessorImpl.java:57)
	at sun.reflect.DelegatingMethodAccessorImpl.invoke(DelegatingMethodAccessorImpl.java:43)
	at java.lang.reflect.Method.invoke(Method.java:606)
	at org.junit.runners.model.FrameworkMethod$1.runReflectiveCall(FrameworkMethod.java:44)
	at org.junit.internal.runners.model.ReflectiveCallable.run(ReflectiveCallable.java:15)
	at org.junit.runners.model.FrameworkMethod.invokeExplosively(FrameworkMethod.java:41)
	at org.junit.internal.runners.statements.InvokeMethod.evaluate(InvokeMethod.java:20)
	at org.junit.runners.BlockJUnit4ClassRunner.runChild(BlockJUnit4ClassRunner.java:76)
	at org.junit.runners.BlockJUnit4ClassRunner.runChild(BlockJUnit4ClassRunner.java:50)
	at org.junit.runners.ParentRunner$3.run(ParentRunner.java:193)
	at org.junit.runners.ParentRunner$1.schedule(ParentRunner.java:52)
	at org.junit.runners.ParentRunner.runChildren(ParentRunner.java:191)
	at org.junit.runners.ParentRunner.access$000(ParentRunner.java:42)
	at org.junit.runners.ParentRunner$2.evaluate(ParentRunner.java:184)
	at org.junit.internal.runners.statements.RunBefores.evaluate(RunBefores.java:28)
	at org.junit.runners.ParentRunner.run(ParentRunner.java:236)
	at junit.framework.JUnit4TestAdapter.run(JUnit4TestAdapter.java:39)
	at org.apache.tools.ant.taskdefs.optional.junit.JUnitTestRunner.run(JUnitTestRunner.java:520)
	at org.apache.tools.ant.taskdefs.optional.junit.JUnitTask.executeInVM(JUnitTask.java:1478)
	at org.apache.tools.ant.taskdefs.optional.junit.JUnitTask.execute(JUnitTask.java:860)
	at org.apache.tools.ant.taskdefs.optional.junit.JUnitTask.executeOrQueue(JUnitTask.java:1964)
	at org.apache.tools.ant.taskdefs.optional.junit.JUnitTask.execute1(JUnitTask.java:812)
	at org.apache.tools.ant.taskdefs.optional.junit.JUnitTask.execute(JUnitTask.java:2263)
	at org.apache.tools.ant.UnknownElement.execute(UnknownElement.java:291)
	at sun.reflect.GeneratedMethodAccessor4.invoke(Unknown Source)
	at sun.reflect.DelegatingMethodAccessorImpl.invoke(DelegatingMethodAccessorImpl.java:43)
	at java.lang.reflect.Method.invoke(Method.java:606)
	at org.apache.tools.ant.dispatch.DispatchUtils.execute(DispatchUtils.java:106)
	at org.apache.tools.ant.Task.perform(Task.java:348)
	at org.apache.tools.ant.Target.execute(Target.java:392)
	at org.apache.tools.ant.Target.performTasks(Target.java:413)
	at org.apache.tools.ant.Project.executeSortedTargets(Project.java:1399)
	at org.apache.tools.ant.Project.executeTarget(Project.java:1368)
	at org.apache.tools.ant.helper.DefaultExecutor.executeTargets(DefaultExecutor.java:41)
	at org.apache.tools.ant.Project.executeTargets(Project.java:1251)
	at org.apache.tools.ant.Main.runBuild(Main.java:811)
	at org.apache.tools.ant.Main.startAnt(Main.java:217)
	at org.apache.tools.ant.launch.Launcher.run(Launcher.java:280)
	at org.apache.tools.ant.launch.Launcher.main(Launcher.java:109)
Caused by: java.lang.reflect.InvocationTargetException
	at sun.reflect.NativeMethodAccessorImpl.invoke0(Native Method)
	at sun.reflect.NativeMethodAccessorImpl.invoke(NativeMethodAccessorImpl.java:57)
	at sun.reflect.DelegatingMethodAccessorImpl.invoke(DelegatingMethodAccessorImpl.java:43)
	at java.lang.reflect.Method.invoke(Method.java:606)
	at org.mvel.PropertyAccessor.getMethod(PropertyAccessor.java:643)
	at org.mvel.PropertyAccessor.get(PropertyAccessor.java:156)
	... 58 more
Caused by: java.lang.IllegalStateException: Test error 1
	at functional.errorhandling.ErrorGeneratingPage.uncheckedException(ErrorGeneratingPage.java:21)
	... 64 more
450 [main] ERROR wheel.EngineImpl - Failed to build renderable page or component.
java.lang.IllegalStateException: Test error 1
	at functional.errorhandling.ErrorGeneratingPage.uncheckedException(ErrorGeneratingPage.java:21)
	at sun.reflect.NativeMethodAccessorImpl.invoke0(Native Method)
	at sun.reflect.NativeMethodAccessorImpl.invoke(NativeMethodAccessorImpl.java:57)
	at sun.reflect.DelegatingMethodAccessorImpl.invoke(DelegatingMethodAccessorImpl.java:43)
	at java.lang.reflect.Method.invoke(Method.java:606)
	at org.mvel.PropertyAccessor.getMethod(PropertyAccessor.java:643)
	at org.mvel.PropertyAccessor.get(PropertyAccessor.java:156)
	at org.mvel.PropertyAccessor.get(PropertyAccessor.java:128)
	at org.mvel.ASTNode.getReducedValue(ASTNode.java:292)
	at org.mvel.MVELInterpretedRuntime.parseAndExecuteInterpreted(MVELInterpretedRuntime.java:103)
	at org.mvel.MVELInterpretedRuntime.parse(MVELInterpretedRuntime.java:51)
	at org.mvel.MVEL.eval(MVEL.java:97)
	at wheel.components.ElExpression.eval(ElExpression.java:44)
	at wheel.EngineImpl.buildRenderable(EngineImpl.java:399)
	at wheel.EngineImpl.processRequestInternal(EngineImpl.java:152)
	at wheel.AbstractEngine.processRequest(AbstractEngine.java:80)
	at sun.reflect.NativeMethodAccessorImpl.invoke0(Native Method)
	at sun.reflect.NativeMethodAccessorImpl.invoke(NativeMethodAccessorImpl.java:57)
	at sun.reflect.DelegatingMethodAccessorImpl.invoke(DelegatingMethodAccessorImpl.java:43)
	at java.lang.reflect.Method.invoke(Method.java:606)
	at wheel.WheelServlet.handleRequest(WheelServlet.java:163)
	at wheel.WheelServlet.doGet(WheelServlet.java:87)
	at wheel.testing.WheelFunctionalTestCase.loadAsUser(WheelFunctionalTestCase.java:157)
	at wheel.testing.WheelFunctionalTestCase.load(WheelFunctionalTestCase.java:136)
	at functional.errorhandling.ErrorHandlingTest.testUncheckedException(ErrorHandlingTest.java:20)
	at sun.reflect.NativeMethodAccessorImpl.invoke0(Native Method)
	at sun.reflect.NativeMethodAccessorImpl.invoke(NativeMethodAccessorImpl.java:57)
	at sun.reflect.DelegatingMethodAccessorImpl.invoke(DelegatingMethodAccessorImpl.java:43)
	at java.lang.reflect.Method.invoke(Method.java:606)
	at org.junit.runners.model.FrameworkMethod$1.runReflectiveCall(FrameworkMethod.java:44)
	at org.junit.internal.runners.model.ReflectiveCallable.run(ReflectiveCallable.java:15)
	at org.junit.runners.model.FrameworkMethod.invokeExplosively(FrameworkMethod.java:41)
	at org.junit.internal.runners.statements.InvokeMethod.evaluate(InvokeMethod.java:20)
	at org.junit.runners.BlockJUnit4ClassRunner.runChild(BlockJUnit4ClassRunner.java:76)
	at org.junit.runners.BlockJUnit4ClassRunner.runChild(BlockJUnit4ClassRunner.java:50)
	at org.junit.runners.ParentRunner$3.run(ParentRunner.java:193)
	at org.junit.runners.ParentRunner$1.schedule(ParentRunner.java:52)
	at org.junit.runners.ParentRunner.runChildren(ParentRunner.java:191)
	at org.junit.runners.ParentRunner.access$000(ParentRunner.java:42)
	at org.junit.runners.ParentRunner$2.evaluate(ParentRunner.java:184)
	at org.junit.internal.runners.statements.RunBefores.evaluate(RunBefores.java:28)
	at org.junit.runners.ParentRunner.run(ParentRunner.java:236)
	at junit.framework.JUnit4TestAdapter.run(JUnit4TestAdapter.java:39)
	at org.apache.tools.ant.taskdefs.optional.junit.JUnitTestRunner.run(JUnitTestRunner.java:520)
	at org.apache.tools.ant.taskdefs.optional.junit.JUnitTask.executeInVM(JUnitTask.java:1478)
	at org.apache.tools.ant.taskdefs.optional.junit.JUnitTask.execute(JUnitTask.java:860)
	at org.apache.tools.ant.taskdefs.optional.junit.JUnitTask.executeOrQueue(JUnitTask.java:1964)
	at org.apache.tools.ant.taskdefs.optional.junit.JUnitTask.execute1(JUnitTask.java:812)
	at org.apache.tools.ant.taskdefs.optional.junit.JUnitTask.execute(JUnitTask.java:2263)
	at org.apache.tools.ant.UnknownElement.execute(UnknownElement.java:291)
	at sun.reflect.GeneratedMethodAccessor4.invoke(Unknown Source)
	at sun.reflect.DelegatingMethodAccessorImpl.invoke(DelegatingMethodAccessorImpl.java:43)
	at java.lang.reflect.Method.invoke(Method.java:606)
	at org.apache.tools.ant.dispatch.DispatchUtils.execute(DispatchUtils.java:106)
	at org.apache.tools.ant.Task.perform(Task.java:348)
	at org.apache.tools.ant.Target.execute(Target.java:392)
	at org.apache.tools.ant.Target.performTasks(Target.java:413)
	at org.apache.tools.ant.Project.executeSortedTargets(Project.java:1399)
	at org.apache.tools.ant.Project.executeTarget(Project.java:1368)
	at org.apache.tools.ant.helper.DefaultExecutor.executeTargets(DefaultExecutor.java:41)
	at org.apache.tools.ant.Project.executeTargets(Project.java:1251)
	at org.apache.tools.ant.Main.runBuild(Main.java:811)
	at org.apache.tools.ant.Main.startAnt(Main.java:217)
	at org.apache.tools.ant.launch.Launcher.run(Launcher.java:280)
	at org.apache.tools.ant.launch.Launcher.main(Launcher.java:109)
]]></system-err>
</testsuite>
