<?xml version="1.0" encoding="UTF-8" ?>
<testsuite errors="0" failures="0" hostname="kjResearchMach1" name="functional.forms.BasicFormTest" tests="10" time="1.322" timestamp="2014-11-10T20:32:51">
  <properties>
[...]
</properties>
  <testcase classname="functional.forms.BasicFormTest" name="testRadioGroup" time="0.613" />
  <testcase classname="functional.forms.BasicFormTest" name="testCheckboxGroup" time="0.103" />
  <testcase classname="functional.forms.BasicFormTest" name="testTextInput" time="0.049" />
  <testcase classname="functional.forms.BasicFormTest" name="testNumberInput" time="0.011" />
  <testcase classname="functional.forms.BasicFormTest" name="testCheckbox" time="0.031" />
  <testcase classname="functional.forms.BasicFormTest" name="testRadio" time="0.051" />
  <testcase classname="functional.forms.BasicFormTest" name="testSelect" time="0.198" />
  <testcase classname="functional.forms.BasicFormTest" name="testFormElementsRendering" time="0.135" />
  <testcase classname="functional.forms.BasicFormTest" name="testDateInput" time="0.031" />
  <testcase classname="functional.forms.BasicFormTest" name="testFileInput" time="0.064" />
  <system-out><![CDATA[]]></system-out>
  <system-err><![CDATA[]]></system-err>
</testsuite>
