 Nr. NCSS CCN JVDC Function
   1    1   1    1 junit.framework.Protectable.protect()
   2    2   1    0 junit.framework.JUnit4TestAdapter.JUnit4TestAdapter(Class)
   3    4   1    0 junit.framework.JUnit4TestAdapter.JUnit4TestAdapter(Class,JUnit4TestAdapterCache)
   4    2   1    0 junit.framework.JUnit4TestAdapter.countTestCases()
   5    2   1    0 junit.framework.JUnit4TestAdapter.run(TestResult)
   6    2   1    0 junit.framework.JUnit4TestAdapter.getTests()
   7    2   1    0 junit.framework.JUnit4TestAdapter.getTestClass()
   8    3   1    0 junit.framework.JUnit4TestAdapter.getDescription()
   9    9   5    0 junit.framework.JUnit4TestAdapter.removeIgnored(Description)
  10    2   1    0 junit.framework.JUnit4TestAdapter.isIgnored(Description)
  11    2   1    0 junit.framework.JUnit4TestAdapter.toString()
  12    2   1    0 junit.framework.JUnit4TestAdapter.filter(Filter)
  13    2   1    0 junit.framework.JUnit4TestAdapter.sort(Sorter)
  14    1   1    1 junit.framework.Assert.Assert()
  15    3   2    1 junit.framework.Assert.assertTrue(String,boolean)
  16    2   1    1 junit.framework.Assert.assertTrue(boolean)
  17    2   1    1 junit.framework.Assert.assertFalse(String,boolean)
  18    2   1    1 junit.framework.Assert.assertFalse(boolean)
  19    4   4    1 junit.framework.Assert.fail(String)
  20    2   1    1 junit.framework.Assert.fail()
  21    6   7    1 junit.framework.Assert.assertEquals(String,Object,Object)
  22    2   1    1 junit.framework.Assert.assertEquals(Object,Object)
  23    7   9    1 junit.framework.Assert.assertEquals(String,String,String)
  24    2   1    1 junit.framework.Assert.assertEquals(String,String)
  25    5   4    1 junit.framework.Assert.assertEquals(String,double,double,double)
  26    2   1    1 junit.framework.Assert.assertEquals(double,double,double)
  27    5   4    1 junit.framework.Assert.assertEquals(String,float,float,float)
  28    2   1    1 junit.framework.Assert.assertEquals(float,float,float)
  29    2   1    1 junit.framework.Assert.assertEquals(String,long,long)
  30    2   1    1 junit.framework.Assert.assertEquals(long,long)
  31    2   1    1 junit.framework.Assert.assertEquals(String,boolean,boolean)
  32    2   1    1 junit.framework.Assert.assertEquals(boolean,boolean)
  33    2   1    1 junit.framework.Assert.assertEquals(String,byte,byte)
  34    2   1    1 junit.framework.Assert.assertEquals(byte,byte)
  35    2   1    1 junit.framework.Assert.assertEquals(String,char,char)
  36    2   1    1 junit.framework.Assert.assertEquals(char,char)
  37    2   1    1 junit.framework.Assert.assertEquals(String,short,short)
  38    2   1    1 junit.framework.Assert.assertEquals(short,short)
  39    2   1    1 junit.framework.Assert.assertEquals(String,int,int)
  40    2   1    1 junit.framework.Assert.assertEquals(int,int)
  41    2   1    1 junit.framework.Assert.assertNotNull(Object)
  42    2   1    1 junit.framework.Assert.assertNotNull(String,Object)
  43    3   2    1 junit.framework.Assert.assertNull(Object)
  44    2   1    1 junit.framework.Assert.assertNull(String,Object)
  45    4   3    1 junit.framework.Assert.assertSame(String,Object,Object)
  46    2   1    1 junit.framework.Assert.assertSame(Object,Object)
  47    3   2    1 junit.framework.Assert.assertNotSame(String,Object,Object)
  48    2   1    1 junit.framework.Assert.assertNotSame(Object,Object)
  49    3   2    0 junit.framework.Assert.failSame(String)
  50    3   2    0 junit.framework.Assert.failNotSame(String,Object,Object)
  51    2   1    0 junit.framework.Assert.failNotEquals(String,Object,Object)
  52    5   3    0 junit.framework.Assert.format(String,Object,Object)
  53    3   1    1 junit.framework.TestFailure.TestFailure(Test,Throwable)
  54    2   1    1 junit.framework.TestFailure.failedTest()
  55    2   1    1 junit.framework.TestFailure.thrownException()
  56    4   1    1 junit.framework.TestFailure.toString()
  57    6   1    0 junit.framework.TestFailure.trace()
  58    2   1    0 junit.framework.TestFailure.exceptionMessage()
  59    2   1    0 junit.framework.TestFailure.isFailure()
  60    4   1    0 junit.framework.ComparisonCompactor.ComparisonCompactor(int,String,String)
  61    8   5    0 junit.framework.ComparisonCompactor.compact(String)
  62    7   3    0 junit.framework.ComparisonCompactor.compactString(String)
  63    6   3    0 junit.framework.ComparisonCompactor.findCommonPrefix()
  64    7   4    0 junit.framework.ComparisonCompactor.findCommonSuffix()
  65    2   2    0 junit.framework.ComparisonCompactor.computeCommonPrefix()
  66    3   2    0 junit.framework.ComparisonCompactor.computeCommonSuffix()
  67    2   1    0 junit.framework.ComparisonCompactor.areStringsEqual()
  68    2   1    1 junit.framework.TestCase.TestCase()
  69    2   1    1 junit.framework.TestCase.TestCase(String)
  70    2   1    1 junit.framework.TestCase.countTestCases()
  71    2   1    1 junit.framework.TestCase.createResult()
  72    4   1    1 junit.framework.TestCase.run()
  73    2   1    1 junit.framework.TestCase.run(TestResult)
  74   13   6    1 junit.framework.TestCase.runBare()
  75   15   7    1 junit.framework.TestCase.runTest()
  76    2   1    1 junit.framework.TestCase.assertTrue(String,boolean)
  77    2   1    1 junit.framework.TestCase.assertTrue(boolean)
  78    2   1    1 junit.framework.TestCase.assertFalse(String,boolean)
  79    2   1    1 junit.framework.TestCase.assertFalse(boolean)
  80    2   1    1 junit.framework.TestCase.fail(String)
  81    2   1    1 junit.framework.TestCase.fail()
  82    2   1    1 junit.framework.TestCase.assertEquals(String,Object,Object)
  83    2   1    1 junit.framework.TestCase.assertEquals(Object,Object)
  84    2   1    1 junit.framework.TestCase.assertEquals(String,String,String)
  85    2   1    1 junit.framework.TestCase.assertEquals(String,String)
  86    2   1    1 junit.framework.TestCase.assertEquals(String,double,double,double)
  87    2   1    1 junit.framework.TestCase.assertEquals(double,double,double)
  88    2   1    1 junit.framework.TestCase.assertEquals(String,float,float,float)
  89    2   1    1 junit.framework.TestCase.assertEquals(float,float,float)
  90    2   1    1 junit.framework.TestCase.assertEquals(String,long,long)
  91    2   1    1 junit.framework.TestCase.assertEquals(long,long)
  92    2   1    1 junit.framework.TestCase.assertEquals(String,boolean,boolean)
  93    2   1    1 junit.framework.TestCase.assertEquals(boolean,boolean)
  94    2   1    1 junit.framework.TestCase.assertEquals(String,byte,byte)
  95    2   1    1 junit.framework.TestCase.assertEquals(byte,byte)
  96    2   1    1 junit.framework.TestCase.assertEquals(String,char,char)
  97    2   1    1 junit.framework.TestCase.assertEquals(char,char)
  98    2   1    1 junit.framework.TestCase.assertEquals(String,short,short)
  99    2   1    1 junit.framework.TestCase.assertEquals(short,short)
 100    2   1    1 junit.framework.TestCase.assertEquals(String,int,int)
 101    2   1    1 junit.framework.TestCase.assertEquals(int,int)
 102    2   1    1 junit.framework.TestCase.assertNotNull(Object)
 103    2   1    1 junit.framework.TestCase.assertNotNull(String,Object)
 104    2   1    1 junit.framework.TestCase.assertNull(Object)
 105    2   1    1 junit.framework.TestCase.assertNull(String,Object)
 106    2   1    1 junit.framework.TestCase.assertSame(String,Object,Object)
 107    2   1    1 junit.framework.TestCase.assertSame(Object,Object)
 108    2   1    1 junit.framework.TestCase.assertNotSame(String,Object,Object)
 109    2   1    1 junit.framework.TestCase.assertNotSame(Object,Object)
 110    2   1    0 junit.framework.TestCase.failSame(String)
 111    2   1    0 junit.framework.TestCase.failNotSame(String,Object,Object)
 112    2   1    0 junit.framework.TestCase.failNotEquals(String,Object,Object)
 113    2   1    0 junit.framework.TestCase.format(String,Object,Object)
 114    1   1    1 junit.framework.TestCase.setUp()
 115    1   1    1 junit.framework.TestCase.tearDown()
 116    2   1    1 junit.framework.TestCase.toString()
 117    2   1    1 junit.framework.TestCase.getName()
 118    2   1    1 junit.framework.TestCase.setName(String)
 119    4   1    1 junit.framework.ComparisonFailure.ComparisonFailure(String,String,String)
 120    2   1    1 junit.framework.ComparisonFailure.getMessage()
 121    2   1    1 junit.framework.ComparisonFailure.getActual()
 122    2   1    1 junit.framework.ComparisonFailure.getExpected()
 123    2   1    0 junit.framework.JUnit4TestAdapterCache.getDefault()
 124    7   4    0 junit.framework.JUnit4TestAdapterCache.asTest(Description)
 125    8   4    0 junit.framework.JUnit4TestAdapterCache.createTest(Description)
 126    2   1    0 junit.framework.JUnit4TestAdapterCache.RunListener.testFailure(Failure)
 127    2   1    0 junit.framework.JUnit4TestAdapterCache.RunListener.testFinished(Description)
 128    2   1    0 junit.framework.JUnit4TestAdapterCache.RunListener.testStarted(Description)
 129   10   1    0 junit.framework.JUnit4TestAdapterCache.getNotifier(TestResult,JUnit4TestAdapter)
 130    8   4    0 junit.framework.JUnit4TestAdapterCache.asTestList(Description)
 131    2   1    0 junit.framework.JUnit4TestCaseFacade.JUnit4TestCaseFacade(Description)
 132    2   1    0 junit.framework.JUnit4TestCaseFacade.toString()
 133    2   1    0 junit.framework.JUnit4TestCaseFacade.countTestCases()
 134    2   2    0 junit.framework.JUnit4TestCaseFacade.run(TestResult)
 135    2   1    0 junit.framework.JUnit4TestCaseFacade.getDescription()
 136    1   1    1 junit.framework.Test.countTestCases()
 137    1   1    1 junit.framework.Test.run(TestResult)
 138    1   1    1 junit.framework.TestListener.addError(Test,Throwable)
 139    1   1    1 junit.framework.TestListener.addFailure(Test,AssertionFailedError)
 140    1   1    1 junit.framework.TestListener.endTest(Test)
 141    1   1    1 junit.framework.TestListener.startTest(Test)
 142   19  11    1 junit.framework.TestSuite.createTest(Class,String)
 143    4   3    1 junit.framework.TestSuite.getTestConstructor(Class)
 144    2   1    0 junit.framework.TestSuite.TestCase.runTest()
 145    4   1    1 junit.framework.TestSuite.warning(String)
 146    5   1    1 junit.framework.TestSuite.exceptionToString(Throwable)
 147    1   1    1 junit.framework.TestSuite.TestSuite()
 148    2   1    1 junit.framework.TestSuite.TestSuite(Class)
 149   17   8    0 junit.framework.TestSuite.addTestsFromTestCase(Class)
 150    3   1    1 junit.framework.TestSuite.TestSuite(TestCase,String)
 151    2   1    1 junit.framework.TestSuite.TestSuite(String)
 152    3   2    1 junit.framework.TestSuite.TestSuite(Class)
 153    5   3    0 junit.framework.TestSuite.testCaseForClass(Class)
 154    3   1    1 junit.framework.TestSuite.TestSuite(TestCase[],String)
 155    2   1    1 junit.framework.TestSuite.addTest(Test)
 156    2   1    1 junit.framework.TestSuite.addTestSuite(TestCase)
 157    5   2    1 junit.framework.TestSuite.countTestCases()
 158    2   1    1 junit.framework.TestSuite.getName()
 159    5   3    1 junit.framework.TestSuite.run(TestResult)
 160    2   1    0 junit.framework.TestSuite.runTest(Test,TestResult)
 161    2   1    1 junit.framework.TestSuite.setName(String)
 162    2   1    1 junit.framework.TestSuite.testAt(int)
 163    2   1    1 junit.framework.TestSuite.testCount()
 164    2   1    1 junit.framework.TestSuite.tests()
 165    4   3    1 junit.framework.TestSuite.toString()
 166   10   6    0 junit.framework.TestSuite.addTestMethod(Method,String,Class)
 167    2   2    0 junit.framework.TestSuite.isPublicTestMethod(Method)
 168    2   3    0 junit.framework.TestSuite.isTestMethod(Method)
 169    1   1    0 junit.framework.AssertionFailedError.AssertionFailedError()
 170    2   1    0 junit.framework.AssertionFailedError.AssertionFailedError(String)
 171    2   2    0 junit.framework.AssertionFailedError.defaultString(String)
 172    6   1    0 junit.framework.TestResult.TestResult()
 173    4   2    1 junit.framework.TestResult.addError(Test,Throwable)
 174    4   2    1 junit.framework.TestResult.addFailure(Test,AssertionFailedError)
 175    2   1    1 junit.framework.TestResult.addListener(TestListener)
 176    2   1    1 junit.framework.TestResult.removeListener(TestListener)
 177    4   1    1 junit.framework.TestResult.cloneListeners()
 178    3   2    1 junit.framework.TestResult.endTest(Test)
 179    2   1    1 junit.framework.TestResult.errorCount()
 180    2   1    1 junit.framework.TestResult.errors()
 181    2   1    1 junit.framework.TestResult.failureCount()
 182    2   1    1 junit.framework.TestResult.failures()
 183    2   1    0 junit.framework.TestResult.Protectable.protect()
 184    7   1    1 junit.framework.TestResult.run(TestCase)
 185    2   1    1 junit.framework.TestResult.runCount()
 186    8   5    1 junit.framework.TestResult.runProtected(Test,Protectable)
 187    2   1    1 junit.framework.TestResult.shouldStop()
 188    6   2    1 junit.framework.TestResult.startTest(Test)
 189    2   1    1 junit.framework.TestResult.stop()
 190    2   2    1 junit.framework.TestResult.wasSuccessful()
 191    1   1    0 junit.runner.Version.Version()
 192    2   1    0 junit.runner.Version.id()
 193    2   1    0 junit.runner.Version.main(String[])
 194    2   1    0 junit.runner.BaseTestRunner.startTest(Test)
 195    2   1    0 junit.runner.BaseTestRunner.setPreferences(Properties)
 196    7   2    0 junit.runner.BaseTestRunner.getPreferences()
 197    5   1    0 junit.runner.BaseTestRunner.savePreferences()
 198    2   1    0 junit.runner.BaseTestRunner.setPreference(String,String)
 199    2   1    0 junit.runner.BaseTestRunner.endTest(Test)
 200    2   1    0 junit.runner.BaseTestRunner.addError(Test,Throwable)
 201    2   1    0 junit.runner.BaseTestRunner.addFailure(Test,AssertionFailedError)
 202    1   1    0 junit.runner.BaseTestRunner.testStarted(String)
 203    1   1    0 junit.runner.BaseTestRunner.testEnded(String)
 204    1   1    0 junit.runner.BaseTestRunner.testFailed(int,Test,Throwable)
 205   35  18    1 junit.runner.BaseTestRunner.getTest(String)
 206    2   1    1 junit.runner.BaseTestRunner.elapsedTimeAsString(long)
 207   18   6    1 junit.runner.BaseTestRunner.processArguments(String[])
 208    2   1    1 junit.runner.BaseTestRunner.setLoading(boolean)
 209    4   3    1 junit.runner.BaseTestRunner.extractClassName(String)
 210    4   3    1 junit.runner.BaseTestRunner.truncate(String)
 211    1   1    1 junit.runner.BaseTestRunner.runFailed(String)
 212    2   1    1 junit.runner.BaseTestRunner.loadSuiteClass(String)
 213    1   1    1 junit.runner.BaseTestRunner.clearStatus()
 214    2   2    0 junit.runner.BaseTestRunner.useReloadingTestSuiteLoader()
 215    3   1    0 junit.runner.BaseTestRunner.getPreferencesFile()
 216    9   4    0 junit.runner.BaseTestRunner.readPreferences()
 217    2   1    0 junit.runner.BaseTestRunner.getPreference(String)
 218    8   4    0 junit.runner.BaseTestRunner.getPreference(String,int)
 219    7   1    1 junit.runner.BaseTestRunner.getFilteredTrace(Throwable)
 220   14   7    1 junit.runner.BaseTestRunner.getFilteredTrace(String)
 221    2   2    0 junit.runner.BaseTestRunner.showStackRaw()
 222    6   4    0 junit.runner.BaseTestRunner.filterLine(String)
 223    1   1    0 junit.runner.TestRunListener.testRunStarted(String,int)
 224    1   1    0 junit.runner.TestRunListener.testRunEnded(long)
 225    1   1    0 junit.runner.TestRunListener.testRunStopped(long)
 226    1   1    0 junit.runner.TestRunListener.testStarted(String)
 227    1   1    0 junit.runner.TestRunListener.testEnded(String)
 228    1   1    0 junit.runner.TestRunListener.testFailed(int,String,String)
 229    2   1    0 junit.extensions.TestSetup.TestSetup(Test)
 230    4   1    0 junit.extensions.TestSetup.Protectable.protect()
 231    7   1    0 junit.extensions.TestSetup.run(TestResult)
 232    1   1    1 junit.extensions.TestSetup.setUp()
 233    1   1    1 junit.extensions.TestSetup.tearDown()
 234    5   3    0 junit.extensions.RepeatedTest.RepeatedTest(Test,int)
 235    2   1    0 junit.extensions.RepeatedTest.countTestCases()
 236    5   3    0 junit.extensions.RepeatedTest.run(TestResult)
 237    2   1    0 junit.extensions.RepeatedTest.toString()
 238    2   1    0 junit.extensions.TestDecorator.TestDecorator(Test)
 239    2   1    1 junit.extensions.TestDecorator.basicRun(TestResult)
 240    2   1    0 junit.extensions.TestDecorator.countTestCases()
 241    2   1    0 junit.extensions.TestDecorator.run(TestResult)
 242    2   1    0 junit.extensions.TestDecorator.toString()
 243    2   1    0 junit.extensions.TestDecorator.getTest()
 244    1   1    0 junit.extensions.ActiveTestSuite.ActiveTestSuite()
 245    2   1    0 junit.extensions.ActiveTestSuite.ActiveTestSuite(TestCase)
 246    2   1    0 junit.extensions.ActiveTestSuite.ActiveTestSuite(String)
 247    2   1    0 junit.extensions.ActiveTestSuite.ActiveTestSuite(TestCase,String)
 248    4   1    0 junit.extensions.ActiveTestSuite.run(TestResult)
 249    4   1    0 junit.extensions.ActiveTestSuite.Thread.run()
 250    7   1    0 junit.extensions.ActiveTestSuite.runTest(Test,TestResult)
 251    5   3    0 junit.extensions.ActiveTestSuite.waitUntilFinished()
 252    3   1    0 junit.extensions.ActiveTestSuite.runFinished()
 253    2   1    0 junit.textui.ResultPrinter.ResultPrinter(PrintStream)
 254    5   1    0 junit.textui.ResultPrinter.print(TestResult,long)
 255    3   1    0 junit.textui.ResultPrinter.printWaitPrompt()
 256    3   1    0 junit.textui.ResultPrinter.printHeader(long)
 257    2   1    0 junit.textui.ResultPrinter.printErrors(TestResult)
 258    2   1    0 junit.textui.ResultPrinter.printFailures(TestResult)
 259    9   5    0 junit.textui.ResultPrinter.printDefects(TestFailure,int,String)
 260    3   1    0 junit.textui.ResultPrinter.printDefect(TestFailure,int)
 261    2   1    0 junit.textui.ResultPrinter.printDefectHeader(TestFailure,int)
 262    2   1    0 junit.textui.ResultPrinter.printDefectTrace(TestFailure)
 263   10   3    0 junit.textui.ResultPrinter.printFooter(TestResult)
 264    2   1    1 junit.textui.ResultPrinter.elapsedTimeAsString(long)
 265    2   1    0 junit.textui.ResultPrinter.getWriter()
 266    2   1    1 junit.textui.ResultPrinter.addError(Test,Throwable)
 267    2   1    1 junit.textui.ResultPrinter.addFailure(Test,AssertionFailedError)
 268    1   1    1 junit.textui.ResultPrinter.endTest(Test)
 269    5   2    1 junit.textui.ResultPrinter.startTest(Test)
 270    2   1    1 junit.textui.TestRunner.TestRunner()
 271    2   1    1 junit.textui.TestRunner.TestRunner(PrintStream)
 272    2   1    1 junit.textui.TestRunner.TestRunner(ResultPrinter)
 273    2   1    1 junit.textui.TestRunner.run(TestCase)
 274    3   1    1 junit.textui.TestRunner.run(Test)
 275    3   1    1 junit.textui.TestRunner.runAndWait(Test)
 276    1   1    0 junit.textui.TestRunner.testFailed(int,Test,Throwable)
 277    1   1    0 junit.textui.TestRunner.testStarted(String)
 278    1   1    0 junit.textui.TestRunner.testEnded(String)
 279    2   1    1 junit.textui.TestRunner.createTestResult()
 280    2   1    0 junit.textui.TestRunner.doRun(Test)
 281   10   1    0 junit.textui.TestRunner.doRun(Test,boolean)
 282    6   4    0 junit.textui.TestRunner.pause(boolean)
 283    9   3    0 junit.textui.TestRunner.main(String[])
 284   29  13    1 junit.textui.TestRunner.start(String[])
 285    4   1    0 junit.textui.TestRunner.runSingleMethod(String,String,boolean)
 286    3   1    0 junit.textui.TestRunner.runFailed(String)
 287    2   1    0 junit.textui.TestRunner.setPrinter(ResultPrinter)
 288    2   1    0 org.junit.runners.ParentRunner.RunnerScheduler.schedule(Runnable)
 289    1   1    0 org.junit.runners.ParentRunner.RunnerScheduler.finished()
 290    3   1    1 org.junit.runners.ParentRunner.ParentRunner(Class)
 291    1   1    1 org.junit.runners.ParentRunner.getChildren()
 292    1   1    1 org.junit.runners.ParentRunner.describeChild(T)
 293    1   1    1 org.junit.runners.ParentRunner.runChild(T,RunNotifier)
 294    4   1    1 org.junit.runners.ParentRunner.collectInitializationErrors(Throwable)
 295    4   2    1 org.junit.runners.ParentRunner.validatePublicVoidNoArgMethods(Annotation,boolean,Throwable)
 296    3   1    0 org.junit.runners.ParentRunner.validateClassRules(Throwable)
 297    6   1    1 org.junit.runners.ParentRunner.classBlock(RunNotifier)
 298    3   2    1 org.junit.runners.ParentRunner.withBeforeClasses(Statement)
 299    3   2    1 org.junit.runners.ParentRunner.withAfterClasses(Statement)
 300    3   2    1 org.junit.runners.ParentRunner.withClassRules(Statement)
 301    4   1    1 org.junit.runners.ParentRunner.classRules()
 302    2   1    0 org.junit.runners.ParentRunner.Statement.evaluate()
 303    4   1    1 org.junit.runners.ParentRunner.childrenInvoker(RunNotifier)
 304    2   1    0 org.junit.runners.ParentRunner.Runnable.run()
 305    6   2    0 org.junit.runners.ParentRunner.runChildren(RunNotifier)
 306    2   1    1 org.junit.runners.ParentRunner.getName()
 307    2   1    1 org.junit.runners.ParentRunner.getTestClass()
 308   10   3    1 org.junit.runners.ParentRunner.runLeaf(Statement,Description,RunNotifier)
 309    2   1    1 org.junit.runners.ParentRunner.getRunnerAnnotations()
 310    5   2    0 org.junit.runners.ParentRunner.getDescription()
 311   10   5    0 org.junit.runners.ParentRunner.run(RunNotifier)
 312   11   6    0 org.junit.runners.ParentRunner.filter(Filter)
 313    5   2    0 org.junit.runners.ParentRunner.sort(Sorter)
 314    5   3    0 org.junit.runners.ParentRunner.validate()
 315    4   2    0 org.junit.runners.ParentRunner.getFilteredChildren()
 316    2   1    0 org.junit.runners.ParentRunner.sortChild(T)
 317    2   1    0 org.junit.runners.ParentRunner.shouldRun(Filter,T)
 318    2   1    0 org.junit.runners.ParentRunner.Comparator.compare(T,T)
 319    4   1    0 org.junit.runners.ParentRunner.comparator()
 320    2   1    1 org.junit.runners.ParentRunner.setScheduler(RunnerScheduler)
 321    2   1    1 org.junit.runners.BlockJUnit4ClassRunner.BlockJUnit4ClassRunner(Class)
 322    6   2    0 org.junit.runners.BlockJUnit4ClassRunner.runChild(FrameworkMethod,RunNotifier)
 323    2   1    0 org.junit.runners.BlockJUnit4ClassRunner.describeChild(FrameworkMethod)
 324    2   1    0 org.junit.runners.BlockJUnit4ClassRunner.getChildren()
 325    2   1    1 org.junit.runners.BlockJUnit4ClassRunner.computeTestMethods()
 326    7   1    0 org.junit.runners.BlockJUnit4ClassRunner.collectInitializationErrors(Throwable)
 327    4   2    0 org.junit.runners.BlockJUnit4ClassRunner.validateNoNonStaticInnerClass(Throwable)
 328    3   1    1 org.junit.runners.BlockJUnit4ClassRunner.validateConstructor(Throwable)
 329    4   2    1 org.junit.runners.BlockJUnit4ClassRunner.validateOnlyOneConstructor(Throwable)
 330    4   4    1 org.junit.runners.BlockJUnit4ClassRunner.validateZeroArgConstructor(Throwable)
 331    2   1    0 org.junit.runners.BlockJUnit4ClassRunner.hasOneConstructor()
 332    6   2    1 org.junit.runners.BlockJUnit4ClassRunner.validateInstanceMethods(Throwable)
 333    2   1    0 org.junit.runners.BlockJUnit4ClassRunner.validateFields(Throwable)
 334    2   1    0 org.junit.runners.BlockJUnit4ClassRunner.validateMethods(Throwable)
 335    2   1    1 org.junit.runners.BlockJUnit4ClassRunner.validateTestMethods(Throwable)
 336    2   1    1 org.junit.runners.BlockJUnit4ClassRunner.createTest()
 337    2   1    1 org.junit.runners.BlockJUnit4ClassRunner.testName(FrameworkMethod)
 338    2   1    0 org.junit.runners.BlockJUnit4ClassRunner.ReflectiveCallable.runReflectiveCall()
 339   14   3    1 org.junit.runners.BlockJUnit4ClassRunner.methodBlock(FrameworkMethod)
 340    2   1    1 org.junit.runners.BlockJUnit4ClassRunner.methodInvoker(FrameworkMethod,Object)
 341    3   2    1 org.junit.runners.BlockJUnit4ClassRunner.possiblyExpectingExceptions(FrameworkMethod,Object,Statement)
 342    3   2    1 org.junit.runners.BlockJUnit4ClassRunner.withPotentialTimeout(FrameworkMethod,Object,Statement)
 343    3   2    1 org.junit.runners.BlockJUnit4ClassRunner.withBefores(FrameworkMethod,Object,Statement)
 344    3   2    1 org.junit.runners.BlockJUnit4ClassRunner.withAfters(FrameworkMethod,Object,Statement)
 345    6   1    0 org.junit.runners.BlockJUnit4ClassRunner.withRules(FrameworkMethod,Object,Statement)
 346    5   3    0 org.junit.runners.BlockJUnit4ClassRunner.withMethodRules(FrameworkMethod,TestRule,Object,Statement)
 347    2   1    0 org.junit.runners.BlockJUnit4ClassRunner.getMethodRules(Object)
 348    2   1    1 org.junit.runners.BlockJUnit4ClassRunner.rules(Object)
 349    2   2    1 org.junit.runners.BlockJUnit4ClassRunner.withTestRules(FrameworkMethod,TestRule,Statement)
 350    4   1    1 org.junit.runners.BlockJUnit4ClassRunner.getTestRules(Object)
 351    5   4    0 org.junit.runners.BlockJUnit4ClassRunner.getExpectedException(Test)
 352    2   1    0 org.junit.runners.BlockJUnit4ClassRunner.expectsException(Test)
 353    4   3    0 org.junit.runners.BlockJUnit4ClassRunner.getTimeout(Test)
 354    2   1    0 org.junit.runners.model.MultipleFailureException.MultipleFailureException(Throwable)
 355    2   1    0 org.junit.runners.model.MultipleFailureException.getFailures()
 356    5   2    0 org.junit.runners.model.MultipleFailureException.getMessage()
 357    6   6    1 org.junit.runners.model.MultipleFailureException.assertEmpty(Throwable)
 358    9   7    1 org.junit.runners.model.TestClass.TestClass(Class)
 359   10   5    0 org.junit.runners.model.TestClass.addToAnnotationLists(T,T)
 360    2   1    1 org.junit.runners.model.TestClass.getAnnotatedMethods(Annotation)
 361    2   1    1 org.junit.runners.model.TestClass.getAnnotatedFields(Annotation)
 362    4   2    0 org.junit.runners.model.TestClass.getAnnotatedMembers(T,Annotation)
 363    2   2    0 org.junit.runners.model.TestClass.runsTopToBottom(Annotation)
 364    7   2    0 org.junit.runners.model.TestClass.getSuperClasses(Class)
 365    2   1    1 org.junit.runners.model.TestClass.getJavaClass()
 366    4   3    1 org.junit.runners.model.TestClass.getName()
 367    4   1    1 org.junit.runners.model.TestClass.getOnlyConstructor()
 368    4   3    1 org.junit.runners.model.TestClass.getAnnotations()
 369    9   5    0 org.junit.runners.model.TestClass.getAnnotatedFieldValues(Object,Annotation,T)
 370    9   5    0 org.junit.runners.model.TestClass.getAnnotatedMethodValues(Object,Annotation,T)
 371    2   2    0 org.junit.runners.model.TestClass.isANonStaticInnerClass()
 372    2   1    0 org.junit.runners.model.NoGenericTypeParametersValidator.NoGenericTypeParametersValidator(Method)
 373    3   2    0 org.junit.runners.model.NoGenericTypeParametersValidator.validate(Throwable)
 374   12   5    0 org.junit.runners.model.NoGenericTypeParametersValidator.validateNoTypeParameterOnType(Type,Throwable)
 375    3   2    0 org.junit.runners.model.NoGenericTypeParametersValidator.validateNoTypeParameterOnParameterizedType(ParameterizedType,Throwable)
 376    5   3    0 org.junit.runners.model.NoGenericTypeParametersValidator.validateNoTypeParameterOnWildcardType(WildcardType,Throwable)
 377    2   1    0 org.junit.runners.model.NoGenericTypeParametersValidator.validateNoTypeParameterOnGenericArrayType(GenericArrayType,Throwable)
 378    2   1    1 org.junit.runners.model.InitializationError.InitializationError(Throwable)
 379    2   1    0 org.junit.runners.model.InitializationError.InitializationError(Throwable)
 380    2   1    1 org.junit.runners.model.InitializationError.InitializationError(String)
 381    2   1    1 org.junit.runners.model.InitializationError.getCauses()
 382    2   1    0 org.junit.runners.model.FrameworkField.FrameworkField(Field)
 383    2   1    0 org.junit.runners.model.FrameworkField.getName()
 384    2   1    0 org.junit.runners.model.FrameworkField.getAnnotations()
 385    3   1    0 org.junit.runners.model.FrameworkField.isPublic()
 386    2   1    0 org.junit.runners.model.FrameworkField.isShadowedBy(FrameworkField)
 387    3   1    0 org.junit.runners.model.FrameworkField.isStatic()
 388    2   1    1 org.junit.runners.model.FrameworkField.getField()
 389    2   1    1 org.junit.runners.model.FrameworkField.getType()
 390    2   1    1 org.junit.runners.model.FrameworkField.get(Object)
 391    1   1    1 org.junit.runners.model.RunnerScheduler.schedule(Runnable)
 392    1   1    1 org.junit.runners.model.RunnerScheduler.finished()
 393    1   1    1 org.junit.runners.model.FrameworkMember.getAnnotations()
 394    1   1    0 org.junit.runners.model.FrameworkMember.isShadowedBy(T)
 395    5   4    0 org.junit.runners.model.FrameworkMember.isShadowedBy(T)
 396    1   1    0 org.junit.runners.model.FrameworkMember.isPublic()
 397    1   1    0 org.junit.runners.model.FrameworkMember.isStatic()
 398    1   1    0 org.junit.runners.model.FrameworkMember.getName()
 399    1   1    0 org.junit.runners.model.FrameworkMember.getType()
 400    2   1    1 org.junit.runners.model.FrameworkMethod.FrameworkMethod(Method)
 401    2   1    1 org.junit.runners.model.FrameworkMethod.getMethod()
 402    2   1    0 org.junit.runners.model.FrameworkMethod.ReflectiveCallable.runReflectiveCall()
 403    4   1    1 org.junit.runners.model.FrameworkMethod.invokeExplosively(Object,Object)
 404    2   1    1 org.junit.runners.model.FrameworkMethod.getName()
 405    4   2    1 org.junit.runners.model.FrameworkMethod.validatePublicVoidNoArg(boolean,Throwable)
 406   10   6    1 org.junit.runners.model.FrameworkMethod.validatePublicVoid(boolean,Throwable)
 407    2   1    1 org.junit.runners.model.FrameworkMethod.isStatic()
 408    2   1    1 org.junit.runners.model.FrameworkMethod.isPublic()
 409    2   1    1 org.junit.runners.model.FrameworkMethod.getReturnType()
 410    2   1    1 org.junit.runners.model.FrameworkMethod.getType()
 411    2   1    0 org.junit.runners.model.FrameworkMethod.validateNoTypeParametersOnArgs(Throwable)
 412    9   8    0 org.junit.runners.model.FrameworkMethod.isShadowedBy(FrameworkMethod)
 413    4   3    0 org.junit.runners.model.FrameworkMethod.equals(Object)
 414    2   1    0 org.junit.runners.model.FrameworkMethod.hashCode()
 415    2   3    1 org.junit.runners.model.FrameworkMethod.producesType(Type)
 416    2   1    0 org.junit.runners.model.FrameworkMethod.getParameterTypes()
 417    2   1    1 org.junit.runners.model.FrameworkMethod.getAnnotations()
 418    2   1    1 org.junit.runners.model.FrameworkMethod.getAnnotation(T)
 419    1   1    1 org.junit.runners.model.RunnerBuilder.runnerForClass(Class)
 420    4   3    1 org.junit.runners.model.RunnerBuilder.safeRunnerForClass(Class)
 421    4   3    0 org.junit.runners.model.RunnerBuilder.addParent(Class)
 422    2   1    0 org.junit.runners.model.RunnerBuilder.removeParent(Class)
 423    5   2    1 org.junit.runners.model.RunnerBuilder.runners(Class,Class[])
 424    2   1    0 org.junit.runners.model.RunnerBuilder.runners(Class,Class)
 425    7   3    0 org.junit.runners.model.RunnerBuilder.runners(Class[])
 426    1   1    1 org.junit.runners.model.Statement.evaluate()
 427    2   1    1 org.junit.runners.AllTests.AllTests(Class)
 428    2   1    0 org.junit.runners.MethodSorters.MethodSorters(Method)
 429    2   1    0 org.junit.runners.MethodSorters.getComparator()
 430    2   1    1 org.junit.runners.JUnit4.JUnit4(Class)
 431    4   4    1 org.junit.runners.Suite.emptySuite()
 432    5   3    0 org.junit.runners.Suite.getAnnotatedClasses(Class)
 433    2   1    1 org.junit.runners.Suite.Suite(Class,RunnerBuilder)
 434    2   1    1 org.junit.runners.Suite.Suite(RunnerBuilder,Class[])
 435    2   1    1 org.junit.runners.Suite.Suite(Class,Class[])
 436    2   1    1 org.junit.runners.Suite.Suite(RunnerBuilder,Class,Class[])
 437    3   1    1 org.junit.runners.Suite.Suite(Class,Runner)
 438    2   1    0 org.junit.runners.Suite.getChildren()
 439    2   1    0 org.junit.runners.Suite.describeChild(Runner)
 440    2   1    0 org.junit.runners.Suite.runChild(Runner,RunNotifier)
 441    4   1    0 org.junit.runners.Parameterized.TestClassRunnerForParameters.TestClassRunnerForParameters(Class,Object[],String)
 442    5   3    0 org.junit.runners.Parameterized.TestClassRunnerForParameters.createTest()
 443    2   1    0 org.junit.runners.Parameterized.TestClassRunnerForParameters.createTestUsingConstructorInjection()
 444   13   6    0 org.junit.runners.Parameterized.TestClassRunnerForParameters.createTestUsingFieldInjection()
 445    2   1    0 org.junit.runners.Parameterized.TestClassRunnerForParameters.getName()
 446    2   1    0 org.junit.runners.Parameterized.TestClassRunnerForParameters.testName(FrameworkMethod)
 447    4   2    0 org.junit.runners.Parameterized.TestClassRunnerForParameters.validateConstructor(Throwable)
 448   18   8    0 org.junit.runners.Parameterized.TestClassRunnerForParameters.validateFields(Throwable)
 449    2   1    0 org.junit.runners.Parameterized.TestClassRunnerForParameters.classBlock(RunNotifier)
 450    2   1    0 org.junit.runners.Parameterized.TestClassRunnerForParameters.getRunnerAnnotations()
 451    4   1    1 org.junit.runners.Parameterized.Parameterized(Class)
 452    2   1    0 org.junit.runners.Parameterized.getChildren()
 453    6   4    0 org.junit.runners.Parameterized.allParameters()
 454    6   6    0 org.junit.runners.Parameterized.getParametersMethod()
 455    9   4    0 org.junit.runners.Parameterized.createRunnersForParameters(Object[],String)
 456    4   1    0 org.junit.runners.Parameterized.nameFor(String,int,Object[])
 457    5   1    0 org.junit.runners.Parameterized.parametersMethodReturnedWrongType()
 458    2   1    0 org.junit.runners.Parameterized.getAnnotatedFieldsByParameter()
 459    2   1    0 org.junit.runners.Parameterized.fieldsAreAnnotated()
 460    1   1    1 org.junit.Assert.Assert()
 461    3   2    1 org.junit.Assert.assertTrue(String,boolean)
 462    2   1    1 org.junit.Assert.assertTrue(boolean)
 463    2   1    1 org.junit.Assert.assertFalse(String,boolean)
 464    2   1    1 org.junit.Assert.assertFalse(boolean)
 465    4   4    1 org.junit.Assert.fail(String)
 466    2   1    1 org.junit.Assert.fail()
 467    9   7    1 org.junit.Assert.assertEquals(String,Object,Object)
 468    4   3    0 org.junit.Assert.equalsRegardingNull(Object,Object)
 469    2   1    0 org.junit.Assert.isEquals(Object,Object)
 470    2   1    1 org.junit.Assert.assertEquals(Object,Object)
 471    3   2    1 org.junit.Assert.assertNotEquals(String,Object,Object)
 472    2   1    1 org.junit.Assert.assertNotEquals(Object,Object)
 473    6   2    0 org.junit.Assert.failEquals(String,Object)
 474    2   1    1 org.junit.Assert.assertNotEquals(String,long,long)
 475    2   1    1 org.junit.Assert.assertNotEquals(long,long)
 476    3   2    1 org.junit.Assert.assertNotEquals(String,double,double,double)
 477    2   1    1 org.junit.Assert.assertNotEquals(double,double,double)
 478    2   1    1 org.junit.Assert.assertArrayEquals(String,Object[],Object[])
 479    2   1    1 org.junit.Assert.assertArrayEquals(Object[],Object[])
 480    2   1    1 org.junit.Assert.assertArrayEquals(String,String[],String[][])
 481    2   1    1 org.junit.Assert.assertArrayEquals(actuals[],actuals[][])
 482    2   1    1 org.junit.Assert.assertArrayEquals(String,String[],String[][])
 483    2   1    1 org.junit.Assert.assertArrayEquals(actuals[],actuals[][])
 484    2   1    1 org.junit.Assert.assertArrayEquals(String,String[],String[][])
 485    2   1    1 org.junit.Assert.assertArrayEquals(actuals[],actuals[][])
 486    2   1    1 org.junit.Assert.assertArrayEquals(String,String[],String[][])
 487    2   1    1 org.junit.Assert.assertArrayEquals(actuals[],actuals[][])
 488    2   1    1 org.junit.Assert.assertArrayEquals(String,String[],String[][])
 489    2   1    1 org.junit.Assert.assertArrayEquals(actuals[],actuals[][])
 490    2   1    1 org.junit.Assert.assertArrayEquals(String,String[],String[][],double)
 491    2   1    1 org.junit.Assert.assertArrayEquals(actuals[],actuals[][],double)
 492    2   1    1 org.junit.Assert.assertArrayEquals(String,String[],String[][],float)
 493    2   1    1 org.junit.Assert.assertArrayEquals(actuals[],actuals[][],float)
 494    2   1    1 org.junit.Assert.internalArrayEquals(String,Object,Object)
 495    3   2    1 org.junit.Assert.assertEquals(String,double,double,double)
 496    5   4    1 org.junit.Assert.assertEquals(String,float,float,float)
 497    6   5    0 org.junit.Assert.doubleIsDifferent(double,double,double)
 498    2   1    1 org.junit.Assert.assertEquals(long,long)
 499    2   1    1 org.junit.Assert.assertEquals(String,long,long)
 500    2   1    1 org.junit.Assert.assertEquals(double,double)
 501    2   1    1 org.junit.Assert.assertEquals(String,double,double)
 502    2   1    1 org.junit.Assert.assertEquals(double,double,double)
 503    2   1    1 org.junit.Assert.assertEquals(float,float,float)
 504    2   1    1 org.junit.Assert.assertNotNull(String,Object)
 505    2   1    1 org.junit.Assert.assertNotNull(Object)
 506    4   3    1 org.junit.Assert.assertNull(String,Object)
 507    2   1    1 org.junit.Assert.assertNull(Object)
 508    5   2    0 org.junit.Assert.failNotNull(String,Object)
 509    4   3    1 org.junit.Assert.assertSame(String,Object,Object)
 510    2   1    1 org.junit.Assert.assertSame(Object,Object)
 511    3   2    1 org.junit.Assert.assertNotSame(String,Object,Object)
 512    2   1    1 org.junit.Assert.assertNotSame(Object,Object)
 513    5   2    0 org.junit.Assert.failSame(String)
 514    5   2    0 org.junit.Assert.failNotSame(String,Object,Object)
 515    2   1    0 org.junit.Assert.failNotEquals(String,Object,Object)
 516   10   5    0 org.junit.Assert.format(String,Object,Object)
 517    3   2    0 org.junit.Assert.formatClassAndValue(Object,String)
 518    2   1    1 org.junit.Assert.assertEquals(String,Object[],Object[])
 519    2   1    1 org.junit.Assert.assertEquals(Object[],Object[])
 520    2   1    1 org.junit.Assert.assertThat(T,T)
 521    2   1    1 org.junit.Assert.assertThat(String,T,T)
 522    4   1    1 org.junit.ComparisonFailure.ComparisonFailure(String,String,String)
 523    2   1    1 org.junit.ComparisonFailure.getMessage()
 524    2   1    1 org.junit.ComparisonFailure.getActual()
 525    2   1    1 org.junit.ComparisonFailure.getExpected()
 526    4   1    1 org.junit.ComparisonFailure.ComparisonCompactor.ComparisonCompactor(int,String,String)
 527    8   5    0 org.junit.ComparisonFailure.ComparisonCompactor.compact(String)
 528    7   3    0 org.junit.ComparisonFailure.ComparisonCompactor.compactString(String)
 529    6   3    0 org.junit.ComparisonFailure.ComparisonCompactor.findCommonPrefix()
 530    7   4    0 org.junit.ComparisonFailure.ComparisonCompactor.findCommonSuffix()
 531    2   2    0 org.junit.ComparisonFailure.ComparisonCompactor.computeCommonPrefix()
 532    3   2    0 org.junit.ComparisonFailure.ComparisonCompactor.computeCommonSuffix()
 533    2   1    0 org.junit.ComparisonFailure.ComparisonCompactor.areStringsEqual()
 534    2   1    0 org.junit.rules.RunRules.RunRules(Statement,TestRule,Description)
 535    2   1    0 org.junit.rules.RunRules.evaluate()
 536    4   2    0 org.junit.rules.RunRules.applyAll(Statement,TestRule,Description)
 537    1   1    1 org.junit.rules.MethodRule.apply(Statement,FrameworkMethod,Object)
 538    1   1    1 org.junit.rules.TestRule.apply(Statement,Description)
 539    2   1    1 org.junit.rules.ExpectedException.none()
 540    1   1    0 org.junit.rules.ExpectedException.ExpectedException()
 541    3   1    0 org.junit.rules.ExpectedException.handleAssertionErrors()
 542    3   1    0 org.junit.rules.ExpectedException.handleAssumptionViolatedExceptions()
 543    2   1    0 org.junit.rules.ExpectedException.apply(Statement,org.junit.runner.Description)
 544    2   1    1 org.junit.rules.ExpectedException.expect(Matcher)
 545    2   1    1 org.junit.rules.ExpectedException.expect(Throwable)
 546    2   1    1 org.junit.rules.ExpectedException.expectMessage(String)
 547    2   1    1 org.junit.rules.ExpectedException.expectMessage(String)
 548    2   1    1 org.junit.rules.ExpectedException.expectCause(Throwable)
 549    2   1    0 org.junit.rules.ExpectedException.ExpectedExceptionStatement.ExpectedExceptionStatement(Statement)
 550   10   5    0 org.junit.rules.ExpectedException.ExpectedExceptionStatement.evaluate()
 551    3   1    0 org.junit.rules.ExpectedException.failDueToMissingException()
 552    5   3    0 org.junit.rules.ExpectedException.optionallyHandleException(Throwable,boolean)
 553    5   3    0 org.junit.rules.ExpectedException.handleException(Throwable)
 554    2   1    0 org.junit.rules.TemporaryFolder.TemporaryFolder()
 555    2   1    0 org.junit.rules.TemporaryFolder.TemporaryFolder(File)
 556    2   1    0 org.junit.rules.TemporaryFolder.before()
 557    2   1    0 org.junit.rules.TemporaryFolder.after()
 558    2   1    1 org.junit.rules.TemporaryFolder.create()
 559    5   3    1 org.junit.rules.TemporaryFolder.newFile(String)
 560    2   1    1 org.junit.rules.TemporaryFolder.newFile()
 561    2   1    1 org.junit.rules.TemporaryFolder.newFolder(String)
 562    8   5    1 org.junit.rules.TemporaryFolder.newFolder(String)
 563    2   1    0 org.junit.rules.TemporaryFolder.isLastElementInArray(int,String[])
 564    2   1    1 org.junit.rules.TemporaryFolder.newFolder()
 565    5   1    0 org.junit.rules.TemporaryFolder.createTemporaryFolderIn(File)
 566    4   3    1 org.junit.rules.TemporaryFolder.getRoot()
 567    3   2    1 org.junit.rules.TemporaryFolder.delete()
 568    6   3    0 org.junit.rules.TemporaryFolder.recursiveDelete(File)
 569    2   1    0 org.junit.rules.TestName.starting(Description)
 570    2   1    1 org.junit.rules.TestName.getMethodName()
 571    2   1    0 org.junit.rules.ErrorCollector.verify()
 572    2   1    1 org.junit.rules.ErrorCollector.addError(Throwable)
 573    2   1    1 org.junit.rules.ErrorCollector.checkThat(T,T)
 574    3   1    0 org.junit.rules.ErrorCollector.Callable.call()
 575    5   1    1 org.junit.rules.ErrorCollector.checkThat(String,T,T)
 576    5   3    1 org.junit.rules.ErrorCollector.checkSucceeds(Object)
 577   14   3    0 org.junit.rules.TestWatcher.Statement.evaluate()
 578   16   1    0 org.junit.rules.TestWatcher.apply(Statement,Description)
 579    4   2    0 org.junit.rules.TestWatcher.succeededQuietly(Description,Throwable)
 580    4   2    0 org.junit.rules.TestWatcher.failedQuietly(Throwable,Description,Throwable)
 581    4   2    0 org.junit.rules.TestWatcher.skippedQuietly(AssumptionViolatedException,Description,Throwable)
 582    4   2    0 org.junit.rules.TestWatcher.startingQuietly(Description,Throwable)
 583    4   2    0 org.junit.rules.TestWatcher.finishedQuietly(Description,Throwable)
 584    1   1    1 org.junit.rules.TestWatcher.succeeded(Description)
 585    1   1    1 org.junit.rules.TestWatcher.failed(Throwable,Description)
 586    1   1    1 org.junit.rules.TestWatcher.skipped(AssumptionViolatedException,Description)
 587    1   1    1 org.junit.rules.TestWatcher.starting(Description)
 588    1   1    1 org.junit.rules.TestWatcher.finished(Description)
 589    3   1    0 org.junit.rules.Verifier.Statement.evaluate()
 590    5   1    0 org.junit.rules.Verifier.apply(Statement,Description)
 591    1   1    1 org.junit.rules.Verifier.verify()
 592   11   5    0 org.junit.rules.TestWatchman.Statement.evaluate()
 593   13   1    0 org.junit.rules.TestWatchman.apply(Statement,FrameworkMethod,Object)
 594    1   1    1 org.junit.rules.TestWatchman.succeeded(FrameworkMethod)
 595    1   1    1 org.junit.rules.TestWatchman.failed(Throwable,FrameworkMethod)
 596    1   1    1 org.junit.rules.TestWatchman.starting(FrameworkMethod)
 597    1   1    1 org.junit.rules.TestWatchman.finished(FrameworkMethod)
 598    2   1    1 org.junit.rules.RuleChain.emptyRuleChain()
 599    2   1    1 org.junit.rules.RuleChain.outerRule(TestRule)
 600    2   1    0 org.junit.rules.RuleChain.RuleChain(TestRule)
 601    5   1    1 org.junit.rules.RuleChain.around(TestRule)
 602    4   2    1 org.junit.rules.RuleChain.apply(Statement,Description)
 603    2   1    1 org.junit.rules.Timeout.Timeout(int)
 604    2   1    0 org.junit.rules.Timeout.apply(Statement,Description)
 605    2   1    0 org.junit.rules.ExpectedExceptionMatcherBuilder.add(Matcher)
 606    2   1    0 org.junit.rules.ExpectedExceptionMatcherBuilder.expectsThrowable()
 607    2   1    0 org.junit.rules.ExpectedExceptionMatcherBuilder.build()
 608    4   3    0 org.junit.rules.ExpectedExceptionMatcherBuilder.allOfTheMatchers()
 609    2   1    0 org.junit.rules.ExpectedExceptionMatcherBuilder.castedMatchers()
 610    2   1    0 org.junit.rules.ExpectedExceptionMatcherBuilder.cast(Matcher)
 611    2   1    0 org.junit.rules.ExternalResource.apply(Statement,Description)
 612    5   1    0 org.junit.rules.ExternalResource.Statement.evaluate()
 613    7   1    0 org.junit.rules.ExternalResource.statement(Statement)
 614    1   1    1 org.junit.rules.ExternalResource.before()
 615    1   1    1 org.junit.rules.ExternalResource.after()
 616    1   1    0 org.junit..None()
 617    2   1    1 org.junit.runner.Result.getRunCount()
 618    2   1    1 org.junit.runner.Result.getFailureCount()
 619    2   1    1 org.junit.runner.Result.getRunTime()
 620    2   1    1 org.junit.runner.Result.getFailures()
 621    2   1    1 org.junit.runner.Result.getIgnoreCount()
 622    2   1    1 org.junit.runner.Result.wasSuccessful()
 623    2   1    0 org.junit.runner.Result.Listener.testRunStarted(Description)
 624    3   1    0 org.junit.runner.Result.Listener.testRunFinished(Result)
 625    2   1    0 org.junit.runner.Result.Listener.testFinished(Description)
 626    2   1    0 org.junit.runner.Result.Listener.testFailure(Failure)
 627    2   1    0 org.junit.runner.Result.Listener.testIgnored(Description)
 628    1   1    0 org.junit.runner.Result.Listener.testAssumptionFailure(Failure)
 629    2   1    1 org.junit.runner.Result.createListener()
 630    2   1    1 org.junit.runner.JUnitCore.main(String)
 631    3   2    1 org.junit.runner.JUnitCore.runMainAndExit(JUnitSystem,String)
 632    2   1    1 org.junit.runner.JUnitCore.runClasses(Computer,Class)
 633    2   1    1 org.junit.runner.JUnitCore.runClasses(Class)
 634   17   4    1 org.junit.runner.JUnitCore.runMain(JUnitSystem,String)
 635    2   1    1 org.junit.runner.JUnitCore.getVersion()
 636    2   1    1 org.junit.runner.JUnitCore.run(Class)
 637    2   1    1 org.junit.runner.JUnitCore.run(Computer,Class)
 638    2   1    1 org.junit.runner.JUnitCore.run(Request)
 639    2   1    1 org.junit.runner.JUnitCore.run(junit.framework.Test)
 640   10   1    1 org.junit.runner.JUnitCore.run(Runner)
 641    2   1    1 org.junit.runner.JUnitCore.addListener(RunListener)
 642    2   1    1 org.junit.runner.JUnitCore.removeListener(RunListener)
 643    2   1    0 org.junit.runner.JUnitCore.defaultComputer()
 644    1   1    1 org.junit.runner.Describable.getDescription()
 645    3   1    1 org.junit.runner.Request.method(Class,String)
 646    2   1    1 org.junit.runner.Request.aClass(Class)
 647    2   1    1 org.junit.runner.Request.classWithoutSuiteMethod(Class)
 648    6   4    1 org.junit.runner.Request.classes(Computer,Class)
 649    2   1    1 org.junit.runner.Request.classes(Class)
 650    2   1    1 org.junit.runner.Request.errorReport(Class,Throwable)
 651    2   1    0 org.junit.runner.Request.Request.getRunner()
 652    4   1    1 org.junit.runner.Request.runner(Runner)
 653    1   1    1 org.junit.runner.Request.getRunner()
 654    2   1    1 org.junit.runner.Request.filterWith(Filter)
 655    2   1    1 org.junit.runner.Request.filterWith(Description)
 656    2   1    1 org.junit.runner.Request.sortWith(Description)
 657    1   1    1 org.junit.runner.manipulation.Filterable.filter(Filter)
 658    2   1    0 org.junit.runner.manipulation.Sorter.Comparator.compare(Description,Description)
 659    2   1    1 org.junit.runner.manipulation.Sorter.Sorter(Description)
 660    4   2    1 org.junit.runner.manipulation.Sorter.apply(Object)
 661    2   1    0 org.junit.runner.manipulation.Sorter.compare(Description,Description)
 662    2   1    0 org.junit.runner.manipulation.Filter.Filter.shouldRun(Description)
 663    2   1    0 org.junit.runner.manipulation.Filter.Filter.describe()
 664    1   1    0 org.junit.runner.manipulation.Filter.Filter.apply(Object)
 665    2   1    0 org.junit.runner.manipulation.Filter.Filter.intersect(Filter)
 666    7   6    0 org.junit.runner.manipulation.Filter.Filter.shouldRun(Description)
 667    2   1    0 org.junit.runner.manipulation.Filter.Filter.describe()
 668   11   1    1 org.junit.runner.manipulation.Filter.matchMethodDescription(Description)
 669    1   1    1 org.junit.runner.manipulation.Filter.shouldRun(Description)
 670    1   1    1 org.junit.runner.manipulation.Filter.describe()
 671    5   3    1 org.junit.runner.manipulation.Filter.apply(Object)
 672    2   2    0 org.junit.runner.manipulation.Filter.Filter.shouldRun(Description)
 673    2   1    0 org.junit.runner.manipulation.Filter.Filter.describe()
 674    9   4    1 org.junit.runner.manipulation.Filter.intersect(Filter)
 675    1   1    1 org.junit.runner.manipulation.Sortable.sort(Sorter)
 676    2   1    1 org.junit.runner.Computer.serial()
 677    2   1    0 org.junit.runner.Computer.RunnerBuilder.runnerForClass(Class)
 678    4   1    1 org.junit.runner.Computer.getSuite(RunnerBuilder,Class[])
 679    2   1    1 org.junit.runner.Computer.getRunner(RunnerBuilder,Class)
 680    2   1    1 org.junit.runner.Description.createSuiteDescription(String,Annotation)
 681    2   1    1 org.junit.runner.Description.createSuiteDescription(String,Serializable,Annotation)
 682    2   1    1 org.junit.runner.Description.createTestDescription(String,String,Annotation)
 683    2   1    1 org.junit.runner.Description.createTestDescription(Class,String,Annotation)
 684    2   1    1 org.junit.runner.Description.createTestDescription(Class,String)
 685    2   1    1 org.junit.runner.Description.createTestDescription(String,String,Serializable)
 686    2   1    0 org.junit.runner.Description.formatDisplayName(String,String)
 687    2   1    1 org.junit.runner.Description.createSuiteDescription(Class)
 688    2   1    0 org.junit.runner.Description.Description(Class,String,Annotation)
 689    9   6    0 org.junit.runner.Description.Description(Class,String,Serializable,Annotation)
 690    2   1    1 org.junit.runner.Description.getDisplayName()
 691    2   1    1 org.junit.runner.Description.addChild(Description)
 692    2   1    1 org.junit.runner.Description.getChildren()
 693    2   1    1 org.junit.runner.Description.isSuite()
 694    2   1    1 org.junit.runner.Description.isTest()
 695    7   4    1 org.junit.runner.Description.testCount()
 696    2   1    0 org.junit.runner.Description.hashCode()
 697    5   3    0 org.junit.runner.Description.equals(Object)
 698    2   1    0 org.junit.runner.Description.toString()
 699    2   1    1 org.junit.runner.Description.isEmpty()
 700    2   1    1 org.junit.runner.Description.childlessCopy()
 701    5   4    1 org.junit.runner.Description.getAnnotation(T)
 702    2   1    1 org.junit.runner.Description.getAnnotations()
 703   10   7    1 org.junit.runner.Description.getTestClass()
 704    2   2    1 org.junit.runner.Description.getClassName()
 705    2   1    1 org.junit.runner.Description.getMethodName()
 706    3   2    0 org.junit.runner.Description.methodAndClassNamePatternGroupOrDefault(int,String)
 707    1   1    1 org.junit.runner.notification.RunListener.testRunStarted(Description)
 708    1   1    1 org.junit.runner.notification.RunListener.testRunFinished(Result)
 709    1   1    1 org.junit.runner.notification.RunListener.testStarted(Description)
 710    1   1    1 org.junit.runner.notification.RunListener.testFinished(Description)
 711    1   1    1 org.junit.runner.notification.RunListener.testFailure(Failure)
 712    1   1    1 org.junit.runner.notification.RunListener.testAssumptionFailure(Failure)
 713    1   1    1 org.junit.runner.notification.RunListener.testIgnored(Description)
 714    3   1    1 org.junit.runner.notification.Failure.Failure(Description,Throwable)
 715    2   1    1 org.junit.runner.notification.Failure.getTestHeader()
 716    2   1    1 org.junit.runner.notification.Failure.getDescription()
 717    2   1    1 org.junit.runner.notification.Failure.getException()
 718    4   1    0 org.junit.runner.notification.Failure.toString()
 719    6   1    1 org.junit.runner.notification.Failure.getTrace()
 720    2   1    1 org.junit.runner.notification.Failure.getMessage()
 721    2   1    1 org.junit.runner.notification.RunNotifier.addListener(RunListener)
 722    2   1    1 org.junit.runner.notification.RunNotifier.removeListener(RunListener)
 723    2   1    0 org.junit.runner.notification.RunNotifier.SafeNotifier.SafeNotifier()
 724    2   1    0 org.junit.runner.notification.RunNotifier.SafeNotifier.SafeNotifier(RunListener)
 725   11   3    0 org.junit.runner.notification.RunNotifier.SafeNotifier.run()
 726    1   1    0 org.junit.runner.notification.RunNotifier.SafeNotifier.notifyListener(RunListener)
 727    2   1    0 org.junit.runner.notification.RunNotifier.SafeNotifier.notifyListener(RunListener)
 728    4   1    1 org.junit.runner.notification.RunNotifier.fireTestRunStarted(Description)
 729    2   1    0 org.junit.runner.notification.RunNotifier.SafeNotifier.notifyListener(RunListener)
 730    4   1    1 org.junit.runner.notification.RunNotifier.fireTestRunFinished(Result)
 731    2   1    0 org.junit.runner.notification.RunNotifier.SafeNotifier.notifyListener(RunListener)
 732    6   3    1 org.junit.runner.notification.RunNotifier.fireTestStarted(Description)
 733    2   1    1 org.junit.runner.notification.RunNotifier.fireTestFailure(Failure)
 734    3   2    0 org.junit.runner.notification.RunNotifier.SafeNotifier.notifyListener(RunListener)
 735    6   2    0 org.junit.runner.notification.RunNotifier.fireTestFailures(RunListener,Failure)
 736    2   1    0 org.junit.runner.notification.RunNotifier.SafeNotifier.notifyListener(RunListener)
 737    4   1    1 org.junit.runner.notification.RunNotifier.fireTestAssumptionFailed(Failure)
 738    2   1    0 org.junit.runner.notification.RunNotifier.SafeNotifier.notifyListener(RunListener)
 739    4   1    1 org.junit.runner.notification.RunNotifier.fireTestIgnored(Description)
 740    2   1    0 org.junit.runner.notification.RunNotifier.SafeNotifier.notifyListener(RunListener)
 741    4   1    1 org.junit.runner.notification.RunNotifier.fireTestFinished(Description)
 742    2   1    1 org.junit.runner.notification.RunNotifier.pleaseStop()
 743    2   1    1 org.junit.runner.notification.RunNotifier.addFirstListener(RunListener)
 744    1   1    0 org.junit.runner.Runner.getDescription()
 745    1   1    1 org.junit.runner.Runner.run(RunNotifier)
 746    2   1    1 org.junit.runner.Runner.testCount()
 747    2   1    1 org.junit.Assume.assumeTrue(boolean)
 748    2   1    1 org.junit.Assume.assumeFalse(boolean)
 749    3   3    1 org.junit.Assume.assumeTrue(String,boolean)
 750    2   1    1 org.junit.Assume.assumeFalse(String,boolean)
 751    2   1    1 org.junit.Assume.assumeNotNull(Object)
 752    3   3    1 org.junit.Assume.assumeThat(T,T)
 753    3   3    1 org.junit.Assume.assumeThat(String,T,T)
 754    2   1    1 org.junit.Assume.assumeNoException(Throwable)
 755    2   1    1 org.junit.Assume.assumeNoException(String,Throwable)
 756    2   1    0 org.junit.experimental.categories.Categories.CategoryFilter.include(Class)
 757    3   1    0 org.junit.experimental.categories.Categories.CategoryFilter.CategoryFilter(Class,Class)
 758    2   1    0 org.junit.experimental.categories.Categories.CategoryFilter.describe()
 759    7   6    0 org.junit.experimental.categories.Categories.CategoryFilter.shouldRun(Description)
 760   11  11    0 org.junit.experimental.categories.Categories.CategoryFilter.hasCorrectCategoryAnnotation(Description)
 761    5   1    0 org.junit.experimental.categories.Categories.CategoryFilter.categories(Description)
 762    5   3    0 org.junit.experimental.categories.Categories.CategoryFilter.parentDescription(Description)
 763    7   5    0 org.junit.experimental.categories.Categories.CategoryFilter.directCategories(Description)
 764    6   3    0 org.junit.experimental.categories.Categories.Categories(Class,RunnerBuilder)
 765    3   2    0 org.junit.experimental.categories.Categories.getIncludedCategory(Class)
 766    3   2    0 org.junit.experimental.categories.Categories.getExcludedCategory(Class)
 767    5   3    0 org.junit.experimental.categories.Categories.assertNoCategorizedDescendentsOfUncategorizeableParents(Description)
 768    5   4    0 org.junit.experimental.categories.Categories.assertNoDescendantsHaveCategoryAnnotations(Description)
 769    5   4    0 org.junit.experimental.categories.Categories.canHaveCategorizedChildren(Description)
 770    2   1    1 org.junit.experimental.runners.Enclosed.Enclosed(Class,RunnerBuilder)
 771    2   1    0 org.junit.experimental.theories.Theories.Theories(Class)
 772    3   1    0 org.junit.experimental.theories.Theories.collectInitializationErrors(Throwable)
 773    9   5    0 org.junit.experimental.theories.Theories.validateDataPointFields(Throwable)
 774    2   1    0 org.junit.experimental.theories.Theories.validateConstructor(Throwable)
 775    6   3    0 org.junit.experimental.theories.Theories.validateTestMethods(Throwable)
 776    6   1    0 org.junit.experimental.theories.Theories.computeTestMethods()
 777    2   1    0 org.junit.experimental.theories.Theories.methodBlock(FrameworkMethod)
 778    3   1    0 org.junit.experimental.theories.Theories.TheoryAnchor.TheoryAnchor(FrameworkMethod,TestClass)
 779    2   1    0 org.junit.experimental.theories.Theories.TheoryAnchor.getTestClass()
 780    4   2    0 org.junit.experimental.theories.Theories.TheoryAnchor.evaluate()
 781    5   2    0 org.junit.experimental.theories.Theories.TheoryAnchor.runWithAssignment(Assignments)
 782    3   2    0 org.junit.experimental.theories.Theories.TheoryAnchor.runWithIncompleteAssignment(Assignments)
 783    1   1    0 org.junit.experimental.theories.Theories.TheoryAnchor.BlockJUnit4ClassRunner.collectInitializationErrors(Throwable)
 784    7   3    0 org.junit.experimental.theories.Theories.TheoryAnchor.BlockJUnit4ClassRunner.Statement.evaluate()
 785   10   1    0 org.junit.experimental.theories.Theories.TheoryAnchor.BlockJUnit4ClassRunner.methodBlock(FrameworkMethod)
 786    2   1    0 org.junit.experimental.theories.Theories.TheoryAnchor.BlockJUnit4ClassRunner.methodInvoker(FrameworkMethod,Object)
 787    2   1    0 org.junit.experimental.theories.Theories.TheoryAnchor.BlockJUnit4ClassRunner.createTest()
 788   17   1    0 org.junit.experimental.theories.Theories.TheoryAnchor.runWithCompleteAssignment(Assignments)
 789    4   2    0 org.junit.experimental.theories.Theories.TheoryAnchor.Statement.evaluate()
 790    6   1    0 org.junit.experimental.theories.Theories.TheoryAnchor.methodCompletesWithParameters(FrameworkMethod,Assignments,Object)
 791    2   1    0 org.junit.experimental.theories.Theories.TheoryAnchor.handleAssumptionViolation(AssumptionViolatedException)
 792    4   4    0 org.junit.experimental.theories.Theories.TheoryAnchor.reportParameterizedError(Throwable,Object)
 793    5   3    0 org.junit.experimental.theories.Theories.TheoryAnchor.nullsOk()
 794    2   1    0 org.junit.experimental.theories.Theories.TheoryAnchor.handleDataPointSuccess()
 795    2   1    0 org.junit.experimental.theories.PotentialAssignment.PotentialAssignment.getValue()
 796    2   1    0 org.junit.experimental.theories.PotentialAssignment.PotentialAssignment.toString()
 797    2   1    0 org.junit.experimental.theories.PotentialAssignment.PotentialAssignment.getDescription()
 798    8   1    0 org.junit.experimental.theories.PotentialAssignment.forValue(String,Object)
 799    1   1    0 org.junit.experimental.theories.PotentialAssignment.getValue()
 800    1   1    0 org.junit.experimental.theories.PotentialAssignment.getDescription()
 801    7   2    0 org.junit.experimental.theories.suppliers.TestedOnSupplier.getValueSources(ParameterSignature)
 802    1   1    0 org.junit.experimental.theories.ParameterSupplier.getValueSources(ParameterSignature)
 803    2   1    0 org.junit.experimental.theories.ParameterSignature.signatures(Method)
 804    2   1    0 org.junit.experimental.theories.ParameterSignature.signatures(Constructor)
 805    5   2    0 org.junit.experimental.theories.ParameterSignature.signatures(Class[],Annotation[][])
 806    3   1    0 org.junit.experimental.theories.ParameterSignature.ParameterSignature(Class,Annotation[])
 807    2   1    0 org.junit.experimental.theories.ParameterSignature.canAcceptType(Class)
 808    2   1    0 org.junit.experimental.theories.ParameterSignature.getType()
 809    2   1    0 org.junit.experimental.theories.ParameterSignature.getAnnotations()
 810    2   2    0 org.junit.experimental.theories.ParameterSignature.canAcceptArrayType(Class)
 811    2   1    0 org.junit.experimental.theories.ParameterSignature.hasAnnotation(Annotation)
 812    3   1    0 org.junit.experimental.theories.ParameterSignature.findDeepAnnotation(T)
 813   10   8    0 org.junit.experimental.theories.ParameterSignature.findDeepAnnotation(Annotation[],T,int)
 814    5   4    0 org.junit.experimental.theories.ParameterSignature.getAnnotation(T)
 815    2   1    0 org.junit.experimental.theories.internal.ParameterizedAssertionError.ParameterizedAssertionError(Throwable,String,Object)
 816    2   1    0 org.junit.experimental.theories.internal.ParameterizedAssertionError.equals(Object)
 817    2   1    0 org.junit.experimental.theories.internal.ParameterizedAssertionError.join(String,Object)
 818    9   3    0 org.junit.experimental.theories.internal.ParameterizedAssertionError.join(String,Object)
 819    4   3    0 org.junit.experimental.theories.internal.ParameterizedAssertionError.stringValueOf(Object)
 820    4   1    0 org.junit.experimental.theories.internal.Assignments.Assignments(PotentialAssignment,ParameterSignature,TestClass)
 821    5   1    1 org.junit.experimental.theories.internal.Assignments.allUnassigned(Method,TestClass)
 822    2   1    0 org.junit.experimental.theories.internal.Assignments.isComplete()
 823    2   1    0 org.junit.experimental.theories.internal.Assignments.nextUnassigned()
 824    4   1    0 org.junit.experimental.theories.internal.Assignments.assignNext(PotentialAssignment)
 825    8   5    0 org.junit.experimental.theories.internal.Assignments.getActualValues(int,int,boolean)
 826    3   1    0 org.junit.experimental.theories.internal.Assignments.potentialsForNextUnassigned()
 827    5   3    0 org.junit.experimental.theories.internal.Assignments.getSupplier(ParameterSignature)
 828    5   3    0 org.junit.experimental.theories.internal.Assignments.getAnnotatedSupplier(ParameterSignature)
 829    2   1    0 org.junit.experimental.theories.internal.Assignments.getConstructorArguments(boolean)
 830    2   1    0 org.junit.experimental.theories.internal.Assignments.getMethodArguments(boolean)
 831    2   1    0 org.junit.experimental.theories.internal.Assignments.getAllArguments(boolean)
 832    4   1    0 org.junit.experimental.theories.internal.Assignments.getConstructorParameterCount()
 833    5   2    0 org.junit.experimental.theories.internal.Assignments.getArgumentStrings(boolean)
 834    2   1    0 org.junit.experimental.theories.internal.AllMembersSupplier.MethodParameterValue.MethodParameterValue(FrameworkMethod)
 835    8   8    0 org.junit.experimental.theories.internal.AllMembersSupplier.MethodParameterValue.getValue()
 836    2   1    0 org.junit.experimental.theories.internal.AllMembersSupplier.MethodParameterValue.getDescription()
 837    2   1    1 org.junit.experimental.theories.internal.AllMembersSupplier.AllMembersSupplier(TestClass)
 838    6   1    0 org.junit.experimental.theories.internal.AllMembersSupplier.getValueSources(ParameterSignature)
 839    4   3    0 org.junit.experimental.theories.internal.AllMembersSupplier.addMultiPointMethods(ParameterSignature,PotentialAssignment)
 840    4   3    0 org.junit.experimental.theories.internal.AllMembersSupplier.addSinglePointMethods(ParameterSignature,PotentialAssignment)
 841   10   8    0 org.junit.experimental.theories.internal.AllMembersSupplier.addFields(ParameterSignature,PotentialAssignment)
 842    3   2    0 org.junit.experimental.theories.internal.AllMembersSupplier.addArrayValues(String,PotentialAssignment,Object)
 843    5   4    0 org.junit.experimental.theories.internal.AllMembersSupplier.addMultiPointArrayValues(ParameterSignature,String,PotentialAssignment,Object)
 844    2   1    0 org.junit.experimental.theories.internal.AllMembersSupplier.isCorrectlyTyped(ParameterSignature,Class)
 845    6   6    0 org.junit.experimental.theories.internal.AllMembersSupplier.getStaticFieldValue(Field)
 846    2   1    0 org.junit.experimental.results.FailureList.FailureList(Failure)
 847    8   4    0 org.junit.experimental.results.FailureList.result()
 848    2   1    1 org.junit.experimental.results.PrintableResult.testResult(Class)
 849    2   1    1 org.junit.experimental.results.PrintableResult.testResult(Request)
 850    2   1    1 org.junit.experimental.results.PrintableResult.PrintableResult(Failure)
 851    2   1    0 org.junit.experimental.results.PrintableResult.PrintableResult(Result)
 852    2   1    1 org.junit.experimental.results.PrintableResult.failureCount()
 853    4   1    0 org.junit.experimental.results.PrintableResult.toString()
 854    2   1    1 org.junit.experimental.results.ResultMatchers.isSuccessful()
 855    2   1    0 org.junit.experimental.results.ResultMatchers.TypeSafeMatcher.describeTo(Description)
 856    2   1    0 org.junit.experimental.results.ResultMatchers.TypeSafeMatcher.matchesSafely(PrintableResult)
 857    6   1    1 org.junit.experimental.results.ResultMatchers.failureCountIs(int)
 858    2   2    0 org.junit.experimental.results.ResultMatchers.BaseMatcher.matches(Object)
 859    2   1    0 org.junit.experimental.results.ResultMatchers.BaseMatcher.describeTo(Description)
 860    6   1    1 org.junit.experimental.results.ResultMatchers.hasSingleFailureContaining(String)
 861    2   1    0 org.junit.experimental.results.ResultMatchers.BaseMatcher.matches(Object)
 862    2   1    0 org.junit.experimental.results.ResultMatchers.BaseMatcher.describeTo(Description)
 863    6   1    1 org.junit.experimental.results.ResultMatchers.hasFailureContaining(String)
 864    2   1    1 org.junit.experimental.max.MaxCore.forFolder(String)
 865    2   1    1 org.junit.experimental.max.MaxCore.storedLocally(File)
 866    2   1    0 org.junit.experimental.max.MaxCore.MaxCore(File)
 867    2   1    1 org.junit.experimental.max.MaxCore.run(Class)
 868    2   1    1 org.junit.experimental.max.MaxCore.run(Request)
 869    3   1    1 org.junit.experimental.max.MaxCore.run(Request,JUnitCore)
 870    6   3    1 org.junit.experimental.max.MaxCore.sortRequest(Request)
 871    4   3    0 org.junit.experimental.max.MaxCore.Request.getRunner()
 872    9   2    0 org.junit.experimental.max.MaxCore.constructLeafRequest(Description)
 873   12   9    0 org.junit.experimental.max.MaxCore.buildRunner(Description)
 874    4   3    0 org.junit.experimental.max.MaxCore.getMalformedTestClass(Description)
 875    2   1    1 org.junit.experimental.max.MaxCore.sortedLeavesForTest(Request)
 876    4   1    0 org.junit.experimental.max.MaxCore.findLeaves(Request)
 877    9   4    0 org.junit.experimental.max.MaxCore.findLeaves(Description,Description,Description)
 878    2   1    1 org.junit.experimental.max.CouldNotReadCoreException.CouldNotReadCoreException(Throwable)
 879    7   4    1 org.junit.experimental.max.MaxHistory.forFolder(File)
 880   10   4    0 org.junit.experimental.max.MaxHistory.readHistory(File)
 881    2   1    0 org.junit.experimental.max.MaxHistory.MaxHistory(File)
 882    4   1    0 org.junit.experimental.max.MaxHistory.save()
 883    2   1    0 org.junit.experimental.max.MaxHistory.getFailureTimestamp(Description)
 884    2   1    0 org.junit.experimental.max.MaxHistory.putTestFailureTimestamp(Description,long)
 885    2   1    0 org.junit.experimental.max.MaxHistory.isNewTest(Description)
 886    2   1    0 org.junit.experimental.max.MaxHistory.getTestDuration(Description)
 887    2   1    0 org.junit.experimental.max.MaxHistory.putTestDuration(Description,long)
 888    2   1    0 org.junit.experimental.max.MaxHistory.RememberingListener.testStarted(Description)
 889    4   1    0 org.junit.experimental.max.MaxHistory.RememberingListener.testFinished(Description)
 890    2   1    0 org.junit.experimental.max.MaxHistory.RememberingListener.testFailure(Failure)
 891    2   1    0 org.junit.experimental.max.MaxHistory.RememberingListener.testRunFinished(Result)
 892    7   6    0 org.junit.experimental.max.MaxHistory.TestComparator.compare(Description,Description)
 893    5   3    0 org.junit.experimental.max.MaxHistory.TestComparator.getFailure(Description)
 894    2   1    1 org.junit.experimental.max.MaxHistory.listener()
 895    2   1    1 org.junit.experimental.max.MaxHistory.testComparator()
 896    3   1    0 org.junit.experimental.ParallelComputer.ParallelComputer(boolean,boolean)
 897    2   1    0 org.junit.experimental.ParallelComputer.classes()
 898    2   1    0 org.junit.experimental.ParallelComputer.methods()
 899    2   1    0 org.junit.experimental.ParallelComputer.RunnerScheduler.schedule(Runnable)
 900    5   2    0 org.junit.experimental.ParallelComputer.RunnerScheduler.finished()
 901   12   2    0 org.junit.experimental.ParallelComputer.parallelize(Runner)
 902    3   2    0 org.junit.experimental.ParallelComputer.getSuite(RunnerBuilder,java.lang.Class[])
 903    3   2    0 org.junit.experimental.ParallelComputer.getRunner(RunnerBuilder,Class)
 904    2   1    0 org.junit.internal.runners.TestClass.TestClass(Class)
 905    2   1    0 org.junit.internal.runners.TestClass.getTestMethods()
 906    2   1    0 org.junit.internal.runners.TestClass.getBefores()
 907    2   1    0 org.junit.internal.runners.TestClass.getAfters()
 908   11   6    0 org.junit.internal.runners.TestClass.getAnnotatedMethods(Annotation)
 909    2   2    0 org.junit.internal.runners.TestClass.runsTopToBottom(Annotation)
 910    5   4    0 org.junit.internal.runners.TestClass.isShadowed(Method,Method)
 911    9   8    0 org.junit.internal.runners.TestClass.isShadowed(Method,Method)
 912    7   2    0 org.junit.internal.runners.TestClass.getSuperClasses(Class)
 913    2   1    0 org.junit.internal.runners.TestClass.getConstructor()
 914    2   1    0 org.junit.internal.runners.TestClass.getJavaClass()
 915    2   1    0 org.junit.internal.runners.TestClass.getName()
 916    3   1    0 org.junit.internal.runners.TestMethod.TestMethod(Method,TestClass)
 917    2   1    0 org.junit.internal.runners.TestMethod.isIgnored()
 918    6   3    0 org.junit.internal.runners.TestMethod.getTimeout()
 919    6   4    0 org.junit.internal.runners.TestMethod.getExpectedException()
 920    2   1    0 org.junit.internal.runners.TestMethod.isUnexpected(Throwable)
 921    2   1    0 org.junit.internal.runners.TestMethod.expectsException()
 922    2   1    0 org.junit.internal.runners.TestMethod.getBefores()
 923    2   1    0 org.junit.internal.runners.TestMethod.getAfters()
 924    2   1    0 org.junit.internal.runners.TestMethod.invoke(Object)
 925    3   1    0 org.junit.internal.runners.ErrorReportingRunner.ErrorReportingRunner(Class,Throwable)
 926    5   2    0 org.junit.internal.runners.ErrorReportingRunner.getDescription()
 927    3   2    0 org.junit.internal.runners.ErrorReportingRunner.run(RunNotifier)
 928    8   7    0 org.junit.internal.runners.ErrorReportingRunner.getCauses(Throwable)
 929    2   1    0 org.junit.internal.runners.ErrorReportingRunner.describeCause(Throwable)
 930    5   1    0 org.junit.internal.runners.ErrorReportingRunner.runCause(Throwable,RunNotifier)
 931    2   1    0 org.junit.internal.runners.model.MultipleFailureException.MultipleFailureException(Throwable)
 932    4   4    0 org.junit.internal.runners.model.ReflectiveCallable.run()
 933    1   1    0 org.junit.internal.runners.model.ReflectiveCallable.runReflectiveCall()
 934    3   1    0 org.junit.internal.runners.model.EachTestNotifier.EachTestNotifier(RunNotifier,Description)
 935    5   2    0 org.junit.internal.runners.model.EachTestNotifier.addFailure(Throwable)
 936    3   2    0 org.junit.internal.runners.model.EachTestNotifier.addMultipleFailureException(MultipleFailureException)
 937    2   1    0 org.junit.internal.runners.model.EachTestNotifier.addFailedAssumption(AssumptionViolatedException)
 938    2   1    0 org.junit.internal.runners.model.EachTestNotifier.fireTestFinished()
 939    2   1    0 org.junit.internal.runners.model.EachTestNotifier.fireTestStarted()
 940    2   1    0 org.junit.internal.runners.model.EachTestNotifier.fireTestIgnored()
 941    4   1    0 org.junit.internal.runners.rules.RuleFieldValidator.RuleFieldValidator(Annotation,boolean,boolean)
 942    4   3    0 org.junit.internal.runners.rules.RuleFieldValidator.validate(TestClass,Throwable)
 943    4   1    0 org.junit.internal.runners.rules.RuleFieldValidator.validateMember(FrameworkMember,Throwable)
 944    5   5    0 org.junit.internal.runners.rules.RuleFieldValidator.validateStatic(FrameworkMember,Throwable)
 945    3   2    0 org.junit.internal.runners.rules.RuleFieldValidator.validatePublic(FrameworkMember,Throwable)
 946    3   4    0 org.junit.internal.runners.rules.RuleFieldValidator.validateTestRuleOrMethodRule(FrameworkMember,Throwable)
 947    2   1    0 org.junit.internal.runners.rules.RuleFieldValidator.isTestRule(FrameworkMember)
 948    2   1    0 org.junit.internal.runners.rules.RuleFieldValidator.isMethodRule(FrameworkMember)
 949    3   1    0 org.junit.internal.runners.rules.RuleFieldValidator.addError(Throwable,FrameworkMember,String)
 950    4   1    0 org.junit.internal.runners.JUnit4ClassRunner.JUnit4ClassRunner(Class)
 951    2   1    0 org.junit.internal.runners.JUnit4ClassRunner.getTestMethods()
 952    4   1    0 org.junit.internal.runners.JUnit4ClassRunner.validate()
 953    2   1    0 org.junit.internal.runners.JUnit4ClassRunner.Runnable.run()
 954    4   1    0 org.junit.internal.runners.JUnit4ClassRunner.run(RunNotifier)
 955    3   2    0 org.junit.internal.runners.JUnit4ClassRunner.runMethods(RunNotifier)
 956    6   2    0 org.junit.internal.runners.JUnit4ClassRunner.getDescription()
 957    2   1    0 org.junit.internal.runners.JUnit4ClassRunner.classAnnotations()
 958    2   1    0 org.junit.internal.runners.JUnit4ClassRunner.getName()
 959    2   1    0 org.junit.internal.runners.JUnit4ClassRunner.createTest()
 960   12   5    0 org.junit.internal.runners.JUnit4ClassRunner.invokeTestMethod(Method,RunNotifier)
 961    4   1    0 org.junit.internal.runners.JUnit4ClassRunner.testAborted(RunNotifier,Description,Throwable)
 962    2   1    0 org.junit.internal.runners.JUnit4ClassRunner.wrapMethod(Method)
 963    2   1    0 org.junit.internal.runners.JUnit4ClassRunner.testName(Method)
 964    2   1    0 org.junit.internal.runners.JUnit4ClassRunner.methodDescription(Method)
 965    2   1    0 org.junit.internal.runners.JUnit4ClassRunner.testAnnotations(Method)
 966    7   5    0 org.junit.internal.runners.JUnit4ClassRunner.filter(Filter)
 967    2   1    0 org.junit.internal.runners.JUnit4ClassRunner.Comparator.compare(Method,Method)
 968    4   1    0 org.junit.internal.runners.JUnit4ClassRunner.sort(Sorter)
 969    2   1    0 org.junit.internal.runners.JUnit4ClassRunner.getTestClass()
 970    2   1    0 org.junit.internal.runners.statements.Fail.Fail(Throwable)
 971    2   2    0 org.junit.internal.runners.statements.Fail.evaluate()
 972    3   1    0 org.junit.internal.runners.statements.InvokeMethod.InvokeMethod(FrameworkMethod,Object)
 973    2   1    0 org.junit.internal.runners.statements.InvokeMethod.evaluate()
 974    3   1    0 org.junit.internal.runners.statements.FailOnTimeout.FailOnTimeout(Statement,long)
 975    4   2    0 org.junit.internal.runners.statements.FailOnTimeout.evaluate()
 976    8   2    0 org.junit.internal.runners.statements.FailOnTimeout.evaluateStatement()
 977    5   3    0 org.junit.internal.runners.statements.FailOnTimeout.throwExceptionForUnfinishedThread(StatementThread)
 978    4   2    0 org.junit.internal.runners.statements.FailOnTimeout.throwTimeoutException(StatementThread)
 979    2   1    0 org.junit.internal.runners.statements.FailOnTimeout.StatementThread.StatementThread(Statement)
 980    2   1    0 org.junit.internal.runners.statements.FailOnTimeout.StatementThread.recordStackTrace()
 981    2   1    0 org.junit.internal.runners.statements.FailOnTimeout.StatementThread.getRecordedStackTrace()
 982    6   3    0 org.junit.internal.runners.statements.FailOnTimeout.StatementThread.run()
 983    3   1    0 org.junit.internal.runners.statements.ExpectException.ExpectException(Statement,Throwable)
 984   12   8    0 org.junit.internal.runners.statements.ExpectException.evaluate()
 985    4   1    0 org.junit.internal.runners.statements.RunBefores.RunBefores(Statement,FrameworkMethod,Object)
 986    4   2    0 org.junit.internal.runners.statements.RunBefores.evaluate()
 987    4   1    0 org.junit.internal.runners.statements.RunAfters.RunAfters(Statement,FrameworkMethod,Object)
 988   11   4    0 org.junit.internal.runners.statements.RunAfters.evaluate()
 989    5   1    0 org.junit.internal.runners.ClassRoadie.ClassRoadie(RunNotifier,TestClass,Description,Runnable)
 990    2   1    0 org.junit.internal.runners.ClassRoadie.runUnprotected()
 991    2   1    0 org.junit.internal.runners.ClassRoadie.addFailure(Throwable)
 992    6   2    0 org.junit.internal.runners.ClassRoadie.runProtected()
 993   11   8    0 org.junit.internal.runners.ClassRoadie.runBefores()
 994    8   4    0 org.junit.internal.runners.ClassRoadie.runAfters()
 995    2   1    0 org.junit.internal.runners.InitializationError.InitializationError(Throwable)
 996    2   1    0 org.junit.internal.runners.InitializationError.InitializationError(Throwable)
 997    2   1    0 org.junit.internal.runners.InitializationError.InitializationError(String)
 998    2   1    0 org.junit.internal.runners.InitializationError.getCauses()
 999    2   1    0 org.junit.internal.runners.JUnit38ClassRunner.OldTestClassAdaptingListener.OldTestClassAdaptingListener(RunNotifier)
1000    2   1    0 org.junit.internal.runners.JUnit38ClassRunner.OldTestClassAdaptingListener.endTest(Test)
1001    2   1    0 org.junit.internal.runners.JUnit38ClassRunner.OldTestClassAdaptingListener.startTest(Test)
1002    3   1    0 org.junit.internal.runners.JUnit38ClassRunner.OldTestClassAdaptingListener.addError(Test,Throwable)
1003    5   3    0 org.junit.internal.runners.JUnit38ClassRunner.OldTestClassAdaptingListener.asDescription(Test)
1004    2   1    0 org.junit.internal.runners.JUnit38ClassRunner.OldTestClassAdaptingListener.getEffectiveClass(Test)
1005    5   3    0 org.junit.internal.runners.JUnit38ClassRunner.OldTestClassAdaptingListener.getName(Test)
1006    2   1    0 org.junit.internal.runners.JUnit38ClassRunner.OldTestClassAdaptingListener.addFailure(Test,AssertionFailedError)
1007    2   1    0 org.junit.internal.runners.JUnit38ClassRunner.JUnit38ClassRunner(Class)
1008    3   1    0 org.junit.internal.runners.JUnit38ClassRunner.JUnit38ClassRunner(Test)
1009    4   1    0 org.junit.internal.runners.JUnit38ClassRunner.run(RunNotifier)
1010    2   1    0 org.junit.internal.runners.JUnit38ClassRunner.createAdaptingListener(RunNotifier)
1011    2   1    0 org.junit.internal.runners.JUnit38ClassRunner.getDescription()
1012   24  11    0 org.junit.internal.runners.JUnit38ClassRunner.makeDescription(Test)
1013    4   2    0 org.junit.internal.runners.JUnit38ClassRunner.createSuiteDescription(TestSuite)
1014   14   5    0 org.junit.internal.runners.JUnit38ClassRunner.filter(Filter)
1015    4   2    0 org.junit.internal.runners.JUnit38ClassRunner.sort(Sorter)
1016    2   1    0 org.junit.internal.runners.JUnit38ClassRunner.setTest(Test)
1017    2   1    0 org.junit.internal.runners.JUnit38ClassRunner.getTest()
1018    2   1    0 org.junit.internal.runners.MethodValidator.MethodValidator(TestClass)
1019    7   2    0 org.junit.internal.runners.MethodValidator.validateInstanceMethods()
1020    3   1    0 org.junit.internal.runners.MethodValidator.validateStaticMethods()
1021    5   1    0 org.junit.internal.runners.MethodValidator.validateMethodsForDefaultRunner()
1022    3   3    0 org.junit.internal.runners.MethodValidator.assertValid()
1023    4   2    0 org.junit.internal.runners.MethodValidator.validateNoArgConstructor()
1024   14   8    0 org.junit.internal.runners.MethodValidator.validateTestMethods(Annotation,boolean)
1025    2   1    0 org.junit.internal.runners.SuiteMethod.SuiteMethod(Class)
1026   10   5    0 org.junit.internal.runners.SuiteMethod.testFromSuiteMethod(Class)
1027    5   1    0 org.junit.internal.runners.MethodRoadie.MethodRoadie(Object,TestMethod,RunNotifier,Description)
1028   12   4    0 org.junit.internal.runners.MethodRoadie.run()
1029    3   1    0 org.junit.internal.runners.MethodRoadie.Runnable.Callable.call()
1030   16   4    0 org.junit.internal.runners.MethodRoadie.Runnable.run()
1031   18   1    0 org.junit.internal.runners.MethodRoadie.runWithTimeout(long)
1032    2   1    0 org.junit.internal.runners.MethodRoadie.Runnable.run()
1033    4   1    0 org.junit.internal.runners.MethodRoadie.runTest()
1034    8   4    0 org.junit.internal.runners.MethodRoadie.runBeforesThenTestThenAfters(Runnable)
1035   17   8    0 org.junit.internal.runners.MethodRoadie.runTestMethod()
1036   11   8    0 org.junit.internal.runners.MethodRoadie.runBefores()
1037    8   4    0 org.junit.internal.runners.MethodRoadie.runAfters()
1038    2   1    0 org.junit.internal.runners.MethodRoadie.addFailure(Throwable)
1039    2   1    0 org.junit.internal.ExactComparisonCriteria.assertElementsEqual(Object,Object)
1040    6   2    0 org.junit.internal.AssumptionViolatedException.AssumptionViolatedException(String,boolean,Object,Matcher)
1041    2   1    1 org.junit.internal.AssumptionViolatedException.AssumptionViolatedException(Object,Matcher)
1042    2   1    1 org.junit.internal.AssumptionViolatedException.AssumptionViolatedException(String,Object,Matcher)
1043    2   1    1 org.junit.internal.AssumptionViolatedException.AssumptionViolatedException(String)
1044    2   1    1 org.junit.internal.AssumptionViolatedException.AssumptionViolatedException(String,Throwable)
1045    2   1    0 org.junit.internal.AssumptionViolatedException.getMessage()
1046   11   5    0 org.junit.internal.AssumptionViolatedException.describeTo(Description)
1047    6   4    0 org.junit.internal.MethodSorter.Comparator.compare(Method,Method)
1048    5   3    0 org.junit.internal.MethodSorter.Comparator.compare(Method,Method)
1049    6   2    1 org.junit.internal.MethodSorter.getDeclaredMethods(Class)
1050    1   1    0 org.junit.internal.MethodSorter.MethodSorter()
1051    4   3    0 org.junit.internal.MethodSorter.getSorter(FixMethodOrder)
1052    1   1    0 org.junit.internal.JUnitSystem.out()
1053    2   1    0 org.junit.internal.builders.IgnoredClassRunner.IgnoredClassRunner(Class)
1054    2   1    0 org.junit.internal.builders.IgnoredClassRunner.run(RunNotifier)
1055    2   1    0 org.junit.internal.builders.IgnoredClassRunner.getDescription()
1056    2   1    0 org.junit.internal.builders.AllDefaultPossibilitiesBuilder.AllDefaultPossibilitiesBuilder(boolean)
1057    7   4    0 org.junit.internal.builders.AllDefaultPossibilitiesBuilder.runnerForClass(Class)
1058    2   1    0 org.junit.internal.builders.AllDefaultPossibilitiesBuilder.junit4Builder()
1059    2   1    0 org.junit.internal.builders.AllDefaultPossibilitiesBuilder.junit3Builder()
1060    2   1    0 org.junit.internal.builders.AllDefaultPossibilitiesBuilder.annotatedBuilder()
1061    2   1    0 org.junit.internal.builders.AllDefaultPossibilitiesBuilder.ignoredBuilder()
1062    4   3    0 org.junit.internal.builders.AllDefaultPossibilitiesBuilder.suiteMethodBuilder()
1063    4   3    0 org.junit.internal.builders.IgnoredBuilder.runnerForClass(Class)
1064    2   1    0 org.junit.internal.builders.JUnit4Builder.runnerForClass(Class)
1065    2   1    0 org.junit.internal.builders.NullBuilder.runnerForClass(Class)
1066    4   3    0 org.junit.internal.builders.JUnit3Builder.runnerForClass(Class)
1067    2   1    0 org.junit.internal.builders.JUnit3Builder.isPre4Test(Class)
1068    2   1    0 org.junit.internal.builders.AnnotatedBuilder.AnnotatedBuilder(RunnerBuilder)
1069    5   3    0 org.junit.internal.builders.AnnotatedBuilder.runnerForClass(Class)
1070    7   6    0 org.junit.internal.builders.AnnotatedBuilder.buildRunner(Runner,Class)
1071    4   3    0 org.junit.internal.builders.SuiteMethodBuilder.runnerForClass(Class)
1072    5   3    0 org.junit.internal.builders.SuiteMethodBuilder.hasSuiteMethod(Class)
1073    3   1    0 org.junit.internal.requests.SortingRequest.SortingRequest(Request,Description)
1074    4   1    0 org.junit.internal.requests.SortingRequest.getRunner()
1075    3   1    0 org.junit.internal.requests.ClassRequest.ClassRequest(Class,boolean)
1076    2   1    0 org.junit.internal.requests.ClassRequest.ClassRequest(Class)
1077    5   2    0 org.junit.internal.requests.ClassRequest.getRunner()
1078    3   1    1 org.junit.internal.requests.FilterRequest.FilterRequest(Request,Filter)
1079    6   3    0 org.junit.internal.requests.FilterRequest.getRunner()
1080    2   1    0 org.junit.internal.RealSystem.out()
1081    4   1    1 org.junit.internal.ArrayComparisonFailure.ArrayComparisonFailure(String,AssertionError,int)
1082    2   1    0 org.junit.internal.ArrayComparisonFailure.addDimension(int)
1083   12   3    0 org.junit.internal.ArrayComparisonFailure.getMessage()
1084    2   1    1 org.junit.internal.ArrayComparisonFailure.toString()
1085    2   1    0 org.junit.internal.InexactComparisonCriteria.InexactComparisonCriteria(double)
1086    2   1    0 org.junit.internal.InexactComparisonCriteria.InexactComparisonCriteria(float)
1087    5   2    0 org.junit.internal.InexactComparisonCriteria.assertElementsEqual(Object,Object)
1088    2   1    0 org.junit.internal.TextListener.TextListener(JUnitSystem)
1089    2   1    0 org.junit.internal.TextListener.TextListener(PrintStream)
1090    4   1    0 org.junit.internal.TextListener.testRunFinished(Result)
1091    2   1    0 org.junit.internal.TextListener.testStarted(Description)
1092    2   1    0 org.junit.internal.TextListener.testFailure(Failure)
1093    2   1    0 org.junit.internal.TextListener.testIgnored(Description)
1094    2   1    0 org.junit.internal.TextListener.getWriter()
1095    3   1    0 org.junit.internal.TextListener.printHeader(long)
1096   11   5    0 org.junit.internal.TextListener.printFailures(Result)
1097    3   1    0 org.junit.internal.TextListener.printFailure(Failure,String)
1098   10   3    0 org.junit.internal.TextListener.printFooter(Result)
1099    2   1    1 org.junit.internal.TextListener.elapsedTimeAsString(long)
1100   17  11    1 org.junit.internal.ComparisonCriteria.arrayEquals(String,Object,Object)
1101    2   2    0 org.junit.internal.ComparisonCriteria.isArray(Object)
1102   10   4    0 org.junit.internal.ComparisonCriteria.assertArraysAreSameLength(Object,Object,String)
1103    1   1    0 org.junit.internal.ComparisonCriteria.assertElementsEqual(Object,Object)
1104    1   1    1 org.junit.internal.matchers.TypeSafeMatcher.matchesSafely(T)
1105    2   1    0 org.junit.internal.matchers.TypeSafeMatcher.TypeSafeMatcher()
1106    6   6    0 org.junit.internal.matchers.TypeSafeMatcher.findExpectedType(Class)
1107    2   3    0 org.junit.internal.matchers.TypeSafeMatcher.isMatchesSafelyMethod(Method)
1108    2   1    0 org.junit.internal.matchers.TypeSafeMatcher.TypeSafeMatcher(T)
1109    2   3    1 org.junit.internal.matchers.TypeSafeMatcher.matches(Object)
1110    2   1    0 org.junit.internal.matchers.StacktracePrintingMatcher.StacktracePrintingMatcher(T)
1111    2   1    0 org.junit.internal.matchers.StacktracePrintingMatcher.describeTo(Description)
1112    2   1    0 org.junit.internal.matchers.StacktracePrintingMatcher.matchesSafely(T)
1113    4   1    0 org.junit.internal.matchers.StacktracePrintingMatcher.describeMismatchSafely(T,Description)
1114    4   1    0 org.junit.internal.matchers.StacktracePrintingMatcher.readStacktrace(Throwable)
1115    2   1    0 org.junit.internal.matchers.StacktracePrintingMatcher.isThrowable(T)
1116    2   1    0 org.junit.internal.matchers.StacktracePrintingMatcher.isException(T)
1117    2   1    0 org.junit.internal.matchers.ThrowableCauseMatcher.ThrowableCauseMatcher(T)
1118    3   1    0 org.junit.internal.matchers.ThrowableCauseMatcher.describeTo(Description)
1119    2   1    0 org.junit.internal.matchers.ThrowableCauseMatcher.matchesSafely(T)
1120    3   1    0 org.junit.internal.matchers.ThrowableCauseMatcher.describeMismatchSafely(T,Description)
1121    2   1    0 org.junit.internal.matchers.ThrowableCauseMatcher.hasCause(T)
1122    2   1    0 org.junit.internal.matchers.ThrowableMessageMatcher.ThrowableMessageMatcher(String)
1123    3   1    0 org.junit.internal.matchers.ThrowableMessageMatcher.describeTo(Description)
1124    2   1    0 org.junit.internal.matchers.ThrowableMessageMatcher.matchesSafely(T)
1125    3   1    0 org.junit.internal.matchers.ThrowableMessageMatcher.describeMismatchSafely(T,Description)
1126    2   1    0 org.junit.internal.matchers.ThrowableMessageMatcher.hasMessage(String)
1127    2   1    1 org.junit.matchers.JUnitMatchers.hasItem(T)
1128    2   1    1 org.junit.matchers.JUnitMatchers.hasItem(T)
1129    2   1    1 org.junit.matchers.JUnitMatchers.hasItems(T)
1130    2   1    1 org.junit.matchers.JUnitMatchers.hasItems(T)
1131    2   1    1 org.junit.matchers.JUnitMatchers.everyItem(T)
1132    2   1    1 org.junit.matchers.JUnitMatchers.containsString(java.lang.String)
1133    2   1    1 org.junit.matchers.JUnitMatchers.both(T)
1134    2   1    1 org.junit.matchers.JUnitMatchers.either(T)
1135    2   1    1 org.junit.matchers.JUnitMatchers.isThrowable(T)
1136    2   1    1 org.junit.matchers.JUnitMatchers.isException(T)
Average Function NCSS:       3.46
Average Function CCN:        1.72
Average Function JVDC:       0.42
Program NCSS:            5,047.00
Java NCSS: 5047
 Nr. NCSS CCN JVDC Function
   1    1   1    1 junit.framework.Protectable.protect()
   2    2   1    0 junit.framework.JUnit4TestAdapter.JUnit4TestAdapter(Class)
   3    4   1    0 junit.framework.JUnit4TestAdapter.JUnit4TestAdapter(Class,JUnit4TestAdapterCache)
   4    2   1    0 junit.framework.JUnit4TestAdapter.countTestCases()
   5    2   1    0 junit.framework.JUnit4TestAdapter.run(TestResult)
   6    2   1    0 junit.framework.JUnit4TestAdapter.getTests()
   7    2   1    0 junit.framework.JUnit4TestAdapter.getTestClass()
   8    3   1    0 junit.framework.JUnit4TestAdapter.getDescription()
   9    9   5    0 junit.framework.JUnit4TestAdapter.removeIgnored(Description)
  10    2   1    0 junit.framework.JUnit4TestAdapter.isIgnored(Description)
  11    2   1    0 junit.framework.JUnit4TestAdapter.toString()
  12    2   1    0 junit.framework.JUnit4TestAdapter.filter(Filter)
  13    2   1    0 junit.framework.JUnit4TestAdapter.sort(Sorter)
  14    1   1    1 junit.framework.Assert.Assert()
  15    3   2    1 junit.framework.Assert.assertTrue(String,boolean)
  16    2   1    1 junit.framework.Assert.assertTrue(boolean)
  17    2   1    1 junit.framework.Assert.assertFalse(String,boolean)
  18    2   1    1 junit.framework.Assert.assertFalse(boolean)
  19    4   4    1 junit.framework.Assert.fail(String)
  20    2   1    1 junit.framework.Assert.fail()
  21    6   7    1 junit.framework.Assert.assertEquals(String,Object,Object)
  22    2   1    1 junit.framework.Assert.assertEquals(Object,Object)
  23    7   9    1 junit.framework.Assert.assertEquals(String,String,String)
  24    2   1    1 junit.framework.Assert.assertEquals(String,String)
  25    5   4    1 junit.framework.Assert.assertEquals(String,double,double,double)
  26    2   1    1 junit.framework.Assert.assertEquals(double,double,double)
  27    5   4    1 junit.framework.Assert.assertEquals(String,float,float,float)
  28    2   1    1 junit.framework.Assert.assertEquals(float,float,float)
  29    2   1    1 junit.framework.Assert.assertEquals(String,long,long)
  30    2   1    1 junit.framework.Assert.assertEquals(long,long)
  31    2   1    1 junit.framework.Assert.assertEquals(String,boolean,boolean)
  32    2   1    1 junit.framework.Assert.assertEquals(boolean,boolean)
  33    2   1    1 junit.framework.Assert.assertEquals(String,byte,byte)
  34    2   1    1 junit.framework.Assert.assertEquals(byte,byte)
  35    2   1    1 junit.framework.Assert.assertEquals(String,char,char)
  36    2   1    1 junit.framework.Assert.assertEquals(char,char)
  37    2   1    1 junit.framework.Assert.assertEquals(String,short,short)
  38    2   1    1 junit.framework.Assert.assertEquals(short,short)
  39    2   1    1 junit.framework.Assert.assertEquals(String,int,int)
  40    2   1    1 junit.framework.Assert.assertEquals(int,int)
  41    2   1    1 junit.framework.Assert.assertNotNull(Object)
  42    2   1    1 junit.framework.Assert.assertNotNull(String,Object)
  43    3   2    1 junit.framework.Assert.assertNull(Object)
  44    2   1    1 junit.framework.Assert.assertNull(String,Object)
  45    4   3    1 junit.framework.Assert.assertSame(String,Object,Object)
  46    2   1    1 junit.framework.Assert.assertSame(Object,Object)
  47    3   2    1 junit.framework.Assert.assertNotSame(String,Object,Object)
  48    2   1    1 junit.framework.Assert.assertNotSame(Object,Object)
  49    3   2    0 junit.framework.Assert.failSame(String)
  50    3   2    0 junit.framework.Assert.failNotSame(String,Object,Object)
  51    2   1    0 junit.framework.Assert.failNotEquals(String,Object,Object)
  52    5   3    0 junit.framework.Assert.format(String,Object,Object)
  53    3   1    1 junit.framework.TestFailure.TestFailure(Test,Throwable)
  54    2   1    1 junit.framework.TestFailure.failedTest()
  55    2   1    1 junit.framework.TestFailure.thrownException()
  56    4   1    1 junit.framework.TestFailure.toString()
  57    6   1    0 junit.framework.TestFailure.trace()
  58    2   1    0 junit.framework.TestFailure.exceptionMessage()
  59    2   1    0 junit.framework.TestFailure.isFailure()
  60    4   1    0 junit.framework.ComparisonCompactor.ComparisonCompactor(int,String,String)
  61    8   5    0 junit.framework.ComparisonCompactor.compact(String)
  62    7   3    0 junit.framework.ComparisonCompactor.compactString(String)
  63    6   3    0 junit.framework.ComparisonCompactor.findCommonPrefix()
  64    7   4    0 junit.framework.ComparisonCompactor.findCommonSuffix()
  65    2   2    0 junit.framework.ComparisonCompactor.computeCommonPrefix()
  66    3   2    0 junit.framework.ComparisonCompactor.computeCommonSuffix()
  67    2   1    0 junit.framework.ComparisonCompactor.areStringsEqual()
  68    2   1    1 junit.framework.TestCase.TestCase()
  69    2   1    1 junit.framework.TestCase.TestCase(String)
  70    2   1    1 junit.framework.TestCase.countTestCases()
  71    2   1    1 junit.framework.TestCase.createResult()
  72    4   1    1 junit.framework.TestCase.run()
  73    2   1    1 junit.framework.TestCase.run(TestResult)
  74   13   6    1 junit.framework.TestCase.runBare()
  75   15   7    1 junit.framework.TestCase.runTest()
  76    2   1    1 junit.framework.TestCase.assertTrue(String,boolean)
  77    2   1    1 junit.framework.TestCase.assertTrue(boolean)
  78    2   1    1 junit.framework.TestCase.assertFalse(String,boolean)
  79    2   1    1 junit.framework.TestCase.assertFalse(boolean)
  80    2   1    1 junit.framework.TestCase.fail(String)
  81    2   1    1 junit.framework.TestCase.fail()
  82    2   1    1 junit.framework.TestCase.assertEquals(String,Object,Object)
  83    2   1    1 junit.framework.TestCase.assertEquals(Object,Object)
  84    2   1    1 junit.framework.TestCase.assertEquals(String,String,String)
  85    2   1    1 junit.framework.TestCase.assertEquals(String,String)
  86    2   1    1 junit.framework.TestCase.assertEquals(String,double,double,double)
  87    2   1    1 junit.framework.TestCase.assertEquals(double,double,double)
  88    2   1    1 junit.framework.TestCase.assertEquals(String,float,float,float)
  89    2   1    1 junit.framework.TestCase.assertEquals(float,float,float)
  90    2   1    1 junit.framework.TestCase.assertEquals(String,long,long)
  91    2   1    1 junit.framework.TestCase.assertEquals(long,long)
  92    2   1    1 junit.framework.TestCase.assertEquals(String,boolean,boolean)
  93    2   1    1 junit.framework.TestCase.assertEquals(boolean,boolean)
  94    2   1    1 junit.framework.TestCase.assertEquals(String,byte,byte)
  95    2   1    1 junit.framework.TestCase.assertEquals(byte,byte)
  96    2   1    1 junit.framework.TestCase.assertEquals(String,char,char)
  97    2   1    1 junit.framework.TestCase.assertEquals(char,char)
  98    2   1    1 junit.framework.TestCase.assertEquals(String,short,short)
  99    2   1    1 junit.framework.TestCase.assertEquals(short,short)
 100    2   1    1 junit.framework.TestCase.assertEquals(String,int,int)
 101    2   1    1 junit.framework.TestCase.assertEquals(int,int)
 102    2   1    1 junit.framework.TestCase.assertNotNull(Object)
 103    2   1    1 junit.framework.TestCase.assertNotNull(String,Object)
 104    2   1    1 junit.framework.TestCase.assertNull(Object)
 105    2   1    1 junit.framework.TestCase.assertNull(String,Object)
 106    2   1    1 junit.framework.TestCase.assertSame(String,Object,Object)
 107    2   1    1 junit.framework.TestCase.assertSame(Object,Object)
 108    2   1    1 junit.framework.TestCase.assertNotSame(String,Object,Object)
 109    2   1    1 junit.framework.TestCase.assertNotSame(Object,Object)
 110    2   1    0 junit.framework.TestCase.failSame(String)
 111    2   1    0 junit.framework.TestCase.failNotSame(String,Object,Object)
 112    2   1    0 junit.framework.TestCase.failNotEquals(String,Object,Object)
 113    2   1    0 junit.framework.TestCase.format(String,Object,Object)
 114    1   1    1 junit.framework.TestCase.setUp()
 115    1   1    1 junit.framework.TestCase.tearDown()
 116    2   1    1 junit.framework.TestCase.toString()
 117    2   1    1 junit.framework.TestCase.getName()
 118    2   1    1 junit.framework.TestCase.setName(String)
 119    4   1    1 junit.framework.ComparisonFailure.ComparisonFailure(String,String,String)
 120    2   1    1 junit.framework.ComparisonFailure.getMessage()
 121    2   1    1 junit.framework.ComparisonFailure.getActual()
 122    2   1    1 junit.framework.ComparisonFailure.getExpected()
 123    2   1    0 junit.framework.JUnit4TestAdapterCache.getDefault()
 124    7   4    0 junit.framework.JUnit4TestAdapterCache.asTest(Description)
 125    8   4    0 junit.framework.JUnit4TestAdapterCache.createTest(Description)
 126    2   1    0 junit.framework.JUnit4TestAdapterCache.RunListener.testFailure(Failure)
 127    2   1    0 junit.framework.JUnit4TestAdapterCache.RunListener.testFinished(Description)
 128    2   1    0 junit.framework.JUnit4TestAdapterCache.RunListener.testStarted(Description)
 129   10   1    0 junit.framework.JUnit4TestAdapterCache.getNotifier(TestResult,JUnit4TestAdapter)
 130    8   4    0 junit.framework.JUnit4TestAdapterCache.asTestList(Description)
 131    2   1    0 junit.framework.JUnit4TestCaseFacade.JUnit4TestCaseFacade(Description)
 132    2   1    0 junit.framework.JUnit4TestCaseFacade.toString()
 133    2   1    0 junit.framework.JUnit4TestCaseFacade.countTestCases()
 134    2   2    0 junit.framework.JUnit4TestCaseFacade.run(TestResult)
 135    2   1    0 junit.framework.JUnit4TestCaseFacade.getDescription()
 136    1   1    1 junit.framework.Test.countTestCases()
 137    1   1    1 junit.framework.Test.run(TestResult)
 138    1   1    1 junit.framework.TestListener.addError(Test,Throwable)
 139    1   1    1 junit.framework.TestListener.addFailure(Test,AssertionFailedError)
 140    1   1    1 junit.framework.TestListener.endTest(Test)
 141    1   1    1 junit.framework.TestListener.startTest(Test)
 142   19  11    1 junit.framework.TestSuite.createTest(Class,String)
 143    4   3    1 junit.framework.TestSuite.getTestConstructor(Class)
 144    2   1    0 junit.framework.TestSuite.TestCase.runTest()
 145    4   1    1 junit.framework.TestSuite.warning(String)
 146    5   1    1 junit.framework.TestSuite.exceptionToString(Throwable)
 147    1   1    1 junit.framework.TestSuite.TestSuite()
 148    2   1    1 junit.framework.TestSuite.TestSuite(Class)
 149   17   8    0 junit.framework.TestSuite.addTestsFromTestCase(Class)
 150    3   1    1 junit.framework.TestSuite.TestSuite(TestCase,String)
 151    2   1    1 junit.framework.TestSuite.TestSuite(String)
 152    3   2    1 junit.framework.TestSuite.TestSuite(Class)
 153    5   3    0 junit.framework.TestSuite.testCaseForClass(Class)
 154    3   1    1 junit.framework.TestSuite.TestSuite(TestCase[],String)
 155    2   1    1 junit.framework.TestSuite.addTest(Test)
 156    2   1    1 junit.framework.TestSuite.addTestSuite(TestCase)
 157    5   2    1 junit.framework.TestSuite.countTestCases()
 158    2   1    1 junit.framework.TestSuite.getName()
 159    5   3    1 junit.framework.TestSuite.run(TestResult)
 160    2   1    0 junit.framework.TestSuite.runTest(Test,TestResult)
 161    2   1    1 junit.framework.TestSuite.setName(String)
 162    2   1    1 junit.framework.TestSuite.testAt(int)
 163    2   1    1 junit.framework.TestSuite.testCount()
 164    2   1    1 junit.framework.TestSuite.tests()
 165    4   3    1 junit.framework.TestSuite.toString()
 166   10   6    0 junit.framework.TestSuite.addTestMethod(Method,String,Class)
 167    2   2    0 junit.framework.TestSuite.isPublicTestMethod(Method)
 168    2   3    0 junit.framework.TestSuite.isTestMethod(Method)
 169    1   1    0 junit.framework.AssertionFailedError.AssertionFailedError()
 170    2   1    0 junit.framework.AssertionFailedError.AssertionFailedError(String)
 171    2   2    0 junit.framework.AssertionFailedError.defaultString(String)
 172    6   1    0 junit.framework.TestResult.TestResult()
 173    4   2    1 junit.framework.TestResult.addError(Test,Throwable)
 174    4   2    1 junit.framework.TestResult.addFailure(Test,AssertionFailedError)
 175    2   1    1 junit.framework.TestResult.addListener(TestListener)
 176    2   1    1 junit.framework.TestResult.removeListener(TestListener)
 177    4   1    1 junit.framework.TestResult.cloneListeners()
 178    3   2    1 junit.framework.TestResult.endTest(Test)
 179    2   1    1 junit.framework.TestResult.errorCount()
 180    2   1    1 junit.framework.TestResult.errors()
 181    2   1    1 junit.framework.TestResult.failureCount()
 182    2   1    1 junit.framework.TestResult.failures()
 183    2   1    0 junit.framework.TestResult.Protectable.protect()
 184    7   1    1 junit.framework.TestResult.run(TestCase)
 185    2   1    1 junit.framework.TestResult.runCount()
 186    8   5    1 junit.framework.TestResult.runProtected(Test,Protectable)
 187    2   1    1 junit.framework.TestResult.shouldStop()
 188    6   2    1 junit.framework.TestResult.startTest(Test)
 189    2   1    1 junit.framework.TestResult.stop()
 190    2   2    1 junit.framework.TestResult.wasSuccessful()
 191    1   1    0 junit.runner.Version.Version()
 192    2   1    0 junit.runner.Version.id()
 193    2   1    0 junit.runner.Version.main(String[])
 194    2   1    0 junit.runner.BaseTestRunner.startTest(Test)
 195    2   1    0 junit.runner.BaseTestRunner.setPreferences(Properties)
 196    7   2    0 junit.runner.BaseTestRunner.getPreferences()
 197    5   1    0 junit.runner.BaseTestRunner.savePreferences()
 198    2   1    0 junit.runner.BaseTestRunner.setPreference(String,String)
 199    2   1    0 junit.runner.BaseTestRunner.endTest(Test)
 200    2   1    0 junit.runner.BaseTestRunner.addError(Test,Throwable)
 201    2   1    0 junit.runner.BaseTestRunner.addFailure(Test,AssertionFailedError)
 202    1   1    0 junit.runner.BaseTestRunner.testStarted(String)
 203    1   1    0 junit.runner.BaseTestRunner.testEnded(String)
 204    1   1    0 junit.runner.BaseTestRunner.testFailed(int,Test,Throwable)
 205   35  18    1 junit.runner.BaseTestRunner.getTest(String)
 206    2   1    1 junit.runner.BaseTestRunner.elapsedTimeAsString(long)
 207   18   6    1 junit.runner.BaseTestRunner.processArguments(String[])
 208    2   1    1 junit.runner.BaseTestRunner.setLoading(boolean)
 209    4   3    1 junit.runner.BaseTestRunner.extractClassName(String)
 210    4   3    1 junit.runner.BaseTestRunner.truncate(String)
 211    1   1    1 junit.runner.BaseTestRunner.runFailed(String)
 212    2   1    1 junit.runner.BaseTestRunner.loadSuiteClass(String)
 213    1   1    1 junit.runner.BaseTestRunner.clearStatus()
 214    2   2    0 junit.runner.BaseTestRunner.useReloadingTestSuiteLoader()
 215    3   1    0 junit.runner.BaseTestRunner.getPreferencesFile()
 216    9   4    0 junit.runner.BaseTestRunner.readPreferences()
 217    2   1    0 junit.runner.BaseTestRunner.getPreference(String)
 218    8   4    0 junit.runner.BaseTestRunner.getPreference(String,int)
 219    7   1    1 junit.runner.BaseTestRunner.getFilteredTrace(Throwable)
 220   14   7    1 junit.runner.BaseTestRunner.getFilteredTrace(String)
 221    2   2    0 junit.runner.BaseTestRunner.showStackRaw()
 222    6   4    0 junit.runner.BaseTestRunner.filterLine(String)
 223    1   1    0 junit.runner.TestRunListener.testRunStarted(String,int)
 224    1   1    0 junit.runner.TestRunListener.testRunEnded(long)
 225    1   1    0 junit.runner.TestRunListener.testRunStopped(long)
 226    1   1    0 junit.runner.TestRunListener.testStarted(String)
 227    1   1    0 junit.runner.TestRunListener.testEnded(String)
 228    1   1    0 junit.runner.TestRunListener.testFailed(int,String,String)
 229    2   1    0 junit.extensions.TestSetup.TestSetup(Test)
 230    4   1    0 junit.extensions.TestSetup.Protectable.protect()
 231    7   1    0 junit.extensions.TestSetup.run(TestResult)
 232    1   1    1 junit.extensions.TestSetup.setUp()
 233    1   1    1 junit.extensions.TestSetup.tearDown()
 234    5   3    0 junit.extensions.RepeatedTest.RepeatedTest(Test,int)
 235    2   1    0 junit.extensions.RepeatedTest.countTestCases()
 236    5   3    0 junit.extensions.RepeatedTest.run(TestResult)
 237    2   1    0 junit.extensions.RepeatedTest.toString()
 238    2   1    0 junit.extensions.TestDecorator.TestDecorator(Test)
 239    2   1    1 junit.extensions.TestDecorator.basicRun(TestResult)
 240    2   1    0 junit.extensions.TestDecorator.countTestCases()
 241    2   1    0 junit.extensions.TestDecorator.run(TestResult)
 242    2   1    0 junit.extensions.TestDecorator.toString()
 243    2   1    0 junit.extensions.TestDecorator.getTest()
 244    1   1    0 junit.extensions.ActiveTestSuite.ActiveTestSuite()
 245    2   1    0 junit.extensions.ActiveTestSuite.ActiveTestSuite(TestCase)
 246    2   1    0 junit.extensions.ActiveTestSuite.ActiveTestSuite(String)
 247    2   1    0 junit.extensions.ActiveTestSuite.ActiveTestSuite(TestCase,String)
 248    4   1    0 junit.extensions.ActiveTestSuite.run(TestResult)
 249    4   1    0 junit.extensions.ActiveTestSuite.Thread.run()
 250    7   1    0 junit.extensions.ActiveTestSuite.runTest(Test,TestResult)
 251    5   3    0 junit.extensions.ActiveTestSuite.waitUntilFinished()
 252    3   1    0 junit.extensions.ActiveTestSuite.runFinished()
 253    2   1    0 junit.textui.ResultPrinter.ResultPrinter(PrintStream)
 254    5   1    0 junit.textui.ResultPrinter.print(TestResult,long)
 255    3   1    0 junit.textui.ResultPrinter.printWaitPrompt()
 256    3   1    0 junit.textui.ResultPrinter.printHeader(long)
 257    2   1    0 junit.textui.ResultPrinter.printErrors(TestResult)
 258    2   1    0 junit.textui.ResultPrinter.printFailures(TestResult)
 259    9   5    0 junit.textui.ResultPrinter.printDefects(TestFailure,int,String)
 260    3   1    0 junit.textui.ResultPrinter.printDefect(TestFailure,int)
 261    2   1    0 junit.textui.ResultPrinter.printDefectHeader(TestFailure,int)
 262    2   1    0 junit.textui.ResultPrinter.printDefectTrace(TestFailure)
 263   10   3    0 junit.textui.ResultPrinter.printFooter(TestResult)
 264    2   1    1 junit.textui.ResultPrinter.elapsedTimeAsString(long)
 265    2   1    0 junit.textui.ResultPrinter.getWriter()
 266    2   1    1 junit.textui.ResultPrinter.addError(Test,Throwable)
 267    2   1    1 junit.textui.ResultPrinter.addFailure(Test,AssertionFailedError)
 268    1   1    1 junit.textui.ResultPrinter.endTest(Test)
 269    5   2    1 junit.textui.ResultPrinter.startTest(Test)
 270    2   1    1 junit.textui.TestRunner.TestRunner()
 271    2   1    1 junit.textui.TestRunner.TestRunner(PrintStream)
 272    2   1    1 junit.textui.TestRunner.TestRunner(ResultPrinter)
 273    2   1    1 junit.textui.TestRunner.run(TestCase)
 274    3   1    1 junit.textui.TestRunner.run(Test)
 275    3   1    1 junit.textui.TestRunner.runAndWait(Test)
 276    1   1    0 junit.textui.TestRunner.testFailed(int,Test,Throwable)
 277    1   1    0 junit.textui.TestRunner.testStarted(String)
 278    1   1    0 junit.textui.TestRunner.testEnded(String)
 279    2   1    1 junit.textui.TestRunner.createTestResult()
 280    2   1    0 junit.textui.TestRunner.doRun(Test)
 281   10   1    0 junit.textui.TestRunner.doRun(Test,boolean)
 282    6   4    0 junit.textui.TestRunner.pause(boolean)
 283    9   3    0 junit.textui.TestRunner.main(String[])
 284   29  13    1 junit.textui.TestRunner.start(String[])
 285    4   1    0 junit.textui.TestRunner.runSingleMethod(String,String,boolean)
 286    3   1    0 junit.textui.TestRunner.runFailed(String)
 287    2   1    0 junit.textui.TestRunner.setPrinter(ResultPrinter)
 288    2   1    0 org.junit.runners.ParentRunner.RunnerScheduler.schedule(Runnable)
 289    1   1    0 org.junit.runners.ParentRunner.RunnerScheduler.finished()
 290    3   1    1 org.junit.runners.ParentRunner.ParentRunner(Class)
 291    1   1    1 org.junit.runners.ParentRunner.getChildren()
 292    1   1    1 org.junit.runners.ParentRunner.describeChild(T)
 293    1   1    1 org.junit.runners.ParentRunner.runChild(T,RunNotifier)
 294    4   1    1 org.junit.runners.ParentRunner.collectInitializationErrors(Throwable)
 295    4   2    1 org.junit.runners.ParentRunner.validatePublicVoidNoArgMethods(Annotation,boolean,Throwable)
 296    3   1    0 org.junit.runners.ParentRunner.validateClassRules(Throwable)
 297    6   1    1 org.junit.runners.ParentRunner.classBlock(RunNotifier)
 298    3   2    1 org.junit.runners.ParentRunner.withBeforeClasses(Statement)
 299    3   2    1 org.junit.runners.ParentRunner.withAfterClasses(Statement)
 300    3   2    1 org.junit.runners.ParentRunner.withClassRules(Statement)
 301    4   1    1 org.junit.runners.ParentRunner.classRules()
 302    2   1    0 org.junit.runners.ParentRunner.Statement.evaluate()
 303    4   1    1 org.junit.runners.ParentRunner.childrenInvoker(RunNotifier)
 304    2   1    0 org.junit.runners.ParentRunner.Runnable.run()
 305    6   2    0 org.junit.runners.ParentRunner.runChildren(RunNotifier)
 306    2   1    1 org.junit.runners.ParentRunner.getName()
 307    2   1    1 org.junit.runners.ParentRunner.getTestClass()
 308   10   3    1 org.junit.runners.ParentRunner.runLeaf(Statement,Description,RunNotifier)
 309    2   1    1 org.junit.runners.ParentRunner.getRunnerAnnotations()
 310    5   2    0 org.junit.runners.ParentRunner.getDescription()
 311   10   5    0 org.junit.runners.ParentRunner.run(RunNotifier)
 312   11   6    0 org.junit.runners.ParentRunner.filter(Filter)
 313    5   2    0 org.junit.runners.ParentRunner.sort(Sorter)
 314    5   3    0 org.junit.runners.ParentRunner.validate()
 315    4   2    0 org.junit.runners.ParentRunner.getFilteredChildren()
 316    2   1    0 org.junit.runners.ParentRunner.sortChild(T)
 317    2   1    0 org.junit.runners.ParentRunner.shouldRun(Filter,T)
 318    2   1    0 org.junit.runners.ParentRunner.Comparator.compare(T,T)
 319    4   1    0 org.junit.runners.ParentRunner.comparator()
 320    2   1    1 org.junit.runners.ParentRunner.setScheduler(RunnerScheduler)
 321    2   1    1 org.junit.runners.BlockJUnit4ClassRunner.BlockJUnit4ClassRunner(Class)
 322    6   2    0 org.junit.runners.BlockJUnit4ClassRunner.runChild(FrameworkMethod,RunNotifier)
 323    2   1    0 org.junit.runners.BlockJUnit4ClassRunner.describeChild(FrameworkMethod)
 324    2   1    0 org.junit.runners.BlockJUnit4ClassRunner.getChildren()
 325    2   1    1 org.junit.runners.BlockJUnit4ClassRunner.computeTestMethods()
 326    7   1    0 org.junit.runners.BlockJUnit4ClassRunner.collectInitializationErrors(Throwable)
 327    4   2    0 org.junit.runners.BlockJUnit4ClassRunner.validateNoNonStaticInnerClass(Throwable)
 328    3   1    1 org.junit.runners.BlockJUnit4ClassRunner.validateConstructor(Throwable)
 329    4   2    1 org.junit.runners.BlockJUnit4ClassRunner.validateOnlyOneConstructor(Throwable)
 330    4   4    1 org.junit.runners.BlockJUnit4ClassRunner.validateZeroArgConstructor(Throwable)
 331    2   1    0 org.junit.runners.BlockJUnit4ClassRunner.hasOneConstructor()
 332    6   2    1 org.junit.runners.BlockJUnit4ClassRunner.validateInstanceMethods(Throwable)
 333    2   1    0 org.junit.runners.BlockJUnit4ClassRunner.validateFields(Throwable)
 334    2   1    0 org.junit.runners.BlockJUnit4ClassRunner.validateMethods(Throwable)
 335    2   1    1 org.junit.runners.BlockJUnit4ClassRunner.validateTestMethods(Throwable)
 336    2   1    1 org.junit.runners.BlockJUnit4ClassRunner.createTest()
 337    2   1    1 org.junit.runners.BlockJUnit4ClassRunner.testName(FrameworkMethod)
 338    2   1    0 org.junit.runners.BlockJUnit4ClassRunner.ReflectiveCallable.runReflectiveCall()
 339   14   3    1 org.junit.runners.BlockJUnit4ClassRunner.methodBlock(FrameworkMethod)
 340    2   1    1 org.junit.runners.BlockJUnit4ClassRunner.methodInvoker(FrameworkMethod,Object)
 341    3   2    1 org.junit.runners.BlockJUnit4ClassRunner.possiblyExpectingExceptions(FrameworkMethod,Object,Statement)
 342    3   2    1 org.junit.runners.BlockJUnit4ClassRunner.withPotentialTimeout(FrameworkMethod,Object,Statement)
 343    3   2    1 org.junit.runners.BlockJUnit4ClassRunner.withBefores(FrameworkMethod,Object,Statement)
 344    3   2    1 org.junit.runners.BlockJUnit4ClassRunner.withAfters(FrameworkMethod,Object,Statement)
 345    6   1    0 org.junit.runners.BlockJUnit4ClassRunner.withRules(FrameworkMethod,Object,Statement)
 346    5   3    0 org.junit.runners.BlockJUnit4ClassRunner.withMethodRules(FrameworkMethod,TestRule,Object,Statement)
 347    2   1    0 org.junit.runners.BlockJUnit4ClassRunner.getMethodRules(Object)
 348    2   1    1 org.junit.runners.BlockJUnit4ClassRunner.rules(Object)
 349    2   2    1 org.junit.runners.BlockJUnit4ClassRunner.withTestRules(FrameworkMethod,TestRule,Statement)
 350    4   1    1 org.junit.runners.BlockJUnit4ClassRunner.getTestRules(Object)
 351    5   4    0 org.junit.runners.BlockJUnit4ClassRunner.getExpectedException(Test)
 352    2   1    0 org.junit.runners.BlockJUnit4ClassRunner.expectsException(Test)
 353    4   3    0 org.junit.runners.BlockJUnit4ClassRunner.getTimeout(Test)
 354    2   1    0 org.junit.runners.model.MultipleFailureException.MultipleFailureException(Throwable)
 355    2   1    0 org.junit.runners.model.MultipleFailureException.getFailures()
 356    5   2    0 org.junit.runners.model.MultipleFailureException.getMessage()
 357    6   6    1 org.junit.runners.model.MultipleFailureException.assertEmpty(Throwable)
 358    9   7    1 org.junit.runners.model.TestClass.TestClass(Class)
 359   10   5    0 org.junit.runners.model.TestClass.addToAnnotationLists(T,T)
 360    2   1    1 org.junit.runners.model.TestClass.getAnnotatedMethods(Annotation)
 361    2   1    1 org.junit.runners.model.TestClass.getAnnotatedFields(Annotation)
 362    4   2    0 org.junit.runners.model.TestClass.getAnnotatedMembers(T,Annotation)
 363    2   2    0 org.junit.runners.model.TestClass.runsTopToBottom(Annotation)
 364    7   2    0 org.junit.runners.model.TestClass.getSuperClasses(Class)
 365    2   1    1 org.junit.runners.model.TestClass.getJavaClass()
 366    4   3    1 org.junit.runners.model.TestClass.getName()
 367    4   1    1 org.junit.runners.model.TestClass.getOnlyConstructor()
 368    4   3    1 org.junit.runners.model.TestClass.getAnnotations()
 369    9   5    0 org.junit.runners.model.TestClass.getAnnotatedFieldValues(Object,Annotation,T)
 370    9   5    0 org.junit.runners.model.TestClass.getAnnotatedMethodValues(Object,Annotation,T)
 371    2   2    0 org.junit.runners.model.TestClass.isANonStaticInnerClass()
 372    2   1    0 org.junit.runners.model.NoGenericTypeParametersValidator.NoGenericTypeParametersValidator(Method)
 373    3   2    0 org.junit.runners.model.NoGenericTypeParametersValidator.validate(Throwable)
 374   12   5    0 org.junit.runners.model.NoGenericTypeParametersValidator.validateNoTypeParameterOnType(Type,Throwable)
 375    3   2    0 org.junit.runners.model.NoGenericTypeParametersValidator.validateNoTypeParameterOnParameterizedType(ParameterizedType,Throwable)
 376    5   3    0 org.junit.runners.model.NoGenericTypeParametersValidator.validateNoTypeParameterOnWildcardType(WildcardType,Throwable)
 377    2   1    0 org.junit.runners.model.NoGenericTypeParametersValidator.validateNoTypeParameterOnGenericArrayType(GenericArrayType,Throwable)
 378    2   1    1 org.junit.runners.model.InitializationError.InitializationError(Throwable)
 379    2   1    0 org.junit.runners.model.InitializationError.InitializationError(Throwable)
 380    2   1    1 org.junit.runners.model.InitializationError.InitializationError(String)
 381    2   1    1 org.junit.runners.model.InitializationError.getCauses()
 382    2   1    0 org.junit.runners.model.FrameworkField.FrameworkField(Field)
 383    2   1    0 org.junit.runners.model.FrameworkField.getName()
 384    2   1    0 org.junit.runners.model.FrameworkField.getAnnotations()
 385    3   1    0 org.junit.runners.model.FrameworkField.isPublic()
 386    2   1    0 org.junit.runners.model.FrameworkField.isShadowedBy(FrameworkField)
 387    3   1    0 org.junit.runners.model.FrameworkField.isStatic()
 388    2   1    1 org.junit.runners.model.FrameworkField.getField()
 389    2   1    1 org.junit.runners.model.FrameworkField.getType()
 390    2   1    1 org.junit.runners.model.FrameworkField.get(Object)
 391    1   1    1 org.junit.runners.model.RunnerScheduler.schedule(Runnable)
 392    1   1    1 org.junit.runners.model.RunnerScheduler.finished()
 393    1   1    1 org.junit.runners.model.FrameworkMember.getAnnotations()
 394    1   1    0 org.junit.runners.model.FrameworkMember.isShadowedBy(T)
 395    5   4    0 org.junit.runners.model.FrameworkMember.isShadowedBy(T)
 396    1   1    0 org.junit.runners.model.FrameworkMember.isPublic()
 397    1   1    0 org.junit.runners.model.FrameworkMember.isStatic()
 398    1   1    0 org.junit.runners.model.FrameworkMember.getName()
 399    1   1    0 org.junit.runners.model.FrameworkMember.getType()
 400    2   1    1 org.junit.runners.model.FrameworkMethod.FrameworkMethod(Method)
 401    2   1    1 org.junit.runners.model.FrameworkMethod.getMethod()
 402    2   1    0 org.junit.runners.model.FrameworkMethod.ReflectiveCallable.runReflectiveCall()
 403    4   1    1 org.junit.runners.model.FrameworkMethod.invokeExplosively(Object,Object)
 404    2   1    1 org.junit.runners.model.FrameworkMethod.getName()
 405    4   2    1 org.junit.runners.model.FrameworkMethod.validatePublicVoidNoArg(boolean,Throwable)
 406   10   6    1 org.junit.runners.model.FrameworkMethod.validatePublicVoid(boolean,Throwable)
 407    2   1    1 org.junit.runners.model.FrameworkMethod.isStatic()
 408    2   1    1 org.junit.runners.model.FrameworkMethod.isPublic()
 409    2   1    1 org.junit.runners.model.FrameworkMethod.getReturnType()
 410    2   1    1 org.junit.runners.model.FrameworkMethod.getType()
 411    2   1    0 org.junit.runners.model.FrameworkMethod.validateNoTypeParametersOnArgs(Throwable)
 412    9   8    0 org.junit.runners.model.FrameworkMethod.isShadowedBy(FrameworkMethod)
 413    4   3    0 org.junit.runners.model.FrameworkMethod.equals(Object)
 414    2   1    0 org.junit.runners.model.FrameworkMethod.hashCode()
 415    2   3    1 org.junit.runners.model.FrameworkMethod.producesType(Type)
 416    2   1    0 org.junit.runners.model.FrameworkMethod.getParameterTypes()
 417    2   1    1 org.junit.runners.model.FrameworkMethod.getAnnotations()
 418    2   1    1 org.junit.runners.model.FrameworkMethod.getAnnotation(T)
 419    1   1    1 org.junit.runners.model.RunnerBuilder.runnerForClass(Class)
 420    4   3    1 org.junit.runners.model.RunnerBuilder.safeRunnerForClass(Class)
 421    4   3    0 org.junit.runners.model.RunnerBuilder.addParent(Class)
 422    2   1    0 org.junit.runners.model.RunnerBuilder.removeParent(Class)
 423    5   2    1 org.junit.runners.model.RunnerBuilder.runners(Class,Class[])
 424    2   1    0 org.junit.runners.model.RunnerBuilder.runners(Class,Class)
 425    7   3    0 org.junit.runners.model.RunnerBuilder.runners(Class[])
 426    1   1    1 org.junit.runners.model.Statement.evaluate()
 427    2   1    1 org.junit.runners.AllTests.AllTests(Class)
 428    2   1    0 org.junit.runners.MethodSorters.MethodSorters(Method)
 429    2   1    0 org.junit.runners.MethodSorters.getComparator()
 430    2   1    1 org.junit.runners.JUnit4.JUnit4(Class)
 431    4   4    1 org.junit.runners.Suite.emptySuite()
 432    5   3    0 org.junit.runners.Suite.getAnnotatedClasses(Class)
 433    2   1    1 org.junit.runners.Suite.Suite(Class,RunnerBuilder)
 434    2   1    1 org.junit.runners.Suite.Suite(RunnerBuilder,Class[])
 435    2   1    1 org.junit.runners.Suite.Suite(Class,Class[])
 436    2   1    1 org.junit.runners.Suite.Suite(RunnerBuilder,Class,Class[])
 437    3   1    1 org.junit.runners.Suite.Suite(Class,Runner)
 438    2   1    0 org.junit.runners.Suite.getChildren()
 439    2   1    0 org.junit.runners.Suite.describeChild(Runner)
 440    2   1    0 org.junit.runners.Suite.runChild(Runner,RunNotifier)
 441    4   1    0 org.junit.runners.Parameterized.TestClassRunnerForParameters.TestClassRunnerForParameters(Class,Object[],String)
 442    5   3    0 org.junit.runners.Parameterized.TestClassRunnerForParameters.createTest()
 443    2   1    0 org.junit.runners.Parameterized.TestClassRunnerForParameters.createTestUsingConstructorInjection()
 444   13   6    0 org.junit.runners.Parameterized.TestClassRunnerForParameters.createTestUsingFieldInjection()
 445    2   1    0 org.junit.runners.Parameterized.TestClassRunnerForParameters.getName()
 446    2   1    0 org.junit.runners.Parameterized.TestClassRunnerForParameters.testName(FrameworkMethod)
 447    4   2    0 org.junit.runners.Parameterized.TestClassRunnerForParameters.validateConstructor(Throwable)
 448   18   8    0 org.junit.runners.Parameterized.TestClassRunnerForParameters.validateFields(Throwable)
 449    2   1    0 org.junit.runners.Parameterized.TestClassRunnerForParameters.classBlock(RunNotifier)
 450    2   1    0 org.junit.runners.Parameterized.TestClassRunnerForParameters.getRunnerAnnotations()
 451    4   1    1 org.junit.runners.Parameterized.Parameterized(Class)
 452    2   1    0 org.junit.runners.Parameterized.getChildren()
 453    6   4    0 org.junit.runners.Parameterized.allParameters()
 454    6   6    0 org.junit.runners.Parameterized.getParametersMethod()
 455    9   4    0 org.junit.runners.Parameterized.createRunnersForParameters(Object[],String)
 456    4   1    0 org.junit.runners.Parameterized.nameFor(String,int,Object[])
 457    5   1    0 org.junit.runners.Parameterized.parametersMethodReturnedWrongType()
 458    2   1    0 org.junit.runners.Parameterized.getAnnotatedFieldsByParameter()
 459    2   1    0 org.junit.runners.Parameterized.fieldsAreAnnotated()
 460    1   1    1 org.junit.Assert.Assert()
 461    3   2    1 org.junit.Assert.assertTrue(String,boolean)
 462    2   1    1 org.junit.Assert.assertTrue(boolean)
 463    2   1    1 org.junit.Assert.assertFalse(String,boolean)
 464    2   1    1 org.junit.Assert.assertFalse(boolean)
 465    4   4    1 org.junit.Assert.fail(String)
 466    2   1    1 org.junit.Assert.fail()
 467    9   7    1 org.junit.Assert.assertEquals(String,Object,Object)
 468    4   3    0 org.junit.Assert.equalsRegardingNull(Object,Object)
 469    2   1    0 org.junit.Assert.isEquals(Object,Object)
 470    2   1    1 org.junit.Assert.assertEquals(Object,Object)
 471    3   2    1 org.junit.Assert.assertNotEquals(String,Object,Object)
 472    2   1    1 org.junit.Assert.assertNotEquals(Object,Object)
 473    6   2    0 org.junit.Assert.failEquals(String,Object)
 474    2   1    1 org.junit.Assert.assertNotEquals(String,long,long)
 475    2   1    1 org.junit.Assert.assertNotEquals(long,long)
 476    3   2    1 org.junit.Assert.assertNotEquals(String,double,double,double)
 477    2   1    1 org.junit.Assert.assertNotEquals(double,double,double)
 478    2   1    1 org.junit.Assert.assertArrayEquals(String,Object[],Object[])
 479    2   1    1 org.junit.Assert.assertArrayEquals(Object[],Object[])
 480    2   1    1 org.junit.Assert.assertArrayEquals(String,String[],String[][])
 481    2   1    1 org.junit.Assert.assertArrayEquals(actuals[],actuals[][])
 482    2   1    1 org.junit.Assert.assertArrayEquals(String,String[],String[][])
 483    2   1    1 org.junit.Assert.assertArrayEquals(actuals[],actuals[][])
 484    2   1    1 org.junit.Assert.assertArrayEquals(String,String[],String[][])
 485    2   1    1 org.junit.Assert.assertArrayEquals(actuals[],actuals[][])
 486    2   1    1 org.junit.Assert.assertArrayEquals(String,String[],String[][])
 487    2   1    1 org.junit.Assert.assertArrayEquals(actuals[],actuals[][])
 488    2   1    1 org.junit.Assert.assertArrayEquals(String,String[],String[][])
 489    2   1    1 org.junit.Assert.assertArrayEquals(actuals[],actuals[][])
 490    2   1    1 org.junit.Assert.assertArrayEquals(String,String[],String[][],double)
 491    2   1    1 org.junit.Assert.assertArrayEquals(actuals[],actuals[][],double)
 492    2   1    1 org.junit.Assert.assertArrayEquals(String,String[],String[][],float)
 493    2   1    1 org.junit.Assert.assertArrayEquals(actuals[],actuals[][],float)
 494    2   1    1 org.junit.Assert.internalArrayEquals(String,Object,Object)
 495    3   2    1 org.junit.Assert.assertEquals(String,double,double,double)
 496    5   4    1 org.junit.Assert.assertEquals(String,float,float,float)
 497    6   5    0 org.junit.Assert.doubleIsDifferent(double,double,double)
 498    2   1    1 org.junit.Assert.assertEquals(long,long)
 499    2   1    1 org.junit.Assert.assertEquals(String,long,long)
 500    2   1    1 org.junit.Assert.assertEquals(double,double)
 501    2   1    1 org.junit.Assert.assertEquals(String,double,double)
 502    2   1    1 org.junit.Assert.assertEquals(double,double,double)
 503    2   1    1 org.junit.Assert.assertEquals(float,float,float)
 504    2   1    1 org.junit.Assert.assertNotNull(String,Object)
 505    2   1    1 org.junit.Assert.assertNotNull(Object)
 506    4   3    1 org.junit.Assert.assertNull(String,Object)
 507    2   1    1 org.junit.Assert.assertNull(Object)
 508    5   2    0 org.junit.Assert.failNotNull(String,Object)
 509    4   3    1 org.junit.Assert.assertSame(String,Object,Object)
 510    2   1    1 org.junit.Assert.assertSame(Object,Object)
 511    3   2    1 org.junit.Assert.assertNotSame(String,Object,Object)
 512    2   1    1 org.junit.Assert.assertNotSame(Object,Object)
 513    5   2    0 org.junit.Assert.failSame(String)
 514    5   2    0 org.junit.Assert.failNotSame(String,Object,Object)
 515    2   1    0 org.junit.Assert.failNotEquals(String,Object,Object)
 516   10   5    0 org.junit.Assert.format(String,Object,Object)
 517    3   2    0 org.junit.Assert.formatClassAndValue(Object,String)
 518    2   1    1 org.junit.Assert.assertEquals(String,Object[],Object[])
 519    2   1    1 org.junit.Assert.assertEquals(Object[],Object[])
 520    2   1    1 org.junit.Assert.assertThat(T,T)
 521    2   1    1 org.junit.Assert.assertThat(String,T,T)
 522    4   1    1 org.junit.ComparisonFailure.ComparisonFailure(String,String,String)
 523    2   1    1 org.junit.ComparisonFailure.getMessage()
 524    2   1    1 org.junit.ComparisonFailure.getActual()
 525    2   1    1 org.junit.ComparisonFailure.getExpected()
 526    4   1    1 org.junit.ComparisonFailure.ComparisonCompactor.ComparisonCompactor(int,String,String)
 527    8   5    0 org.junit.ComparisonFailure.ComparisonCompactor.compact(String)
 528    7   3    0 org.junit.ComparisonFailure.ComparisonCompactor.compactString(String)
 529    6   3    0 org.junit.ComparisonFailure.ComparisonCompactor.findCommonPrefix()
 530    7   4    0 org.junit.ComparisonFailure.ComparisonCompactor.findCommonSuffix()
 531    2   2    0 org.junit.ComparisonFailure.ComparisonCompactor.computeCommonPrefix()
 532    3   2    0 org.junit.ComparisonFailure.ComparisonCompactor.computeCommonSuffix()
 533    2   1    0 org.junit.ComparisonFailure.ComparisonCompactor.areStringsEqual()
 534    2   1    0 org.junit.rules.RunRules.RunRules(Statement,TestRule,Description)
 535    2   1    0 org.junit.rules.RunRules.evaluate()
 536    4   2    0 org.junit.rules.RunRules.applyAll(Statement,TestRule,Description)
 537    1   1    1 org.junit.rules.MethodRule.apply(Statement,FrameworkMethod,Object)
 538    1   1    1 org.junit.rules.TestRule.apply(Statement,Description)
 539    2   1    1 org.junit.rules.ExpectedException.none()
 540    1   1    0 org.junit.rules.ExpectedException.ExpectedException()
 541    3   1    0 org.junit.rules.ExpectedException.handleAssertionErrors()
 542    3   1    0 org.junit.rules.ExpectedException.handleAssumptionViolatedExceptions()
 543    2   1    0 org.junit.rules.ExpectedException.apply(Statement,org.junit.runner.Description)
 544    2   1    1 org.junit.rules.ExpectedException.expect(Matcher)
 545    2   1    1 org.junit.rules.ExpectedException.expect(Throwable)
 546    2   1    1 org.junit.rules.ExpectedException.expectMessage(String)
 547    2   1    1 org.junit.rules.ExpectedException.expectMessage(String)
 548    2   1    1 org.junit.rules.ExpectedException.expectCause(Throwable)
 549    2   1    0 org.junit.rules.ExpectedException.ExpectedExceptionStatement.ExpectedExceptionStatement(Statement)
 550   10   5    0 org.junit.rules.ExpectedException.ExpectedExceptionStatement.evaluate()
 551    3   1    0 org.junit.rules.ExpectedException.failDueToMissingException()
 552    5   3    0 org.junit.rules.ExpectedException.optionallyHandleException(Throwable,boolean)
 553    5   3    0 org.junit.rules.ExpectedException.handleException(Throwable)
 554    2   1    0 org.junit.rules.TemporaryFolder.TemporaryFolder()
 555    2   1    0 org.junit.rules.TemporaryFolder.TemporaryFolder(File)
 556    2   1    0 org.junit.rules.TemporaryFolder.before()
 557    2   1    0 org.junit.rules.TemporaryFolder.after()
 558    2   1    1 org.junit.rules.TemporaryFolder.create()
 559    5   3    1 org.junit.rules.TemporaryFolder.newFile(String)
 560    2   1    1 org.junit.rules.TemporaryFolder.newFile()
 561    2   1    1 org.junit.rules.TemporaryFolder.newFolder(String)
 562    8   5    1 org.junit.rules.TemporaryFolder.newFolder(String)
 563    2   1    0 org.junit.rules.TemporaryFolder.isLastElementInArray(int,String[])
 564    2   1    1 org.junit.rules.TemporaryFolder.newFolder()
 565    5   1    0 org.junit.rules.TemporaryFolder.createTemporaryFolderIn(File)
 566    4   3    1 org.junit.rules.TemporaryFolder.getRoot()
 567    3   2    1 org.junit.rules.TemporaryFolder.delete()
 568    6   3    0 org.junit.rules.TemporaryFolder.recursiveDelete(File)
 569    2   1    0 org.junit.rules.TestName.starting(Description)
 570    2   1    1 org.junit.rules.TestName.getMethodName()
 571    2   1    0 org.junit.rules.ErrorCollector.verify()
 572    2   1    1 org.junit.rules.ErrorCollector.addError(Throwable)
 573    2   1    1 org.junit.rules.ErrorCollector.checkThat(T,T)
 574    3   1    0 org.junit.rules.ErrorCollector.Callable.call()
 575    5   1    1 org.junit.rules.ErrorCollector.checkThat(String,T,T)
 576    5   3    1 org.junit.rules.ErrorCollector.checkSucceeds(Object)
 577   14   3    0 org.junit.rules.TestWatcher.Statement.evaluate()
 578   16   1    0 org.junit.rules.TestWatcher.apply(Statement,Description)
 579    4   2    0 org.junit.rules.TestWatcher.succeededQuietly(Description,Throwable)
 580    4   2    0 org.junit.rules.TestWatcher.failedQuietly(Throwable,Description,Throwable)
 581    4   2    0 org.junit.rules.TestWatcher.skippedQuietly(AssumptionViolatedException,Description,Throwable)
 582    4   2    0 org.junit.rules.TestWatcher.startingQuietly(Description,Throwable)
 583    4   2    0 org.junit.rules.TestWatcher.finishedQuietly(Description,Throwable)
 584    1   1    1 org.junit.rules.TestWatcher.succeeded(Description)
 585    1   1    1 org.junit.rules.TestWatcher.failed(Throwable,Description)
 586    1   1    1 org.junit.rules.TestWatcher.skipped(AssumptionViolatedException,Description)
 587    1   1    1 org.junit.rules.TestWatcher.starting(Description)
 588    1   1    1 org.junit.rules.TestWatcher.finished(Description)
 589    3   1    0 org.junit.rules.Verifier.Statement.evaluate()
 590    5   1    0 org.junit.rules.Verifier.apply(Statement,Description)
 591    1   1    1 org.junit.rules.Verifier.verify()
 592   11   5    0 org.junit.rules.TestWatchman.Statement.evaluate()
 593   13   1    0 org.junit.rules.TestWatchman.apply(Statement,FrameworkMethod,Object)
 594    1   1    1 org.junit.rules.TestWatchman.succeeded(FrameworkMethod)
 595    1   1    1 org.junit.rules.TestWatchman.failed(Throwable,FrameworkMethod)
 596    1   1    1 org.junit.rules.TestWatchman.starting(FrameworkMethod)
 597    1   1    1 org.junit.rules.TestWatchman.finished(FrameworkMethod)
 598    2   1    1 org.junit.rules.RuleChain.emptyRuleChain()
 599    2   1    1 org.junit.rules.RuleChain.outerRule(TestRule)
 600    2   1    0 org.junit.rules.RuleChain.RuleChain(TestRule)
 601    5   1    1 org.junit.rules.RuleChain.around(TestRule)
 602    4   2    1 org.junit.rules.RuleChain.apply(Statement,Description)
 603    2   1    1 org.junit.rules.Timeout.Timeout(int)
 604    2   1    0 org.junit.rules.Timeout.apply(Statement,Description)
 605    2   1    0 org.junit.rules.ExpectedExceptionMatcherBuilder.add(Matcher)
 606    2   1    0 org.junit.rules.ExpectedExceptionMatcherBuilder.expectsThrowable()
 607    2   1    0 org.junit.rules.ExpectedExceptionMatcherBuilder.build()
 608    4   3    0 org.junit.rules.ExpectedExceptionMatcherBuilder.allOfTheMatchers()
 609    2   1    0 org.junit.rules.ExpectedExceptionMatcherBuilder.castedMatchers()
 610    2   1    0 org.junit.rules.ExpectedExceptionMatcherBuilder.cast(Matcher)
 611    2   1    0 org.junit.rules.ExternalResource.apply(Statement,Description)
 612    5   1    0 org.junit.rules.ExternalResource.Statement.evaluate()
 613    7   1    0 org.junit.rules.ExternalResource.statement(Statement)
 614    1   1    1 org.junit.rules.ExternalResource.before()
 615    1   1    1 org.junit.rules.ExternalResource.after()
 616    1   1    0 org.junit..None()
 617    2   1    1 org.junit.runner.Result.getRunCount()
 618    2   1    1 org.junit.runner.Result.getFailureCount()
 619    2   1    1 org.junit.runner.Result.getRunTime()
 620    2   1    1 org.junit.runner.Result.getFailures()
 621    2   1    1 org.junit.runner.Result.getIgnoreCount()
 622    2   1    1 org.junit.runner.Result.wasSuccessful()
 623    2   1    0 org.junit.runner.Result.Listener.testRunStarted(Description)
 624    3   1    0 org.junit.runner.Result.Listener.testRunFinished(Result)
 625    2   1    0 org.junit.runner.Result.Listener.testFinished(Description)
 626    2   1    0 org.junit.runner.Result.Listener.testFailure(Failure)
 627    2   1    0 org.junit.runner.Result.Listener.testIgnored(Description)
 628    1   1    0 org.junit.runner.Result.Listener.testAssumptionFailure(Failure)
 629    2   1    1 org.junit.runner.Result.createListener()
 630    2   1    1 org.junit.runner.JUnitCore.main(String)
 631    3   2    1 org.junit.runner.JUnitCore.runMainAndExit(JUnitSystem,String)
 632    2   1    1 org.junit.runner.JUnitCore.runClasses(Computer,Class)
 633    2   1    1 org.junit.runner.JUnitCore.runClasses(Class)
 634   17   4    1 org.junit.runner.JUnitCore.runMain(JUnitSystem,String)
 635    2   1    1 org.junit.runner.JUnitCore.getVersion()
 636    2   1    1 org.junit.runner.JUnitCore.run(Class)
 637    2   1    1 org.junit.runner.JUnitCore.run(Computer,Class)
 638    2   1    1 org.junit.runner.JUnitCore.run(Request)
 639    2   1    1 org.junit.runner.JUnitCore.run(junit.framework.Test)
 640   10   1    1 org.junit.runner.JUnitCore.run(Runner)
 641    2   1    1 org.junit.runner.JUnitCore.addListener(RunListener)
 642    2   1    1 org.junit.runner.JUnitCore.removeListener(RunListener)
 643    2   1    0 org.junit.runner.JUnitCore.defaultComputer()
 644    1   1    1 org.junit.runner.Describable.getDescription()
 645    3   1    1 org.junit.runner.Request.method(Class,String)
 646    2   1    1 org.junit.runner.Request.aClass(Class)
 647    2   1    1 org.junit.runner.Request.classWithoutSuiteMethod(Class)
 648    6   4    1 org.junit.runner.Request.classes(Computer,Class)
 649    2   1    1 org.junit.runner.Request.classes(Class)
 650    2   1    1 org.junit.runner.Request.errorReport(Class,Throwable)
 651    2   1    0 org.junit.runner.Request.Request.getRunner()
 652    4   1    1 org.junit.runner.Request.runner(Runner)
 653    1   1    1 org.junit.runner.Request.getRunner()
 654    2   1    1 org.junit.runner.Request.filterWith(Filter)
 655    2   1    1 org.junit.runner.Request.filterWith(Description)
 656    2   1    1 org.junit.runner.Request.sortWith(Description)
 657    1   1    1 org.junit.runner.manipulation.Filterable.filter(Filter)
 658    2   1    0 org.junit.runner.manipulation.Sorter.Comparator.compare(Description,Description)
 659    2   1    1 org.junit.runner.manipulation.Sorter.Sorter(Description)
 660    4   2    1 org.junit.runner.manipulation.Sorter.apply(Object)
 661    2   1    0 org.junit.runner.manipulation.Sorter.compare(Description,Description)
 662    2   1    0 org.junit.runner.manipulation.Filter.Filter.shouldRun(Description)
 663    2   1    0 org.junit.runner.manipulation.Filter.Filter.describe()
 664    1   1    0 org.junit.runner.manipulation.Filter.Filter.apply(Object)
 665    2   1    0 org.junit.runner.manipulation.Filter.Filter.intersect(Filter)
 666    7   6    0 org.junit.runner.manipulation.Filter.Filter.shouldRun(Description)
 667    2   1    0 org.junit.runner.manipulation.Filter.Filter.describe()
 668   11   1    1 org.junit.runner.manipulation.Filter.matchMethodDescription(Description)
 669    1   1    1 org.junit.runner.manipulation.Filter.shouldRun(Description)
 670    1   1    1 org.junit.runner.manipulation.Filter.describe()
 671    5   3    1 org.junit.runner.manipulation.Filter.apply(Object)
 672    2   2    0 org.junit.runner.manipulation.Filter.Filter.shouldRun(Description)
 673    2   1    0 org.junit.runner.manipulation.Filter.Filter.describe()
 674    9   4    1 org.junit.runner.manipulation.Filter.intersect(Filter)
 675    1   1    1 org.junit.runner.manipulation.Sortable.sort(Sorter)
 676    2   1    1 org.junit.runner.Computer.serial()
 677    2   1    0 org.junit.runner.Computer.RunnerBuilder.runnerForClass(Class)
 678    4   1    1 org.junit.runner.Computer.getSuite(RunnerBuilder,Class[])
 679    2   1    1 org.junit.runner.Computer.getRunner(RunnerBuilder,Class)
 680    2   1    1 org.junit.runner.Description.createSuiteDescription(String,Annotation)
 681    2   1    1 org.junit.runner.Description.createSuiteDescription(String,Serializable,Annotation)
 682    2   1    1 org.junit.runner.Description.createTestDescription(String,String,Annotation)
 683    2   1    1 org.junit.runner.Description.createTestDescription(Class,String,Annotation)
 684    2   1    1 org.junit.runner.Description.createTestDescription(Class,String)
 685    2   1    1 org.junit.runner.Description.createTestDescription(String,String,Serializable)
 686    2   1    0 org.junit.runner.Description.formatDisplayName(String,String)
 687    2   1    1 org.junit.runner.Description.createSuiteDescription(Class)
 688    2   1    0 org.junit.runner.Description.Description(Class,String,Annotation)
 689    9   6    0 org.junit.runner.Description.Description(Class,String,Serializable,Annotation)
 690    2   1    1 org.junit.runner.Description.getDisplayName()
 691    2   1    1 org.junit.runner.Description.addChild(Description)
 692    2   1    1 org.junit.runner.Description.getChildren()
 693    2   1    1 org.junit.runner.Description.isSuite()
 694    2   1    1 org.junit.runner.Description.isTest()
 695    7   4    1 org.junit.runner.Description.testCount()
 696    2   1    0 org.junit.runner.Description.hashCode()
 697    5   3    0 org.junit.runner.Description.equals(Object)
 698    2   1    0 org.junit.runner.Description.toString()
 699    2   1    1 org.junit.runner.Description.isEmpty()
 700    2   1    1 org.junit.runner.Description.childlessCopy()
 701    5   4    1 org.junit.runner.Description.getAnnotation(T)
 702    2   1    1 org.junit.runner.Description.getAnnotations()
 703   10   7    1 org.junit.runner.Description.getTestClass()
 704    2   2    1 org.junit.runner.Description.getClassName()
 705    2   1    1 org.junit.runner.Description.getMethodName()
 706    3   2    0 org.junit.runner.Description.methodAndClassNamePatternGroupOrDefault(int,String)
 707    1   1    1 org.junit.runner.notification.RunListener.testRunStarted(Description)
 708    1   1    1 org.junit.runner.notification.RunListener.testRunFinished(Result)
 709    1   1    1 org.junit.runner.notification.RunListener.testStarted(Description)
 710    1   1    1 org.junit.runner.notification.RunListener.testFinished(Description)
 711    1   1    1 org.junit.runner.notification.RunListener.testFailure(Failure)
 712    1   1    1 org.junit.runner.notification.RunListener.testAssumptionFailure(Failure)
 713    1   1    1 org.junit.runner.notification.RunListener.testIgnored(Description)
 714    3   1    1 org.junit.runner.notification.Failure.Failure(Description,Throwable)
 715    2   1    1 org.junit.runner.notification.Failure.getTestHeader()
 716    2   1    1 org.junit.runner.notification.Failure.getDescription()
 717    2   1    1 org.junit.runner.notification.Failure.getException()
 718    4   1    0 org.junit.runner.notification.Failure.toString()
 719    6   1    1 org.junit.runner.notification.Failure.getTrace()
 720    2   1    1 org.junit.runner.notification.Failure.getMessage()
 721    2   1    1 org.junit.runner.notification.RunNotifier.addListener(RunListener)
 722    2   1    1 org.junit.runner.notification.RunNotifier.removeListener(RunListener)
 723    2   1    0 org.junit.runner.notification.RunNotifier.SafeNotifier.SafeNotifier()
 724    2   1    0 org.junit.runner.notification.RunNotifier.SafeNotifier.SafeNotifier(RunListener)
 725   11   3    0 org.junit.runner.notification.RunNotifier.SafeNotifier.run()
 726    1   1    0 org.junit.runner.notification.RunNotifier.SafeNotifier.notifyListener(RunListener)
 727    2   1    0 org.junit.runner.notification.RunNotifier.SafeNotifier.notifyListener(RunListener)
 728    4   1    1 org.junit.runner.notification.RunNotifier.fireTestRunStarted(Description)
 729    2   1    0 org.junit.runner.notification.RunNotifier.SafeNotifier.notifyListener(RunListener)
 730    4   1    1 org.junit.runner.notification.RunNotifier.fireTestRunFinished(Result)
 731    2   1    0 org.junit.runner.notification.RunNotifier.SafeNotifier.notifyListener(RunListener)
 732    6   3    1 org.junit.runner.notification.RunNotifier.fireTestStarted(Description)
 733    2   1    1 org.junit.runner.notification.RunNotifier.fireTestFailure(Failure)
 734    3   2    0 org.junit.runner.notification.RunNotifier.SafeNotifier.notifyListener(RunListener)
 735    6   2    0 org.junit.runner.notification.RunNotifier.fireTestFailures(RunListener,Failure)
 736    2   1    0 org.junit.runner.notification.RunNotifier.SafeNotifier.notifyListener(RunListener)
 737    4   1    1 org.junit.runner.notification.RunNotifier.fireTestAssumptionFailed(Failure)
 738    2   1    0 org.junit.runner.notification.RunNotifier.SafeNotifier.notifyListener(RunListener)
 739    4   1    1 org.junit.runner.notification.RunNotifier.fireTestIgnored(Description)
 740    2   1    0 org.junit.runner.notification.RunNotifier.SafeNotifier.notifyListener(RunListener)
 741    4   1    1 org.junit.runner.notification.RunNotifier.fireTestFinished(Description)
 742    2   1    1 org.junit.runner.notification.RunNotifier.pleaseStop()
 743    2   1    1 org.junit.runner.notification.RunNotifier.addFirstListener(RunListener)
 744    1   1    0 org.junit.runner.Runner.getDescription()
 745    1   1    1 org.junit.runner.Runner.run(RunNotifier)
 746    2   1    1 org.junit.runner.Runner.testCount()
 747    2   1    1 org.junit.Assume.assumeTrue(boolean)
 748    2   1    1 org.junit.Assume.assumeFalse(boolean)
 749    3   3    1 org.junit.Assume.assumeTrue(String,boolean)
 750    2   1    1 org.junit.Assume.assumeFalse(String,boolean)
 751    2   1    1 org.junit.Assume.assumeNotNull(Object)
 752    3   3    1 org.junit.Assume.assumeThat(T,T)
 753    3   3    1 org.junit.Assume.assumeThat(String,T,T)
 754    2   1    1 org.junit.Assume.assumeNoException(Throwable)
 755    2   1    1 org.junit.Assume.assumeNoException(String,Throwable)
 756    2   1    0 org.junit.experimental.categories.Categories.CategoryFilter.include(Class)
 757    3   1    0 org.junit.experimental.categories.Categories.CategoryFilter.CategoryFilter(Class,Class)
 758    2   1    0 org.junit.experimental.categories.Categories.CategoryFilter.describe()
 759    7   6    0 org.junit.experimental.categories.Categories.CategoryFilter.shouldRun(Description)
 760   11  11    0 org.junit.experimental.categories.Categories.CategoryFilter.hasCorrectCategoryAnnotation(Description)
 761    5   1    0 org.junit.experimental.categories.Categories.CategoryFilter.categories(Description)
 762    5   3    0 org.junit.experimental.categories.Categories.CategoryFilter.parentDescription(Description)
 763    7   5    0 org.junit.experimental.categories.Categories.CategoryFilter.directCategories(Description)
 764    6   3    0 org.junit.experimental.categories.Categories.Categories(Class,RunnerBuilder)
 765    3   2    0 org.junit.experimental.categories.Categories.getIncludedCategory(Class)
 766    3   2    0 org.junit.experimental.categories.Categories.getExcludedCategory(Class)
 767    5   3    0 org.junit.experimental.categories.Categories.assertNoCategorizedDescendentsOfUncategorizeableParents(Description)
 768    5   4    0 org.junit.experimental.categories.Categories.assertNoDescendantsHaveCategoryAnnotations(Description)
 769    5   4    0 org.junit.experimental.categories.Categories.canHaveCategorizedChildren(Description)
 770    2   1    1 org.junit.experimental.runners.Enclosed.Enclosed(Class,RunnerBuilder)
 771    2   1    0 org.junit.experimental.theories.Theories.Theories(Class)
 772    3   1    0 org.junit.experimental.theories.Theories.collectInitializationErrors(Throwable)
 773    9   5    0 org.junit.experimental.theories.Theories.validateDataPointFields(Throwable)
 774    2   1    0 org.junit.experimental.theories.Theories.validateConstructor(Throwable)
 775    6   3    0 org.junit.experimental.theories.Theories.validateTestMethods(Throwable)
 776    6   1    0 org.junit.experimental.theories.Theories.computeTestMethods()
 777    2   1    0 org.junit.experimental.theories.Theories.methodBlock(FrameworkMethod)
 778    3   1    0 org.junit.experimental.theories.Theories.TheoryAnchor.TheoryAnchor(FrameworkMethod,TestClass)
 779    2   1    0 org.junit.experimental.theories.Theories.TheoryAnchor.getTestClass()
 780    4   2    0 org.junit.experimental.theories.Theories.TheoryAnchor.evaluate()
 781    5   2    0 org.junit.experimental.theories.Theories.TheoryAnchor.runWithAssignment(Assignments)
 782    3   2    0 org.junit.experimental.theories.Theories.TheoryAnchor.runWithIncompleteAssignment(Assignments)
 783    1   1    0 org.junit.experimental.theories.Theories.TheoryAnchor.BlockJUnit4ClassRunner.collectInitializationErrors(Throwable)
 784    7   3    0 org.junit.experimental.theories.Theories.TheoryAnchor.BlockJUnit4ClassRunner.Statement.evaluate()
 785   10   1    0 org.junit.experimental.theories.Theories.TheoryAnchor.BlockJUnit4ClassRunner.methodBlock(FrameworkMethod)
 786    2   1    0 org.junit.experimental.theories.Theories.TheoryAnchor.BlockJUnit4ClassRunner.methodInvoker(FrameworkMethod,Object)
 787    2   1    0 org.junit.experimental.theories.Theories.TheoryAnchor.BlockJUnit4ClassRunner.createTest()
 788   17   1    0 org.junit.experimental.theories.Theories.TheoryAnchor.runWithCompleteAssignment(Assignments)
 789    4   2    0 org.junit.experimental.theories.Theories.TheoryAnchor.Statement.evaluate()
 790    6   1    0 org.junit.experimental.theories.Theories.TheoryAnchor.methodCompletesWithParameters(FrameworkMethod,Assignments,Object)
 791    2   1    0 org.junit.experimental.theories.Theories.TheoryAnchor.handleAssumptionViolation(AssumptionViolatedException)
 792    4   4    0 org.junit.experimental.theories.Theories.TheoryAnchor.reportParameterizedError(Throwable,Object)
 793    5   3    0 org.junit.experimental.theories.Theories.TheoryAnchor.nullsOk()
 794    2   1    0 org.junit.experimental.theories.Theories.TheoryAnchor.handleDataPointSuccess()
 795    2   1    0 org.junit.experimental.theories.PotentialAssignment.PotentialAssignment.getValue()
 796    2   1    0 org.junit.experimental.theories.PotentialAssignment.PotentialAssignment.toString()
 797    2   1    0 org.junit.experimental.theories.PotentialAssignment.PotentialAssignment.getDescription()
 798    8   1    0 org.junit.experimental.theories.PotentialAssignment.forValue(String,Object)
 799    1   1    0 org.junit.experimental.theories.PotentialAssignment.getValue()
 800    1   1    0 org.junit.experimental.theories.PotentialAssignment.getDescription()
 801    7   2    0 org.junit.experimental.theories.suppliers.TestedOnSupplier.getValueSources(ParameterSignature)
 802    1   1    0 org.junit.experimental.theories.ParameterSupplier.getValueSources(ParameterSignature)
 803    2   1    0 org.junit.experimental.theories.ParameterSignature.signatures(Method)
 804    2   1    0 org.junit.experimental.theories.ParameterSignature.signatures(Constructor)
 805    5   2    0 org.junit.experimental.theories.ParameterSignature.signatures(Class[],Annotation[][])
 806    3   1    0 org.junit.experimental.theories.ParameterSignature.ParameterSignature(Class,Annotation[])
 807    2   1    0 org.junit.experimental.theories.ParameterSignature.canAcceptType(Class)
 808    2   1    0 org.junit.experimental.theories.ParameterSignature.getType()
 809    2   1    0 org.junit.experimental.theories.ParameterSignature.getAnnotations()
 810    2   2    0 org.junit.experimental.theories.ParameterSignature.canAcceptArrayType(Class)
 811    2   1    0 org.junit.experimental.theories.ParameterSignature.hasAnnotation(Annotation)
 812    3   1    0 org.junit.experimental.theories.ParameterSignature.findDeepAnnotation(T)
 813   10   8    0 org.junit.experimental.theories.ParameterSignature.findDeepAnnotation(Annotation[],T,int)
 814    5   4    0 org.junit.experimental.theories.ParameterSignature.getAnnotation(T)
 815    2   1    0 org.junit.experimental.theories.internal.ParameterizedAssertionError.ParameterizedAssertionError(Throwable,String,Object)
 816    2   1    0 org.junit.experimental.theories.internal.ParameterizedAssertionError.equals(Object)
 817    2   1    0 org.junit.experimental.theories.internal.ParameterizedAssertionError.join(String,Object)
 818    9   3    0 org.junit.experimental.theories.internal.ParameterizedAssertionError.join(String,Object)
 819    4   3    0 org.junit.experimental.theories.internal.ParameterizedAssertionError.stringValueOf(Object)
 820    4   1    0 org.junit.experimental.theories.internal.Assignments.Assignments(PotentialAssignment,ParameterSignature,TestClass)
 821    5   1    1 org.junit.experimental.theories.internal.Assignments.allUnassigned(Method,TestClass)
 822    2   1    0 org.junit.experimental.theories.internal.Assignments.isComplete()
 823    2   1    0 org.junit.experimental.theories.internal.Assignments.nextUnassigned()
 824    4   1    0 org.junit.experimental.theories.internal.Assignments.assignNext(PotentialAssignment)
 825    8   5    0 org.junit.experimental.theories.internal.Assignments.getActualValues(int,int,boolean)
 826    3   1    0 org.junit.experimental.theories.internal.Assignments.potentialsForNextUnassigned()
 827    5   3    0 org.junit.experimental.theories.internal.Assignments.getSupplier(ParameterSignature)
 828    5   3    0 org.junit.experimental.theories.internal.Assignments.getAnnotatedSupplier(ParameterSignature)
 829    2   1    0 org.junit.experimental.theories.internal.Assignments.getConstructorArguments(boolean)
 830    2   1    0 org.junit.experimental.theories.internal.Assignments.getMethodArguments(boolean)
 831    2   1    0 org.junit.experimental.theories.internal.Assignments.getAllArguments(boolean)
 832    4   1    0 org.junit.experimental.theories.internal.Assignments.getConstructorParameterCount()
 833    5   2    0 org.junit.experimental.theories.internal.Assignments.getArgumentStrings(boolean)
 834    2   1    0 org.junit.experimental.theories.internal.AllMembersSupplier.MethodParameterValue.MethodParameterValue(FrameworkMethod)
 835    8   8    0 org.junit.experimental.theories.internal.AllMembersSupplier.MethodParameterValue.getValue()
 836    2   1    0 org.junit.experimental.theories.internal.AllMembersSupplier.MethodParameterValue.getDescription()
 837    2   1    1 org.junit.experimental.theories.internal.AllMembersSupplier.AllMembersSupplier(TestClass)
 838    6   1    0 org.junit.experimental.theories.internal.AllMembersSupplier.getValueSources(ParameterSignature)
 839    4   3    0 org.junit.experimental.theories.internal.AllMembersSupplier.addMultiPointMethods(ParameterSignature,PotentialAssignment)
 840    4   3    0 org.junit.experimental.theories.internal.AllMembersSupplier.addSinglePointMethods(ParameterSignature,PotentialAssignment)
 841   10   8    0 org.junit.experimental.theories.internal.AllMembersSupplier.addFields(ParameterSignature,PotentialAssignment)
 842    3   2    0 org.junit.experimental.theories.internal.AllMembersSupplier.addArrayValues(String,PotentialAssignment,Object)
 843    5   4    0 org.junit.experimental.theories.internal.AllMembersSupplier.addMultiPointArrayValues(ParameterSignature,String,PotentialAssignment,Object)
 844    2   1    0 org.junit.experimental.theories.internal.AllMembersSupplier.isCorrectlyTyped(ParameterSignature,Class)
 845    6   6    0 org.junit.experimental.theories.internal.AllMembersSupplier.getStaticFieldValue(Field)
 846    2   1    0 org.junit.experimental.results.FailureList.FailureList(Failure)
 847    8   4    0 org.junit.experimental.results.FailureList.result()
 848    2   1    1 org.junit.experimental.results.PrintableResult.testResult(Class)
 849    2   1    1 org.junit.experimental.results.PrintableResult.testResult(Request)
 850    2   1    1 org.junit.experimental.results.PrintableResult.PrintableResult(Failure)
 851    2   1    0 org.junit.experimental.results.PrintableResult.PrintableResult(Result)
 852    2   1    1 org.junit.experimental.results.PrintableResult.failureCount()
 853    4   1    0 org.junit.experimental.results.PrintableResult.toString()
 854    2   1    1 org.junit.experimental.results.ResultMatchers.isSuccessful()
 855    2   1    0 org.junit.experimental.results.ResultMatchers.TypeSafeMatcher.describeTo(Description)
 856    2   1    0 org.junit.experimental.results.ResultMatchers.TypeSafeMatcher.matchesSafely(PrintableResult)
 857    6   1    1 org.junit.experimental.results.ResultMatchers.failureCountIs(int)
 858    2   2    0 org.junit.experimental.results.ResultMatchers.BaseMatcher.matches(Object)
 859    2   1    0 org.junit.experimental.results.ResultMatchers.BaseMatcher.describeTo(Description)
 860    6   1    1 org.junit.experimental.results.ResultMatchers.hasSingleFailureContaining(String)
 861    2   1    0 org.junit.experimental.results.ResultMatchers.BaseMatcher.matches(Object)
 862    2   1    0 org.junit.experimental.results.ResultMatchers.BaseMatcher.describeTo(Description)
 863    6   1    1 org.junit.experimental.results.ResultMatchers.hasFailureContaining(String)
 864    2   1    1 org.junit.experimental.max.MaxCore.forFolder(String)
 865    2   1    1 org.junit.experimental.max.MaxCore.storedLocally(File)
 866    2   1    0 org.junit.experimental.max.MaxCore.MaxCore(File)
 867    2   1    1 org.junit.experimental.max.MaxCore.run(Class)
 868    2   1    1 org.junit.experimental.max.MaxCore.run(Request)
 869    3   1    1 org.junit.experimental.max.MaxCore.run(Request,JUnitCore)
 870    6   3    1 org.junit.experimental.max.MaxCore.sortRequest(Request)
 871    4   3    0 org.junit.experimental.max.MaxCore.Request.getRunner()
 872    9   2    0 org.junit.experimental.max.MaxCore.constructLeafRequest(Description)
 873   12   9    0 org.junit.experimental.max.MaxCore.buildRunner(Description)
 874    4   3    0 org.junit.experimental.max.MaxCore.getMalformedTestClass(Description)
 875    2   1    1 org.junit.experimental.max.MaxCore.sortedLeavesForTest(Request)
 876    4   1    0 org.junit.experimental.max.MaxCore.findLeaves(Request)
 877    9   4    0 org.junit.experimental.max.MaxCore.findLeaves(Description,Description,Description)
 878    2   1    1 org.junit.experimental.max.CouldNotReadCoreException.CouldNotReadCoreException(Throwable)
 879    7   4    1 org.junit.experimental.max.MaxHistory.forFolder(File)
 880   10   4    0 org.junit.experimental.max.MaxHistory.readHistory(File)
 881    2   1    0 org.junit.experimental.max.MaxHistory.MaxHistory(File)
 882    4   1    0 org.junit.experimental.max.MaxHistory.save()
 883    2   1    0 org.junit.experimental.max.MaxHistory.getFailureTimestamp(Description)
 884    2   1    0 org.junit.experimental.max.MaxHistory.putTestFailureTimestamp(Description,long)
 885    2   1    0 org.junit.experimental.max.MaxHistory.isNewTest(Description)
 886    2   1    0 org.junit.experimental.max.MaxHistory.getTestDuration(Description)
 887    2   1    0 org.junit.experimental.max.MaxHistory.putTestDuration(Description,long)
 888    2   1    0 org.junit.experimental.max.MaxHistory.RememberingListener.testStarted(Description)
 889    4   1    0 org.junit.experimental.max.MaxHistory.RememberingListener.testFinished(Description)
 890    2   1    0 org.junit.experimental.max.MaxHistory.RememberingListener.testFailure(Failure)
 891    2   1    0 org.junit.experimental.max.MaxHistory.RememberingListener.testRunFinished(Result)
 892    7   6    0 org.junit.experimental.max.MaxHistory.TestComparator.compare(Description,Description)
 893    5   3    0 org.junit.experimental.max.MaxHistory.TestComparator.getFailure(Description)
 894    2   1    1 org.junit.experimental.max.MaxHistory.listener()
 895    2   1    1 org.junit.experimental.max.MaxHistory.testComparator()
 896    3   1    0 org.junit.experimental.ParallelComputer.ParallelComputer(boolean,boolean)
 897    2   1    0 org.junit.experimental.ParallelComputer.classes()
 898    2   1    0 org.junit.experimental.ParallelComputer.methods()
 899    2   1    0 org.junit.experimental.ParallelComputer.RunnerScheduler.schedule(Runnable)
 900    5   2    0 org.junit.experimental.ParallelComputer.RunnerScheduler.finished()
 901   12   2    0 org.junit.experimental.ParallelComputer.parallelize(Runner)
 902    3   2    0 org.junit.experimental.ParallelComputer.getSuite(RunnerBuilder,java.lang.Class[])
 903    3   2    0 org.junit.experimental.ParallelComputer.getRunner(RunnerBuilder,Class)
 904    2   1    0 org.junit.internal.runners.TestClass.TestClass(Class)
 905    2   1    0 org.junit.internal.runners.TestClass.getTestMethods()
 906    2   1    0 org.junit.internal.runners.TestClass.getBefores()
 907    2   1    0 org.junit.internal.runners.TestClass.getAfters()
 908   11   6    0 org.junit.internal.runners.TestClass.getAnnotatedMethods(Annotation)
 909    2   2    0 org.junit.internal.runners.TestClass.runsTopToBottom(Annotation)
 910    5   4    0 org.junit.internal.runners.TestClass.isShadowed(Method,Method)
 911    9   8    0 org.junit.internal.runners.TestClass.isShadowed(Method,Method)
 912    7   2    0 org.junit.internal.runners.TestClass.getSuperClasses(Class)
 913    2   1    0 org.junit.internal.runners.TestClass.getConstructor()
 914    2   1    0 org.junit.internal.runners.TestClass.getJavaClass()
 915    2   1    0 org.junit.internal.runners.TestClass.getName()
 916    3   1    0 org.junit.internal.runners.TestMethod.TestMethod(Method,TestClass)
 917    2   1    0 org.junit.internal.runners.TestMethod.isIgnored()
 918    6   3    0 org.junit.internal.runners.TestMethod.getTimeout()
 919    6   4    0 org.junit.internal.runners.TestMethod.getExpectedException()
 920    2   1    0 org.junit.internal.runners.TestMethod.isUnexpected(Throwable)
 921    2   1    0 org.junit.internal.runners.TestMethod.expectsException()
 922    2   1    0 org.junit.internal.runners.TestMethod.getBefores()
 923    2   1    0 org.junit.internal.runners.TestMethod.getAfters()
 924    2   1    0 org.junit.internal.runners.TestMethod.invoke(Object)
 925    3   1    0 org.junit.internal.runners.ErrorReportingRunner.ErrorReportingRunner(Class,Throwable)
 926    5   2    0 org.junit.internal.runners.ErrorReportingRunner.getDescription()
 927    3   2    0 org.junit.internal.runners.ErrorReportingRunner.run(RunNotifier)
 928    8   7    0 org.junit.internal.runners.ErrorReportingRunner.getCauses(Throwable)
 929    2   1    0 org.junit.internal.runners.ErrorReportingRunner.describeCause(Throwable)
 930    5   1    0 org.junit.internal.runners.ErrorReportingRunner.runCause(Throwable,RunNotifier)
 931    2   1    0 org.junit.internal.runners.model.MultipleFailureException.MultipleFailureException(Throwable)
 932    4   4    0 org.junit.internal.runners.model.ReflectiveCallable.run()
 933    1   1    0 org.junit.internal.runners.model.ReflectiveCallable.runReflectiveCall()
 934    3   1    0 org.junit.internal.runners.model.EachTestNotifier.EachTestNotifier(RunNotifier,Description)
 935    5   2    0 org.junit.internal.runners.model.EachTestNotifier.addFailure(Throwable)
 936    3   2    0 org.junit.internal.runners.model.EachTestNotifier.addMultipleFailureException(MultipleFailureException)
 937    2   1    0 org.junit.internal.runners.model.EachTestNotifier.addFailedAssumption(AssumptionViolatedException)
 938    2   1    0 org.junit.internal.runners.model.EachTestNotifier.fireTestFinished()
 939    2   1    0 org.junit.internal.runners.model.EachTestNotifier.fireTestStarted()
 940    2   1    0 org.junit.internal.runners.model.EachTestNotifier.fireTestIgnored()
 941    4   1    0 org.junit.internal.runners.rules.RuleFieldValidator.RuleFieldValidator(Annotation,boolean,boolean)
 942    4   3    0 org.junit.internal.runners.rules.RuleFieldValidator.validate(TestClass,Throwable)
 943    4   1    0 org.junit.internal.runners.rules.RuleFieldValidator.validateMember(FrameworkMember,Throwable)
 944    5   5    0 org.junit.internal.runners.rules.RuleFieldValidator.validateStatic(FrameworkMember,Throwable)
 945    3   2    0 org.junit.internal.runners.rules.RuleFieldValidator.validatePublic(FrameworkMember,Throwable)
 946    3   4    0 org.junit.internal.runners.rules.RuleFieldValidator.validateTestRuleOrMethodRule(FrameworkMember,Throwable)
 947    2   1    0 org.junit.internal.runners.rules.RuleFieldValidator.isTestRule(FrameworkMember)
 948    2   1    0 org.junit.internal.runners.rules.RuleFieldValidator.isMethodRule(FrameworkMember)
 949    3   1    0 org.junit.internal.runners.rules.RuleFieldValidator.addError(Throwable,FrameworkMember,String)
 950    4   1    0 org.junit.internal.runners.JUnit4ClassRunner.JUnit4ClassRunner(Class)
 951    2   1    0 org.junit.internal.runners.JUnit4ClassRunner.getTestMethods()
 952    4   1    0 org.junit.internal.runners.JUnit4ClassRunner.validate()
 953    2   1    0 org.junit.internal.runners.JUnit4ClassRunner.Runnable.run()
 954    4   1    0 org.junit.internal.runners.JUnit4ClassRunner.run(RunNotifier)
 955    3   2    0 org.junit.internal.runners.JUnit4ClassRunner.runMethods(RunNotifier)
 956    6   2    0 org.junit.internal.runners.JUnit4ClassRunner.getDescription()
 957    2   1    0 org.junit.internal.runners.JUnit4ClassRunner.classAnnotations()
 958    2   1    0 org.junit.internal.runners.JUnit4ClassRunner.getName()
 959    2   1    0 org.junit.internal.runners.JUnit4ClassRunner.createTest()
 960   12   5    0 org.junit.internal.runners.JUnit4ClassRunner.invokeTestMethod(Method,RunNotifier)
 961    4   1    0 org.junit.internal.runners.JUnit4ClassRunner.testAborted(RunNotifier,Description,Throwable)
 962    2   1    0 org.junit.internal.runners.JUnit4ClassRunner.wrapMethod(Method)
 963    2   1    0 org.junit.internal.runners.JUnit4ClassRunner.testName(Method)
 964    2   1    0 org.junit.internal.runners.JUnit4ClassRunner.methodDescription(Method)
 965    2   1    0 org.junit.internal.runners.JUnit4ClassRunner.testAnnotations(Method)
 966    7   5    0 org.junit.internal.runners.JUnit4ClassRunner.filter(Filter)
 967    2   1    0 org.junit.internal.runners.JUnit4ClassRunner.Comparator.compare(Method,Method)
 968    4   1    0 org.junit.internal.runners.JUnit4ClassRunner.sort(Sorter)
 969    2   1    0 org.junit.internal.runners.JUnit4ClassRunner.getTestClass()
 970    2   1    0 org.junit.internal.runners.statements.Fail.Fail(Throwable)
 971    2   2    0 org.junit.internal.runners.statements.Fail.evaluate()
 972    3   1    0 org.junit.internal.runners.statements.InvokeMethod.InvokeMethod(FrameworkMethod,Object)
 973    2   1    0 org.junit.internal.runners.statements.InvokeMethod.evaluate()
 974    3   1    0 org.junit.internal.runners.statements.FailOnTimeout.FailOnTimeout(Statement,long)
 975    4   2    0 org.junit.internal.runners.statements.FailOnTimeout.evaluate()
 976    8   2    0 org.junit.internal.runners.statements.FailOnTimeout.evaluateStatement()
 977    5   3    0 org.junit.internal.runners.statements.FailOnTimeout.throwExceptionForUnfinishedThread(StatementThread)
 978    4   2    0 org.junit.internal.runners.statements.FailOnTimeout.throwTimeoutException(StatementThread)
 979    2   1    0 org.junit.internal.runners.statements.FailOnTimeout.StatementThread.StatementThread(Statement)
 980    2   1    0 org.junit.internal.runners.statements.FailOnTimeout.StatementThread.recordStackTrace()
 981    2   1    0 org.junit.internal.runners.statements.FailOnTimeout.StatementThread.getRecordedStackTrace()
 982    6   3    0 org.junit.internal.runners.statements.FailOnTimeout.StatementThread.run()
 983    3   1    0 org.junit.internal.runners.statements.ExpectException.ExpectException(Statement,Throwable)
 984   12   8    0 org.junit.internal.runners.statements.ExpectException.evaluate()
 985    4   1    0 org.junit.internal.runners.statements.RunBefores.RunBefores(Statement,FrameworkMethod,Object)
 986    4   2    0 org.junit.internal.runners.statements.RunBefores.evaluate()
 987    4   1    0 org.junit.internal.runners.statements.RunAfters.RunAfters(Statement,FrameworkMethod,Object)
 988   11   4    0 org.junit.internal.runners.statements.RunAfters.evaluate()
 989    5   1    0 org.junit.internal.runners.ClassRoadie.ClassRoadie(RunNotifier,TestClass,Description,Runnable)
 990    2   1    0 org.junit.internal.runners.ClassRoadie.runUnprotected()
 991    2   1    0 org.junit.internal.runners.ClassRoadie.addFailure(Throwable)
 992    6   2    0 org.junit.internal.runners.ClassRoadie.runProtected()
 993   11   8    0 org.junit.internal.runners.ClassRoadie.runBefores()
 994    8   4    0 org.junit.internal.runners.ClassRoadie.runAfters()
 995    2   1    0 org.junit.internal.runners.InitializationError.InitializationError(Throwable)
 996    2   1    0 org.junit.internal.runners.InitializationError.InitializationError(Throwable)
 997    2   1    0 org.junit.internal.runners.InitializationError.InitializationError(String)
 998    2   1    0 org.junit.internal.runners.InitializationError.getCauses()
 999    2   1    0 org.junit.internal.runners.JUnit38ClassRunner.OldTestClassAdaptingListener.OldTestClassAdaptingListener(RunNotifier)
1000    2   1    0 org.junit.internal.runners.JUnit38ClassRunner.OldTestClassAdaptingListener.endTest(Test)
1001    2   1    0 org.junit.internal.runners.JUnit38ClassRunner.OldTestClassAdaptingListener.startTest(Test)
1002    3   1    0 org.junit.internal.runners.JUnit38ClassRunner.OldTestClassAdaptingListener.addError(Test,Throwable)
1003    5   3    0 org.junit.internal.runners.JUnit38ClassRunner.OldTestClassAdaptingListener.asDescription(Test)
1004    2   1    0 org.junit.internal.runners.JUnit38ClassRunner.OldTestClassAdaptingListener.getEffectiveClass(Test)
1005    5   3    0 org.junit.internal.runners.JUnit38ClassRunner.OldTestClassAdaptingListener.getName(Test)
1006    2   1    0 org.junit.internal.runners.JUnit38ClassRunner.OldTestClassAdaptingListener.addFailure(Test,AssertionFailedError)
1007    2   1    0 org.junit.internal.runners.JUnit38ClassRunner.JUnit38ClassRunner(Class)
1008    3   1    0 org.junit.internal.runners.JUnit38ClassRunner.JUnit38ClassRunner(Test)
1009    4   1    0 org.junit.internal.runners.JUnit38ClassRunner.run(RunNotifier)
1010    2   1    0 org.junit.internal.runners.JUnit38ClassRunner.createAdaptingListener(RunNotifier)
1011    2   1    0 org.junit.internal.runners.JUnit38ClassRunner.getDescription()
1012   24  11    0 org.junit.internal.runners.JUnit38ClassRunner.makeDescription(Test)
1013    4   2    0 org.junit.internal.runners.JUnit38ClassRunner.createSuiteDescription(TestSuite)
1014   14   5    0 org.junit.internal.runners.JUnit38ClassRunner.filter(Filter)
1015    4   2    0 org.junit.internal.runners.JUnit38ClassRunner.sort(Sorter)
1016    2   1    0 org.junit.internal.runners.JUnit38ClassRunner.setTest(Test)
1017    2   1    0 org.junit.internal.runners.JUnit38ClassRunner.getTest()
1018    2   1    0 org.junit.internal.runners.MethodValidator.MethodValidator(TestClass)
1019    7   2    0 org.junit.internal.runners.MethodValidator.validateInstanceMethods()
1020    3   1    0 org.junit.internal.runners.MethodValidator.validateStaticMethods()
1021    5   1    0 org.junit.internal.runners.MethodValidator.validateMethodsForDefaultRunner()
1022    3   3    0 org.junit.internal.runners.MethodValidator.assertValid()
1023    4   2    0 org.junit.internal.runners.MethodValidator.validateNoArgConstructor()
1024   14   8    0 org.junit.internal.runners.MethodValidator.validateTestMethods(Annotation,boolean)
1025    2   1    0 org.junit.internal.runners.SuiteMethod.SuiteMethod(Class)
1026   10   5    0 org.junit.internal.runners.SuiteMethod.testFromSuiteMethod(Class)
1027    5   1    0 org.junit.internal.runners.MethodRoadie.MethodRoadie(Object,TestMethod,RunNotifier,Description)
1028   12   4    0 org.junit.internal.runners.MethodRoadie.run()
1029    3   1    0 org.junit.internal.runners.MethodRoadie.Runnable.Callable.call()
1030   16   4    0 org.junit.internal.runners.MethodRoadie.Runnable.run()
1031   18   1    0 org.junit.internal.runners.MethodRoadie.runWithTimeout(long)
1032    2   1    0 org.junit.internal.runners.MethodRoadie.Runnable.run()
1033    4   1    0 org.junit.internal.runners.MethodRoadie.runTest()
1034    8   4    0 org.junit.internal.runners.MethodRoadie.runBeforesThenTestThenAfters(Runnable)
1035   17   8    0 org.junit.internal.runners.MethodRoadie.runTestMethod()
1036   11   8    0 org.junit.internal.runners.MethodRoadie.runBefores()
1037    8   4    0 org.junit.internal.runners.MethodRoadie.runAfters()
1038    2   1    0 org.junit.internal.runners.MethodRoadie.addFailure(Throwable)
1039    2   1    0 org.junit.internal.ExactComparisonCriteria.assertElementsEqual(Object,Object)
1040    6   2    0 org.junit.internal.AssumptionViolatedException.AssumptionViolatedException(String,boolean,Object,Matcher)
1041    2   1    1 org.junit.internal.AssumptionViolatedException.AssumptionViolatedException(Object,Matcher)
1042    2   1    1 org.junit.internal.AssumptionViolatedException.AssumptionViolatedException(String,Object,Matcher)
1043    2   1    1 org.junit.internal.AssumptionViolatedException.AssumptionViolatedException(String)
1044    2   1    1 org.junit.internal.AssumptionViolatedException.AssumptionViolatedException(String,Throwable)
1045    2   1    0 org.junit.internal.AssumptionViolatedException.getMessage()
1046   11   5    0 org.junit.internal.AssumptionViolatedException.describeTo(Description)
1047    6   4    0 org.junit.internal.MethodSorter.Comparator.compare(Method,Method)
1048    5   3    0 org.junit.internal.MethodSorter.Comparator.compare(Method,Method)
1049    6   2    1 org.junit.internal.MethodSorter.getDeclaredMethods(Class)
1050    1   1    0 org.junit.internal.MethodSorter.MethodSorter()
1051    4   3    0 org.junit.internal.MethodSorter.getSorter(FixMethodOrder)
1052    1   1    0 org.junit.internal.JUnitSystem.out()
1053    2   1    0 org.junit.internal.builders.IgnoredClassRunner.IgnoredClassRunner(Class)
1054    2   1    0 org.junit.internal.builders.IgnoredClassRunner.run(RunNotifier)
1055    2   1    0 org.junit.internal.builders.IgnoredClassRunner.getDescription()
1056    2   1    0 org.junit.internal.builders.AllDefaultPossibilitiesBuilder.AllDefaultPossibilitiesBuilder(boolean)
1057    7   4    0 org.junit.internal.builders.AllDefaultPossibilitiesBuilder.runnerForClass(Class)
1058    2   1    0 org.junit.internal.builders.AllDefaultPossibilitiesBuilder.junit4Builder()
1059    2   1    0 org.junit.internal.builders.AllDefaultPossibilitiesBuilder.junit3Builder()
1060    2   1    0 org.junit.internal.builders.AllDefaultPossibilitiesBuilder.annotatedBuilder()
1061    2   1    0 org.junit.internal.builders.AllDefaultPossibilitiesBuilder.ignoredBuilder()
1062    4   3    0 org.junit.internal.builders.AllDefaultPossibilitiesBuilder.suiteMethodBuilder()
1063    4   3    0 org.junit.internal.builders.IgnoredBuilder.runnerForClass(Class)
1064    2   1    0 org.junit.internal.builders.JUnit4Builder.runnerForClass(Class)
1065    2   1    0 org.junit.internal.builders.NullBuilder.runnerForClass(Class)
1066    4   3    0 org.junit.internal.builders.JUnit3Builder.runnerForClass(Class)
1067    2   1    0 org.junit.internal.builders.JUnit3Builder.isPre4Test(Class)
1068    2   1    0 org.junit.internal.builders.AnnotatedBuilder.AnnotatedBuilder(RunnerBuilder)
1069    5   3    0 org.junit.internal.builders.AnnotatedBuilder.runnerForClass(Class)
1070    7   6    0 org.junit.internal.builders.AnnotatedBuilder.buildRunner(Runner,Class)
1071    4   3    0 org.junit.internal.builders.SuiteMethodBuilder.runnerForClass(Class)
1072    5   3    0 org.junit.internal.builders.SuiteMethodBuilder.hasSuiteMethod(Class)
1073    3   1    0 org.junit.internal.requests.SortingRequest.SortingRequest(Request,Description)
1074    4   1    0 org.junit.internal.requests.SortingRequest.getRunner()
1075    3   1    0 org.junit.internal.requests.ClassRequest.ClassRequest(Class,boolean)
1076    2   1    0 org.junit.internal.requests.ClassRequest.ClassRequest(Class)
1077    5   2    0 org.junit.internal.requests.ClassRequest.getRunner()
1078    3   1    1 org.junit.internal.requests.FilterRequest.FilterRequest(Request,Filter)
1079    6   3    0 org.junit.internal.requests.FilterRequest.getRunner()
1080    2   1    0 org.junit.internal.RealSystem.out()
1081    4   1    1 org.junit.internal.ArrayComparisonFailure.ArrayComparisonFailure(String,AssertionError,int)
1082    2   1    0 org.junit.internal.ArrayComparisonFailure.addDimension(int)
1083   12   3    0 org.junit.internal.ArrayComparisonFailure.getMessage()
1084    2   1    1 org.junit.internal.ArrayComparisonFailure.toString()
1085    2   1    0 org.junit.internal.InexactComparisonCriteria.InexactComparisonCriteria(double)
1086    2   1    0 org.junit.internal.InexactComparisonCriteria.InexactComparisonCriteria(float)
1087    5   2    0 org.junit.internal.InexactComparisonCriteria.assertElementsEqual(Object,Object)
1088    2   1    0 org.junit.internal.TextListener.TextListener(JUnitSystem)
1089    2   1    0 org.junit.internal.TextListener.TextListener(PrintStream)
1090    4   1    0 org.junit.internal.TextListener.testRunFinished(Result)
1091    2   1    0 org.junit.internal.TextListener.testStarted(Description)
1092    2   1    0 org.junit.internal.TextListener.testFailure(Failure)
1093    2   1    0 org.junit.internal.TextListener.testIgnored(Description)
1094    2   1    0 org.junit.internal.TextListener.getWriter()
1095    3   1    0 org.junit.internal.TextListener.printHeader(long)
1096   11   5    0 org.junit.internal.TextListener.printFailures(Result)
1097    3   1    0 org.junit.internal.TextListener.printFailure(Failure,String)
1098   10   3    0 org.junit.internal.TextListener.printFooter(Result)
1099    2   1    1 org.junit.internal.TextListener.elapsedTimeAsString(long)
1100   17  11    1 org.junit.internal.ComparisonCriteria.arrayEquals(String,Object,Object)
1101    2   2    0 org.junit.internal.ComparisonCriteria.isArray(Object)
1102   10   4    0 org.junit.internal.ComparisonCriteria.assertArraysAreSameLength(Object,Object,String)
1103    1   1    0 org.junit.internal.ComparisonCriteria.assertElementsEqual(Object,Object)
1104    1   1    1 org.junit.internal.matchers.TypeSafeMatcher.matchesSafely(T)
1105    2   1    0 org.junit.internal.matchers.TypeSafeMatcher.TypeSafeMatcher()
1106    6   6    0 org.junit.internal.matchers.TypeSafeMatcher.findExpectedType(Class)
1107    2   3    0 org.junit.internal.matchers.TypeSafeMatcher.isMatchesSafelyMethod(Method)
1108    2   1    0 org.junit.internal.matchers.TypeSafeMatcher.TypeSafeMatcher(T)
1109    2   3    1 org.junit.internal.matchers.TypeSafeMatcher.matches(Object)
1110    2   1    0 org.junit.internal.matchers.StacktracePrintingMatcher.StacktracePrintingMatcher(T)
1111    2   1    0 org.junit.internal.matchers.StacktracePrintingMatcher.describeTo(Description)
1112    2   1    0 org.junit.internal.matchers.StacktracePrintingMatcher.matchesSafely(T)
1113    4   1    0 org.junit.internal.matchers.StacktracePrintingMatcher.describeMismatchSafely(T,Description)
1114    4   1    0 org.junit.internal.matchers.StacktracePrintingMatcher.readStacktrace(Throwable)
1115    2   1    0 org.junit.internal.matchers.StacktracePrintingMatcher.isThrowable(T)
1116    2   1    0 org.junit.internal.matchers.StacktracePrintingMatcher.isException(T)
1117    2   1    0 org.junit.internal.matchers.ThrowableCauseMatcher.ThrowableCauseMatcher(T)
1118    3   1    0 org.junit.internal.matchers.ThrowableCauseMatcher.describeTo(Description)
1119    2   1    0 org.junit.internal.matchers.ThrowableCauseMatcher.matchesSafely(T)
1120    3   1    0 org.junit.internal.matchers.ThrowableCauseMatcher.describeMismatchSafely(T,Description)
1121    2   1    0 org.junit.internal.matchers.ThrowableCauseMatcher.hasCause(T)
1122    2   1    0 org.junit.internal.matchers.ThrowableMessageMatcher.ThrowableMessageMatcher(String)
1123    3   1    0 org.junit.internal.matchers.ThrowableMessageMatcher.describeTo(Description)
1124    2   1    0 org.junit.internal.matchers.ThrowableMessageMatcher.matchesSafely(T)
1125    3   1    0 org.junit.internal.matchers.ThrowableMessageMatcher.describeMismatchSafely(T,Description)
1126    2   1    0 org.junit.internal.matchers.ThrowableMessageMatcher.hasMessage(String)
1127    2   1    1 org.junit.matchers.JUnitMatchers.hasItem(T)
1128    2   1    1 org.junit.matchers.JUnitMatchers.hasItem(T)
1129    2   1    1 org.junit.matchers.JUnitMatchers.hasItems(T)
1130    2   1    1 org.junit.matchers.JUnitMatchers.hasItems(T)
1131    2   1    1 org.junit.matchers.JUnitMatchers.everyItem(T)
1132    2   1    1 org.junit.matchers.JUnitMatchers.containsString(java.lang.String)
1133    2   1    1 org.junit.matchers.JUnitMatchers.both(T)
1134    2   1    1 org.junit.matchers.JUnitMatchers.either(T)
1135    2   1    1 org.junit.matchers.JUnitMatchers.isThrowable(T)
1136    2   1    1 org.junit.matchers.JUnitMatchers.isException(T)
Average Function NCSS:       3.46
Average Function CCN:        1.72
Average Function JVDC:       0.42
Program NCSS:            5,047.00
