# Compare the number of tests: running the test using testSuit or seperatly 
1) Test Suit
    [junit] Running org.junit.tests.AllTests
    [junit] Tests run: 620, Failures: 3, Errors: 0, Time elapsed: 2.498 sec
    [junit] Test org.junit.tests.AllTests FAILED

2) Seperatly using batchtest
651 tests
    [junit] Running junit.samples.ListTest
    [junit] Tests run: 5, Failures: 0, Errors: 0, Time elapsed: 0 sec
    [junit] Running junit.samples.SimpleTest
    [junit] Tests run: 3, Failures: 2, Errors: 1, Time elapsed: 0.001 sec
    [junit] Test junit.samples.SimpleTest FAILED
    [junit] Running junit.samples.money.MoneyTest
    [junit] Tests run: 22, Failures: 0, Errors: 0, Time elapsed: 0.002 sec
    [junit] Running junit.tests.extensions.ActiveTestTest
    [junit] Tests run: 4, Failures: 0, Errors: 0, Time elapsed: 0.145 sec
    [junit] Running junit.tests.extensions.ExtensionTest
    [junit] Tests run: 4, Failures: 0, Errors: 0, Time elapsed: 0.004 sec
    [junit] Running junit.tests.extensions.RepeatedTestTest
    [junit] Tests run: 4, Failures: 1, Errors: 0, Time elapsed: 0.001 sec
    [junit] Test junit.tests.extensions.RepeatedTestTest FAILED
    [junit] Running junit.tests.framework.AssertTest
    [junit] Tests run: 16, Failures: 0, Errors: 0, Time elapsed: 0.001 sec
    [junit] Running junit.tests.framework.AssertionFailedErrorTest
    [junit] Tests run: 3, Failures: 1, Errors: 0, Time elapsed: 0 sec
    [junit] Test junit.tests.framework.AssertionFailedErrorTest FAILED
    [junit] Running junit.tests.framework.ComparisonCompactorTest
    [junit] Tests run: 19, Failures: 0, Errors: 0, Time elapsed: 0.001 sec
    [junit] Running junit.tests.framework.ComparisonFailureTest
    [junit] Tests run: 4, Failures: 0, Errors: 0, Time elapsed: 0.001 sec
    [junit] Running junit.tests.framework.DoublePrecisionAssertTest
    [junit] Tests run: 7, Failures: 0, Errors: 0, Time elapsed: 0 sec
    [junit] Running junit.tests.framework.FloatAssertTest
    [junit] Tests run: 8, Failures: 0, Errors: 0, Time elapsed: 0 sec
    [junit] Running junit.tests.framework.NoArgTestCaseTest
    [junit] Tests run: 1, Failures: 0, Errors: 0, Time elapsed: 0.001 sec
    [junit] Running junit.tests.framework.SuiteTest
    [junit] Tests run: 11, Failures: 0, Errors: 0, Time elapsed: 0.004 sec
    [junit] Running junit.tests.framework.TestCaseTest
    [junit] Tests run: 14, Failures: 0, Errors: 0, Time elapsed: 0.002 sec
    [junit] Running junit.tests.framework.TestImplementorTest
    [junit] Tests run: 1, Failures: 0, Errors: 0, Time elapsed: 0 sec
    [junit] Running junit.tests.framework.TestListenerTest
    [junit] Tests run: 3, Failures: 0, Errors: 0, Time elapsed: 0.001 sec
    [junit] Running junit.tests.runner.BaseTestRunnerTest
    [junit] Tests run: 2, Failures: 1, Errors: 0, Time elapsed: 0.005 sec
=5+3+22+4+4+4+16+3+19+4+7+8+1+11+14+1+3+2
    [junit] Test junit.tests.runner.BaseTestRunnerTest FAILED
    [junit] Running junit.tests.runner.ResultTest
    [junit] Tests run: 2, Failures: 0, Errors: 2, Time elapsed: 0.071 sec
    [junit] Test junit.tests.runner.ResultTest FAILED
    [junit] Running junit.tests.runner.StackFilterTest
    [junit] Tests run: 1, Failures: 0, Errors: 0, Time elapsed: 0 sec
    [junit] Running junit.tests.runner.TextFeedbackTest
    [junit] Tests run: 5, Failures: 0, Errors: 0, Time elapsed: 0.004 sec
    [junit] Running junit.tests.runner.TextRunnerSingleMethodTest
    [junit] Tests run: 1, Failures: 0, Errors: 1, Time elapsed: 0 sec
    [junit] Test junit.tests.runner.TextRunnerSingleMethodTest FAILED
    [junit] Running junit.tests.runner.TextRunnerTest
    [junit] Tests run: 4, Failures: 1, Errors: 0, Time elapsed: 0.274 sec
    [junit] Test junit.tests.runner.TextRunnerTest FAILED
    [junit] Running org.junit.internal.MethodSorterTest
    [junit] Tests run: 4, Failures: 0, Errors: 0, Time elapsed: 0.009 sec
    [junit] Running org.junit.internal.matchers.StacktracePrintingMatcherTest
    [junit] Tests run: 3, Failures: 0, Errors: 1, Time elapsed: 0.008 sec
    [junit] Test org.junit.internal.matchers.StacktracePrintingMatcherTest FAILED
    [junit] Running org.junit.runner.notification.RunNotifierTest
    [junit] Tests run: 2, Failures: 0, Errors: 1, Time elapsed: 0.001 sec
    [junit] Test org.junit.runner.notification.RunNotifierTest FAILED
    [junit] Running org.junit.samples.ListTest
    [junit] Tests run: 5, Failures: 0, Errors: 0, Time elapsed: 0.005 sec
    [junit] Running org.junit.samples.SimpleTest
    [junit] Tests run: 2, Failures: 1, Errors: 1, Time elapsed: 0.001 sec
    [junit] Test org.junit.samples.SimpleTest FAILED
    [junit] Running org.junit.samples.money.MoneyTest
    [junit] Tests run: 23, Failures: 0, Errors: 0, Time elapsed: 0.011 sec
    [junit] Running org.junit.tests.ObjectContractTest
    [junit] Tests run: 2, Failures: 0, Errors: 0, Time elapsed: 0.019 sec
    [junit] Running org.junit.tests.assertion.AssertionTest
    [junit] Tests run: 75, Failures: 8, Errors: 8, Time elapsed: 0.03 sec
    [junit] Test org.junit.tests.assertion.AssertionTest FAILED
    [junit] Running org.junit.tests.assertion.MultipleFailureExceptionTest
    [junit] Tests run: 3, Failures: 0, Errors: 2, Time elapsed: 0.001 sec
    [junit] Test org.junit.tests.assertion.MultipleFailureExceptionTest FAILED
    [junit] Running org.junit.tests.deprecated.JUnit4ClassRunnerTest
    [junit] Tests run: 2, Failures: 0, Errors: 0, Time elapsed: 0.009 sec
    [junit] Running org.junit.tests.description.AnnotatedDescriptionTest
    [junit] Tests run: 6, Failures: 0, Errors: 0, Time elapsed: 0.006 sec
    [junit] Running org.junit.tests.description.SuiteDescriptionTest
    [junit] Tests run: 2, Failures: 1, Errors: 0, Time elapsed: 0.001 sec
+2+1+5+1+4+4+3+2+5+2+23+2+75+3+2+6+2+
    [junit] Test org.junit.tests.description.SuiteDescriptionTest FAILED
    [junit] Running org.junit.tests.description.TestDescriptionTest
    [junit] Tests run: 3, Failures: 0, Errors: 1, Time elapsed: 0.001 sec
    [junit] Test org.junit.tests.description.TestDescriptionTest FAILED
    [junit] Running org.junit.tests.experimental.AssumptionTest
    [junit] Tests run: 18, Failures: 1, Errors: 4, Time elapsed: 0.012 sec
    [junit] Test org.junit.tests.experimental.AssumptionTest FAILED
    [junit] Running org.junit.tests.experimental.AssumptionViolatedExceptionTest
    [junit] Tests run: 4, Failures: 1, Errors: 2, Time elapsed: 0.004 sec
    [junit] Test org.junit.tests.experimental.AssumptionViolatedExceptionTest FAILED
    [junit] Running org.junit.tests.experimental.MatcherTest
    [junit] Tests run: 1, Failures: 0, Errors: 0, Time elapsed: 0.018 sec
    [junit] Running org.junit.tests.experimental.categories.CategoriesAndParameterizedTest
    [junit] Tests run: 3, Failures: 3, Errors: 0, Time elapsed: 0.018 sec
    [junit] Test org.junit.tests.experimental.categories.CategoriesAndParameterizedTest FAILED
    [junit] Running org.junit.tests.experimental.categories.CategoryTest
    [junit] Tests run: 12, Failures: 7, Errors: 3, Time elapsed: 0.026 sec
    [junit] Test org.junit.tests.experimental.categories.CategoryTest FAILED
    [junit] Running org.junit.tests.experimental.max.DescriptionTest
    [junit] Tests run: 9, Failures: 1, Errors: 3, Time elapsed: 0.006 sec
    [junit] Test org.junit.tests.experimental.max.DescriptionTest FAILED
    [junit] Running org.junit.tests.experimental.max.JUnit38SortingTest
    [junit] Tests run: 1, Failures: 0, Errors: 1, Time elapsed: 0.003 sec
    [junit] Test org.junit.tests.experimental.max.JUnit38SortingTest FAILED
    [junit] Running org.junit.tests.experimental.max.MaxStarterTest
    [junit] Tests run: 16, Failures: 0, Errors: 13, Time elapsed: 0.28 sec
    [junit] Test org.junit.tests.experimental.max.MaxStarterTest FAILED
    [junit] Running org.junit.tests.experimental.parallel.ParallelClassTest
    [junit] Tests run: 1, Failures: 0, Errors: 0, Time elapsed: 0.004 sec
    [junit] Running org.junit.tests.experimental.parallel.ParallelMethodTest
    [junit] Tests run: 1, Failures: 0, Errors: 0, Time elapsed: 0.002 sec
    [junit] Running org.junit.tests.experimental.results.PrintableResultTest
    [junit] Tests run: 2, Failures: 0, Errors: 2, Time elapsed: 0.002 sec
    [junit] Test org.junit.tests.experimental.results.PrintableResultTest FAILED
    [junit] Running org.junit.tests.experimental.results.ResultMatchersTest
    [junit] Tests run: 1, Failures: 0, Errors: 0, Time elapsed: 0.001 sec
    [junit] Running org.junit.tests.experimental.rules.BlockJUnit4ClassRunnerOverrideTest
    [junit] Tests run: 2, Failures: 1, Errors: 0, Time elapsed: 0.004 sec
    [junit] Test org.junit.tests.experimental.rules.BlockJUnit4ClassRunnerOverrideTest FAILED
    [junit] Running org.junit.tests.experimental.rules.ClassRulesTest
    [junit] Tests run: 8, Failures: 8, Errors: 0, Time elapsed: 0.011 sec
3+18+4+1+3+12+9+1+16+1+1+2+1+2+8+
    [junit] Test org.junit.tests.experimental.rules.ClassRulesTest FAILED
    [junit] Running org.junit.tests.experimental.rules.ExpectedExceptionTest
    [junit] Tests run: 1, Failures: 0, Errors: 1, Time elapsed: 0 sec
    [junit] Test org.junit.tests.experimental.rules.ExpectedExceptionTest FAILED
    [junit] Running org.junit.tests.experimental.rules.ExternalResourceRuleTest
    [junit] Tests run: 1, Failures: 0, Errors: 0, Time elapsed: 0.002 sec
    [junit] Running org.junit.tests.experimental.rules.MethodRulesTest
    [junit] Tests run: 11, Failures: 2, Errors: 1, Time elapsed: 0.012 sec
    [junit] Test org.junit.tests.experimental.rules.MethodRulesTest FAILED
    [junit] Running org.junit.tests.experimental.rules.NameRulesTest
    [junit] Tests run: 3, Failures: 0, Errors: 0, Time elapsed: 0.001 sec
    [junit] Running org.junit.tests.experimental.rules.RuleChainTest
    [junit] Tests run: 1, Failures: 1, Errors: 0, Time elapsed: 0.001 sec
    [junit] Test org.junit.tests.experimental.rules.RuleChainTest FAILED
    [junit] Running org.junit.tests.experimental.rules.RuleFieldValidatorTest
    [junit] Tests run: 12, Failures: 0, Errors: 12, Time elapsed: 0.006 sec
    [junit] Test org.junit.tests.experimental.rules.RuleFieldValidatorTest FAILED
    [junit] Running org.junit.tests.experimental.rules.TempFolderRuleTest
    [junit] Tests run: 9, Failures: 5, Errors: 1, Time elapsed: 0.008 sec
    [junit] Test org.junit.tests.experimental.rules.TempFolderRuleTest FAILED
    [junit] Running org.junit.tests.experimental.rules.TemporaryFolderUsageTest
    [junit] Tests run: 16, Failures: 4, Errors: 16, Time elapsed: 0.007 sec
    [junit] Test org.junit.tests.experimental.rules.TemporaryFolderUsageTest FAILED
    [junit] Running org.junit.tests.experimental.rules.TestRuleTest
    [junit] Tests run: 27, Failures: 20, Errors: 2, Time elapsed: 0.027 sec
    [junit] Test org.junit.tests.experimental.rules.TestRuleTest FAILED
    [junit] Running org.junit.tests.experimental.rules.TestWatcherTest
    [junit] Tests run: 6, Failures: 6, Errors: 0, Time elapsed: 0.006 sec
    [junit] Test org.junit.tests.experimental.rules.TestWatcherTest FAILED
    [junit] Running org.junit.tests.experimental.rules.TestWatchmanTest
    [junit] Tests run: 2, Failures: 1, Errors: 0, Time elapsed: 0.003 sec
    [junit] Test org.junit.tests.experimental.rules.TestWatchmanTest FAILED
    [junit] Running org.junit.tests.experimental.rules.TimeoutRuleTest
    [junit] Tests run: 0, Failures: 0, Errors: 0, Time elapsed: 0 sec
    [junit] Running org.junit.tests.experimental.rules.VerifierRuleTest
    [junit] Tests run: 6, Failures: 1, Errors: 0, Time elapsed: 0.01 sec
    [junit] Test org.junit.tests.experimental.rules.VerifierRuleTest FAILED
    [junit] Running org.junit.tests.experimental.theories.AllMembersSupplierTest
    [junit] Tests run: 1, Failures: 0, Errors: 0, Time elapsed: 0.001 sec
    [junit] Running org.junit.tests.experimental.theories.ParameterSignatureTest
    [junit] Tests run: 2, Failures: 0, Errors: 1, Time elapsed: 0.004 sec
1+1+11+3+1+12+9+16+27+6+2+0+6+1+2+
    [junit] Test org.junit.tests.experimental.theories.ParameterSignatureTest FAILED
    [junit] Running org.junit.tests.experimental.theories.ParameterizedAssertionErrorTest
    [junit] Tests run: 5, Failures: 0, Errors: 1, Time elapsed: 0.018 sec
    [junit] Test org.junit.tests.experimental.theories.ParameterizedAssertionErrorTest FAILED
    [junit] Running org.junit.tests.experimental.theories.TestedOnSupplierTest
    [junit] Tests run: 1, Failures: 1, Errors: 0, Time elapsed: 0.001 sec
    [junit] Test org.junit.tests.experimental.theories.TestedOnSupplierTest FAILED
    [junit] Running org.junit.tests.experimental.theories.extendingwithstubs.StubbedTheoriesTest
    [junit] Tests run: 1, Failures: 0, Errors: 1, Time elapsed: 0.001 sec
    [junit] Test org.junit.tests.experimental.theories.extendingwithstubs.StubbedTheoriesTest FAILED
    [junit] Running org.junit.tests.experimental.theories.runner.TheoriesPerformanceTest
    [junit] Tests run: 1, Failures: 0, Errors: 0, Time elapsed: 0 sec
    [junit] Running org.junit.tests.internal.runners.statements.FailOnTimeoutTest
    [junit] Tests run: 6, Failures: 3, Errors: 0, Time elapsed: 0.546 sec
    [junit] Test org.junit.tests.internal.runners.statements.FailOnTimeoutTest FAILED
    [junit] Running org.junit.tests.junit3compatibility.AllTestsTest
    [junit] Tests run: 5, Failures: 0, Errors: 1, Time elapsed: 0.005 sec
    [junit] Test org.junit.tests.junit3compatibility.AllTestsTest FAILED
    [junit] Running org.junit.tests.junit3compatibility.ClassRequestTest
    [junit] Tests run: 1, Failures: 0, Errors: 0, Time elapsed: 0 sec
    [junit] Running org.junit.tests.junit3compatibility.ForwardCompatibilityPrintingTest
    [junit] Tests run: 2, Failures: 0, Errors: 0, Time elapsed: 0.001 sec
    [junit] Running org.junit.tests.junit3compatibility.ForwardCompatibilityTest
    [junit] Tests run: 12, Failures: 0, Errors: 0, Time elapsed: 0.008 sec
    [junit] Running org.junit.tests.junit3compatibility.InitializationErrorForwardCompatibilityTest
    [junit] Tests run: 3, Failures: 0, Errors: 0, Time elapsed: 0.002 sec
    [junit] Running org.junit.tests.junit3compatibility.JUnit38ClassRunnerTest
    [junit] Tests run: 4, Failures: 0, Errors: 0, Time elapsed: 0.003 sec
    [junit] Running org.junit.tests.junit3compatibility.OldTestClassAdaptingListenerTest
    [junit] Tests run: 1, Failures: 0, Errors: 0, Time elapsed: 0.001 sec
    [junit] Running org.junit.tests.junit3compatibility.SuiteMethodTest
    [junit] Tests run: 5, Failures: 0, Errors: 0, Time elapsed: 0.003 sec
    [junit] Running org.junit.tests.listening.ListenerTest
    [junit] Tests run: 1, Failures: 0, Errors: 0, Time elapsed: 0.002 sec
    [junit] Running org.junit.tests.listening.RunnerTest
    [junit] Tests run: 3, Failures: 0, Errors: 0, Time elapsed: 0.002 sec
    [junit] Running org.junit.tests.listening.TestListenerTest
    [junit] Tests run: 3, Failures: 0, Errors: 0, Time elapsed: 0.003 sec
    [junit] Running org.junit.tests.listening.TextListenerTest
    [junit] Tests run: 3, Failures: 0, Errors: 0, Time elapsed: 0.005 sec
    [junit] Running org.junit.tests.listening.UserStopTest
    [junit] Tests run: 2, Failures: 0, Errors: 0, Time elapsed: 0 sec
5+1+1+1+6+5+1+2+12+3+4+1+5+1+3+3+3+2+
    [junit] Running org.junit.tests.manipulation.FilterTest
    [junit] Tests run: 3, Failures: 0, Errors: 3, Time elapsed: 0 sec
    [junit] Test org.junit.tests.manipulation.FilterTest FAILED
    [junit] Running org.junit.tests.manipulation.FilterableTest
    [junit] Tests run: 1, Failures: 0, Errors: 0, Time elapsed: 0.002 sec
    [junit] Running org.junit.tests.manipulation.SingleMethodTest
    [junit] Tests run: 8, Failures: 0, Errors: 0, Time elapsed: 0.006 sec
    [junit] Running org.junit.tests.manipulation.SortableTest
    [junit] Tests run: 7, Failures: 0, Errors: 0, Time elapsed: 0.006 sec
    [junit] Running org.junit.tests.running.classes.BlockJUnit4ClassRunnerTest
    [junit] Tests run: 1, Failures: 1, Errors: 0, Time elapsed: 0.001 sec
    [junit] Test org.junit.tests.running.classes.BlockJUnit4ClassRunnerTest FAILED
    [junit] Running org.junit.tests.running.classes.EnclosedTest
    [junit] Tests run: 3, Failures: 0, Errors: 0, Time elapsed: 0.003 sec
    [junit] Running org.junit.tests.running.classes.IgnoreClassTest
    [junit] Tests run: 1, Failures: 0, Errors: 0, Time elapsed: 0 sec
    [junit] Running org.junit.tests.running.classes.ParameterizedTestTest
    [junit] Tests run: 18, Failures: 6, Errors: 2, Time elapsed: 0.035 sec
    [junit] Test org.junit.tests.running.classes.ParameterizedTestTest FAILED
    [junit] Running org.junit.tests.running.classes.ParentRunnerFilteringTest
    [junit] Tests run: 5, Failures: 3, Errors: 2, Time elapsed: 0.004 sec
    [junit] Test org.junit.tests.running.classes.ParentRunnerFilteringTest FAILED
    [junit] Running org.junit.tests.running.classes.ParentRunnerTest
    [junit] Tests run: 4, Failures: 3, Errors: 0, Time elapsed: 0.006 sec
    [junit] Test org.junit.tests.running.classes.ParentRunnerTest FAILED
    [junit] Running org.junit.tests.running.classes.RunWithTest
    [junit] Tests run: 3, Failures: 0, Errors: 0, Time elapsed: 0.002 sec
    [junit] Running org.junit.tests.running.classes.SuiteTest
    [junit] Tests run: 13, Failures: 0, Errors: 0, Time elapsed: 0.009 sec
    [junit] Running org.junit.tests.running.classes.TestClassTest
    [junit] Tests run: 5, Failures: 0, Errors: 3, Time elapsed: 0.003 sec
    [junit] Test org.junit.tests.running.classes.TestClassTest FAILED
    [junit] Running org.junit.tests.running.classes.UseSuiteAsASuperclassTest
    [junit] Tests run: 1, Failures: 0, Errors: 0, Time elapsed: 0.002 sec
    [junit] Running org.junit.tests.running.core.CommandLineTest
    [junit] Tests run: 4, Failures: 1, Errors: 0, Time elapsed: 0.011 sec
    [junit] Test org.junit.tests.running.core.CommandLineTest FAILED
    [junit] Running org.junit.tests.running.core.JUnitCoreReturnsCorrectExitCodeTest
    [junit] Tests run: 3, Failures: 1, Errors: 0, Time elapsed: 0.003 sec
    [junit] Test org.junit.tests.running.core.JUnitCoreReturnsCorrectExitCodeTest FAILED
    [junit] Running org.junit.tests.running.core.SystemExitTest
    [junit] Tests run: 1, Failures: 1, Errors: 0, Time elapsed: 0.08 sec
3+1+8+7+1+3+1+18+5+4+3+13+5+1+4+3+1+
    [junit] Test org.junit.tests.running.core.SystemExitTest FAILED
    [junit] Running org.junit.tests.running.methods.AnnotationTest
    [junit] Tests run: 27, Failures: 0, Errors: 1, Time elapsed: 0.017 sec
    [junit] Test org.junit.tests.running.methods.AnnotationTest FAILED
    [junit] Running org.junit.tests.running.methods.ExpectedTest
    [junit] Tests run: 4, Failures: 0, Errors: 0, Time elapsed: 0.003 sec
    [junit] Running org.junit.tests.running.methods.InheritedTestTest
    [junit] Tests run: 2, Failures: 0, Errors: 0, Time elapsed: 0.001 sec
    [junit] Running org.junit.tests.running.methods.ParameterizedTestMethodTest
    [junit] Tests run: 3, Failures: 0, Errors: 0, Time elapsed: 0.002 sec
    [junit] Running org.junit.tests.running.methods.TestMethodTest
    [junit] Tests run: 8, Failures: 0, Errors: 0, Time elapsed: 0.005 sec
    [junit] Running org.junit.tests.running.methods.TimeoutTest
    [junit] Tests run: 7, Failures: 0, Errors: 1, Time elapsed: 0.311 sec
    [junit] Test org.junit.tests.running.methods.TimeoutTest FAILED
    [junit] Running org.junit.tests.validation.BadlyFormedClassesTest
    [junit] Tests run: 3, Failures: 0, Errors: 0, Time elapsed: 0.003 sec
    [junit] Running org.junit.tests.validation.FailedConstructionTest
    [junit] Tests run: 1, Failures: 0, Errors: 0, Time elapsed: 0 sec
    [junit] Running org.junit.tests.validation.InaccessibleBaseClassTest
    [junit] Tests run: 1, Failures: 0, Errors: 0, Time elapsed: 0 sec
    [junit] Running org.junit.tests.validation.ValidationTest
    [junit] Tests run: 2, Failures: 0, Errors: 0, Time elapsed: 0.001 sec
27+4+2+3+8+7+3+1+1+2
