<?xml version="1.0" encoding="UTF-8" ?>
<testsuite errors="0" failures="0" hostname="kjResearchMach1" name="net.sf.doodleproject.numerics4j.integration.SimpsonsIntegratorTest" tests="4" time="0.006" timestamp="2014-04-08T02:21:38">
  <properties>
[...]
</properties>
  <testcase classname="net.sf.doodleproject.numerics4j.integration.SimpsonsIntegratorTest" name="testConstructor" time="0.0" />
  <testcase classname="net.sf.doodleproject.numerics4j.integration.SimpsonsIntegratorTest" name="testFindRoot" time="0.001" />
  <testcase classname="net.sf.doodleproject.numerics4j.integration.SimpsonsIntegratorTest" name="testMaximumIterations" time="0.0" />
  <testcase classname="net.sf.doodleproject.numerics4j.integration.SimpsonsIntegratorTest" name="testMaximumRelativeError" time="0.0" />
  <system-out><![CDATA[]]></system-out>
  <system-err><![CDATA[]]></system-err>
</testsuite>
