Buildfile: /home/hessahalkaoud/github/Quality-of-Test-suites-for-TDD-applications/source_code/jfreechart-1.0.17/build.xml

test-offline:

get-deps:
      [get] Getting: https://oss.sonatype.org/content/repositories/snapshots/org/jfree/jcommon/1.0.17/jcommon-1.0.17.jar
      [get] To: /home/hessahalkaoud/.m2/repository/org/jfree/jcommon/1.0.17/jcommon-1.0.17.jar
      [get] Error opening connection java.io.FileNotFoundException: https://oss.sonatype.org/content/repositories/snapshots/org/jfree/jcommon/1.0.17/jcommon-1.0.17.jar
      [get] Error opening connection java.io.FileNotFoundException: https://oss.sonatype.org/content/repositories/snapshots/org/jfree/jcommon/1.0.17/jcommon-1.0.17.jar
      [get] Error opening connection java.io.FileNotFoundException: https://oss.sonatype.org/content/repositories/snapshots/org/jfree/jcommon/1.0.17/jcommon-1.0.17.jar
      [get] Can't get https://oss.sonatype.org/content/repositories/snapshots/org/jfree/jcommon/1.0.17/jcommon-1.0.17.jar to /home/hessahalkaoud/.m2/repository/org/jfree/jcommon/1.0.17/jcommon-1.0.17.jar
      [get] Getting: http://repo1.maven.org/maven2/org/jfree/jcommon/1.0.17/jcommon-1.0.17.jar
      [get] To: /home/hessahalkaoud/.m2/repository/org/jfree/jcommon/1.0.17/jcommon-1.0.17.jar
      [get] Getting: https://oss.sonatype.org/content/repositories/snapshots/xml-apis/xml-apis/1.3.04/xml-apis-1.3.04.jar
      [get] To: /home/hessahalkaoud/.m2/repository/xml-apis/xml-apis/1.3.04/xml-apis-1.3.04.jar
      [get] Error opening connection java.io.FileNotFoundException: https://oss.sonatype.org/content/repositories/snapshots/xml-apis/xml-apis/1.3.04/xml-apis-1.3.04.jar
      [get] Error opening connection java.io.FileNotFoundException: https://oss.sonatype.org/content/repositories/snapshots/xml-apis/xml-apis/1.3.04/xml-apis-1.3.04.jar
      [get] Error opening connection java.io.FileNotFoundException: https://oss.sonatype.org/content/repositories/snapshots/xml-apis/xml-apis/1.3.04/xml-apis-1.3.04.jar
      [get] Can't get https://oss.sonatype.org/content/repositories/snapshots/xml-apis/xml-apis/1.3.04/xml-apis-1.3.04.jar to /home/hessahalkaoud/.m2/repository/xml-apis/xml-apis/1.3.04/xml-apis-1.3.04.jar
      [get] Getting: http://repo1.maven.org/maven2/xml-apis/xml-apis/1.3.04/xml-apis-1.3.04.jar
      [get] To: /home/hessahalkaoud/.m2/repository/xml-apis/xml-apis/1.3.04/xml-apis-1.3.04.jar
      [get] Getting: https://oss.sonatype.org/content/repositories/snapshots/javax/servlet/servlet-api/2.5/servlet-api-2.5.jar
      [get] To: /home/hessahalkaoud/.m2/repository/javax/servlet/servlet-api/2.5/servlet-api-2.5.jar
      [get] Error opening connection java.io.FileNotFoundException: https://oss.sonatype.org/content/repositories/snapshots/javax/servlet/servlet-api/2.5/servlet-api-2.5.jar
      [get] Error opening connection java.io.FileNotFoundException: https://oss.sonatype.org/content/repositories/snapshots/javax/servlet/servlet-api/2.5/servlet-api-2.5.jar
      [get] Error opening connection java.io.FileNotFoundException: https://oss.sonatype.org/content/repositories/snapshots/javax/servlet/servlet-api/2.5/servlet-api-2.5.jar
      [get] Can't get https://oss.sonatype.org/content/repositories/snapshots/javax/servlet/servlet-api/2.5/servlet-api-2.5.jar to /home/hessahalkaoud/.m2/repository/javax/servlet/servlet-api/2.5/servlet-api-2.5.jar
      [get] Getting: http://repo1.maven.org/maven2/javax/servlet/servlet-api/2.5/servlet-api-2.5.jar
      [get] To: /home/hessahalkaoud/.m2/repository/javax/servlet/servlet-api/2.5/servlet-api-2.5.jar
      [get] Getting: https://oss.sonatype.org/content/repositories/snapshots/junit/junit/4.11/junit-4.11.jar
      [get] To: /home/hessahalkaoud/.m2/repository/junit/junit/4.11/junit-4.11.jar
      [get] Error opening connection java.io.FileNotFoundException: https://oss.sonatype.org/content/repositories/snapshots/junit/junit/4.11/junit-4.11.jar
      [get] Error opening connection java.io.FileNotFoundException: https://oss.sonatype.org/content/repositories/snapshots/junit/junit/4.11/junit-4.11.jar
      [get] Error opening connection java.io.FileNotFoundException: https://oss.sonatype.org/content/repositories/snapshots/junit/junit/4.11/junit-4.11.jar
      [get] Can't get https://oss.sonatype.org/content/repositories/snapshots/junit/junit/4.11/junit-4.11.jar to /home/hessahalkaoud/.m2/repository/junit/junit/4.11/junit-4.11.jar
      [get] Getting: http://repo1.maven.org/maven2/junit/junit/4.11/junit-4.11.jar
      [get] To: /home/hessahalkaoud/.m2/repository/junit/junit/4.11/junit-4.11.jar
      [get] Getting: https://oss.sonatype.org/content/repositories/snapshots/org/hamcrest/hamcrest-core/1.3/hamcrest-core-1.3.jar
      [get] To: /home/hessahalkaoud/.m2/repository/org/hamcrest/hamcrest-core/1.3/hamcrest-core-1.3.jar
      [get] Error opening connection java.io.FileNotFoundException: https://oss.sonatype.org/content/repositories/snapshots/org/hamcrest/hamcrest-core/1.3/hamcrest-core-1.3.jar
      [get] Error opening connection java.io.FileNotFoundException: https://oss.sonatype.org/content/repositories/snapshots/org/hamcrest/hamcrest-core/1.3/hamcrest-core-1.3.jar
      [get] Error opening connection java.io.FileNotFoundException: https://oss.sonatype.org/content/repositories/snapshots/org/hamcrest/hamcrest-core/1.3/hamcrest-core-1.3.jar
      [get] Can't get https://oss.sonatype.org/content/repositories/snapshots/org/hamcrest/hamcrest-core/1.3/hamcrest-core-1.3.jar to /home/hessahalkaoud/.m2/repository/org/hamcrest/hamcrest-core/1.3/hamcrest-core-1.3.jar
      [get] Getting: http://repo1.maven.org/maven2/org/hamcrest/hamcrest-core/1.3/hamcrest-core-1.3.jar
      [get] To: /home/hessahalkaoud/.m2/repository/org/hamcrest/hamcrest-core/1.3/hamcrest-core-1.3.jar

compile:

compile-tests:
    [javac] /home/hessahalkaoud/github/Quality-of-Test-suites-for-TDD-applications/source_code/jfreechart-1.0.17/build.xml:124: warning: 'includeantruntime' was not set, defaulting to build.sysclasspath=last; set to false for repeatable builds

test-junit-present:

test-junit-status:

junit-missing:

test:
    [junit] dir attribute ignored if running in the same VM
    [junit] Running org.jfree.chart.AreaChartTest
    [junit] Testsuite: org.jfree.chart.AreaChartTest
    [junit] Tests run: 4, Failures: 0, Errors: 0, Time elapsed: 0.636 sec
    [junit] Tests run: 4, Failures: 0, Errors: 0, Time elapsed: 0.636 sec
    [junit] 
    [junit] Testcase: testReplaceDataset took 0.237 sec
    [junit] Testcase: testSetSeriesToolTipGenerator took 0.002 sec
    [junit] Testcase: testSetSeriesURLGenerator took 0.003 sec
    [junit] Testcase: testDrawWithNullInfo took 0.386 sec
    [junit] dir attribute ignored if running in the same VM
    [junit] Running org.jfree.chart.BarChart3DTest
    [junit] Testsuite: org.jfree.chart.BarChart3DTest
    [junit] Tests run: 4, Failures: 0, Errors: 0, Time elapsed: 0.203 sec
    [junit] Tests run: 4, Failures: 0, Errors: 0, Time elapsed: 0.203 sec
    [junit] 
    [junit] Testcase: testReplaceDataset took 0.168 sec
    [junit] Testcase: testSetSeriesToolTipGenerator took 0.003 sec
    [junit] Testcase: testSetSeriesURLGenerator took 0.002 sec
    [junit] Testcase: testDrawWithNullInfo took 0.028 sec
    [junit] dir attribute ignored if running in the same VM
    [junit] Running org.jfree.chart.BarChartTest
    [junit] Testsuite: org.jfree.chart.BarChartTest
    [junit] Tests run: 4, Failures: 0, Errors: 0, Time elapsed: 0.152 sec
    [junit] Tests run: 4, Failures: 0, Errors: 0, Time elapsed: 0.152 sec
    [junit] 
    [junit] Testcase: testReplaceDataset took 0.115 sec
    [junit] Testcase: testSetSeriesToolTipGenerator took 0.002 sec
    [junit] Testcase: testSetSeriesURLGenerator took 0.004 sec
    [junit] Testcase: testDrawWithNullInfo took 0.029 sec
    [junit] dir attribute ignored if running in the same VM
    [junit] Running org.jfree.chart.ChartPanelTest
    [junit] Testsuite: org.jfree.chart.ChartPanelTest
    [junit] Tests run: 14, Failures: 0, Errors: 0, Time elapsed: 0.265 sec
    [junit] Tests run: 14, Failures: 0, Errors: 0, Time elapsed: 0.265 sec
    [junit] 
    [junit] Testcase: testSetChart took 0.083 sec
    [junit] Testcase: testGetListeners took 0.005 sec
    [junit] Testcase: testConstructor1 took 0.008 sec
    [junit] Testcase: test2502355_zoom took 0.078 sec
    [junit] Testcase: test2502355_zoomInBoth took 0.01 sec
    [junit] Testcase: test2502355_zoomOutBoth took 0.01 sec
    [junit] Testcase: test2502355_restoreAutoBounds took 0.01 sec
    [junit] Testcase: test2502355_zoomInDomain took 0.006 sec
    [junit] Testcase: test2502355_zoomInRange took 0.006 sec
    [junit] Testcase: test2502355_zoomOutDomain took 0.006 sec
    [junit] Testcase: test2502355_zoomOutRange took 0.01 sec
    [junit] Testcase: test2502355_restoreAutoDomainBounds took 0.011 sec
    [junit] Testcase: test2502355_restoreAutoRangeBounds took 0.006 sec
    [junit] Testcase: testSetMouseWheelEnabled took 0.006 sec
    [junit] dir attribute ignored if running in the same VM
    [junit] Running org.jfree.chart.ChartRenderingInfoTest
    [junit] Testsuite: org.jfree.chart.ChartRenderingInfoTest
    [junit] Tests run: 4, Failures: 0, Errors: 0, Time elapsed: 0.018 sec
    [junit] Tests run: 4, Failures: 0, Errors: 0, Time elapsed: 0.018 sec
    [junit] 
    [junit] Testcase: testSerialization took 0.013 sec
    [junit] Testcase: testEquals took 0.001 sec
    [junit] Testcase: testSerialization2 took 0 sec
    [junit] Testcase: testCloning took 0.001 sec
    [junit] dir attribute ignored if running in the same VM
    [junit] Running org.jfree.chart.GanttChartTest
    [junit] Testsuite: org.jfree.chart.GanttChartTest
    [junit] Tests run: 5, Failures: 0, Errors: 0, Time elapsed: 0.29 sec
    [junit] Tests run: 5, Failures: 0, Errors: 0, Time elapsed: 0.29 sec
    [junit] 
    [junit] Testcase: testReplaceDataset took 0.161 sec
    [junit] Testcase: testSetSeriesToolTipGenerator took 0.001 sec
    [junit] Testcase: testSetSeriesURLGenerator took 0.001 sec
    [junit] Testcase: testDrawWithNullInfo took 0.033 sec
    [junit] Testcase: testDrawWithNullInfo2 took 0.091 sec
    [junit] dir attribute ignored if running in the same VM
    [junit] Running org.jfree.chart.HashUtilitiesTest
    [junit] Testsuite: org.jfree.chart.HashUtilitiesTest
    [junit] Tests run: 1, Failures: 0, Errors: 0, Time elapsed: 0.01 sec
    [junit] Tests run: 1, Failures: 0, Errors: 0, Time elapsed: 0.01 sec
    [junit] 
    [junit] Testcase: testHashCodeForDoubleArray took 0.01 sec
    [junit] dir attribute ignored if running in the same VM
    [junit] Running org.jfree.chart.JFreeChartTest
    [junit] Testsuite: org.jfree.chart.JFreeChartTest
    [junit] Tests run: 12, Failures: 0, Errors: 0, Time elapsed: 0.404 sec
    [junit] Tests run: 12, Failures: 0, Errors: 0, Time elapsed: 0.404 sec
    [junit] 
    [junit] Testcase: testGetSubtitle took 0.088 sec
    [junit] Testcase: testSerialization1 took 0.054 sec
    [junit] Testcase: testEquals took 0.015 sec
    [junit] Testcase: testSerialization2 took 0.018 sec
    [junit] Testcase: testEquals2 took 0 sec
    [junit] Testcase: testSubtitleCount took 0.001 sec
    [junit] Testcase: testSerialization3 took 0.08 sec
    [junit] Testcase: testSerialization4 took 0.139 sec
    [junit] Testcase: testAddSubtitle took 0.001 sec
    [junit] Testcase: testGetSubtitles took 0.001 sec
    [junit] Testcase: testLegendEvents took 0 sec
    [junit] Testcase: testTitleChangeEvent took 0.001 sec
    [junit] dir attribute ignored if running in the same VM
    [junit] Running org.jfree.chart.LegendItemCollectionTest
    [junit] Testsuite: org.jfree.chart.LegendItemCollectionTest
    [junit] Tests run: 3, Failures: 0, Errors: 0, Time elapsed: 0.016 sec
    [junit] Tests run: 3, Failures: 0, Errors: 0, Time elapsed: 0.016 sec
    [junit] 
    [junit] Testcase: testSerialization took 0.015 sec
    [junit] Testcase: testEquals took 0 sec
    [junit] Testcase: testCloning took 0 sec
    [junit] dir attribute ignored if running in the same VM
    [junit] Running org.jfree.chart.LegendItemTest
    [junit] Testsuite: org.jfree.chart.LegendItemTest
    [junit] Tests run: 4, Failures: 0, Errors: 0, Time elapsed: 0.015 sec
    [junit] Tests run: 4, Failures: 0, Errors: 0, Time elapsed: 0.015 sec
    [junit] 
    [junit] Testcase: testSerialization took 0.011 sec
    [junit] Testcase: testEquals took 0 sec
    [junit] Testcase: testSerialization2 took 0.002 sec
    [junit] Testcase: testCloning took 0 sec
    [junit] dir attribute ignored if running in the same VM
    [junit] Running org.jfree.chart.LineChart3DTest
    [junit] Testsuite: org.jfree.chart.LineChart3DTest
    [junit] Tests run: 4, Failures: 0, Errors: 0, Time elapsed: 0.153 sec
    [junit] Tests run: 4, Failures: 0, Errors: 0, Time elapsed: 0.153 sec
    [junit] 
    [junit] Testcase: testReplaceDataset took 0.119 sec
    [junit] Testcase: testSetSeriesToolTipGenerator took 0.002 sec
    [junit] Testcase: testSetSeriesURLGenerator took 0.002 sec
    [junit] Testcase: testDrawWithNullInfo took 0.029 sec
    [junit] dir attribute ignored if running in the same VM
    [junit] Running org.jfree.chart.LineChartTest
    [junit] Testsuite: org.jfree.chart.LineChartTest
    [junit] Tests run: 4, Failures: 0, Errors: 0, Time elapsed: 0.192 sec
    [junit] Tests run: 4, Failures: 0, Errors: 0, Time elapsed: 0.192 sec
    [junit] 
    [junit] Testcase: testReplaceDataset took 0.136 sec
    [junit] Testcase: testSetSeriesToolTipGenerator took 0.002 sec
    [junit] Testcase: testSetSeriesURLGenerator took 0.001 sec
    [junit] Testcase: testDrawWithNullInfo took 0.051 sec
    [junit] dir attribute ignored if running in the same VM
    [junit] Running org.jfree.chart.MeterChartTest
    [junit] Testsuite: org.jfree.chart.MeterChartTest
    [junit] Tests run: 1, Failures: 0, Errors: 0, Time elapsed: 0.071 sec
    [junit] Tests run: 1, Failures: 0, Errors: 0, Time elapsed: 0.071 sec
    [junit] 
    [junit] Testcase: testDrawWithNullInfo took 0.07 sec
    [junit] dir attribute ignored if running in the same VM
    [junit] Running org.jfree.chart.PaintMapTest
    [junit] Testsuite: org.jfree.chart.PaintMapTest
    [junit] Tests run: 7, Failures: 0, Errors: 0, Time elapsed: 0.009 sec
    [junit] Tests run: 7, Failures: 0, Errors: 0, Time elapsed: 0.009 sec
    [junit] 
    [junit] Testcase: testSerialization1 took 0.002 sec
    [junit] Testcase: testEquals took 0.001 sec
    [junit] Testcase: testSerialization2 took 0.002 sec
    [junit] Testcase: testKeysOfDifferentClasses took 0 sec
    [junit] Testcase: testPut took 0 sec
    [junit] Testcase: testCloning took 0 sec
    [junit] Testcase: testGetPaint took 0 sec
    [junit] dir attribute ignored if running in the same VM
    [junit] Running org.jfree.chart.PieChart3DTest
    [junit] Testsuite: org.jfree.chart.PieChart3DTest
    [junit] Tests run: 2, Failures: 0, Errors: 0, Time elapsed: 0.17 sec
    [junit] Tests run: 2, Failures: 0, Errors: 0, Time elapsed: 0.17 sec
    [junit] 
    [junit] Testcase: testReplaceDatasetOnPieChart took 0.114 sec
    [junit] Testcase: testNullValueInDataset took 0.055 sec
    [junit] dir attribute ignored if running in the same VM
    [junit] Running org.jfree.chart.PieChartTest
    [junit] Testsuite: org.jfree.chart.PieChartTest
    [junit] Tests run: 1, Failures: 0, Errors: 0, Time elapsed: 0.098 sec
    [junit] Tests run: 1, Failures: 0, Errors: 0, Time elapsed: 0.098 sec
    [junit] 
    [junit] Testcase: testReplaceDatasetOnPieChart took 0.098 sec
    [junit] dir attribute ignored if running in the same VM
    [junit] Running org.jfree.chart.ScatterPlotTest
    [junit] Testsuite: org.jfree.chart.ScatterPlotTest
    [junit] Tests run: 3, Failures: 0, Errors: 0, Time elapsed: 0.155 sec
    [junit] Tests run: 3, Failures: 0, Errors: 0, Time elapsed: 0.155 sec
    [junit] 
    [junit] Testcase: testReplaceDataset took 0.123 sec
    [junit] Testcase: testSetSeriesToolTipGenerator took 0.002 sec
    [junit] Testcase: testDrawWithNullInfo took 0.03 sec
    [junit] dir attribute ignored if running in the same VM
    [junit] Running org.jfree.chart.StackedAreaChartTest
    [junit] Testsuite: org.jfree.chart.StackedAreaChartTest
    [junit] Tests run: 4, Failures: 0, Errors: 0, Time elapsed: 0.172 sec
    [junit] Tests run: 4, Failures: 0, Errors: 0, Time elapsed: 0.172 sec
    [junit] 
    [junit] Testcase: testReplaceDataset took 0.138 sec
    [junit] Testcase: testSetSeriesToolTipGenerator took 0.002 sec
    [junit] Testcase: testSetSeriesURLGenerator took 0.001 sec
    [junit] Testcase: testDrawWithNullInfo took 0.03 sec
    [junit] dir attribute ignored if running in the same VM
    [junit] Running org.jfree.chart.StackedBarChart3DTest
    [junit] Testsuite: org.jfree.chart.StackedBarChart3DTest
    [junit] Tests run: 4, Failures: 0, Errors: 0, Time elapsed: 0.144 sec
    [junit] Tests run: 4, Failures: 0, Errors: 0, Time elapsed: 0.144 sec
    [junit] 
    [junit] Testcase: testReplaceDataset took 0.113 sec
    [junit] Testcase: testSetSeriesToolTipGenerator took 0.002 sec
    [junit] Testcase: testSetSeriesURLGenerator took 0.002 sec
    [junit] Testcase: testDrawWithNullInfo took 0.026 sec
    [junit] dir attribute ignored if running in the same VM
    [junit] Running org.jfree.chart.StackedBarChartTest
    [junit] Testsuite: org.jfree.chart.StackedBarChartTest
    [junit] Tests run: 4, Failures: 0, Errors: 0, Time elapsed: 0.165 sec
    [junit] Tests run: 4, Failures: 0, Errors: 0, Time elapsed: 0.165 sec
    [junit] 
    [junit] Testcase: testReplaceDataset took 0.112 sec
    [junit] Testcase: testSetSeriesToolTipGenerator took 0.002 sec
    [junit] Testcase: testSetSeriesURLGenerator took 0.001 sec
    [junit] Testcase: testDrawWithNullInfo took 0.048 sec
    [junit] dir attribute ignored if running in the same VM
    [junit] Running org.jfree.chart.StandardChartThemeTest
    [junit] Testsuite: org.jfree.chart.StandardChartThemeTest
    [junit] Tests run: 3, Failures: 0, Errors: 0, Time elapsed: 0.068 sec
    [junit] Tests run: 3, Failures: 0, Errors: 0, Time elapsed: 0.068 sec
    [junit] 
    [junit] Testcase: testSerialization took 0.063 sec
    [junit] Testcase: testEquals took 0.004 sec
    [junit] Testcase: testCloning took 0 sec
    [junit] dir attribute ignored if running in the same VM
    [junit] Running org.jfree.chart.StrokeMapTest
    [junit] Testsuite: org.jfree.chart.StrokeMapTest
    [junit] Tests run: 6, Failures: 0, Errors: 0, Time elapsed: 0.008 sec
    [junit] Tests run: 6, Failures: 0, Errors: 0, Time elapsed: 0.008 sec
    [junit] 
    [junit] Testcase: testSerialization1 took 0.002 sec
    [junit] Testcase: testEquals took 0.002 sec
    [junit] Testcase: testSerialization2 took 0.002 sec
    [junit] Testcase: testPut took 0 sec
    [junit] Testcase: testCloning took 0 sec
    [junit] Testcase: testGetStroke took 0 sec
    [junit] dir attribute ignored if running in the same VM
    [junit] Running org.jfree.chart.TimeSeriesChartTest
    [junit] Testsuite: org.jfree.chart.TimeSeriesChartTest
    [junit] Tests run: 3, Failures: 0, Errors: 0, Time elapsed: 0.112 sec
    [junit] Tests run: 3, Failures: 0, Errors: 0, Time elapsed: 0.112 sec
    [junit] 
    [junit] Testcase: testReplaceDataset took 0.087 sec
    [junit] Testcase: testSetSeriesToolTipGenerator took 0.002 sec
    [junit] Testcase: testDrawWithNullInfo took 0.022 sec
    [junit] dir attribute ignored if running in the same VM
    [junit] Running org.jfree.chart.WaterfallChartTest
    [junit] Testsuite: org.jfree.chart.WaterfallChartTest
    [junit] Tests run: 3, Failures: 0, Errors: 0, Time elapsed: 0.099 sec
    [junit] Tests run: 3, Failures: 0, Errors: 0, Time elapsed: 0.099 sec
    [junit] 
    [junit] Testcase: testSetSeriesToolTipGenerator took 0.079 sec
    [junit] Testcase: testSetSeriesURLGenerator took 0.001 sec
    [junit] Testcase: testDrawWithNullInfo took 0.019 sec
    [junit] dir attribute ignored if running in the same VM
    [junit] Running org.jfree.chart.XYAreaChartTest
    [junit] Testsuite: org.jfree.chart.XYAreaChartTest
    [junit] Tests run: 3, Failures: 0, Errors: 0, Time elapsed: 0.106 sec
    [junit] Tests run: 3, Failures: 0, Errors: 0, Time elapsed: 0.106 sec
    [junit] 
    [junit] Testcase: testReplaceDataset took 0.084 sec
    [junit] Testcase: testSetSeriesToolTipGenerator took 0.001 sec
    [junit] Testcase: testDrawWithNullInfo took 0.019 sec
    [junit] dir attribute ignored if running in the same VM
    [junit] Running org.jfree.chart.XYBarChartTest
    [junit] Testsuite: org.jfree.chart.XYBarChartTest
    [junit] Tests run: 3, Failures: 0, Errors: 0, Time elapsed: 0.104 sec
    [junit] Tests run: 3, Failures: 0, Errors: 0, Time elapsed: 0.104 sec
    [junit] 
    [junit] Testcase: testReplaceDataset took 0.079 sec
    [junit] Testcase: testSetSeriesToolTipGenerator took 0.003 sec
    [junit] Testcase: testDrawWithNullInfo took 0.021 sec
    [junit] dir attribute ignored if running in the same VM
    [junit] Running org.jfree.chart.XYLineChartTest
    [junit] Testsuite: org.jfree.chart.XYLineChartTest
    [junit] Tests run: 3, Failures: 0, Errors: 0, Time elapsed: 0.111 sec
    [junit] Tests run: 3, Failures: 0, Errors: 0, Time elapsed: 0.111 sec
    [junit] 
    [junit] Testcase: testReplaceDataset took 0.085 sec
    [junit] Testcase: testSetSeriesToolTipGenerator took 0.002 sec
    [junit] Testcase: testDrawWithNullInfo took 0.023 sec
    [junit] dir attribute ignored if running in the same VM
    [junit] Running org.jfree.chart.XYStepAreaChartTest
    [junit] Testsuite: org.jfree.chart.XYStepAreaChartTest
    [junit] Tests run: 3, Failures: 0, Errors: 0, Time elapsed: 0.114 sec
    [junit] Tests run: 3, Failures: 0, Errors: 0, Time elapsed: 0.114 sec
    [junit] 
    [junit] Testcase: testReplaceDataset took 0.083 sec
    [junit] Testcase: testSetSeriesToolTipGenerator took 0.003 sec
    [junit] Testcase: testDrawWithNullInfo took 0.027 sec
    [junit] dir attribute ignored if running in the same VM
    [junit] Running org.jfree.chart.XYStepChartTest
    [junit] Testsuite: org.jfree.chart.XYStepChartTest
    [junit] Tests run: 3, Failures: 0, Errors: 0, Time elapsed: 0.171 sec
    [junit] Tests run: 3, Failures: 0, Errors: 0, Time elapsed: 0.171 sec
    [junit] 
    [junit] Testcase: testReplaceDataset took 0.139 sec
    [junit] Testcase: testSetSeriesToolTipGenerator took 0.003 sec
    [junit] Testcase: testDrawWithNullInfo took 0.028 sec
    [junit] dir attribute ignored if running in the same VM
    [junit] Running org.jfree.chart.annotations.CategoryLineAnnotationTest
    [junit] Testsuite: org.jfree.chart.annotations.CategoryLineAnnotationTest
    [junit] Tests run: 5, Failures: 0, Errors: 0, Time elapsed: 0.013 sec
    [junit] Tests run: 5, Failures: 0, Errors: 0, Time elapsed: 0.013 sec
    [junit] 
    [junit] Testcase: testSerialization took 0.01 sec
    [junit] Testcase: testEquals took 0 sec
    [junit] Testcase: testHashcode took 0.001 sec
    [junit] Testcase: testCloning took 0 sec
    [junit] Testcase: testPublicCloneable took 0 sec
    [junit] dir attribute ignored if running in the same VM
    [junit] Running org.jfree.chart.annotations.CategoryPointerAnnotationTest
    [junit] Testsuite: org.jfree.chart.annotations.CategoryPointerAnnotationTest
    [junit] Tests run: 5, Failures: 0, Errors: 0, Time elapsed: 0.015 sec
    [junit] Tests run: 5, Failures: 0, Errors: 0, Time elapsed: 0.015 sec
    [junit] 
    [junit] Testcase: testSerialization took 0.012 sec
    [junit] Testcase: testEquals took 0.001 sec
    [junit] Testcase: testCloning took 0 sec
    [junit] Testcase: testHashCode took 0.001 sec
    [junit] Testcase: testPublicCloneable took 0 sec
    [junit] dir attribute ignored if running in the same VM
    [junit] Running org.jfree.chart.annotations.CategoryTextAnnotationTest
    [junit] Testsuite: org.jfree.chart.annotations.CategoryTextAnnotationTest
    [junit] Tests run: 5, Failures: 0, Errors: 0, Time elapsed: 0.015 sec
    [junit] Tests run: 5, Failures: 0, Errors: 0, Time elapsed: 0.015 sec
    [junit] 
    [junit] Testcase: testSerialization took 0.011 sec
    [junit] Testcase: testEquals took 0.001 sec
    [junit] Testcase: testHashcode took 0 sec
    [junit] Testcase: testCloning took 0 sec
    [junit] Testcase: testPublicCloneable took 0 sec
    [junit] dir attribute ignored if running in the same VM
    [junit] Running org.jfree.chart.annotations.TextAnnotationTest
    [junit] Testsuite: org.jfree.chart.annotations.TextAnnotationTest
    [junit] Tests run: 4, Failures: 0, Errors: 0, Time elapsed: 0.005 sec
    [junit] Tests run: 4, Failures: 0, Errors: 0, Time elapsed: 0.005 sec
    [junit] 
    [junit] Testcase: testEquals took 0.003 sec
    [junit] Testcase: testSetRotationAnchor took 0 sec
    [junit] Testcase: testChangeEvents took 0 sec
    [junit] Testcase: testHashCode took 0 sec
    [junit] dir attribute ignored if running in the same VM
    [junit] Running org.jfree.chart.annotations.XYBoxAnnotationTest
    [junit] Testsuite: org.jfree.chart.annotations.XYBoxAnnotationTest
    [junit] Tests run: 1, Failures: 0, Errors: 0, Time elapsed: 0.003 sec
    [junit] Tests run: 1, Failures: 0, Errors: 0, Time elapsed: 0.003 sec
    [junit] 
    [junit] Testcase: testEquals took 0.003 sec
    [junit] dir attribute ignored if running in the same VM
    [junit] Running org.jfree.chart.annotations.XYDrawableAnnotationTest
    [junit] Testsuite: org.jfree.chart.annotations.XYDrawableAnnotationTest
    [junit] Tests run: 5, Failures: 0, Errors: 0, Time elapsed: 0.012 sec
    [junit] Tests run: 5, Failures: 0, Errors: 0, Time elapsed: 0.012 sec
    [junit] 
    [junit] Testcase: testSerialization took 0.011 sec
    [junit] Testcase: testEquals took 0 sec
    [junit] Testcase: testCloning took 0 sec
    [junit] Testcase: testHashCode took 0 sec
    [junit] Testcase: testPublicCloneable took 0 sec
    [junit] dir attribute ignored if running in the same VM
    [junit] Running org.jfree.chart.annotations.XYImageAnnotationTest
    [junit] Testsuite: org.jfree.chart.annotations.XYImageAnnotationTest
    [junit] Tests run: 4, Failures: 0, Errors: 0, Time elapsed: 0.018 sec
    [junit] Tests run: 4, Failures: 0, Errors: 0, Time elapsed: 0.018 sec
    [junit] 
    [junit] Testcase: testEquals took 0.016 sec
    [junit] Testcase: testCloning took 0 sec
    [junit] Testcase: testHashCode took 0 sec
    [junit] Testcase: testPublicCloneable took 0 sec
    [junit] dir attribute ignored if running in the same VM
    [junit] Running org.jfree.chart.annotations.XYLineAnnotationTest
    [junit] Testsuite: org.jfree.chart.annotations.XYLineAnnotationTest
    [junit] Tests run: 5, Failures: 0, Errors: 0, Time elapsed: 0.015 sec
    [junit] Tests run: 5, Failures: 0, Errors: 0, Time elapsed: 0.015 sec
    [junit] 
    [junit] Testcase: testSerialization took 0.013 sec
    [junit] Testcase: testEquals took 0 sec
    [junit] Testcase: testCloning took 0 sec
    [junit] Testcase: testHashCode took 0 sec
    [junit] Testcase: testPublicCloneable took 0 sec
    [junit] dir attribute ignored if running in the same VM
    [junit] Running org.jfree.chart.annotations.XYPointerAnnotationTest
    [junit] Testsuite: org.jfree.chart.annotations.XYPointerAnnotationTest
    [junit] Tests run: 5, Failures: 0, Errors: 0, Time elapsed: 0.017 sec
    [junit] Tests run: 5, Failures: 0, Errors: 0, Time elapsed: 0.017 sec
    [junit] 
    [junit] Testcase: testSerialization took 0.014 sec
    [junit] Testcase: testEquals took 0 sec
    [junit] Testcase: testCloning took 0 sec
    [junit] Testcase: testHashCode took 0.001 sec
    [junit] Testcase: testPublicCloneable took 0 sec
    [junit] dir attribute ignored if running in the same VM
    [junit] Running org.jfree.chart.annotations.XYPolygonAnnotationTest
    [junit] Testsuite: org.jfree.chart.annotations.XYPolygonAnnotationTest
    [junit] Tests run: 5, Failures: 0, Errors: 0, Time elapsed: 0.016 sec
    [junit] Tests run: 5, Failures: 0, Errors: 0, Time elapsed: 0.016 sec
    [junit] 
    [junit] Testcase: testSerialization took 0.014 sec
    [junit] Testcase: testEquals took 0.001 sec
    [junit] Testcase: testCloning took 0 sec
    [junit] Testcase: testHashCode took 0 sec
    [junit] Testcase: testPublicCloneable took 0 sec
    [junit] dir attribute ignored if running in the same VM
    [junit] Running org.jfree.chart.annotations.XYShapeAnnotationTest
    [junit] Testsuite: org.jfree.chart.annotations.XYShapeAnnotationTest
    [junit] Tests run: 5, Failures: 0, Errors: 0, Time elapsed: 0.014 sec
    [junit] Tests run: 5, Failures: 0, Errors: 0, Time elapsed: 0.014 sec
    [junit] 
    [junit] Testcase: testSerialization took 0.011 sec
    [junit] Testcase: testEquals took 0 sec
    [junit] Testcase: testCloning took 0 sec
    [junit] Testcase: testHashCode took 0 sec
    [junit] Testcase: testPublicCloneable took 0 sec
    [junit] dir attribute ignored if running in the same VM
    [junit] Running org.jfree.chart.annotations.XYTextAnnotationTest
    [junit] Testsuite: org.jfree.chart.annotations.XYTextAnnotationTest
    [junit] Tests run: 5, Failures: 0, Errors: 0, Time elapsed: 0.016 sec
    [junit] Tests run: 5, Failures: 0, Errors: 0, Time elapsed: 0.016 sec
    [junit] 
    [junit] Testcase: testSerialization took 0.013 sec
    [junit] Testcase: testEquals took 0 sec
    [junit] Testcase: testCloning took 0 sec
    [junit] Testcase: testHashCode took 0.001 sec
    [junit] Testcase: testPublicCloneable took 0 sec
    [junit] dir attribute ignored if running in the same VM
    [junit] Running org.jfree.chart.annotations.XYTitleAnnotationTest
    [junit] Testsuite: org.jfree.chart.annotations.XYTitleAnnotationTest
    [junit] Tests run: 5, Failures: 0, Errors: 0, Time elapsed: 0.121 sec
    [junit] Tests run: 5, Failures: 0, Errors: 0, Time elapsed: 0.121 sec
    [junit] 
    [junit] Testcase: testDrawWithNullInfo took 0.11 sec
    [junit] Testcase: testSerialization took 0.009 sec
    [junit] Testcase: testEquals took 0.001 sec
    [junit] Testcase: testCloning took 0 sec
    [junit] Testcase: testHashCode took 0 sec
    [junit] dir attribute ignored if running in the same VM
    [junit] Running org.jfree.chart.axis.AxisLocationTest
    [junit] Testsuite: org.jfree.chart.axis.AxisLocationTest
    [junit] Tests run: 3, Failures: 0, Errors: 0, Time elapsed: 0.002 sec
    [junit] Tests run: 3, Failures: 0, Errors: 0, Time elapsed: 0.002 sec
    [junit] 
    [junit] Testcase: testSerialization took 0.001 sec
    [junit] Testcase: testEquals took 0 sec
    [junit] Testcase: testHashCode took 0 sec
    [junit] dir attribute ignored if running in the same VM
    [junit] Running org.jfree.chart.axis.AxisSpaceTest
    [junit] Testsuite: org.jfree.chart.axis.AxisSpaceTest
    [junit] Tests run: 3, Failures: 0, Errors: 0, Time elapsed: 0.001 sec
    [junit] Tests run: 3, Failures: 0, Errors: 0, Time elapsed: 0.001 sec
    [junit] 
    [junit] Testcase: testEquals took 0.001 sec
    [junit] Testcase: testCloning took 0 sec
    [junit] Testcase: testHashCode took 0 sec
    [junit] dir attribute ignored if running in the same VM
    [junit] Running org.jfree.chart.axis.CategoryAnchorTest
    [junit] Testsuite: org.jfree.chart.axis.CategoryAnchorTest
    [junit] Tests run: 3, Failures: 0, Errors: 0, Time elapsed: 0.002 sec
    [junit] Tests run: 3, Failures: 0, Errors: 0, Time elapsed: 0.002 sec
    [junit] 
    [junit] Testcase: testSerialization took 0.001 sec
    [junit] Testcase: testEquals took 0 sec
    [junit] Testcase: testHashCode took 0 sec
    [junit] dir attribute ignored if running in the same VM
    [junit] Running org.jfree.chart.axis.CategoryAxis3DTest
    [junit] Testsuite: org.jfree.chart.axis.CategoryAxis3DTest
    [junit] Tests run: 2, Failures: 0, Errors: 0, Time elapsed: 0.021 sec
    [junit] Tests run: 2, Failures: 0, Errors: 0, Time elapsed: 0.021 sec
    [junit] 
    [junit] Testcase: testSerialization took 0.021 sec
    [junit] Testcase: testCloning took 0 sec
    [junit] dir attribute ignored if running in the same VM
    [junit] Running org.jfree.chart.axis.CategoryAxisTest
    [junit] Testsuite: org.jfree.chart.axis.CategoryAxisTest
    [junit] Tests run: 5, Failures: 0, Errors: 0, Time elapsed: 0.025 sec
    [junit] Tests run: 5, Failures: 0, Errors: 0, Time elapsed: 0.025 sec
    [junit] 
    [junit] Testcase: testSerialization took 0.022 sec
    [junit] Testcase: testEquals took 0 sec
    [junit] Testcase: testCloning took 0 sec
    [junit] Testcase: testHashCode took 0 sec
    [junit] Testcase: testCloning2 took 0 sec
    [junit] dir attribute ignored if running in the same VM
    [junit] Running org.jfree.chart.axis.CategoryLabelPositionTest
    [junit] Testsuite: org.jfree.chart.axis.CategoryLabelPositionTest
    [junit] Tests run: 3, Failures: 0, Errors: 0, Time elapsed: 0.006 sec
    [junit] Tests run: 3, Failures: 0, Errors: 0, Time elapsed: 0.006 sec
    [junit] 
    [junit] Testcase: testSerialization took 0.004 sec
    [junit] Testcase: testEquals took 0.001 sec
    [junit] Testcase: testHashCode took 0 sec
    [junit] dir attribute ignored if running in the same VM
    [junit] Running org.jfree.chart.axis.CategoryLabelPositionsTest
    [junit] Testsuite: org.jfree.chart.axis.CategoryLabelPositionsTest
    [junit] Tests run: 3, Failures: 0, Errors: 0, Time elapsed: 0.007 sec
    [junit] Tests run: 3, Failures: 0, Errors: 0, Time elapsed: 0.007 sec
    [junit] 
    [junit] Testcase: testSerialization took 0.007 sec
    [junit] Testcase: testEquals took 0 sec
    [junit] Testcase: testHashCode took 0 sec
    [junit] dir attribute ignored if running in the same VM
    [junit] Running org.jfree.chart.axis.CategoryLabelWidthTypeTest
    [junit] Testsuite: org.jfree.chart.axis.CategoryLabelWidthTypeTest
    [junit] Tests run: 3, Failures: 0, Errors: 0, Time elapsed: 0.003 sec
    [junit] Tests run: 3, Failures: 0, Errors: 0, Time elapsed: 0.003 sec
    [junit] 
    [junit] Testcase: testSerialization took 0.001 sec
    [junit] Testcase: testEquals took 0 sec
    [junit] Testcase: testHashCode took 0.001 sec
    [junit] dir attribute ignored if running in the same VM
    [junit] Running org.jfree.chart.axis.CategoryTickTest
    [junit] Testsuite: org.jfree.chart.axis.CategoryTickTest
    [junit] Tests run: 4, Failures: 0, Errors: 0, Time elapsed: 0.01 sec
    [junit] Tests run: 4, Failures: 0, Errors: 0, Time elapsed: 0.01 sec
    [junit] 
    [junit] Testcase: testSerialization took 0.007 sec
    [junit] Testcase: testEquals took 0.001 sec
    [junit] Testcase: testCloning took 0 sec
    [junit] Testcase: testHashCode took 0 sec
    [junit] dir attribute ignored if running in the same VM
    [junit] Running org.jfree.chart.axis.ColorBarTest
    [junit] Testsuite: org.jfree.chart.axis.ColorBarTest
    [junit] Tests run: 4, Failures: 0, Errors: 0, Time elapsed: 0.05 sec
    [junit] Tests run: 4, Failures: 0, Errors: 0, Time elapsed: 0.05 sec
    [junit] 
    [junit] Testcase: testSerialization took 0.042 sec
    [junit] Testcase: testEquals took 0.004 sec
    [junit] Testcase: testCloning took 0.001 sec
    [junit] Testcase: testHashCode took 0.001 sec
    [junit] dir attribute ignored if running in the same VM
    [junit] Running org.jfree.chart.axis.CyclicNumberAxisTest
    [junit] Testsuite: org.jfree.chart.axis.CyclicNumberAxisTest
    [junit] Tests run: 4, Failures: 0, Errors: 0, Time elapsed: 0.035 sec
    [junit] Tests run: 4, Failures: 0, Errors: 0, Time elapsed: 0.035 sec
    [junit] 
    [junit] Testcase: testSerialization took 0.029 sec
    [junit] Testcase: testEquals took 0.003 sec
    [junit] Testcase: testCloning took 0.001 sec
    [junit] Testcase: testHashCode took 0.001 sec
    [junit] dir attribute ignored if running in the same VM
    [junit] Running org.jfree.chart.axis.DateAxisTest
    [junit] Testsuite: org.jfree.chart.axis.DateAxisTest
    [junit] Tests run: 23, Failures: 0, Errors: 0, Time elapsed: 0.122 sec
    [junit] Tests run: 23, Failures: 0, Errors: 0, Time elapsed: 0.122 sec
    [junit] 
    [junit] Testcase: testSerialization took 0.059 sec
    [junit] Testcase: testEquals took 0.007 sec
    [junit] Testcase: testCloning took 0.001 sec
    [junit] Testcase: testHashCode took 0.002 sec
    [junit] Testcase: testPreviousStandardDateYearB took 0.003 sec
    [junit] Testcase: testPreviousStandardDateMonthA took 0.005 sec
    [junit] Testcase: test1472942 took 0.002 sec
    [junit] Testcase: testPreviousStandardDateYearA took 0.002 sec
    [junit] Testcase: testSetRange took 0 sec
    [junit] Testcase: testSetMinimumDate took 0.001 sec
    [junit] Testcase: testPreviousStandardDateMillisecondA took 0.007 sec
    [junit] Testcase: testPreviousStandardDateMillisecondB took 0.002 sec
    [junit] Testcase: testBug3484403 took 0.005 sec
    [junit] Testcase: testJava2DToValue took 0.001 sec
    [junit] Testcase: testSetMaximumDate took 0 sec
    [junit] Testcase: testPreviousStandardDateDayB took 0.002 sec
    [junit] Testcase: testPreviousStandardDateHourA took 0.002 sec
    [junit] Testcase: testPreviousStandardDateMonthB took 0.001 sec
    [junit] Testcase: testPreviousStandardDateDayA took 0.001 sec
    [junit] Testcase: testPreviousStandardDateHourB took 0.002 sec
    [junit] Testcase: testPreviousStandardDateSecondA took 0.002 sec
    [junit] Testcase: testPreviousStandardDateSecondB took 0.001 sec
    [junit] Testcase: testBug2201869 took 0.003 sec
    [junit] dir attribute ignored if running in the same VM
    [junit] Running org.jfree.chart.axis.DateTickMarkPositionTest
    [junit] Testsuite: org.jfree.chart.axis.DateTickMarkPositionTest
    [junit] Tests run: 3, Failures: 0, Errors: 0, Time elapsed: 0.003 sec
    [junit] Tests run: 3, Failures: 0, Errors: 0, Time elapsed: 0.003 sec
    [junit] 
    [junit] Testcase: testSerialization took 0.002 sec
    [junit] Testcase: testEquals took 0 sec
    [junit] Testcase: testHashCode took 0 sec
    [junit] dir attribute ignored if running in the same VM
    [junit] Running org.jfree.chart.axis.DateTickTest
    [junit] Testsuite: org.jfree.chart.axis.DateTickTest
    [junit] Tests run: 4, Failures: 0, Errors: 0, Time elapsed: 0.006 sec
    [junit] Tests run: 4, Failures: 0, Errors: 0, Time elapsed: 0.006 sec
    [junit] 
    [junit] Testcase: testSerialization took 0.006 sec
    [junit] Testcase: testEquals took 0 sec
    [junit] Testcase: testCloning took 0 sec
    [junit] Testcase: testHashCode took 0 sec
    [junit] dir attribute ignored if running in the same VM
    [junit] Running org.jfree.chart.axis.DateTickUnitTest
    [junit] Testsuite: org.jfree.chart.axis.DateTickUnitTest
    [junit] Tests run: 3, Failures: 0, Errors: 0, Time elapsed: 0.021 sec
    [junit] Tests run: 3, Failures: 0, Errors: 0, Time elapsed: 0.021 sec
    [junit] 
    [junit] Testcase: testSerialization took 0.019 sec
    [junit] Testcase: testEquals took 0.001 sec
    [junit] Testcase: testHashCode took 0 sec
    [junit] dir attribute ignored if running in the same VM
    [junit] Running org.jfree.chart.axis.ExtendedCategoryAxisTest
    [junit] Testsuite: org.jfree.chart.axis.ExtendedCategoryAxisTest
    [junit] Tests run: 5, Failures: 0, Errors: 0, Time elapsed: 0.037 sec
    [junit] Tests run: 5, Failures: 0, Errors: 0, Time elapsed: 0.037 sec
    [junit] 
    [junit] Testcase: testSerialization took 0.034 sec
    [junit] Testcase: testEquals took 0 sec
    [junit] Testcase: testCloning took 0 sec
    [junit] Testcase: testHashCode took 0 sec
    [junit] Testcase: testCloning2 took 0 sec
    [junit] dir attribute ignored if running in the same VM
    [junit] Running org.jfree.chart.axis.LogAxisTest
    [junit] Testsuite: org.jfree.chart.axis.LogAxisTest
    [junit] Tests run: 12, Failures: 0, Errors: 0, Time elapsed: 0.161 sec
    [junit] Tests run: 12, Failures: 0, Errors: 0, Time elapsed: 0.161 sec
    [junit] 
    [junit] Testcase: testSerialization took 0.027 sec
    [junit] Testcase: testEquals took 0.001 sec
    [junit] Testcase: testCloning took 0 sec
    [junit] Testcase: testHashCode took 0.001 sec
    [junit] Testcase: testTickMarksVisibleDefault took 0 sec
    [junit] Testcase: testrefreshTicksWithZeroTickUnit took 0.001 sec
    [junit] Testcase: testTranslateJava2DToValue took 0 sec
    [junit] Testcase: testXYAutoRange2 took 0.103 sec
    [junit] Testcase: testSetLowerBound took 0 sec
    [junit] Testcase: testAutoRange1 took 0.018 sec
    [junit] Testcase: testAutoRange3 took 0.002 sec
    [junit] Testcase: testXYAutoRange1 took 0.003 sec
    [junit] dir attribute ignored if running in the same VM
    [junit] Running org.jfree.chart.axis.LogarithmicAxisTest
    [junit] Testsuite: org.jfree.chart.axis.LogarithmicAxisTest
    [junit] Tests run: 5, Failures: 0, Errors: 0, Time elapsed: 0.043 sec
    [junit] Tests run: 5, Failures: 0, Errors: 0, Time elapsed: 0.043 sec
    [junit] 
    [junit] Testcase: testSerialization took 0.038 sec
    [junit] Testcase: testAdjustedLog10 took 0.001 sec
    [junit] Testcase: testSwitchedLog10 took 0.001 sec
    [junit] Testcase: testJava2DToValue took 0.002 sec
    [junit] Testcase: testValueToJava2D took 0.001 sec
    [junit] dir attribute ignored if running in the same VM
    [junit] Running org.jfree.chart.axis.MarkerAxisBandTest
    [junit] Testsuite: org.jfree.chart.axis.MarkerAxisBandTest
    [junit] Tests run: 3, Failures: 0, Errors: 0, Time elapsed: 0.011 sec
    [junit] Tests run: 3, Failures: 0, Errors: 0, Time elapsed: 0.011 sec
    [junit] 
    [junit] Testcase: testSerialization took 0.009 sec
    [junit] Testcase: testEquals took 0.001 sec
    [junit] Testcase: testHashCode took 0 sec
    [junit] dir attribute ignored if running in the same VM
    [junit] Running org.jfree.chart.axis.ModuloAxisTest
    [junit] Testsuite: org.jfree.chart.axis.ModuloAxisTest
    [junit] Tests run: 4, Failures: 0, Errors: 0, Time elapsed: 0.033 sec
    [junit] Tests run: 4, Failures: 0, Errors: 0, Time elapsed: 0.033 sec
    [junit] 
    [junit] Testcase: testSerialization took 0.027 sec
    [junit] Testcase: testEquals took 0.002 sec
    [junit] Testcase: testCloning took 0.001 sec
    [junit] Testcase: testHashCode took 0.002 sec
    [junit] dir attribute ignored if running in the same VM
    [junit] Running org.jfree.chart.axis.MonthDateFormatTest
    [junit] Testsuite: org.jfree.chart.axis.MonthDateFormatTest
    [junit] Tests run: 4, Failures: 0, Errors: 0, Time elapsed: 0.02 sec
    [junit] Tests run: 4, Failures: 0, Errors: 0, Time elapsed: 0.02 sec
    [junit] 
    [junit] Testcase: testSerialization took 0.011 sec
    [junit] Testcase: testEquals took 0.006 sec
    [junit] Testcase: testCloning took 0.001 sec
    [junit] Testcase: testHashCode took 0.002 sec
    [junit] dir attribute ignored if running in the same VM
    [junit] Running org.jfree.chart.axis.NumberAxis3DTest
    [junit] Testsuite: org.jfree.chart.axis.NumberAxis3DTest
    [junit] Tests run: 1, Failures: 0, Errors: 0, Time elapsed: 0.034 sec
    [junit] Tests run: 1, Failures: 0, Errors: 0, Time elapsed: 0.034 sec
    [junit] 
    [junit] Testcase: testSerialization took 0.034 sec
    [junit] dir attribute ignored if running in the same VM
    [junit] Running org.jfree.chart.axis.NumberAxisTest
    [junit] Testsuite: org.jfree.chart.axis.NumberAxisTest
    [junit] Tests run: 12, Failures: 0, Errors: 0, Time elapsed: 0.14 sec
    [junit] Tests run: 12, Failures: 0, Errors: 0, Time elapsed: 0.14 sec
    [junit] 
    [junit] Testcase: testSerialization took 0.038 sec
    [junit] Testcase: testEquals took 0.003 sec
    [junit] Testcase: testCloning took 0.001 sec
    [junit] Testcase: testHashCode took 0.002 sec
    [junit] Testcase: testTranslateJava2DToValue took 0.001 sec
    [junit] Testcase: testXYAutoRange2 took 0.076 sec
    [junit] Testcase: testSetLowerBound took 0 sec
    [junit] Testcase: testAutoRange1 took 0.014 sec
    [junit] Testcase: testAutoRange3 took 0.001 sec
    [junit] Testcase: testXYAutoRange1 took 0.001 sec
    [junit] Testcase: testAutoRange4 took 0 sec
    [junit] Testcase: testAutoRange2 took 0 sec
    [junit] dir attribute ignored if running in the same VM
    [junit] Running org.jfree.chart.axis.NumberTickUnitTest
    [junit] Testsuite: org.jfree.chart.axis.NumberTickUnitTest
    [junit] Tests run: 4, Failures: 0, Errors: 0, Time elapsed: 0.004 sec
    [junit] Tests run: 4, Failures: 0, Errors: 0, Time elapsed: 0.004 sec
    [junit] 
    [junit] Testcase: testSerialization took 0.003 sec
    [junit] Testcase: testEquals took 0 sec
    [junit] Testcase: testCloning took 0 sec
    [junit] Testcase: testHashCode took 0 sec
    [junit] dir attribute ignored if running in the same VM
    [junit] Running org.jfree.chart.axis.PeriodAxisLabelInfoTest
    [junit] Testsuite: org.jfree.chart.axis.PeriodAxisLabelInfoTest
    [junit] Tests run: 5, Failures: 0, Errors: 0, Time elapsed: 0.049 sec
    [junit] Tests run: 5, Failures: 0, Errors: 0, Time elapsed: 0.049 sec
    [junit] 
    [junit] Testcase: testSerialization took 0.016 sec
    [junit] Testcase: testEquals took 0.029 sec
    [junit] Testcase: testCloning took 0 sec
    [junit] Testcase: testHashCode took 0.001 sec
    [junit] Testcase: testCreateInstance took 0.002 sec
    [junit] dir attribute ignored if running in the same VM
    [junit] Running org.jfree.chart.axis.PeriodAxisTest
    [junit] Testsuite: org.jfree.chart.axis.PeriodAxisTest
    [junit] Tests run: 7, Failures: 0, Errors: 0, Time elapsed: 0.07 sec
    [junit] Tests run: 7, Failures: 0, Errors: 0, Time elapsed: 0.07 sec
    [junit] 
    [junit] Testcase: testSerialization took 0.047 sec
    [junit] Testcase: testEquals took 0.003 sec
    [junit] Testcase: testCloning took 0.001 sec
    [junit] Testcase: testHashCode took 0.001 sec
    [junit] Testcase: testEqualsWithLocale took 0.015 sec
    [junit] Testcase: test2490803 took 0.001 sec
    [junit] Testcase: test1932146 took 0.001 sec
    [junit] dir attribute ignored if running in the same VM
    [junit] Running org.jfree.chart.axis.QuarterDateFormatTest
    [junit] Testsuite: org.jfree.chart.axis.QuarterDateFormatTest
    [junit] Tests run: 4, Failures: 0, Errors: 0, Time elapsed: 0.005 sec
    [junit] Tests run: 4, Failures: 0, Errors: 0, Time elapsed: 0.005 sec
    [junit] 
    [junit] Testcase: testSerialization took 0.004 sec
    [junit] Testcase: testEquals took 0.001 sec
    [junit] Testcase: testCloning took 0 sec
    [junit] Testcase: testHashCode took 0 sec
    [junit] dir attribute ignored if running in the same VM
    [junit] Running org.jfree.chart.axis.SegmentedTimelineAdditionalTest
    [junit] Testsuite: org.jfree.chart.axis.SegmentedTimelineAdditionalTest
    [junit] Tests run: 8, Failures: 0, Errors: 0, Time elapsed: 0.016 sec
    [junit] Tests run: 8, Failures: 0, Errors: 0, Time elapsed: 0.016 sec
    [junit] 
    [junit] Testcase: test1 took 0.005 sec
    [junit] Testcase: test2 took 0.001 sec
    [junit] Testcase: test5 took 0.001 sec
    [junit] Testcase: test6 took 0.002 sec
    [junit] Testcase: test7 took 0.002 sec
    [junit] Testcase: test8 took 0.002 sec
    [junit] Testcase: test3 took 0.001 sec
    [junit] Testcase: test4 took 0.001 sec
    [junit] dir attribute ignored if running in the same VM
    [junit] Running org.jfree.chart.axis.SegmentedTimelineTest
    [junit] Testsuite: org.jfree.chart.axis.SegmentedTimelineTest
    [junit] Tests run: 31, Failures: 0, Errors: 0, Time elapsed: 4.372 sec
    [junit] Tests run: 31, Failures: 0, Errors: 0, Time elapsed: 4.372 sec
    [junit] 
    [junit] Testcase: testSerialization took 0.007 sec
    [junit] Testcase: testEquals took 0.001 sec
    [junit] Testcase: testSerialization2 took 0.001 sec
    [junit] Testcase: testCloning took 0.001 sec
    [junit] Testcase: testHashCode took 0 sec
    [junit] Testcase: testMs2SegmentedTimeline took 0.001 sec
    [junit] Testcase: testMondayThroughFridaySegmentedTimeline took 0 sec
    [junit] Testcase: testFifteenMinSegmentedTimeline took 0 sec
    [junit] Testcase: testMs2Segment took 0.002 sec
    [junit] Testcase: testMondayThroughFridaySegment took 0.069 sec
    [junit] Testcase: testFifteenMinSegment took 0.003 sec
    [junit] Testcase: testMsInc took 0.187 sec
    [junit] Testcase: testMs2Inc took 0.138 sec
    [junit] Testcase: testMondayThroughFridayInc took 0.081 sec
    [junit] Testcase: testFifteenMinInc took 0.077 sec
    [junit] Testcase: testMsIncludedAndExcludedSegments took 0.003 sec
    [junit] Testcase: testMs2IncludedAndExcludedSegments took 0.003 sec
    [junit] Testcase: testMondayThroughFridayIncludedAndExcludedSegments took 0.004 sec
    [junit] Testcase: testFifteenMinIncludedAndExcludedSegments took 0.002 sec
    [junit] Testcase: testMsExceptionSegments took 0.002 sec
    [junit] Testcase: testMs2BaseTimelineExceptionSegments took 0.001 sec
    [junit] Testcase: testMondayThoughFridayExceptionSegments took 0.003 sec
    [junit] Testcase: testFifteenMinExceptionSegments took 0.004 sec
    [junit] Testcase: testMsTranslations took 0.131 sec
    [junit] Testcase: testMs2BaseTimelineTranslations took 0.064 sec
    [junit] Testcase: testMs2Translations took 1.828 sec
    [junit] Testcase: testFifteenMinTranslations took 1.749 sec
    [junit] Testcase: testBasicSegmentedTimeline took 0 sec
    [junit] Testcase: testSegmentedTimelineWithException1 took 0 sec
    [junit] Testcase: testMsSegmentedTimeline took 0.001 sec
    [junit] Testcase: testMsSegment took 0 sec
    [junit] dir attribute ignored if running in the same VM
    [junit] Running org.jfree.chart.axis.StandardTickUnitSourceTest
    [junit] Testsuite: org.jfree.chart.axis.StandardTickUnitSourceTest
    [junit] Tests run: 2, Failures: 0, Errors: 0, Time elapsed: 0.002 sec
    [junit] Tests run: 2, Failures: 0, Errors: 0, Time elapsed: 0.002 sec
    [junit] 
    [junit] Testcase: testSerialization took 0.002 sec
    [junit] Testcase: testEquals took 0 sec
    [junit] dir attribute ignored if running in the same VM
    [junit] Running org.jfree.chart.axis.SubCategoryAxisTest
    [junit] Testsuite: org.jfree.chart.axis.SubCategoryAxisTest
    [junit] Tests run: 5, Failures: 0, Errors: 0, Time elapsed: 0.099 sec
    [junit] Tests run: 5, Failures: 0, Errors: 0, Time elapsed: 0.099 sec
    [junit] 
    [junit] Testcase: testSerialization took 0.021 sec
    [junit] Testcase: testEquals took 0 sec
    [junit] Testcase: testCloning took 0 sec
    [junit] Testcase: test2275695 took 0.078 sec
    [junit] Testcase: testHashCode took 0 sec
    [junit] dir attribute ignored if running in the same VM
    [junit] Running org.jfree.chart.axis.SymbolAxisTest
    [junit] Testsuite: org.jfree.chart.axis.SymbolAxisTest
    [junit] Tests run: 3, Failures: 0, Errors: 0, Time elapsed: 0.036 sec
    [junit] Tests run: 3, Failures: 0, Errors: 0, Time elapsed: 0.036 sec
    [junit] 
    [junit] Testcase: testSerialization took 0.027 sec
    [junit] Testcase: testEquals took 0.008 sec
    [junit] Testcase: testCloning took 0.001 sec
    [junit] dir attribute ignored if running in the same VM
    [junit] Running org.jfree.chart.axis.TickUnitsTest
    [junit] Testsuite: org.jfree.chart.axis.TickUnitsTest
    [junit] Tests run: 3, Failures: 0, Errors: 0, Time elapsed: 0.014 sec
    [junit] Tests run: 3, Failures: 0, Errors: 0, Time elapsed: 0.014 sec
    [junit] 
    [junit] Testcase: testSerialization took 0.013 sec
    [junit] Testcase: testEquals took 0 sec
    [junit] Testcase: testCloning took 0.001 sec
    [junit] dir attribute ignored if running in the same VM
    [junit] Running org.jfree.chart.axis.ValueAxisTest
    [junit] Testsuite: org.jfree.chart.axis.ValueAxisTest
    [junit] Tests run: 4, Failures: 0, Errors: 0, Time elapsed: 0.125 sec
    [junit] Tests run: 4, Failures: 0, Errors: 0, Time elapsed: 0.125 sec
    [junit] 
    [junit] Testcase: testEquals took 0.014 sec
    [junit] Testcase: testAxisMargins took 0.069 sec
    [junit] Testcase: testCloning took 0 sec
    [junit] Testcase: test3555275 took 0.041 sec
    [junit] dir attribute ignored if running in the same VM
    [junit] Running org.jfree.chart.block.AbstractBlockTest
    [junit] Testsuite: org.jfree.chart.block.AbstractBlockTest
    [junit] Tests run: 3, Failures: 0, Errors: 0, Time elapsed: 0.01 sec
    [junit] Tests run: 3, Failures: 0, Errors: 0, Time elapsed: 0.01 sec
    [junit] 
    [junit] Testcase: testSerialization took 0.008 sec
    [junit] Testcase: testEquals took 0 sec
    [junit] Testcase: testCloning took 0.001 sec
    [junit] dir attribute ignored if running in the same VM
    [junit] Running org.jfree.chart.block.BlockBorderTest
    [junit] Testsuite: org.jfree.chart.block.BlockBorderTest
    [junit] Tests run: 3, Failures: 0, Errors: 0, Time elapsed: 0.005 sec
    [junit] Tests run: 3, Failures: 0, Errors: 0, Time elapsed: 0.005 sec
    [junit] 
    [junit] Testcase: testSerialization took 0.004 sec
    [junit] Testcase: testEquals took 0 sec
    [junit] Testcase: testCloning took 0 sec
    [junit] dir attribute ignored if running in the same VM
    [junit] Running org.jfree.chart.block.BlockContainerTest
    [junit] Testsuite: org.jfree.chart.block.BlockContainerTest
    [junit] Tests run: 3, Failures: 0, Errors: 0, Time elapsed: 0.013 sec
    [junit] Tests run: 3, Failures: 0, Errors: 0, Time elapsed: 0.013 sec
    [junit] 
    [junit] Testcase: testSerialization took 0.011 sec
    [junit] Testcase: testEquals took 0.001 sec
    [junit] Testcase: testCloning took 0 sec
    [junit] dir attribute ignored if running in the same VM
    [junit] Running org.jfree.chart.block.BorderArrangementTest
    [junit] Testsuite: org.jfree.chart.block.BorderArrangementTest
    [junit] Tests run: 5, Failures: 0, Errors: 0, Time elapsed: 0.011 sec
    [junit] Tests run: 5, Failures: 0, Errors: 0, Time elapsed: 0.011 sec
    [junit] 
    [junit] Testcase: testSizing took 0.007 sec
    [junit] Testcase: testBugX took 0.001 sec
    [junit] Testcase: testSerialization took 0.001 sec
    [junit] Testcase: testEquals took 0 sec
    [junit] Testcase: testCloning took 0 sec
    [junit] dir attribute ignored if running in the same VM
    [junit] Running org.jfree.chart.block.ColorBlockTest
    [junit] Testsuite: org.jfree.chart.block.ColorBlockTest
    [junit] Tests run: 3, Failures: 0, Errors: 0, Time elapsed: 0.012 sec
    [junit] Tests run: 3, Failures: 0, Errors: 0, Time elapsed: 0.012 sec
    [junit] 
    [junit] Testcase: testSerialization took 0.01 sec
    [junit] Testcase: testEquals took 0 sec
    [junit] Testcase: testCloning took 0 sec
    [junit] dir attribute ignored if running in the same VM
    [junit] Running org.jfree.chart.block.ColumnArrangementTest
    [junit] Testsuite: org.jfree.chart.block.ColumnArrangementTest
    [junit] Tests run: 3, Failures: 0, Errors: 0, Time elapsed: 0.006 sec
    [junit] Tests run: 3, Failures: 0, Errors: 0, Time elapsed: 0.006 sec
    [junit] 
    [junit] Testcase: testSerialization took 0.005 sec
    [junit] Testcase: testEquals took 0.001 sec
    [junit] Testcase: testCloning took 0 sec
    [junit] dir attribute ignored if running in the same VM
    [junit] Running org.jfree.chart.block.EmptyBlockTest
    [junit] Testsuite: org.jfree.chart.block.EmptyBlockTest
    [junit] Tests run: 3, Failures: 0, Errors: 0, Time elapsed: 0.01 sec
    [junit] Tests run: 3, Failures: 0, Errors: 0, Time elapsed: 0.01 sec
    [junit] 
    [junit] Testcase: testSerialization took 0.009 sec
    [junit] Testcase: testEquals took 0 sec
    [junit] Testcase: testCloning took 0.001 sec
    [junit] dir attribute ignored if running in the same VM
    [junit] Running org.jfree.chart.block.FlowArrangementTest
    [junit] Testsuite: org.jfree.chart.block.FlowArrangementTest
    [junit] Tests run: 3, Failures: 0, Errors: 0, Time elapsed: 0.005 sec
    [junit] Tests run: 3, Failures: 0, Errors: 0, Time elapsed: 0.005 sec
    [junit] 
    [junit] Testcase: testSerialization took 0.005 sec
    [junit] Testcase: testEquals took 0 sec
    [junit] Testcase: testCloning took 0 sec
    [junit] dir attribute ignored if running in the same VM
    [junit] Running org.jfree.chart.block.GridArrangementTest
    [junit] Testsuite: org.jfree.chart.block.GridArrangementTest
    [junit] Tests run: 18, Failures: 0, Errors: 0, Time elapsed: 0.009 sec
    [junit] Tests run: 18, Failures: 0, Errors: 0, Time elapsed: 0.009 sec
    [junit] 
    [junit] Testcase: testNN took 0.004 sec
    [junit] Testcase: testNF took 0 sec
    [junit] Testcase: testRF took 0.001 sec
    [junit] Testcase: testSerialization took 0.001 sec
    [junit] Testcase: testEquals took 0 sec
    [junit] Testcase: testNullBlock_FF took 0 sec
    [junit] Testcase: testNullBlock_FN took 0 sec
    [junit] Testcase: testNullBlock_FR took 0 sec
    [junit] Testcase: testNullBlock_NN took 0 sec
    [junit] Testcase: testFN took 0 sec
    [junit] Testcase: testCloning took 0 sec
    [junit] Testcase: testRR took 0 sec
    [junit] Testcase: testRN took 0 sec
    [junit] Testcase: testNR took 0 sec
    [junit] Testcase: testGridNotFull_FF took 0 sec
    [junit] Testcase: testGridNotFull_FN took 0 sec
    [junit] Testcase: testGridNotFull_FR took 0 sec
    [junit] Testcase: testGridNotFull_NN took 0 sec
    [junit] dir attribute ignored if running in the same VM
    [junit] Running org.jfree.chart.block.LabelBlockTest
    [junit] Testsuite: org.jfree.chart.block.LabelBlockTest
    [junit] Tests run: 3, Failures: 0, Errors: 0, Time elapsed: 0.026 sec
    [junit] Tests run: 3, Failures: 0, Errors: 0, Time elapsed: 0.026 sec
    [junit] 
    [junit] Testcase: testSerialization took 0.024 sec
    [junit] Testcase: testEquals took 0 sec
    [junit] Testcase: testCloning took 0.001 sec
    [junit] dir attribute ignored if running in the same VM
    [junit] Running org.jfree.chart.block.LineBorderTest
    [junit] Testsuite: org.jfree.chart.block.LineBorderTest
    [junit] Tests run: 3, Failures: 0, Errors: 0, Time elapsed: 0.008 sec
    [junit] Tests run: 3, Failures: 0, Errors: 0, Time elapsed: 0.008 sec
    [junit] 
    [junit] Testcase: testSerialization took 0.007 sec
    [junit] Testcase: testEquals took 0 sec
    [junit] Testcase: testCloning took 0 sec
    [junit] dir attribute ignored if running in the same VM
    [junit] Running org.jfree.chart.block.RectangleConstraintTest
    [junit] Testsuite: org.jfree.chart.block.RectangleConstraintTest
    [junit] Tests run: 1, Failures: 0, Errors: 0, Time elapsed: 0.002 sec
    [junit] Tests run: 1, Failures: 0, Errors: 0, Time elapsed: 0.002 sec
    [junit] 
    [junit] Testcase: testCalculateConstrainedSize took 0.002 sec
    [junit] dir attribute ignored if running in the same VM
    [junit] Running org.jfree.chart.entity.CategoryItemEntityTest
    [junit] Testsuite: org.jfree.chart.entity.CategoryItemEntityTest
    [junit] Tests run: 3, Failures: 0, Errors: 0, Time elapsed: 0.013 sec
    [junit] Tests run: 3, Failures: 0, Errors: 0, Time elapsed: 0.013 sec
    [junit] 
    [junit] Testcase: testSerialization took 0.011 sec
    [junit] Testcase: testEquals took 0 sec
    [junit] Testcase: testCloning took 0 sec
    [junit] dir attribute ignored if running in the same VM
    [junit] Running org.jfree.chart.entity.CategoryLabelEntityTest
    [junit] Testsuite: org.jfree.chart.entity.CategoryLabelEntityTest
    [junit] Tests run: 3, Failures: 0, Errors: 0, Time elapsed: 0.006 sec
    [junit] Tests run: 3, Failures: 0, Errors: 0, Time elapsed: 0.006 sec
    [junit] 
    [junit] Testcase: testSerialization took 0.006 sec
    [junit] Testcase: testEquals took 0 sec
    [junit] Testcase: testCloning took 0 sec
    [junit] dir attribute ignored if running in the same VM
    [junit] Running org.jfree.chart.entity.ContourEntityTest
    [junit] Testsuite: org.jfree.chart.entity.ContourEntityTest
    [junit] Tests run: 3, Failures: 0, Errors: 0, Time elapsed: 0.006 sec
    [junit] Tests run: 3, Failures: 0, Errors: 0, Time elapsed: 0.006 sec
    [junit] 
    [junit] Testcase: testSerialization took 0.004 sec
    [junit] Testcase: testEquals took 0 sec
    [junit] Testcase: testCloning took 0 sec
    [junit] dir attribute ignored if running in the same VM
    [junit] Running org.jfree.chart.entity.LegendItemEntityTest
    [junit] Testsuite: org.jfree.chart.entity.LegendItemEntityTest
    [junit] Tests run: 3, Failures: 0, Errors: 0, Time elapsed: 0.007 sec
    [junit] Tests run: 3, Failures: 0, Errors: 0, Time elapsed: 0.007 sec
    [junit] 
    [junit] Testcase: testSerialization took 0.004 sec
    [junit] Testcase: testEquals took 0.002 sec
    [junit] Testcase: testCloning took 0 sec
    [junit] dir attribute ignored if running in the same VM
    [junit] Running org.jfree.chart.entity.PieSectionEntityTest
    [junit] Testsuite: org.jfree.chart.entity.PieSectionEntityTest
    [junit] Tests run: 3, Failures: 0, Errors: 0, Time elapsed: 0.008 sec
    [junit] Tests run: 3, Failures: 0, Errors: 0, Time elapsed: 0.008 sec
    [junit] 
    [junit] Testcase: testSerialization took 0.008 sec
    [junit] Testcase: testEquals took 0 sec
    [junit] Testcase: testCloning took 0 sec
    [junit] dir attribute ignored if running in the same VM
    [junit] Running org.jfree.chart.entity.StandardEntityCollectionTest
    [junit] Testsuite: org.jfree.chart.entity.StandardEntityCollectionTest
    [junit] Tests run: 3, Failures: 0, Errors: 0, Time elapsed: 0.008 sec
    [junit] Tests run: 3, Failures: 0, Errors: 0, Time elapsed: 0.008 sec
    [junit] 
    [junit] Testcase: testSerialization took 0.007 sec
    [junit] Testcase: testEquals took 0 sec
    [junit] Testcase: testCloning took 0 sec
    [junit] dir attribute ignored if running in the same VM
    [junit] Running org.jfree.chart.entity.TickLabelEntityTest
    [junit] Testsuite: org.jfree.chart.entity.TickLabelEntityTest
    [junit] Tests run: 3, Failures: 0, Errors: 0, Time elapsed: 0.005 sec
    [junit] Tests run: 3, Failures: 0, Errors: 0, Time elapsed: 0.005 sec
    [junit] 
    [junit] Testcase: testSerialization took 0.003 sec
    [junit] Testcase: testEquals took 0.001 sec
    [junit] Testcase: testCloning took 0 sec
    [junit] dir attribute ignored if running in the same VM
    [junit] Running org.jfree.chart.entity.XYItemEntityTest
    [junit] Testsuite: org.jfree.chart.entity.XYItemEntityTest
    [junit] Tests run: 3, Failures: 0, Errors: 0, Time elapsed: 0.007 sec
    [junit] Tests run: 3, Failures: 0, Errors: 0, Time elapsed: 0.007 sec
    [junit] 
    [junit] Testcase: testSerialization took 0.007 sec
    [junit] Testcase: testEquals took 0 sec
    [junit] Testcase: testCloning took 0 sec
    [junit] dir attribute ignored if running in the same VM
    [junit] Running org.jfree.chart.imagemap.DynamicDriveToolTipTagFragmentGeneratorTest
    [junit] Testsuite: org.jfree.chart.imagemap.DynamicDriveToolTipTagFragmentGeneratorTest
    [junit] Tests run: 1, Failures: 0, Errors: 0, Time elapsed: 0.002 sec
    [junit] Tests run: 1, Failures: 0, Errors: 0, Time elapsed: 0.002 sec
    [junit] 
    [junit] Testcase: testGenerateURLFragment took 0.001 sec
    [junit] dir attribute ignored if running in the same VM
    [junit] Running org.jfree.chart.imagemap.ImageMapUtilitiesTest
    [junit] Testsuite: org.jfree.chart.imagemap.ImageMapUtilitiesTest
    [junit] Tests run: 2, Failures: 0, Errors: 0, Time elapsed: 0.001 sec
    [junit] Tests run: 2, Failures: 0, Errors: 0, Time elapsed: 0.001 sec
    [junit] 
    [junit] Testcase: testJavascriptEscape took 0.001 sec
    [junit] Testcase: testHTMLEscape took 0 sec
    [junit] dir attribute ignored if running in the same VM
    [junit] Running org.jfree.chart.imagemap.OverLIBToolTipTagFragmentGeneratorTest
    [junit] Testsuite: org.jfree.chart.imagemap.OverLIBToolTipTagFragmentGeneratorTest
    [junit] Tests run: 1, Failures: 0, Errors: 0, Time elapsed: 0.001 sec
    [junit] Tests run: 1, Failures: 0, Errors: 0, Time elapsed: 0.001 sec
    [junit] 
    [junit] Testcase: testGenerateURLFragment took 0.001 sec
    [junit] dir attribute ignored if running in the same VM
    [junit] Running org.jfree.chart.imagemap.StandardToolTipTagFragmentGeneratorTest
    [junit] Testsuite: org.jfree.chart.imagemap.StandardToolTipTagFragmentGeneratorTest
    [junit] Tests run: 1, Failures: 0, Errors: 0, Time elapsed: 0.002 sec
    [junit] Tests run: 1, Failures: 0, Errors: 0, Time elapsed: 0.002 sec
    [junit] 
    [junit] Testcase: testGenerateURLFragment took 0.001 sec
    [junit] dir attribute ignored if running in the same VM
    [junit] Running org.jfree.chart.imagemap.StandardURLTagFragmentGeneratorTest
    [junit] Testsuite: org.jfree.chart.imagemap.StandardURLTagFragmentGeneratorTest
    [junit] Tests run: 1, Failures: 0, Errors: 0, Time elapsed: 0 sec
    [junit] Tests run: 1, Failures: 0, Errors: 0, Time elapsed: 0 sec
    [junit] 
    [junit] Testcase: testGenerateURLFragment took 0 sec
    [junit] dir attribute ignored if running in the same VM
    [junit] Running org.jfree.chart.labels.BoxAndWhiskerToolTipGeneratorTest
    [junit] Testsuite: org.jfree.chart.labels.BoxAndWhiskerToolTipGeneratorTest
    [junit] Tests run: 5, Failures: 0, Errors: 0, Time elapsed: 0.007 sec
    [junit] Tests run: 5, Failures: 0, Errors: 0, Time elapsed: 0.007 sec
    [junit] 
    [junit] Testcase: testSerialization took 0.004 sec
    [junit] Testcase: testEquals took 0 sec
    [junit] Testcase: testCloning took 0 sec
    [junit] Testcase: testHashCode took 0 sec
    [junit] Testcase: testPublicCloneable took 0.001 sec
    [junit] dir attribute ignored if running in the same VM
    [junit] Running org.jfree.chart.labels.BoxAndWhiskerXYToolTipGeneratorTest
    [junit] Testsuite: org.jfree.chart.labels.BoxAndWhiskerXYToolTipGeneratorTest
    [junit] Tests run: 5, Failures: 0, Errors: 0, Time elapsed: 0.008 sec
    [junit] Tests run: 5, Failures: 0, Errors: 0, Time elapsed: 0.008 sec
    [junit] 
    [junit] Testcase: testSerialization took 0.006 sec
    [junit] Testcase: testEquals took 0.001 sec
    [junit] Testcase: testCloning took 0 sec
    [junit] Testcase: testHashCode took 0 sec
    [junit] Testcase: testPublicCloneable took 0 sec
    [junit] dir attribute ignored if running in the same VM
    [junit] Running org.jfree.chart.labels.BubbleXYItemLabelGeneratorTest
    [junit] Testsuite: org.jfree.chart.labels.BubbleXYItemLabelGeneratorTest
    [junit] Tests run: 6, Failures: 0, Errors: 0, Time elapsed: 0.013 sec
    [junit] Tests run: 6, Failures: 0, Errors: 0, Time elapsed: 0.013 sec
    [junit] 
    [junit] Testcase: testGenerateLabel took 0.007 sec
    [junit] Testcase: testSerialization took 0.003 sec
    [junit] Testcase: testEquals took 0.001 sec
    [junit] Testcase: testCloning took 0 sec
    [junit] Testcase: testHashCode took 0.001 sec
    [junit] Testcase: testPublicCloneable took 0 sec
    [junit] dir attribute ignored if running in the same VM
    [junit] Running org.jfree.chart.labels.CustomXYItemLabelGeneratorTest
    [junit] Testsuite: org.jfree.chart.labels.CustomXYItemLabelGeneratorTest
    [junit] Tests run: 3, Failures: 0, Errors: 0, Time elapsed: 0.003 sec
    [junit] Tests run: 3, Failures: 0, Errors: 0, Time elapsed: 0.003 sec
    [junit] 
    [junit] Testcase: testSerialization took 0.002 sec
    [junit] Testcase: testCloning took 0 sec
    [junit] Testcase: testPublicCloneable took 0.001 sec
    [junit] dir attribute ignored if running in the same VM
    [junit] Running org.jfree.chart.labels.HighLowItemLabelGeneratorTest
    [junit] Testsuite: org.jfree.chart.labels.HighLowItemLabelGeneratorTest
    [junit] Tests run: 5, Failures: 0, Errors: 0, Time elapsed: 0.006 sec
    [junit] Tests run: 5, Failures: 0, Errors: 0, Time elapsed: 0.006 sec
    [junit] 
    [junit] Testcase: testSerialization took 0.004 sec
    [junit] Testcase: testEquals took 0.001 sec
    [junit] Testcase: testCloning took 0 sec
    [junit] Testcase: testHashCode took 0 sec
    [junit] Testcase: testPublicCloneable took 0.001 sec
    [junit] dir attribute ignored if running in the same VM
    [junit] Running org.jfree.chart.labels.IntervalCategoryItemLabelGeneratorTest
    [junit] Testsuite: org.jfree.chart.labels.IntervalCategoryItemLabelGeneratorTest
    [junit] Tests run: 5, Failures: 0, Errors: 0, Time elapsed: 0.008 sec
    [junit] Tests run: 5, Failures: 0, Errors: 0, Time elapsed: 0.008 sec
    [junit] 
    [junit] Testcase: testSerialization took 0.006 sec
    [junit] Testcase: testEquals took 0.001 sec
    [junit] Testcase: testCloning took 0 sec
    [junit] Testcase: testHashCode took 0.001 sec
    [junit] Testcase: testPublicCloneable took 0 sec
    [junit] dir attribute ignored if running in the same VM
    [junit] Running org.jfree.chart.labels.IntervalCategoryToolTipGeneratorTest
    [junit] Testsuite: org.jfree.chart.labels.IntervalCategoryToolTipGeneratorTest
    [junit] Tests run: 6, Failures: 0, Errors: 0, Time elapsed: 0.008 sec
    [junit] Tests run: 6, Failures: 0, Errors: 0, Time elapsed: 0.008 sec
    [junit] 
    [junit] Testcase: testSerialization took 0.006 sec
    [junit] Testcase: testEquals took 0 sec
    [junit] Testcase: testEquals2 took 0 sec
    [junit] Testcase: testCloning took 0 sec
    [junit] Testcase: testHashCode took 0 sec
    [junit] Testcase: testPublicCloneable took 0 sec
    [junit] dir attribute ignored if running in the same VM
    [junit] Running org.jfree.chart.labels.ItemLabelAnchorTest
    [junit] Testsuite: org.jfree.chart.labels.ItemLabelAnchorTest
    [junit] Tests run: 2, Failures: 0, Errors: 0, Time elapsed: 0.002 sec
    [junit] Tests run: 2, Failures: 0, Errors: 0, Time elapsed: 0.002 sec
    [junit] 
    [junit] Testcase: testSerialization took 0.001 sec
    [junit] Testcase: testEquals took 0 sec
    [junit] dir attribute ignored if running in the same VM
    [junit] Running org.jfree.chart.labels.ItemLabelPositionTest
    [junit] Testsuite: org.jfree.chart.labels.ItemLabelPositionTest
    [junit] Tests run: 2, Failures: 0, Errors: 0, Time elapsed: 0.003 sec
    [junit] Tests run: 2, Failures: 0, Errors: 0, Time elapsed: 0.003 sec
    [junit] 
    [junit] Testcase: testSerialization took 0.002 sec
    [junit] Testcase: testEquals took 0.001 sec
    [junit] dir attribute ignored if running in the same VM
    [junit] Running org.jfree.chart.labels.MultipleXYSeriesLabelGeneratorTest
    [junit] Testsuite: org.jfree.chart.labels.MultipleXYSeriesLabelGeneratorTest
    [junit] Tests run: 5, Failures: 0, Errors: 0, Time elapsed: 0.006 sec
    [junit] Tests run: 5, Failures: 0, Errors: 0, Time elapsed: 0.006 sec
    [junit] 
    [junit] Testcase: testSerialization took 0.004 sec
    [junit] Testcase: testEquals took 0 sec
    [junit] Testcase: testCloning took 0 sec
    [junit] Testcase: testHashCode took 0 sec
    [junit] Testcase: testPublicCloneable took 0.001 sec
    [junit] dir attribute ignored if running in the same VM
    [junit] Running org.jfree.chart.labels.StandardCategoryItemLabelGeneratorTest
    [junit] Testsuite: org.jfree.chart.labels.StandardCategoryItemLabelGeneratorTest
    [junit] Tests run: 7, Failures: 0, Errors: 0, Time elapsed: 0.014 sec
    [junit] Tests run: 7, Failures: 0, Errors: 0, Time elapsed: 0.014 sec
    [junit] 
    [junit] Testcase: testEquals1481087 took 0.002 sec
    [junit] Testcase: testGenerateLabel took 0.005 sec
    [junit] Testcase: testSerialization took 0.004 sec
    [junit] Testcase: testEquals took 0 sec
    [junit] Testcase: testCloning took 0 sec
    [junit] Testcase: testHashCode took 0.001 sec
    [junit] Testcase: testPublicCloneable took 0 sec
    [junit] dir attribute ignored if running in the same VM
    [junit] Running org.jfree.chart.labels.StandardCategorySeriesLabelGeneratorTest
    [junit] Testsuite: org.jfree.chart.labels.StandardCategorySeriesLabelGeneratorTest
    [junit] Tests run: 6, Failures: 0, Errors: 0, Time elapsed: 0.006 sec
    [junit] Tests run: 6, Failures: 0, Errors: 0, Time elapsed: 0.006 sec
    [junit] 
    [junit] Testcase: testGenerateLabel took 0.004 sec
    [junit] Testcase: testSerialization took 0.001 sec
    [junit] Testcase: testEquals took 0 sec
    [junit] Testcase: testCloning took 0 sec
    [junit] Testcase: testHashCode took 0.001 sec
    [junit] Testcase: testPublicCloneable took 0 sec
    [junit] dir attribute ignored if running in the same VM
    [junit] Running org.jfree.chart.labels.StandardCategoryToolTipGeneratorTest
    [junit] Testsuite: org.jfree.chart.labels.StandardCategoryToolTipGeneratorTest
    [junit] Tests run: 6, Failures: 0, Errors: 0, Time elapsed: 0.008 sec
    [junit] Tests run: 6, Failures: 0, Errors: 0, Time elapsed: 0.008 sec
    [junit] 
    [junit] Testcase: testEquals1481087 took 0.002 sec
    [junit] Testcase: testSerialization took 0.005 sec
    [junit] Testcase: testEquals took 0 sec
    [junit] Testcase: testCloning took 0 sec
    [junit] Testcase: testHashCode took 0.001 sec
    [junit] Testcase: testPublicCloneable took 0 sec
    [junit] dir attribute ignored if running in the same VM
    [junit] Running org.jfree.chart.labels.StandardContourToolTipGeneratorTest
    [junit] Testsuite: org.jfree.chart.labels.StandardContourToolTipGeneratorTest
    [junit] Tests run: 1, Failures: 0, Errors: 0, Time elapsed: 0.002 sec
    [junit] Tests run: 1, Failures: 0, Errors: 0, Time elapsed: 0.002 sec
    [junit] 
    [junit] Testcase: testSerialization took 0.002 sec
    [junit] dir attribute ignored if running in the same VM
    [junit] Running org.jfree.chart.labels.StandardPieSectionLabelGeneratorTest
    [junit] Testsuite: org.jfree.chart.labels.StandardPieSectionLabelGeneratorTest
    [junit] Tests run: 5, Failures: 0, Errors: 0, Time elapsed: 0.007 sec
    [junit] Tests run: 5, Failures: 0, Errors: 0, Time elapsed: 0.007 sec
    [junit] 
    [junit] Testcase: testSerialization took 0.004 sec
    [junit] Testcase: testEquals took 0.001 sec
    [junit] Testcase: testCloning took 0 sec
    [junit] Testcase: testHashCode took 0.001 sec
    [junit] Testcase: testPublicCloneable took 0 sec
    [junit] dir attribute ignored if running in the same VM
    [junit] Running org.jfree.chart.labels.StandardPieToolTipGeneratorTest
    [junit] Testsuite: org.jfree.chart.labels.StandardPieToolTipGeneratorTest
    [junit] Tests run: 5, Failures: 0, Errors: 0, Time elapsed: 0.005 sec
    [junit] Tests run: 5, Failures: 0, Errors: 0, Time elapsed: 0.005 sec
    [junit] 
    [junit] Testcase: testSerialization took 0.003 sec
    [junit] Testcase: testEquals took 0 sec
    [junit] Testcase: testCloning took 0.001 sec
    [junit] Testcase: testHashCode took 0 sec
    [junit] Testcase: testPublicCloneable took 0 sec
    [junit] dir attribute ignored if running in the same VM
    [junit] Running org.jfree.chart.labels.StandardXYItemLabelGeneratorTest
    [junit] Testsuite: org.jfree.chart.labels.StandardXYItemLabelGeneratorTest
    [junit] Tests run: 5, Failures: 0, Errors: 0, Time elapsed: 0.006 sec
    [junit] Tests run: 5, Failures: 0, Errors: 0, Time elapsed: 0.006 sec
    [junit] 
    [junit] Testcase: testSerialization took 0.004 sec
    [junit] Testcase: testEquals took 0 sec
    [junit] Testcase: testCloning took 0.001 sec
    [junit] Testcase: testHashCode took 0 sec
    [junit] Testcase: testPublicCloneable took 0 sec
    [junit] dir attribute ignored if running in the same VM
    [junit] Running org.jfree.chart.labels.StandardXYSeriesLabelGeneratorTest
    [junit] Testsuite: org.jfree.chart.labels.StandardXYSeriesLabelGeneratorTest
    [junit] Tests run: 6, Failures: 0, Errors: 0, Time elapsed: 0.008 sec
    [junit] Tests run: 6, Failures: 0, Errors: 0, Time elapsed: 0.008 sec
    [junit] 
    [junit] Testcase: testGenerateLabel took 0.005 sec
    [junit] Testcase: testSerialization took 0.001 sec
    [junit] Testcase: testEquals took 0 sec
    [junit] Testcase: testCloning took 0 sec
    [junit] Testcase: testHashCode took 0.001 sec
    [junit] Testcase: testPublicCloneable took 0 sec
    [junit] dir attribute ignored if running in the same VM
    [junit] Running org.jfree.chart.labels.StandardXYToolTipGeneratorTest
    [junit] Testsuite: org.jfree.chart.labels.StandardXYToolTipGeneratorTest
    [junit] Tests run: 5, Failures: 0, Errors: 0, Time elapsed: 0.006 sec
    [junit] Tests run: 5, Failures: 0, Errors: 0, Time elapsed: 0.006 sec
    [junit] 
    [junit] Testcase: testSerialization took 0.003 sec
    [junit] Testcase: testEquals took 0.001 sec
    [junit] Testcase: testCloning took 0 sec
    [junit] Testcase: testHashCode took 0.001 sec
    [junit] Testcase: testPublicCloneable took 0 sec
    [junit] dir attribute ignored if running in the same VM
    [junit] Running org.jfree.chart.labels.StandardXYZToolTipGeneratorTest
    [junit] Testsuite: org.jfree.chart.labels.StandardXYZToolTipGeneratorTest
    [junit] Tests run: 5, Failures: 0, Errors: 0, Time elapsed: 0.006 sec
    [junit] Tests run: 5, Failures: 0, Errors: 0, Time elapsed: 0.006 sec
    [junit] 
    [junit] Testcase: testSerialization took 0.005 sec
    [junit] Testcase: testEquals took 0 sec
    [junit] Testcase: testCloning took 0 sec
    [junit] Testcase: testHashCode took 0.001 sec
    [junit] Testcase: testPublicCloneable took 0 sec
    [junit] dir attribute ignored if running in the same VM
    [junit] Running org.jfree.chart.labels.SymbolicXYItemLabelGeneratorTest
    [junit] Testsuite: org.jfree.chart.labels.SymbolicXYItemLabelGeneratorTest
    [junit] Tests run: 5, Failures: 0, Errors: 0, Time elapsed: 0.003 sec
    [junit] Tests run: 5, Failures: 0, Errors: 0, Time elapsed: 0.003 sec
    [junit] 
    [junit] Testcase: testSerialization took 0.002 sec
    [junit] Testcase: testEquals took 0 sec
    [junit] Testcase: testCloning took 0 sec
    [junit] Testcase: testHashCode took 0 sec
    [junit] Testcase: testPublicCloneable took 0 sec
    [junit] dir attribute ignored if running in the same VM
    [junit] Running org.jfree.chart.needle.ArrowNeedleTest
    [junit] Testsuite: org.jfree.chart.needle.ArrowNeedleTest
    [junit] Tests run: 3, Failures: 0, Errors: 0, Time elapsed: 0.004 sec
    [junit] Tests run: 3, Failures: 0, Errors: 0, Time elapsed: 0.004 sec
    [junit] 
    [junit] Testcase: testSerialization took 0.004 sec
    [junit] Testcase: testEquals took 0 sec
    [junit] Testcase: testCloning took 0 sec
    [junit] dir attribute ignored if running in the same VM
    [junit] Running org.jfree.chart.needle.LineNeedleTest
    [junit] Testsuite: org.jfree.chart.needle.LineNeedleTest
    [junit] Tests run: 3, Failures: 0, Errors: 0, Time elapsed: 0.005 sec
    [junit] Tests run: 3, Failures: 0, Errors: 0, Time elapsed: 0.005 sec
    [junit] 
    [junit] Testcase: testSerialization took 0.004 sec
    [junit] Testcase: testEquals took 0 sec
    [junit] Testcase: testCloning took 0 sec
    [junit] dir attribute ignored if running in the same VM
    [junit] Running org.jfree.chart.needle.LongNeedleTest
    [junit] Testsuite: org.jfree.chart.needle.LongNeedleTest
    [junit] Tests run: 3, Failures: 0, Errors: 0, Time elapsed: 0.004 sec
    [junit] Tests run: 3, Failures: 0, Errors: 0, Time elapsed: 0.004 sec
    [junit] 
    [junit] Testcase: testSerialization took 0.004 sec
    [junit] Testcase: testEquals took 0 sec
    [junit] Testcase: testCloning took 0 sec
    [junit] dir attribute ignored if running in the same VM
    [junit] Running org.jfree.chart.needle.MeterNeedleTest
    [junit] Testsuite: org.jfree.chart.needle.MeterNeedleTest
    [junit] Tests run: 1, Failures: 0, Errors: 0, Time elapsed: 0.002 sec
    [junit] Tests run: 1, Failures: 0, Errors: 0, Time elapsed: 0.002 sec
    [junit] 
    [junit] Testcase: testEquals took 0.001 sec
    [junit] dir attribute ignored if running in the same VM
    [junit] Running org.jfree.chart.needle.MiddlePinNeedleTest
    [junit] Testsuite: org.jfree.chart.needle.MiddlePinNeedleTest
    [junit] Tests run: 3, Failures: 0, Errors: 0, Time elapsed: 0.005 sec
    [junit] Tests run: 3, Failures: 0, Errors: 0, Time elapsed: 0.005 sec
    [junit] 
    [junit] Testcase: testSerialization took 0.005 sec
    [junit] Testcase: testEquals took 0 sec
    [junit] Testcase: testCloning took 0 sec
    [junit] dir attribute ignored if running in the same VM
    [junit] Running org.jfree.chart.needle.PinNeedleTest
    [junit] Testsuite: org.jfree.chart.needle.PinNeedleTest
    [junit] Tests run: 3, Failures: 0, Errors: 0, Time elapsed: 0.005 sec
    [junit] Tests run: 3, Failures: 0, Errors: 0, Time elapsed: 0.005 sec
    [junit] 
    [junit] Testcase: testSerialization took 0.004 sec
    [junit] Testcase: testEquals took 0 sec
    [junit] Testcase: testCloning took 0 sec
    [junit] dir attribute ignored if running in the same VM
    [junit] Running org.jfree.chart.needle.PlumNeedleTest
    [junit] Testsuite: org.jfree.chart.needle.PlumNeedleTest
    [junit] Tests run: 3, Failures: 0, Errors: 0, Time elapsed: 0.004 sec
    [junit] Tests run: 3, Failures: 0, Errors: 0, Time elapsed: 0.004 sec
    [junit] 
    [junit] Testcase: testSerialization took 0.004 sec
    [junit] Testcase: testEquals took 0 sec
    [junit] Testcase: testCloning took 0 sec
    [junit] dir attribute ignored if running in the same VM
    [junit] Running org.jfree.chart.needle.PointerNeedleTest
    [junit] Testsuite: org.jfree.chart.needle.PointerNeedleTest
    [junit] Tests run: 3, Failures: 0, Errors: 0, Time elapsed: 0.004 sec
    [junit] Tests run: 3, Failures: 0, Errors: 0, Time elapsed: 0.004 sec
    [junit] 
    [junit] Testcase: testSerialization took 0.004 sec
    [junit] Testcase: testEquals took 0 sec
    [junit] Testcase: testCloning took 0 sec
    [junit] dir attribute ignored if running in the same VM
    [junit] Running org.jfree.chart.needle.ShipNeedleTest
    [junit] Testsuite: org.jfree.chart.needle.ShipNeedleTest
    [junit] Tests run: 3, Failures: 0, Errors: 0, Time elapsed: 0.004 sec
    [junit] Tests run: 3, Failures: 0, Errors: 0, Time elapsed: 0.004 sec
    [junit] 
    [junit] Testcase: testSerialization took 0.004 sec
    [junit] Testcase: testEquals took 0 sec
    [junit] Testcase: testCloning took 0 sec
    [junit] dir attribute ignored if running in the same VM
    [junit] Running org.jfree.chart.needle.WindNeedleTest
    [junit] Testsuite: org.jfree.chart.needle.WindNeedleTest
    [junit] Tests run: 3, Failures: 0, Errors: 0, Time elapsed: 0.005 sec
    [junit] Tests run: 3, Failures: 0, Errors: 0, Time elapsed: 0.005 sec
    [junit] 
    [junit] Testcase: testSerialization took 0.005 sec
    [junit] Testcase: testEquals took 0 sec
    [junit] Testcase: testCloning took 0 sec
    [junit] dir attribute ignored if running in the same VM
    [junit] Running org.jfree.chart.panel.CrosshairOverlayTest
    [junit] Testsuite: org.jfree.chart.panel.CrosshairOverlayTest
    [junit] Tests run: 3, Failures: 0, Errors: 0, Time elapsed: 0.011 sec
    [junit] Tests run: 3, Failures: 0, Errors: 0, Time elapsed: 0.011 sec
    [junit] 
    [junit] Testcase: testSerialization took 0.01 sec
    [junit] Testcase: testEquals took 0 sec
    [junit] Testcase: testCloning took 0.001 sec
    [junit] dir attribute ignored if running in the same VM
    [junit] Running org.jfree.chart.plot.CategoryMarkerTest
    [junit] Testsuite: org.jfree.chart.plot.CategoryMarkerTest
    [junit] Tests run: 5, Failures: 0, Errors: 0, Time elapsed: 0.01 sec
    [junit] Tests run: 5, Failures: 0, Errors: 0, Time elapsed: 0.01 sec
    [junit] 
    [junit] Testcase: testSerialization took 0.008 sec
    [junit] Testcase: testEquals took 0 sec
    [junit] Testcase: testGetSetKey took 0 sec
    [junit] Testcase: testCloning took 0 sec
    [junit] Testcase: testGetSetDrawAsLine took 0 sec
    [junit] dir attribute ignored if running in the same VM
    [junit] Running org.jfree.chart.plot.CategoryPlotTest
    [junit] Testsuite: org.jfree.chart.plot.CategoryPlotTest
    [junit] Tests run: 23, Failures: 0, Errors: 0, Time elapsed: 0.259 sec
    [junit] Tests run: 23, Failures: 0, Errors: 0, Time elapsed: 0.259 sec
    [junit] 
    [junit] Testcase: testSerialization took 0.081 sec
    [junit] Testcase: testEquals took 0.057 sec
    [junit] Testcase: testSerialization2 took 0.008 sec
    [junit] Testcase: testRemoveDomainMarker took 0.001 sec
    [junit] Testcase: testRemoveRangeMarker took 0 sec
    [junit] Testcase: testGetDomainAxisForDataset took 0 sec
    [junit] Testcase: test1169972 took 0 sec
    [junit] Testcase: testAddDomainMarker took 0.001 sec
    [junit] Testcase: testAddRangeMarker took 0 sec
    [junit] Testcase: testCloning took 0.001 sec
    [junit] Testcase: testSerialization3 took 0.078 sec
    [junit] Testcase: testSerialization4 took 0.015 sec
    [junit] Testcase: testSerialization5 took 0.007 sec
    [junit] Testcase: testSetRenderer took 0.001 sec
    [junit] Testcase: testGetRangeAxisForDataset took 0 sec
    [junit] Testcase: testCloning3 took 0.001 sec
    [junit] Testcase: testBug2817504 took 0 sec
    [junit] Testcase: testConstructor took 0 sec
    [junit] Testcase: test1654215 took 0.003 sec
    [junit] Testcase: testGetDomainAxisIndex took 0 sec
    [junit] Testcase: testGetRangeAxisIndex took 0.001 sec
    [junit] Testcase: testAxisRange took 0.001 sec
    [junit] Testcase: testCloning2 took 0 sec
    [junit] dir attribute ignored if running in the same VM
    [junit] Running org.jfree.chart.plot.ColorPaletteTest
    [junit] Testsuite: org.jfree.chart.plot.ColorPaletteTest
    [junit] Tests run: 2, Failures: 0, Errors: 0, Time elapsed: 0.001 sec
    [junit] Tests run: 2, Failures: 0, Errors: 0, Time elapsed: 0.001 sec
    [junit] 
    [junit] Testcase: testEquals took 0.001 sec
    [junit] Testcase: testCloning took 0 sec
    [junit] dir attribute ignored if running in the same VM
    [junit] Running org.jfree.chart.plot.CombinedDomainCategoryPlotTest
    [junit] Testsuite: org.jfree.chart.plot.CombinedDomainCategoryPlotTest
    [junit] Tests run: 5, Failures: 0, Errors: 0, Time elapsed: 0.119 sec
    [junit] Tests run: 5, Failures: 0, Errors: 0, Time elapsed: 0.119 sec
    [junit] 
    [junit] Testcase: testSerialization took 0.075 sec
    [junit] Testcase: testEquals took 0.005 sec
    [junit] Testcase: testNotification took 0.036 sec
    [junit] Testcase: testRemoveSubplot took 0 sec
    [junit] Testcase: testCloning took 0.002 sec
    [junit] dir attribute ignored if running in the same VM
    [junit] Running org.jfree.chart.plot.CombinedDomainXYPlotTest
    [junit] Testsuite: org.jfree.chart.plot.CombinedDomainXYPlotTest
    [junit] Tests run: 6, Failures: 0, Errors: 0, Time elapsed: 0.155 sec
    [junit] Tests run: 6, Failures: 0, Errors: 0, Time elapsed: 0.155 sec
    [junit] 
    [junit] Testcase: testConstructor1 took 0.01 sec
    [junit] Testcase: testSerialization took 0.072 sec
    [junit] Testcase: testEquals took 0.009 sec
    [junit] Testcase: testNotification took 0.059 sec
    [junit] Testcase: testRemoveSubplot took 0 sec
    [junit] Testcase: testCloning took 0.004 sec
    [junit] dir attribute ignored if running in the same VM
    [junit] Running org.jfree.chart.plot.CombinedRangeCategoryPlotTest
    [junit] Testsuite: org.jfree.chart.plot.CombinedRangeCategoryPlotTest
    [junit] Tests run: 5, Failures: 0, Errors: 0, Time elapsed: 0.19 sec
    [junit] Tests run: 5, Failures: 0, Errors: 0, Time elapsed: 0.19 sec
    [junit] 
    [junit] Testcase: testSerialization took 0.11 sec
    [junit] Testcase: testEquals took 0.003 sec
    [junit] Testcase: testNotification took 0.072 sec
    [junit] Testcase: testRemoveSubplot took 0.001 sec
    [junit] Testcase: testCloning took 0.002 sec
    [junit] dir attribute ignored if running in the same VM
    [junit] Running org.jfree.chart.plot.CombinedRangeXYPlotTest
    [junit] Testsuite: org.jfree.chart.plot.CombinedRangeXYPlotTest
    [junit] Tests run: 5, Failures: 0, Errors: 0, Time elapsed: 0.157 sec
    [junit] Tests run: 5, Failures: 0, Errors: 0, Time elapsed: 0.157 sec
    [junit] 
    [junit] Testcase: testSerialization took 0.099 sec
    [junit] Testcase: testEquals took 0.007 sec
    [junit] Testcase: testNotification took 0.047 sec
    [junit] Testcase: testRemoveSubplot took 0.001 sec
    [junit] Testcase: testCloning took 0.003 sec
    [junit] dir attribute ignored if running in the same VM
    [junit] Running org.jfree.chart.plot.CompassPlotTest
    [junit] Testsuite: org.jfree.chart.plot.CompassPlotTest
    [junit] Tests run: 3, Failures: 0, Errors: 0, Time elapsed: 0.026 sec
    [junit] Tests run: 3, Failures: 0, Errors: 0, Time elapsed: 0.026 sec
    [junit] 
    [junit] Testcase: testSerialization took 0.023 sec
    [junit] Testcase: testEquals took 0 sec
    [junit] Testcase: testCloning took 0 sec
    [junit] dir attribute ignored if running in the same VM
    [junit] Running org.jfree.chart.plot.ContourPlotTest
    [junit] Testsuite: org.jfree.chart.plot.ContourPlotTest
    [junit] Tests run: 1, Failures: 0, Errors: 0, Time elapsed: 0.021 sec
    [junit] Tests run: 1, Failures: 0, Errors: 0, Time elapsed: 0.021 sec
    [junit] 
    [junit] Testcase: testSerialization took 0.021 sec
    [junit] dir attribute ignored if running in the same VM
    [junit] Running org.jfree.chart.plot.CrosshairTest
    [junit] Testsuite: org.jfree.chart.plot.CrosshairTest
    [junit] Tests run: 5, Failures: 0, Errors: 0, Time elapsed: 0.007 sec
    [junit] Tests run: 5, Failures: 0, Errors: 0, Time elapsed: 0.007 sec
    [junit] 
    [junit] Testcase: testSerialization took 0.005 sec
    [junit] Testcase: testEquals took 0 sec
    [junit] Testcase: testCloning took 0.001 sec
    [junit] Testcase: testHashCode took 0 sec
    [junit] Testcase: testPublicCloneable took 0 sec
    [junit] dir attribute ignored if running in the same VM
    [junit] Running org.jfree.chart.plot.DefaultDrawingSupplierTest
    [junit] Testsuite: org.jfree.chart.plot.DefaultDrawingSupplierTest
    [junit] Tests run: 3, Failures: 0, Errors: 0, Time elapsed: 0.006 sec
    [junit] Tests run: 3, Failures: 0, Errors: 0, Time elapsed: 0.006 sec
    [junit] 
    [junit] Testcase: testSerialization took 0.005 sec
    [junit] Testcase: testEquals took 0 sec
    [junit] Testcase: testCloning took 0 sec
    [junit] dir attribute ignored if running in the same VM
    [junit] Running org.jfree.chart.plot.FastScatterPlotTest
    [junit] Testsuite: org.jfree.chart.plot.FastScatterPlotTest
    [junit] Tests run: 5, Failures: 0, Errors: 0, Time elapsed: 0.13 sec
    [junit] Tests run: 5, Failures: 0, Errors: 0, Time elapsed: 0.13 sec
    [junit] 
    [junit] Testcase: testDrawWithNullInfo took 0.095 sec
    [junit] Testcase: testSerialization took 0.025 sec
    [junit] Testcase: testEquals took 0.007 sec
    [junit] Testcase: testEquals2 took 0.003 sec
    [junit] Testcase: testCloning took 0 sec
    [junit] dir attribute ignored if running in the same VM
    [junit] Running org.jfree.chart.plot.IntervalMarkerTest
    [junit] Testsuite: org.jfree.chart.plot.IntervalMarkerTest
    [junit] Tests run: 5, Failures: 0, Errors: 0, Time elapsed: 0.024 sec
    [junit] Tests run: 5, Failures: 0, Errors: 0, Time elapsed: 0.024 sec
    [junit] 
    [junit] Testcase: testSerialization took 0.013 sec
    [junit] Testcase: testEquals took 0 sec
    [junit] Testcase: testCloning took 0 sec
    [junit] Testcase: testGetSetStartValue took 0 sec
    [junit] Testcase: testGetSetEndValue took 0.001 sec
    [junit] dir attribute ignored if running in the same VM
    [junit] Running org.jfree.chart.plot.MeterIntervalTest
    [junit] Testsuite: org.jfree.chart.plot.MeterIntervalTest
    [junit] Tests run: 3, Failures: 0, Errors: 0, Time elapsed: 0.004 sec
    [junit] Tests run: 3, Failures: 0, Errors: 0, Time elapsed: 0.004 sec
    [junit] 
    [junit] Testcase: testSerialization took 0.004 sec
    [junit] Testcase: testEquals took 0 sec
    [junit] Testcase: testCloning took 0 sec
    [junit] dir attribute ignored if running in the same VM
    [junit] Running org.jfree.chart.plot.MeterPlotTest
    [junit] Testsuite: org.jfree.chart.plot.MeterPlotTest
    [junit] Tests run: 4, Failures: 0, Errors: 0, Time elapsed: 0.022 sec
    [junit] Tests run: 4, Failures: 0, Errors: 0, Time elapsed: 0.022 sec
    [junit] 
    [junit] Testcase: testSerialization1 took 0.018 sec
    [junit] Testcase: testEquals took 0.001 sec
    [junit] Testcase: testSerialization2 took 0.003 sec
    [junit] Testcase: testCloning took 0 sec
    [junit] dir attribute ignored if running in the same VM
    [junit] Running org.jfree.chart.plot.MultiplePiePlotTest
    [junit] Testsuite: org.jfree.chart.plot.MultiplePiePlotTest
    [junit] Tests run: 5, Failures: 0, Errors: 0, Time elapsed: 0.082 sec
    [junit] Tests run: 5, Failures: 0, Errors: 0, Time elapsed: 0.082 sec
    [junit] 
    [junit] Testcase: testSerialization took 0.05 sec
    [junit] Testcase: testEquals took 0.028 sec
    [junit] Testcase: testCloning took 0.001 sec
    [junit] Testcase: testConstructor took 0.001 sec
    [junit] Testcase: testGetLegendItems took 0.002 sec
    [junit] dir attribute ignored if running in the same VM
    [junit] Running org.jfree.chart.plot.PieLabelRecordTest
    [junit] Testsuite: org.jfree.chart.plot.PieLabelRecordTest
    [junit] Tests run: 3, Failures: 0, Errors: 0, Time elapsed: 0.01 sec
    [junit] Tests run: 3, Failures: 0, Errors: 0, Time elapsed: 0.01 sec
    [junit] 
    [junit] Testcase: testSerialization took 0.01 sec
    [junit] Testcase: testEquals took 0 sec
    [junit] Testcase: testCloning took 0 sec
    [junit] dir attribute ignored if running in the same VM
    [junit] Running org.jfree.chart.plot.PiePlot3DTest
    [junit] Testsuite: org.jfree.chart.plot.PiePlot3DTest
    [junit] Tests run: 3, Failures: 0, Errors: 0, Time elapsed: 0.088 sec
    [junit] Tests run: 3, Failures: 0, Errors: 0, Time elapsed: 0.088 sec
    [junit] 
    [junit] Testcase: testSerialization took 0.03 sec
    [junit] Testcase: testEquals took 0 sec
    [junit] Testcase: testDrawWithNullDataset took 0.058 sec
    [junit] dir attribute ignored if running in the same VM
    [junit] Running org.jfree.chart.plot.PiePlotTest
    [junit] Testsuite: org.jfree.chart.plot.PiePlotTest
    [junit] Tests run: 11, Failures: 0, Errors: 0, Time elapsed: 0.102 sec
    [junit] Tests run: 11, Failures: 0, Errors: 0, Time elapsed: 0.102 sec
    [junit] 
    [junit] Testcase: testSerialization took 0.026 sec
    [junit] Testcase: testEquals took 0.006 sec
    [junit] Testcase: testCloning took 0.001 sec
    [junit] Testcase: testCloning_LegendLabelURLGenerator took 0 sec
    [junit] Testcase: testDrawWithNullLegendLabels took 0.066 sec
    [junit] Testcase: testCloning_URLGenerator took 0 sec
    [junit] Testcase: testCloning_LegendItemShape took 0 sec
    [junit] Testcase: testGetLegendItems took 0.003 sec
    [junit] Testcase: testCloning_LegendLabelGenerator took 0 sec
    [junit] Testcase: testCloning_LegendLabelToolTipGenerator took 0 sec
    [junit] Testcase: testGetBaseSectionPaint took 0 sec
    [junit] dir attribute ignored if running in the same VM
    [junit] Running org.jfree.chart.plot.PlotOrientationTest
    [junit] Testsuite: org.jfree.chart.plot.PlotOrientationTest
    [junit] Tests run: 2, Failures: 0, Errors: 0, Time elapsed: 0.002 sec
    [junit] Tests run: 2, Failures: 0, Errors: 0, Time elapsed: 0.002 sec
    [junit] 
    [junit] Testcase: testSerialization took 0.002 sec
    [junit] Testcase: testEquals took 0 sec
    [junit] dir attribute ignored if running in the same VM
    [junit] Running org.jfree.chart.plot.PlotRenderingInfoTest
    [junit] Testsuite: org.jfree.chart.plot.PlotRenderingInfoTest
    [junit] Tests run: 3, Failures: 0, Errors: 0, Time elapsed: 0.005 sec
    [junit] Tests run: 3, Failures: 0, Errors: 0, Time elapsed: 0.005 sec
    [junit] 
    [junit] Testcase: testSerialization took 0.005 sec
    [junit] Testcase: testEquals took 0 sec
    [junit] Testcase: testCloning took 0 sec
    [junit] dir attribute ignored if running in the same VM
    [junit] Running org.jfree.chart.plot.PlotTest
    [junit] Testsuite: org.jfree.chart.plot.PlotTest
    [junit] Tests run: 1, Failures: 0, Errors: 0, Time elapsed: 0.038 sec
    [junit] Tests run: 1, Failures: 0, Errors: 0, Time elapsed: 0.038 sec
    [junit] 
    [junit] Testcase: testEquals took 0.038 sec
    [junit] dir attribute ignored if running in the same VM
    [junit] Running org.jfree.chart.plot.PolarPlotTest
    [junit] Testsuite: org.jfree.chart.plot.PolarPlotTest
    [junit] Tests run: 8, Failures: 0, Errors: 0, Time elapsed: 0.084 sec
    [junit] Tests run: 8, Failures: 0, Errors: 0, Time elapsed: 0.084 sec
    [junit] 
    [junit] Testcase: testSerialization took 0.032 sec
    [junit] Testcase: testEquals took 0.019 sec
    [junit] Testcase: testCloning took 0.019 sec
    [junit] Testcase: testTranslateToJava2D_NumberAxisAndMargin took 0.001 sec
    [junit] Testcase: testGetLegendItems2 took 0.006 sec
    [junit] Testcase: testTranslateToJava2D_NumberAxis took 0.001 sec
    [junit] Testcase: testGetLegendItems took 0 sec
    [junit] Testcase: testTranslateToJava2D_LogAxis took 0.003 sec
    [junit] dir attribute ignored if running in the same VM
    [junit] Running org.jfree.chart.plot.RingPlotTest
    [junit] Testsuite: org.jfree.chart.plot.RingPlotTest
    [junit] Tests run: 3, Failures: 0, Errors: 0, Time elapsed: 0.046 sec
    [junit] Tests run: 3, Failures: 0, Errors: 0, Time elapsed: 0.046 sec
    [junit] 
    [junit] Testcase: testSerialization took 0.045 sec
    [junit] Testcase: testEquals took 0.001 sec
    [junit] Testcase: testCloning took 0 sec
    [junit] dir attribute ignored if running in the same VM
    [junit] Running org.jfree.chart.plot.SpiderWebPlotTest
    [junit] Testsuite: org.jfree.chart.plot.SpiderWebPlotTest
    [junit] Tests run: 5, Failures: 0, Errors: 0, Time elapsed: 0.088 sec
    [junit] Tests run: 5, Failures: 0, Errors: 0, Time elapsed: 0.088 sec
    [junit] 
    [junit] Testcase: testDrawWithNullInfo took 0.071 sec
    [junit] Testcase: testSerialization took 0.014 sec
    [junit] Testcase: testEquals took 0.003 sec
    [junit] Testcase: testCloning took 0 sec
    [junit] Testcase: testGetLegendItems took 0 sec
    [junit] dir attribute ignored if running in the same VM
    [junit] Running org.jfree.chart.plot.ThermometerPlotTest
    [junit] Testsuite: org.jfree.chart.plot.ThermometerPlotTest
    [junit] Tests run: 5, Failures: 0, Errors: 0, Time elapsed: 0.061 sec
    [junit] Tests run: 5, Failures: 0, Errors: 0, Time elapsed: 0.061 sec
    [junit] 
    [junit] Testcase: testSerialization took 0.051 sec
    [junit] Testcase: testEquals took 0.004 sec
    [junit] Testcase: testSerialization2 took 0.004 sec
    [junit] Testcase: testCloning took 0.001 sec
    [junit] Testcase: testSetUnits took 0.001 sec
    [junit] dir attribute ignored if running in the same VM
    [junit] Running org.jfree.chart.plot.ValueMarkerTest
    [junit] Testsuite: org.jfree.chart.plot.ValueMarkerTest
    [junit] Tests run: 6, Failures: 0, Errors: 0, Time elapsed: 0.013 sec
    [junit] Tests run: 6, Failures: 0, Errors: 0, Time elapsed: 0.013 sec
    [junit] 
    [junit] Testcase: testSerialization took 0.01 sec
    [junit] Testcase: testEquals took 0 sec
    [junit] Testcase: testCloning took 0 sec
    [junit] Testcase: testGetSetValue took 0 sec
    [junit] Testcase: test1802195 took 0 sec
    [junit] Testcase: test1808376 took 0 sec
    [junit] dir attribute ignored if running in the same VM
    [junit] Running org.jfree.chart.plot.XYPlotTest
    [junit] Testsuite: org.jfree.chart.plot.XYPlotTest
    [junit] Tests run: 28, Failures: 0, Errors: 0, Time elapsed: 0.341 sec
    [junit] Tests run: 28, Failures: 0, Errors: 0, Time elapsed: 0.341 sec
    [junit] 
    [junit] Testcase: testSerialization1 took 0.091 sec
    [junit] Testcase: testEquals took 0.031 sec
    [junit] Testcase: testSerialization2 took 0.052 sec
    [junit] Testcase: testRemoveDomainMarker took 0 sec
    [junit] Testcase: testRemoveRangeMarker took 0 sec
    [junit] Testcase: testGetDomainAxisForDataset took 0.005 sec
    [junit] Testcase: testAddDomainMarker took 0 sec
    [junit] Testcase: testAddRangeMarker took 0.001 sec
    [junit] Testcase: testCloning took 0 sec
    [junit] Testcase: testSerialization3 took 0.099 sec
    [junit] Testcase: testSerialization4 took 0.019 sec
    [junit] Testcase: testSerialization5 took 0.007 sec
    [junit] Testcase: testSetRenderer took 0.001 sec
    [junit] Testcase: testGetRangeAxisForDataset took 0.001 sec
    [junit] Testcase: testCloning3 took 0.001 sec
    [junit] Testcase: testBug2817504 took 0.001 sec
    [junit] Testcase: test1654215 took 0.005 sec
    [junit] Testcase: testCloning2 took 0.002 sec
    [junit] Testcase: testCloning_QuadrantPaint took 0 sec
    [junit] Testcase: testCloneIndependence took 0.003 sec
    [junit] Testcase: testSetNullRenderer took 0.001 sec
    [junit] Testcase: testGetRendererForDataset took 0 sec
    [junit] Testcase: testGetLegendItems took 0.002 sec
    [junit] Testcase: testCloning4 took 0.001 sec
    [junit] Testcase: testCloning_QuadrantOrigin took 0.001 sec
    [junit] Testcase: testDrawSeriesWithZeroItems took 0.008 sec
    [junit] Testcase: testRemoveAnnotation took 0.002 sec
    [junit] Testcase: testDrawRangeGridlines took 0.005 sec
    [junit] dir attribute ignored if running in the same VM
    [junit] Running org.jfree.chart.plot.dial.AbstractDialLayerTest
    [junit] Testsuite: org.jfree.chart.plot.dial.AbstractDialLayerTest
    [junit] Tests run: 3, Failures: 0, Errors: 0, Time elapsed: 0.009 sec
    [junit] Tests run: 3, Failures: 0, Errors: 0, Time elapsed: 0.009 sec
    [junit] 
    [junit] Testcase: testSerialization took 0.008 sec
    [junit] Testcase: testEquals took 0.001 sec
    [junit] Testcase: testCloning took 0 sec
    [junit] dir attribute ignored if running in the same VM
    [junit] Running org.jfree.chart.plot.dial.ArcDialFrameTest
    [junit] Testsuite: org.jfree.chart.plot.dial.ArcDialFrameTest
    [junit] Tests run: 4, Failures: 0, Errors: 0, Time elapsed: 0.01 sec
    [junit] Tests run: 4, Failures: 0, Errors: 0, Time elapsed: 0.01 sec
    [junit] 
    [junit] Testcase: testSerialization took 0.008 sec
    [junit] Testcase: testEquals took 0.001 sec
    [junit] Testcase: testCloning took 0 sec
    [junit] Testcase: testHashCode took 0.001 sec
    [junit] dir attribute ignored if running in the same VM
    [junit] Running org.jfree.chart.plot.dial.DialBackgroundTest
    [junit] Testsuite: org.jfree.chart.plot.dial.DialBackgroundTest
    [junit] Tests run: 4, Failures: 0, Errors: 0, Time elapsed: 0.009 sec
    [junit] Tests run: 4, Failures: 0, Errors: 0, Time elapsed: 0.009 sec
    [junit] 
    [junit] Testcase: testSerialization took 0.008 sec
    [junit] Testcase: testEquals took 0.001 sec
    [junit] Testcase: testCloning took 0 sec
    [junit] Testcase: testHashCode took 0 sec
    [junit] dir attribute ignored if running in the same VM
    [junit] Running org.jfree.chart.plot.dial.DialCapTest
    [junit] Testsuite: org.jfree.chart.plot.dial.DialCapTest
    [junit] Tests run: 4, Failures: 0, Errors: 0, Time elapsed: 0.007 sec
    [junit] Tests run: 4, Failures: 0, Errors: 0, Time elapsed: 0.007 sec
    [junit] 
    [junit] Testcase: testSerialization took 0.006 sec
    [junit] Testcase: testEquals took 0 sec
    [junit] Testcase: testCloning took 0 sec
    [junit] Testcase: testHashCode took 0.001 sec
    [junit] dir attribute ignored if running in the same VM
    [junit] Running org.jfree.chart.plot.dial.DialPlotTest
    [junit] Testsuite: org.jfree.chart.plot.dial.DialPlotTest
    [junit] Tests run: 9, Failures: 0, Errors: 0, Time elapsed: 0.022 sec
    [junit] Tests run: 9, Failures: 0, Errors: 0, Time elapsed: 0.022 sec
    [junit] 
    [junit] Testcase: testSerialization took 0.017 sec
    [junit] Testcase: testEquals took 0.003 sec
    [junit] Testcase: testCloning took 0 sec
    [junit] Testcase: testHashCode took 0.001 sec
    [junit] Testcase: testFrameListener took 0 sec
    [junit] Testcase: testScaleListener took 0 sec
    [junit] Testcase: testLayerListener took 0 sec
    [junit] Testcase: testCapListener took 0 sec
    [junit] Testcase: testBackgroundListener took 0.001 sec
    [junit] dir attribute ignored if running in the same VM
    [junit] Running org.jfree.chart.plot.dial.DialPointerTest
    [junit] Testsuite: org.jfree.chart.plot.dial.DialPointerTest
    [junit] Tests run: 7, Failures: 0, Errors: 0, Time elapsed: 0.007 sec
    [junit] Tests run: 7, Failures: 0, Errors: 0, Time elapsed: 0.007 sec
    [junit] 
    [junit] Testcase: testSerialization took 0.005 sec
    [junit] Testcase: testEquals took 0 sec
    [junit] Testcase: testSerialization2 took 0.001 sec
    [junit] Testcase: testCloning took 0 sec
    [junit] Testcase: testHashCode took 0.001 sec
    [junit] Testcase: testEqualsPointer took 0 sec
    [junit] Testcase: testEqualsPin took 0 sec
    [junit] dir attribute ignored if running in the same VM
    [junit] Running org.jfree.chart.plot.dial.DialTextAnnotationTest
    [junit] Testsuite: org.jfree.chart.plot.dial.DialTextAnnotationTest
    [junit] Tests run: 4, Failures: 0, Errors: 0, Time elapsed: 0.01 sec
    [junit] Tests run: 4, Failures: 0, Errors: 0, Time elapsed: 0.01 sec
    [junit] 
    [junit] Testcase: testSerialization took 0.008 sec
    [junit] Testcase: testEquals took 0.001 sec
    [junit] Testcase: testCloning took 0 sec
    [junit] Testcase: testHashCode took 0 sec
    [junit] dir attribute ignored if running in the same VM
    [junit] Running org.jfree.chart.plot.dial.DialValueIndicatorTest
    [junit] Testsuite: org.jfree.chart.plot.dial.DialValueIndicatorTest
    [junit] Tests run: 4, Failures: 0, Errors: 0, Time elapsed: 0.011 sec
    [junit] Tests run: 4, Failures: 0, Errors: 0, Time elapsed: 0.011 sec
    [junit] 
    [junit] Testcase: testSerialization took 0.009 sec
    [junit] Testcase: testEquals took 0.001 sec
    [junit] Testcase: testCloning took 0 sec
    [junit] Testcase: testHashCode took 0.001 sec
    [junit] dir attribute ignored if running in the same VM
    [junit] Running org.jfree.chart.plot.dial.StandardDialFrameTest
    [junit] Testsuite: org.jfree.chart.plot.dial.StandardDialFrameTest
    [junit] Tests run: 4, Failures: 0, Errors: 0, Time elapsed: 0.009 sec
    [junit] Tests run: 4, Failures: 0, Errors: 0, Time elapsed: 0.009 sec
    [junit] 
    [junit] Testcase: testSerialization took 0.007 sec
    [junit] Testcase: testEquals took 0.001 sec
    [junit] Testcase: testCloning took 0 sec
    [junit] Testcase: testHashCode took 0.001 sec
    [junit] dir attribute ignored if running in the same VM
    [junit] Running org.jfree.chart.plot.dial.StandardDialRangeTest
    [junit] Testsuite: org.jfree.chart.plot.dial.StandardDialRangeTest
    [junit] Tests run: 4, Failures: 0, Errors: 0, Time elapsed: 0.007 sec
    [junit] Tests run: 4, Failures: 0, Errors: 0, Time elapsed: 0.007 sec
    [junit] 
    [junit] Testcase: testSerialization took 0.006 sec
    [junit] Testcase: testEquals took 0 sec
    [junit] Testcase: testCloning took 0 sec
    [junit] Testcase: testHashCode took 0.001 sec
    [junit] dir attribute ignored if running in the same VM
    [junit] Running org.jfree.chart.plot.dial.StandardDialScaleTest
    [junit] Testsuite: org.jfree.chart.plot.dial.StandardDialScaleTest
    [junit] Tests run: 6, Failures: 0, Errors: 0, Time elapsed: 0.008 sec
    [junit] Tests run: 6, Failures: 0, Errors: 0, Time elapsed: 0.008 sec
    [junit] 
    [junit] Testcase: testSerialization took 0.007 sec
    [junit] Testcase: testEquals took 0.001 sec
    [junit] Testcase: testCloning took 0 sec
    [junit] Testcase: testHashCode took 0 sec
    [junit] Testcase: testValueToAngle took 0 sec
    [junit] Testcase: testAngleToValue took 0 sec
    [junit] dir attribute ignored if running in the same VM
    [junit] Running org.jfree.chart.renderer.AbstractRendererTest
    [junit] Testsuite: org.jfree.chart.renderer.AbstractRendererTest
    [junit] Tests run: 21, Failures: 0, Errors: 0, Time elapsed: 0.06 sec
    [junit] Tests run: 21, Failures: 0, Errors: 0, Time elapsed: 0.06 sec
    [junit] 
    [junit] Testcase: testSerialization took 0.028 sec
    [junit] Testcase: testEquals took 0.004 sec
    [junit] Testcase: testEquals2 took 0.004 sec
    [junit] Testcase: testCloning took 0.001 sec
    [junit] Testcase: testCloning2 took 0.001 sec
    [junit] Testcase: testSetOutlinePaint took 0 sec
    [junit] Testcase: testSetOutlineStroke took 0 sec
    [junit] Testcase: testSetSeriesVisible took 0 sec
    [junit] Testcase: testSetShape took 0 sec
    [junit] Testcase: testSetItemLabelsVisible took 0 sec
    [junit] Testcase: testSetItemLabelFont took 0 sec
    [junit] Testcase: testSetItemLabelPaint took 0 sec
    [junit] Testcase: testSetPositiveItemLabelPosition took 0 sec
    [junit] Testcase: testSetNegativeItemLabelPosition took 0 sec
    [junit] Testcase: testEventNotification took 0 sec
    [junit] Testcase: testAutoPopulateFlagDefaults took 0 sec
    [junit] Testcase: testPaintLookup took 0.018 sec
    [junit] Testcase: testFillPaintLookup took 0.001 sec
    [junit] Testcase: testOutlinePaintLookup took 0.001 sec
    [junit] Testcase: testSetPaint took 0 sec
    [junit] Testcase: testSetStroke took 0 sec
    [junit] dir attribute ignored if running in the same VM
    [junit] Running org.jfree.chart.renderer.AreaRendererEndTypeTest
    [junit] Testsuite: org.jfree.chart.renderer.AreaRendererEndTypeTest
    [junit] Tests run: 2, Failures: 0, Errors: 0, Time elapsed: 0.001 sec
    [junit] Tests run: 2, Failures: 0, Errors: 0, Time elapsed: 0.001 sec
    [junit] 
    [junit] Testcase: testSerialization took 0.001 sec
    [junit] Testcase: testEquals took 0 sec
    [junit] dir attribute ignored if running in the same VM
    [junit] Running org.jfree.chart.renderer.DefaultPolarItemRendererTest
    [junit] Testsuite: org.jfree.chart.renderer.DefaultPolarItemRendererTest
    [junit] Tests run: 4, Failures: 0, Errors: 0, Time elapsed: 0.025 sec
    [junit] Tests run: 4, Failures: 0, Errors: 0, Time elapsed: 0.025 sec
    [junit] 
    [junit] Testcase: testSerialization took 0.023 sec
    [junit] Testcase: testEquals took 0 sec
    [junit] Testcase: testHashcode took 0.001 sec
    [junit] Testcase: testCloning took 0 sec
    [junit] dir attribute ignored if running in the same VM
    [junit] Running org.jfree.chart.renderer.GrayPaintScaleTest
    [junit] Testsuite: org.jfree.chart.renderer.GrayPaintScaleTest
    [junit] Tests run: 5, Failures: 0, Errors: 0, Time elapsed: 0.002 sec
    [junit] Tests run: 5, Failures: 0, Errors: 0, Time elapsed: 0.002 sec
    [junit] 
    [junit] Testcase: testSerialization took 0.002 sec
    [junit] Testcase: testEquals took 0 sec
    [junit] Testcase: testCloning took 0 sec
    [junit] Testcase: testConstructor took 0 sec
    [junit] Testcase: testGetPaint took 0 sec
    [junit] dir attribute ignored if running in the same VM
    [junit] Running org.jfree.chart.renderer.LookupPaintScaleTest
    [junit] Testsuite: org.jfree.chart.renderer.LookupPaintScaleTest
    [junit] Tests run: 6, Failures: 0, Errors: 0, Time elapsed: 0.006 sec
    [junit] Tests run: 6, Failures: 0, Errors: 0, Time elapsed: 0.006 sec
    [junit] 
    [junit] Testcase: testConstructor1 took 0.002 sec
    [junit] Testcase: testSerialization took 0.004 sec
    [junit] Testcase: testEquals took 0 sec
    [junit] Testcase: testCloning took 0 sec
    [junit] Testcase: testGeneral took 0 sec
    [junit] Testcase: testConstructor2 took 0 sec
    [junit] dir attribute ignored if running in the same VM
    [junit] Running org.jfree.chart.renderer.OutlierTest
    [junit] Testsuite: org.jfree.chart.renderer.OutlierTest
    [junit] Tests run: 4, Failures: 0, Errors: 0, Time elapsed: 0.001 sec
    [junit] Tests run: 4, Failures: 0, Errors: 0, Time elapsed: 0.001 sec
    [junit] 
    [junit] Testcase: testSerialization took 0 sec
    [junit] Testcase: testEquals took 0 sec
    [junit] Testcase: testCloning took 0 sec
    [junit] Testcase: testConstructor took 0 sec
    [junit] dir attribute ignored if running in the same VM
    [junit] Running org.jfree.chart.renderer.RendererUtilitiesTest
    [junit] Testsuite: org.jfree.chart.renderer.RendererUtilitiesTest
    [junit] Tests run: 7, Failures: 0, Errors: 0, Time elapsed: 0.007 sec
    [junit] Tests run: 7, Failures: 0, Errors: 0, Time elapsed: 0.007 sec
    [junit] 
    [junit] Testcase: testFindLiveItemsLowerBound_Descending took 0.002 sec
    [junit] Testcase: testFindLiveItemsUpperBound_Unordered took 0 sec
    [junit] Testcase: testFindLiveItemsUpperBound_Ascending took 0 sec
    [junit] Testcase: testFindLiveItemsUpperBound_Descending took 0 sec
    [junit] Testcase: test3561093 took 0.004 sec
    [junit] Testcase: testFindLiveItemsLowerBound_Unordered took 0.001 sec
    [junit] Testcase: testFindLiveItemsLowerBound_Ascending took 0 sec
    [junit] dir attribute ignored if running in the same VM
    [junit] Running org.jfree.chart.renderer.category.AbstractCategoryItemRendererTest
    [junit] Testsuite: org.jfree.chart.renderer.category.AbstractCategoryItemRendererTest
    [junit] Tests run: 8, Failures: 0, Errors: 0, Time elapsed: 0.046 sec
    [junit] Tests run: 8, Failures: 0, Errors: 0, Time elapsed: 0.046 sec
    [junit] 
    [junit] Testcase: testEquals took 0.017 sec
    [junit] Testcase: testCloning2 took 0.001 sec
    [junit] Testcase: testCloning_LegendItemToolTipGenerator took 0 sec
    [junit] Testcase: testCloning_LegendItemURLGenerator took 0 sec
    [junit] Testcase: testFindRangeBounds took 0.006 sec
    [junit] Testcase: test2947660 took 0.02 sec
    [junit] Testcase: testCloning1 took 0 sec
    [junit] Testcase: testCloning_LegendItemLabelGenerator took 0.001 sec
    [junit] dir attribute ignored if running in the same VM
    [junit] Running org.jfree.chart.renderer.category.AreaRendererTest
    [junit] Testsuite: org.jfree.chart.renderer.category.AreaRendererTest
    [junit] Tests run: 6, Failures: 0, Errors: 0, Time elapsed: 0.099 sec
    [junit] Tests run: 6, Failures: 0, Errors: 0, Time elapsed: 0.099 sec
    [junit] 
    [junit] Testcase: testSerialization took 0.036 sec
    [junit] Testcase: testEquals took 0 sec
    [junit] Testcase: testHashcode took 0.001 sec
    [junit] Testcase: testCloning took 0 sec
    [junit] Testcase: testPublicCloneable took 0 sec
    [junit] Testcase: testGetLegendItemSeriesIndex took 0.061 sec
    [junit] dir attribute ignored if running in the same VM
    [junit] Running org.jfree.chart.renderer.category.BarRenderer3DTest
    [junit] Testsuite: org.jfree.chart.renderer.category.BarRenderer3DTest
    [junit] Tests run: 5, Failures: 0, Errors: 0, Time elapsed: 0.034 sec
    [junit] Tests run: 5, Failures: 0, Errors: 0, Time elapsed: 0.034 sec
    [junit] 
    [junit] Testcase: testSerialization took 0.032 sec
    [junit] Testcase: testEquals took 0 sec
    [junit] Testcase: testHashcode took 0 sec
    [junit] Testcase: testCloning took 0 sec
    [junit] Testcase: testPublicCloneable took 0 sec
    [junit] dir attribute ignored if running in the same VM
    [junit] Running org.jfree.chart.renderer.category.BarRendererTest
    [junit] Testsuite: org.jfree.chart.renderer.category.BarRendererTest
    [junit] Tests run: 9, Failures: 0, Errors: 0, Time elapsed: 0.07 sec
    [junit] Tests run: 9, Failures: 0, Errors: 0, Time elapsed: 0.07 sec
    [junit] 
    [junit] Testcase: testSerialization took 0.024 sec
    [junit] Testcase: testEquals took 0.001 sec
    [junit] Testcase: testHashcode took 0 sec
    [junit] Testcase: testCloning took 0.001 sec
    [junit] Testcase: testPublicCloneable took 0 sec
    [junit] Testcase: testFindRangeBounds took 0.006 sec
    [junit] Testcase: testGetLegendItem took 0.035 sec
    [junit] Testcase: testGetLegendItemSeriesIndex took 0.001 sec
    [junit] Testcase: testEventNotification took 0.001 sec
    [junit] dir attribute ignored if running in the same VM
    [junit] Running org.jfree.chart.renderer.category.BoxAndWhiskerRendererTest
    [junit] Testsuite: org.jfree.chart.renderer.category.BoxAndWhiskerRendererTest
    [junit] Tests run: 18, Failures: 0, Errors: 0, Time elapsed: 0.14 sec
    [junit] Tests run: 18, Failures: 0, Errors: 0, Time elapsed: 0.14 sec
    [junit] 
    [junit] Testcase: testDrawWithNullInfo took 0.073 sec
    [junit] Testcase: testSerialization took 0.01 sec
    [junit] Testcase: testEquals took 0 sec
    [junit] Testcase: testHashcode took 0.001 sec
    [junit] Testcase: testCloning took 0 sec
    [junit] Testcase: testPublicCloneable took 0 sec
    [junit] Testcase: testGetLegendItem took 0.002 sec
    [junit] Testcase: testGetLegendItemSeriesIndex took 0.003 sec
    [junit] Testcase: testDrawWithNullMedian took 0.007 sec
    [junit] Testcase: testBug1572478Horizontal took 0.005 sec
    [junit] Testcase: testDrawWithNullQ1 took 0.005 sec
    [junit] Testcase: testDrawWithNullQ3 took 0.005 sec
    [junit] Testcase: testDrawWithNullMinRegular took 0.005 sec
    [junit] Testcase: testDrawWithNullMaxRegular took 0.005 sec
    [junit] Testcase: testDrawWithNullMinOutlier took 0.005 sec
    [junit] Testcase: testDrawWithNullMaxOutlier took 0.005 sec
    [junit] Testcase: testBug1572478Vertical took 0.003 sec
    [junit] Testcase: testDrawWithNullMean took 0.005 sec
    [junit] dir attribute ignored if running in the same VM
    [junit] Running org.jfree.chart.renderer.category.CategoryStepRendererTest
    [junit] Testsuite: org.jfree.chart.renderer.category.CategoryStepRendererTest
    [junit] Tests run: 5, Failures: 0, Errors: 0, Time elapsed: 0.065 sec
    [junit] Tests run: 5, Failures: 0, Errors: 0, Time elapsed: 0.065 sec
    [junit] 
    [junit] Testcase: testSerialization took 0.023 sec
    [junit] Testcase: testEquals took 0 sec
    [junit] Testcase: testCloning took 0 sec
    [junit] Testcase: testPublicCloneable took 0 sec
    [junit] Testcase: testGetLegendItemSeriesIndex took 0.041 sec
    [junit] dir attribute ignored if running in the same VM
    [junit] Running org.jfree.chart.renderer.category.DefaultCategoryItemRendererTest
    [junit] Testsuite: org.jfree.chart.renderer.category.DefaultCategoryItemRendererTest
    [junit] Tests run: 5, Failures: 0, Errors: 0, Time elapsed: 0.029 sec
    [junit] Tests run: 5, Failures: 0, Errors: 0, Time elapsed: 0.029 sec
    [junit] 
    [junit] Testcase: testSerialization took 0.027 sec
    [junit] Testcase: testEquals took 0 sec
    [junit] Testcase: testHashcode took 0 sec
    [junit] Testcase: testCloning took 0.001 sec
    [junit] Testcase: testPublicCloneable took 0 sec
    [junit] dir attribute ignored if running in the same VM
    [junit] Running org.jfree.chart.renderer.category.GanttRendererTest
    [junit] Testsuite: org.jfree.chart.renderer.category.GanttRendererTest
    [junit] Tests run: 5, Failures: 0, Errors: 0, Time elapsed: 0.054 sec
    [junit] Tests run: 5, Failures: 0, Errors: 0, Time elapsed: 0.054 sec
    [junit] 
    [junit] Testcase: testSerialization took 0.052 sec
    [junit] Testcase: testEquals took 0 sec
    [junit] Testcase: testHashcode took 0.001 sec
    [junit] Testcase: testCloning took 0.001 sec
    [junit] Testcase: testPublicCloneable took 0 sec
    [junit] dir attribute ignored if running in the same VM
    [junit] Running org.jfree.chart.renderer.category.GradientBarPainterTest
    [junit] Testsuite: org.jfree.chart.renderer.category.GradientBarPainterTest
    [junit] Tests run: 4, Failures: 0, Errors: 0, Time elapsed: 0.009 sec
    [junit] Tests run: 4, Failures: 0, Errors: 0, Time elapsed: 0.009 sec
    [junit] 
    [junit] Testcase: testSerialization took 0.008 sec
    [junit] Testcase: testEquals took 0 sec
    [junit] Testcase: testHashcode took 0.001 sec
    [junit] Testcase: testCloning took 0 sec
    [junit] dir attribute ignored if running in the same VM
    [junit] Running org.jfree.chart.renderer.category.GroupedStackedBarRendererTest
    [junit] Testsuite: org.jfree.chart.renderer.category.GroupedStackedBarRendererTest
    [junit] Tests run: 6, Failures: 0, Errors: 0, Time elapsed: 0.138 sec
    [junit] Tests run: 6, Failures: 0, Errors: 0, Time elapsed: 0.138 sec
    [junit] 
    [junit] Testcase: testDrawWithNullInfo took 0.127 sec
    [junit] Testcase: testSerialization took 0.01 sec
    [junit] Testcase: testEquals took 0 sec
    [junit] Testcase: testCloning took 0 sec
    [junit] Testcase: testPublicCloneable took 0 sec
    [junit] Testcase: testFindRangeBounds took 0 sec
    [junit] dir attribute ignored if running in the same VM
    [junit] Running org.jfree.chart.renderer.category.IntervalBarRendererTest
    [junit] Testsuite: org.jfree.chart.renderer.category.IntervalBarRendererTest
    [junit] Tests run: 7, Failures: 0, Errors: 0, Time elapsed: 0.089 sec
    [junit] Tests run: 7, Failures: 0, Errors: 0, Time elapsed: 0.089 sec
    [junit] 
    [junit] Testcase: testDrawWithNullInfo took 0.077 sec
    [junit] Testcase: testSerialization took 0.009 sec
    [junit] Testcase: testEquals took 0 sec
    [junit] Testcase: testHashcode took 0.001 sec
    [junit] Testcase: testCloning took 0 sec
    [junit] Testcase: testPublicCloneable took 0 sec
    [junit] Testcase: testFindRangeBounds took 0.001 sec
    [junit] dir attribute ignored if running in the same VM
    [junit] Running org.jfree.chart.renderer.category.LayeredBarRendererTest
    [junit] Testsuite: org.jfree.chart.renderer.category.LayeredBarRendererTest
    [junit] Tests run: 6, Failures: 0, Errors: 0, Time elapsed: 0.086 sec
    [junit] Tests run: 6, Failures: 0, Errors: 0, Time elapsed: 0.086 sec
    [junit] 
    [junit] Testcase: testDrawWithNullInfo took 0.075 sec
    [junit] Testcase: testSerialization took 0.009 sec
    [junit] Testcase: testEquals took 0 sec
    [junit] Testcase: testHashcode took 0 sec
    [junit] Testcase: testCloning took 0 sec
    [junit] Testcase: testPublicCloneable took 0 sec
    [junit] dir attribute ignored if running in the same VM
    [junit] Running org.jfree.chart.renderer.category.LevelRendererTest
    [junit] Testsuite: org.jfree.chart.renderer.category.LevelRendererTest
    [junit] Tests run: 7, Failures: 0, Errors: 0, Time elapsed: 0.086 sec
    [junit] Tests run: 7, Failures: 0, Errors: 0, Time elapsed: 0.086 sec
    [junit] 
    [junit] Testcase: testDrawWithNullInfo took 0.075 sec
    [junit] Testcase: testSerialization took 0.008 sec
    [junit] Testcase: testEquals took 0.001 sec
    [junit] Testcase: testHashcode took 0 sec
    [junit] Testcase: testCloning took 0 sec
    [junit] Testcase: testPublicCloneable took 0 sec
    [junit] Testcase: testGetLegendItemSeriesIndex took 0 sec
    [junit] dir attribute ignored if running in the same VM
    [junit] Running org.jfree.chart.renderer.category.LineAndShapeRendererTest
    [junit] Testsuite: org.jfree.chart.renderer.category.LineAndShapeRendererTest
    [junit] Tests run: 7, Failures: 0, Errors: 0, Time elapsed: 0.103 sec
    [junit] Tests run: 7, Failures: 0, Errors: 0, Time elapsed: 0.103 sec
    [junit] 
    [junit] Testcase: testSerialization took 0.029 sec
    [junit] Testcase: testEquals took 0.001 sec
    [junit] Testcase: testHashcode took 0.001 sec
    [junit] Testcase: testCloning took 0 sec
    [junit] Testcase: testPublicCloneable took 0 sec
    [junit] Testcase: testFindRangeBounds took 0.01 sec
    [junit] Testcase: testGetLegendItemSeriesIndex took 0.06 sec
    [junit] dir attribute ignored if running in the same VM
    [junit] Running org.jfree.chart.renderer.category.LineRenderer3DTest
    [junit] Testsuite: org.jfree.chart.renderer.category.LineRenderer3DTest
    [junit] Tests run: 5, Failures: 0, Errors: 0, Time elapsed: 0.038 sec
    [junit] Tests run: 5, Failures: 0, Errors: 0, Time elapsed: 0.038 sec
    [junit] 
    [junit] Testcase: testSerialization took 0.036 sec
    [junit] Testcase: testEquals took 0.001 sec
    [junit] Testcase: testHashcode took 0.001 sec
    [junit] Testcase: testCloning took 0 sec
    [junit] Testcase: testPublicCloneable took 0 sec
    [junit] dir attribute ignored if running in the same VM
    [junit] Running org.jfree.chart.renderer.category.MinMaxCategoryRendererTest
    [junit] Testsuite: org.jfree.chart.renderer.category.MinMaxCategoryRendererTest
    [junit] Tests run: 6, Failures: 0, Errors: 0, Time elapsed: 0.085 sec
    [junit] Tests run: 6, Failures: 0, Errors: 0, Time elapsed: 0.085 sec
    [junit] 
    [junit] Testcase: testDrawWithNullInfo took 0.075 sec
    [junit] Testcase: testSerialization took 0.008 sec
    [junit] Testcase: testEquals took 0.001 sec
    [junit] Testcase: testHashcode took 0 sec
    [junit] Testcase: testCloning took 0.001 sec
    [junit] Testcase: testPublicCloneable took 0 sec
    [junit] dir attribute ignored if running in the same VM
    [junit] Running org.jfree.chart.renderer.category.ScatterRendererTest
    [junit] Testsuite: org.jfree.chart.renderer.category.ScatterRendererTest
    [junit] Tests run: 6, Failures: 0, Errors: 0, Time elapsed: 0.033 sec
    [junit] Tests run: 6, Failures: 0, Errors: 0, Time elapsed: 0.033 sec
    [junit] 
    [junit] Testcase: testSerialization took 0.025 sec
    [junit] Testcase: testEquals took 0 sec
    [junit] Testcase: testHashcode took 0.001 sec
    [junit] Testcase: testCloning took 0 sec
    [junit] Testcase: testPublicCloneable took 0 sec
    [junit] Testcase: testFindRangeBounds took 0.007 sec
    [junit] dir attribute ignored if running in the same VM
    [junit] Running org.jfree.chart.renderer.category.StackedAreaRendererTest
    [junit] Testsuite: org.jfree.chart.renderer.category.StackedAreaRendererTest
    [junit] Tests run: 6, Failures: 0, Errors: 0, Time elapsed: 0.037 sec
    [junit] Tests run: 6, Failures: 0, Errors: 0, Time elapsed: 0.037 sec
    [junit] 
    [junit] Testcase: testSerialization took 0.029 sec
    [junit] Testcase: testEquals took 0 sec
    [junit] Testcase: testHashcode took 0 sec
    [junit] Testcase: testCloning took 0.001 sec
    [junit] Testcase: testPublicCloneable took 0 sec
    [junit] Testcase: testFindRangeBounds took 0.005 sec
    [junit] dir attribute ignored if running in the same VM
    [junit] Running org.jfree.chart.renderer.category.StackedBarRenderer3DTest
    [junit] Testsuite: org.jfree.chart.renderer.category.StackedBarRenderer3DTest
    [junit] Tests run: 23, Failures: 0, Errors: 0, Time elapsed: 0.05 sec
    [junit] Tests run: 23, Failures: 0, Errors: 0, Time elapsed: 0.05 sec
    [junit] 
    [junit] Testcase: testSerialization took 0.039 sec
    [junit] Testcase: testEquals took 0 sec
    [junit] Testcase: testHashcode took 0.001 sec
    [junit] Testcase: testCloning took 0 sec
    [junit] Testcase: testPublicCloneable took 0 sec
    [junit] Testcase: testCreateStackedValueList2 took 0.003 sec
    [junit] Testcase: testFindRangeBounds took 0.003 sec
    [junit] Testcase: testCreateStackedValueList3 took 0 sec
    [junit] Testcase: testCreateStackedValueList4 took 0.001 sec
    [junit] Testcase: testCreateStackedValueList1a took 0 sec
    [junit] Testcase: testCreateStackedValueList2c took 0 sec
    [junit] Testcase: testCreateStackedValueList2d took 0 sec
    [junit] Testcase: testCreateStackedValueList3a took 0 sec
    [junit] Testcase: testCreateStackedValueList3b took 0 sec
    [junit] Testcase: testCreateStackedValueList3c took 0 sec
    [junit] Testcase: testCreateStackedValueList3d took 0 sec
    [junit] Testcase: testCreateStackedValueList5 took 0 sec
    [junit] Testcase: testCreateStackedValueList1 took 0.001 sec
    [junit] Testcase: testCreateStackedValueList1b took 0 sec
    [junit] Testcase: testCreateStackedValueList1c took 0 sec
    [junit] Testcase: testCreateStackedValueList1d took 0 sec
    [junit] Testcase: testCreateStackedValueList2a took 0 sec
    [junit] Testcase: testCreateStackedValueList2b took 0 sec
    [junit] dir attribute ignored if running in the same VM
    [junit] Running org.jfree.chart.renderer.category.StackedBarRendererTest
    [junit] Testsuite: org.jfree.chart.renderer.category.StackedBarRendererTest
    [junit] Tests run: 6, Failures: 0, Errors: 0, Time elapsed: 0.039 sec
    [junit] Tests run: 6, Failures: 0, Errors: 0, Time elapsed: 0.039 sec
    [junit] 
    [junit] Testcase: testSerialization took 0.031 sec
    [junit] Testcase: testEquals took 0.001 sec
    [junit] Testcase: testCloning took 0 sec
    [junit] Testcase: testHashCode took 0.001 sec
    [junit] Testcase: testPublicCloneable took 0 sec
    [junit] Testcase: testFindRangeBounds took 0.006 sec
    [junit] dir attribute ignored if running in the same VM
    [junit] Running org.jfree.chart.renderer.category.StandardBarPainterTest
    [junit] Testsuite: org.jfree.chart.renderer.category.StandardBarPainterTest
    [junit] Tests run: 4, Failures: 0, Errors: 0, Time elapsed: 0.004 sec
    [junit] Tests run: 4, Failures: 0, Errors: 0, Time elapsed: 0.004 sec
    [junit] 
    [junit] Testcase: testSerialization took 0.004 sec
    [junit] Testcase: testEquals took 0 sec
    [junit] Testcase: testHashcode took 0 sec
    [junit] Testcase: testCloning took 0 sec
    [junit] dir attribute ignored if running in the same VM
    [junit] Running org.jfree.chart.renderer.category.StatisticalBarRendererTest
    [junit] Testsuite: org.jfree.chart.renderer.category.StatisticalBarRendererTest
    [junit] Tests run: 11, Failures: 0, Errors: 0, Time elapsed: 0.143 sec
    [junit] Tests run: 11, Failures: 0, Errors: 0, Time elapsed: 0.143 sec
    [junit] 
    [junit] Testcase: testDrawWithNullInfo took 0.091 sec
    [junit] Testcase: testSerialization took 0.016 sec
    [junit] Testcase: testEquals took 0 sec
    [junit] Testcase: testHashcode took 0.001 sec
    [junit] Testcase: testCloning took 0 sec
    [junit] Testcase: testPublicCloneable took 0 sec
    [junit] Testcase: testFindRangeBounds took 0.001 sec
    [junit] Testcase: testDrawWithNullMeanVertical took 0.008 sec
    [junit] Testcase: testDrawWithNullMeanHorizontal took 0.01 sec
    [junit] Testcase: testDrawWithNullDeviationVertical took 0.007 sec
    [junit] Testcase: testDrawWithNullDeviationHorizontal took 0.008 sec
    [junit] dir attribute ignored if running in the same VM
    [junit] Running org.jfree.chart.renderer.category.StatisticalLineAndShapeRendererTest
    [junit] Testsuite: org.jfree.chart.renderer.category.StatisticalLineAndShapeRendererTest
    [junit] Tests run: 8, Failures: 0, Errors: 0, Time elapsed: 0.106 sec
    [junit] Tests run: 8, Failures: 0, Errors: 0, Time elapsed: 0.106 sec
    [junit] 
    [junit] Testcase: testDrawWithNullInfo took 0.094 sec
    [junit] Testcase: testSerialization took 0.009 sec
    [junit] Testcase: testEquals took 0 sec
    [junit] Testcase: testHashcode took 0 sec
    [junit] Testcase: testCloning took 0.001 sec
    [junit] Testcase: testPublicCloneable took 0 sec
    [junit] Testcase: testFindRangeBounds took 0 sec
    [junit] Testcase: test1562759 took 0 sec
    [junit] dir attribute ignored if running in the same VM
    [junit] Running org.jfree.chart.renderer.category.WaterfallBarRendererTest
    [junit] Testsuite: org.jfree.chart.renderer.category.WaterfallBarRendererTest
    [junit] Tests run: 6, Failures: 0, Errors: 0, Time elapsed: 0.036 sec
    [junit] Tests run: 6, Failures: 0, Errors: 0, Time elapsed: 0.036 sec
    [junit] 
    [junit] Testcase: testSerialization took 0.035 sec
    [junit] Testcase: testEquals took 0 sec
    [junit] Testcase: testHashcode took 0.001 sec
    [junit] Testcase: testCloning took 0 sec
    [junit] Testcase: testPublicCloneable took 0 sec
    [junit] Testcase: testFindRangeBounds took 0 sec
    [junit] dir attribute ignored if running in the same VM
    [junit] Running org.jfree.chart.renderer.xy.AbstractXYItemRendererTest
    [junit] Testsuite: org.jfree.chart.renderer.xy.AbstractXYItemRendererTest
    [junit] Tests run: 5, Failures: 0, Errors: 0, Time elapsed: 0.027 sec
    [junit] Tests run: 5, Failures: 0, Errors: 0, Time elapsed: 0.027 sec
    [junit] 
    [junit] Testcase: testCloning_LegendItemToolTipGenerator took 0.013 sec
    [junit] Testcase: testCloning_LegendItemURLGenerator took 0 sec
    [junit] Testcase: testFindRangeBounds took 0.004 sec
    [junit] Testcase: testCloning_LegendItemLabelGenerator took 0 sec
    [junit] Testcase: testFindDomainBounds took 0.009 sec
    [junit] dir attribute ignored if running in the same VM
    [junit] Running org.jfree.chart.renderer.xy.CandlestickRendererTest
    [junit] Testsuite: org.jfree.chart.renderer.xy.CandlestickRendererTest
    [junit] Tests run: 7, Failures: 0, Errors: 0, Time elapsed: 0.038 sec
    [junit] Tests run: 7, Failures: 0, Errors: 0, Time elapsed: 0.038 sec
    [junit] 
    [junit] Testcase: testSerialization took 0.03 sec
    [junit] Testcase: testEquals took 0 sec
    [junit] Testcase: testHashcode took 0.001 sec
    [junit] Testcase: testCloning took 0 sec
    [junit] Testcase: testConstructor took 0 sec
    [junit] Testcase: testPublicCloneable took 0.001 sec
    [junit] Testcase: testFindRangeBounds took 0.005 sec
    [junit] dir attribute ignored if running in the same VM
    [junit] Running org.jfree.chart.renderer.xy.ClusteredXYBarRendererTest
    [junit] Testsuite: org.jfree.chart.renderer.xy.ClusteredXYBarRendererTest
    [junit] Tests run: 6, Failures: 0, Errors: 0, Time elapsed: 0.036 sec
    [junit] Tests run: 6, Failures: 0, Errors: 0, Time elapsed: 0.036 sec
    [junit] 
    [junit] Testcase: testSerialization took 0.03 sec
    [junit] Testcase: testEquals took 0 sec
    [junit] Testcase: testHashcode took 0 sec
    [junit] Testcase: testCloning took 0.001 sec
    [junit] Testcase: testPublicCloneable took 0 sec
    [junit] Testcase: testFindDomainBounds took 0.004 sec
    [junit] dir attribute ignored if running in the same VM
    [junit] Running org.jfree.chart.renderer.xy.DeviationRendererTest
    [junit] Testsuite: org.jfree.chart.renderer.xy.DeviationRendererTest
    [junit] Tests run: 5, Failures: 0, Errors: 0, Time elapsed: 0.03 sec
    [junit] Tests run: 5, Failures: 0, Errors: 0, Time elapsed: 0.03 sec
    [junit] 
    [junit] Testcase: testSerialization took 0.029 sec
    [junit] Testcase: testEquals took 0 sec
    [junit] Testcase: testHashcode took 0.001 sec
    [junit] Testcase: testCloning took 0 sec
    [junit] Testcase: testPublicCloneable took 0 sec
    [junit] dir attribute ignored if running in the same VM
    [junit] Running org.jfree.chart.renderer.xy.GradientXYBarPainterTest
    [junit] Testsuite: org.jfree.chart.renderer.xy.GradientXYBarPainterTest
    [junit] Tests run: 4, Failures: 0, Errors: 0, Time elapsed: 0.006 sec
    [junit] Tests run: 4, Failures: 0, Errors: 0, Time elapsed: 0.006 sec
    [junit] 
    [junit] Testcase: testSerialization took 0.004 sec
    [junit] Testcase: testEquals took 0.001 sec
    [junit] Testcase: testHashcode took 0 sec
    [junit] Testcase: testCloning took 0 sec
    [junit] dir attribute ignored if running in the same VM
    [junit] Running org.jfree.chart.renderer.xy.HighLowRendererTest
    [junit] Testsuite: org.jfree.chart.renderer.xy.HighLowRendererTest
    [junit] Tests run: 6, Failures: 0, Errors: 0, Time elapsed: 0.035 sec
    [junit] Tests run: 6, Failures: 0, Errors: 0, Time elapsed: 0.035 sec
    [junit] 
    [junit] Testcase: testSerialization took 0.028 sec
    [junit] Testcase: testEquals took 0 sec
    [junit] Testcase: testHashcode took 0.001 sec
    [junit] Testcase: testCloning took 0 sec
    [junit] Testcase: testPublicCloneable took 0 sec
    [junit] Testcase: testFindRangeBounds took 0.006 sec
    [junit] dir attribute ignored if running in the same VM
    [junit] Running org.jfree.chart.renderer.xy.StackedXYAreaRenderer2Test
    [junit] Testsuite: org.jfree.chart.renderer.xy.StackedXYAreaRenderer2Test
    [junit] Tests run: 7, Failures: 0, Errors: 0, Time elapsed: 0.142 sec
    [junit] Tests run: 7, Failures: 0, Errors: 0, Time elapsed: 0.142 sec
    [junit] 
    [junit] Testcase: testSerialization took 0.029 sec
    [junit] Testcase: testEquals took 0 sec
    [junit] Testcase: testHashcode took 0.001 sec
    [junit] Testcase: testCloning took 0 sec
    [junit] Testcase: testPublicCloneable took 0 sec
    [junit] Testcase: testFindRangeBounds took 0.083 sec
    [junit] Testcase: testDrawWithEmptyDataset took 0.028 sec
    [junit] dir attribute ignored if running in the same VM
    [junit] Running org.jfree.chart.renderer.xy.StackedXYAreaRendererTest
    [junit] Testsuite: org.jfree.chart.renderer.xy.StackedXYAreaRendererTest
    [junit] Tests run: 8, Failures: 0, Errors: 0, Time elapsed: 0.145 sec
    [junit] Tests run: 8, Failures: 0, Errors: 0, Time elapsed: 0.145 sec
    [junit] 
    [junit] Testcase: testDrawWithNullInfo took 0.097 sec
    [junit] Testcase: testSerialization took 0.011 sec
    [junit] Testcase: testEquals took 0 sec
    [junit] Testcase: testHashcode took 0.001 sec
    [junit] Testcase: testCloning took 0 sec
    [junit] Testcase: testPublicCloneable took 0 sec
    [junit] Testcase: testFindRangeBounds took 0.025 sec
    [junit] Testcase: testBug1593156 took 0.01 sec
    [junit] dir attribute ignored if running in the same VM
    [junit] Running org.jfree.chart.renderer.xy.StackedXYBarRendererTest
    [junit] Testsuite: org.jfree.chart.renderer.xy.StackedXYBarRendererTest
    [junit] Tests run: 7, Failures: 0, Errors: 0, Time elapsed: 0.102 sec
    [junit] Tests run: 7, Failures: 0, Errors: 0, Time elapsed: 0.102 sec
    [junit] 
    [junit] Testcase: testSerialization took 0.033 sec
    [junit] Testcase: testEquals took 0 sec
    [junit] Testcase: testHashcode took 0.001 sec
    [junit] Testcase: testCloning took 0 sec
    [junit] Testcase: testPublicCloneable took 0 sec
    [junit] Testcase: testFindRangeBounds took 0.065 sec
    [junit] Testcase: testFindDomainBounds took 0.003 sec
    [junit] dir attribute ignored if running in the same VM
    [junit] Running org.jfree.chart.renderer.xy.StandardXYBarPainterTest
    [junit] Testsuite: org.jfree.chart.renderer.xy.StandardXYBarPainterTest
    [junit] Tests run: 4, Failures: 0, Errors: 0, Time elapsed: 0.006 sec
    [junit] Tests run: 4, Failures: 0, Errors: 0, Time elapsed: 0.006 sec
    [junit] 
    [junit] Testcase: testSerialization took 0.005 sec
    [junit] Testcase: testEquals took 0 sec
    [junit] Testcase: testHashcode took 0.001 sec
    [junit] Testcase: testCloning took 0 sec
    [junit] dir attribute ignored if running in the same VM
    [junit] Running org.jfree.chart.renderer.xy.StandardXYItemRendererTest
    [junit] Testsuite: org.jfree.chart.renderer.xy.StandardXYItemRendererTest
    [junit] Tests run: 7, Failures: 0, Errors: 0, Time elapsed: 0.122 sec
    [junit] Tests run: 7, Failures: 0, Errors: 0, Time elapsed: 0.122 sec
    [junit] 
    [junit] Testcase: testSerialization took 0.025 sec
    [junit] Testcase: testEquals took 0.001 sec
    [junit] Testcase: testHashcode took 0 sec
    [junit] Testcase: testCloning took 0.001 sec
    [junit] Testcase: testPublicCloneable took 0 sec
    [junit] Testcase: testGetLegendItemSeriesIndex took 0.046 sec
    [junit] Testcase: testNoDisplayedItem took 0.049 sec
    [junit] dir attribute ignored if running in the same VM
    [junit] Running org.jfree.chart.renderer.xy.VectorRendererTest
    [junit] Testsuite: org.jfree.chart.renderer.xy.VectorRendererTest
    [junit] Tests run: 5, Failures: 0, Errors: 0, Time elapsed: 0.049 sec
    [junit] Tests run: 5, Failures: 0, Errors: 0, Time elapsed: 0.049 sec
    [junit] 
    [junit] Testcase: testSerialization took 0.045 sec
    [junit] Testcase: testEquals took 0.001 sec
    [junit] Testcase: testHashcode took 0.001 sec
    [junit] Testcase: testCloning took 0.001 sec
    [junit] Testcase: testPublicCloneable took 0 sec
    [junit] dir attribute ignored if running in the same VM
    [junit] Running org.jfree.chart.renderer.xy.WindItemRendererTest
    [junit] Testsuite: org.jfree.chart.renderer.xy.WindItemRendererTest
    [junit] Tests run: 5, Failures: 0, Errors: 0, Time elapsed: 0.052 sec
    [junit] Tests run: 5, Failures: 0, Errors: 0, Time elapsed: 0.052 sec
    [junit] 
    [junit] Testcase: testSerialization took 0.049 sec
    [junit] Testcase: testEquals took 0 sec
    [junit] Testcase: testHashcode took 0.002 sec
    [junit] Testcase: testCloning took 0 sec
    [junit] Testcase: testPublicCloneable took 0 sec
    [junit] dir attribute ignored if running in the same VM
    [junit] Running org.jfree.chart.renderer.xy.XYAreaRenderer2Test
    [junit] Testsuite: org.jfree.chart.renderer.xy.XYAreaRenderer2Test
    [junit] Tests run: 7, Failures: 0, Errors: 0, Time elapsed: 0.134 sec
    [junit] Tests run: 7, Failures: 0, Errors: 0, Time elapsed: 0.134 sec
    [junit] 
    [junit] Testcase: testDrawWithNullInfo took 0.115 sec
    [junit] Testcase: testSerialization took 0.012 sec
    [junit] Testcase: testEquals took 0 sec
    [junit] Testcase: testHashcode took 0.001 sec
    [junit] Testcase: testCloning took 0.001 sec
    [junit] Testcase: testPublicCloneable took 0 sec
    [junit] Testcase: testGetLegendItemSeriesIndex took 0.004 sec
    [junit] dir attribute ignored if running in the same VM
    [junit] Running org.jfree.chart.renderer.xy.XYAreaRendererTest
    [junit] Testsuite: org.jfree.chart.renderer.xy.XYAreaRendererTest
    [junit] Tests run: 7, Failures: 0, Errors: 0, Time elapsed: 0.125 sec
    [junit] Tests run: 7, Failures: 0, Errors: 0, Time elapsed: 0.125 sec
    [junit] 
    [junit] Testcase: testDrawWithNullInfo took 0.106 sec
    [junit] Testcase: testSerialization took 0.012 sec
    [junit] Testcase: testEquals took 0.001 sec
    [junit] Testcase: testHashcode took 0.001 sec
    [junit] Testcase: testCloning took 0 sec
    [junit] Testcase: testPublicCloneable took 0 sec
    [junit] Testcase: testGetLegendItemSeriesIndex took 0.004 sec
    [junit] dir attribute ignored if running in the same VM
    [junit] Running org.jfree.chart.renderer.xy.XYBarRendererTest
    [junit] Testsuite: org.jfree.chart.renderer.xy.XYBarRendererTest
    [junit] Tests run: 11, Failures: 0, Errors: 0, Time elapsed: 0.145 sec
    [junit] Tests run: 11, Failures: 0, Errors: 0, Time elapsed: 0.145 sec
    [junit] 
    [junit] Testcase: testSerialization took 0.036 sec
    [junit] Testcase: testEquals took 0.001 sec
    [junit] Testcase: testSerialization2 took 0.002 sec
    [junit] Testcase: testHashcode took 0.001 sec
    [junit] Testcase: testCloning took 0 sec
    [junit] Testcase: testPublicCloneable took 0 sec
    [junit] Testcase: testFindRangeBounds took 0.009 sec
    [junit] Testcase: testGetLegendItemSeriesIndex took 0.058 sec
    [junit] Testcase: testFindDomainBounds took 0.033 sec
    [junit] Testcase: testFindRangeBounds2 took 0.004 sec
    [junit] Testcase: testFindDomainBounds2 took 0 sec
    [junit] dir attribute ignored if running in the same VM
    [junit] Running org.jfree.chart.renderer.xy.XYBlockRendererTest
    [junit] Testsuite: org.jfree.chart.renderer.xy.XYBlockRendererTest
    [junit] Tests run: 9, Failures: 0, Errors: 0, Time elapsed: 0.055 sec
    [junit] Tests run: 9, Failures: 0, Errors: 0, Time elapsed: 0.055 sec
    [junit] 
    [junit] Testcase: testSerialization took 0.038 sec
    [junit] Testcase: testEquals took 0.001 sec
    [junit] Testcase: testHashcode took 0.001 sec
    [junit] Testcase: testCloning took 0.001 sec
    [junit] Testcase: testPublicCloneable took 0 sec
    [junit] Testcase: testFindRangeBounds took 0.011 sec
    [junit] Testcase: testFindDomainBounds took 0 sec
    [junit] Testcase: testBug1766646A took 0.001 sec
    [junit] Testcase: testBug1766646B took 0 sec
    [junit] dir attribute ignored if running in the same VM
    [junit] Running org.jfree.chart.renderer.xy.XYBoxAndWhiskerRendererTest
    [junit] Testsuite: org.jfree.chart.renderer.xy.XYBoxAndWhiskerRendererTest
    [junit] Tests run: 6, Failures: 0, Errors: 0, Time elapsed: 0.163 sec
    [junit] Tests run: 6, Failures: 0, Errors: 0, Time elapsed: 0.163 sec
    [junit] 
    [junit] Testcase: testSerialization took 0.04 sec
    [junit] Testcase: testEquals took 0 sec
    [junit] Testcase: testHashcode took 0.001 sec
    [junit] Testcase: testCloning took 0 sec
    [junit] Testcase: testPublicCloneable took 0.001 sec
    [junit] Testcase: test2909215 took 0.12 sec
    [junit] dir attribute ignored if running in the same VM
    [junit] Running org.jfree.chart.renderer.xy.XYBubbleRendererTest
    [junit] Testsuite: org.jfree.chart.renderer.xy.XYBubbleRendererTest
    [junit] Tests run: 6, Failures: 0, Errors: 0, Time elapsed: 0.083 sec
    [junit] Tests run: 6, Failures: 0, Errors: 0, Time elapsed: 0.083 sec
    [junit] 
    [junit] Testcase: testSerialization took 0.029 sec
    [junit] Testcase: testEquals took 0.001 sec
    [junit] Testcase: testHashcode took 0.001 sec
    [junit] Testcase: testCloning took 0 sec
    [junit] Testcase: testPublicCloneable took 0 sec
    [junit] Testcase: testGetLegendItemSeriesIndex took 0.051 sec
    [junit] dir attribute ignored if running in the same VM
    [junit] Running org.jfree.chart.renderer.xy.XYDifferenceRendererTest
    [junit] Testsuite: org.jfree.chart.renderer.xy.XYDifferenceRendererTest
    [junit] Tests run: 6, Failures: 0, Errors: 0, Time elapsed: 0.084 sec
    [junit] Tests run: 6, Failures: 0, Errors: 0, Time elapsed: 0.084 sec
    [junit] 
    [junit] Testcase: testSerialization took 0.024 sec
    [junit] Testcase: testEquals took 0 sec
    [junit] Testcase: testHashcode took 0 sec
    [junit] Testcase: testCloning took 0 sec
    [junit] Testcase: testPublicCloneable took 0 sec
    [junit] Testcase: testGetLegendItemSeriesIndex took 0.057 sec
    [junit] dir attribute ignored if running in the same VM
    [junit] Running org.jfree.chart.renderer.xy.XYDotRendererTest
    [junit] Testsuite: org.jfree.chart.renderer.xy.XYDotRendererTest
    [junit] Tests run: 6, Failures: 0, Errors: 0, Time elapsed: 0.086 sec
    [junit] Tests run: 6, Failures: 0, Errors: 0, Time elapsed: 0.086 sec
    [junit] 
    [junit] Testcase: testSerialization took 0.036 sec
    [junit] Testcase: testEquals took 0 sec
    [junit] Testcase: testHashcode took 0.001 sec
    [junit] Testcase: testCloning took 0.001 sec
    [junit] Testcase: testPublicCloneable took 0 sec
    [junit] Testcase: testGetLegendItemSeriesIndex took 0.047 sec
    [junit] dir attribute ignored if running in the same VM
    [junit] Running org.jfree.chart.renderer.xy.XYErrorRendererTest
    [junit] Testsuite: org.jfree.chart.renderer.xy.XYErrorRendererTest
    [junit] Tests run: 9, Failures: 0, Errors: 0, Time elapsed: 0.032 sec
    [junit] Tests run: 9, Failures: 0, Errors: 0, Time elapsed: 0.032 sec
    [junit] 
    [junit] Testcase: testSerialization took 0.029 sec
    [junit] Testcase: testEquals took 0 sec
    [junit] Testcase: testSerialization2 took 0.001 sec
    [junit] Testcase: testHashcode took 0.001 sec
    [junit] Testcase: testCloning took 0 sec
    [junit] Testcase: testCloning2 took 0 sec
    [junit] Testcase: testPublicCloneable took 0 sec
    [junit] Testcase: testFindRangeBounds took 0 sec
    [junit] Testcase: testFindDomainBounds took 0 sec
    [junit] dir attribute ignored if running in the same VM
    [junit] Running org.jfree.chart.renderer.xy.XYLine3DRendererTest
    [junit] Testsuite: org.jfree.chart.renderer.xy.XYLine3DRendererTest
    [junit] Tests run: 5, Failures: 0, Errors: 0, Time elapsed: 0.028 sec
    [junit] Tests run: 5, Failures: 0, Errors: 0, Time elapsed: 0.028 sec
    [junit] 
    [junit] Testcase: testSerialization took 0.027 sec
    [junit] Testcase: testEquals took 0 sec
    [junit] Testcase: testHashcode took 0.001 sec
    [junit] Testcase: testCloning took 0 sec
    [junit] Testcase: testPublicCloneable took 0 sec
    [junit] dir attribute ignored if running in the same VM
    [junit] Running org.jfree.chart.renderer.xy.XYLineAndShapeRendererTest
    [junit] Testsuite: org.jfree.chart.renderer.xy.XYLineAndShapeRendererTest
    [junit] Tests run: 9, Failures: 0, Errors: 0, Time elapsed: 0.101 sec
    [junit] Tests run: 9, Failures: 0, Errors: 0, Time elapsed: 0.101 sec
    [junit] 
    [junit] Testcase: testSerialization took 0.022 sec
    [junit] Testcase: testEquals took 0.001 sec
    [junit] Testcase: testHashcode took 0.001 sec
    [junit] Testcase: testEquals2 took 0 sec
    [junit] Testcase: testCloning took 0.001 sec
    [junit] Testcase: testPublicCloneable took 0 sec
    [junit] Testcase: testFindRangeBounds took 0.068 sec
    [junit] Testcase: testGetLegendItemSeriesIndex took 0.007 sec
    [junit] Testcase: testFindDomainBounds took 0.001 sec
    [junit] dir attribute ignored if running in the same VM
    [junit] Running org.jfree.chart.renderer.xy.XYShapeRendererTest
    [junit] Testsuite: org.jfree.chart.renderer.xy.XYShapeRendererTest
    [junit] Tests run: 1, Failures: 0, Errors: 0, Time elapsed: 0.012 sec
    [junit] Tests run: 1, Failures: 0, Errors: 0, Time elapsed: 0.012 sec
    [junit] 
    [junit] Testcase: testEquals took 0.012 sec
    [junit] dir attribute ignored if running in the same VM
    [junit] Running org.jfree.chart.renderer.xy.XYSplineRendererTest
    [junit] Testsuite: org.jfree.chart.renderer.xy.XYSplineRendererTest
    [junit] Tests run: 5, Failures: 0, Errors: 0, Time elapsed: 0.033 sec
    [junit] Tests run: 5, Failures: 0, Errors: 0, Time elapsed: 0.033 sec
    [junit] 
    [junit] Testcase: testSerialization took 0.031 sec
    [junit] Testcase: testEquals took 0 sec
    [junit] Testcase: testHashcode took 0.001 sec
    [junit] Testcase: testCloning took 0 sec
    [junit] Testcase: testPublicCloneable took 0 sec
    [junit] dir attribute ignored if running in the same VM
    [junit] Running org.jfree.chart.renderer.xy.XYStepAreaRendererTest
    [junit] Testsuite: org.jfree.chart.renderer.xy.XYStepAreaRendererTest
    [junit] Tests run: 6, Failures: 0, Errors: 0, Time elapsed: 0.084 sec
    [junit] Tests run: 6, Failures: 0, Errors: 0, Time elapsed: 0.084 sec
    [junit] 
    [junit] Testcase: testDrawWithNullInfo took 0.074 sec
    [junit] Testcase: testSerialization took 0.009 sec
    [junit] Testcase: testEquals took 0 sec
    [junit] Testcase: testHashcode took 0.001 sec
    [junit] Testcase: testCloning took 0 sec
    [junit] Testcase: testPublicCloneable took 0 sec
    [junit] dir attribute ignored if running in the same VM
    [junit] Running org.jfree.chart.renderer.xy.XYStepRendererTest
    [junit] Testsuite: org.jfree.chart.renderer.xy.XYStepRendererTest
    [junit] Tests run: 7, Failures: 0, Errors: 0, Time elapsed: 0.101 sec
    [junit] Tests run: 7, Failures: 0, Errors: 0, Time elapsed: 0.101 sec
    [junit] 
    [junit] Testcase: testDrawWithNullValue took 0.079 sec
    [junit] Testcase: testDrawWithNullInfo took 0.01 sec
    [junit] Testcase: testSerialization took 0.011 sec
    [junit] Testcase: testEquals took 0 sec
    [junit] Testcase: testHashcode took 0.001 sec
    [junit] Testcase: testCloning took 0 sec
    [junit] Testcase: testPublicCloneable took 0 sec
    [junit] dir attribute ignored if running in the same VM
    [junit] Running org.jfree.chart.renderer.xy.YIntervalRendererTest
    [junit] Testsuite: org.jfree.chart.renderer.xy.YIntervalRendererTest
    [junit] Tests run: 6, Failures: 0, Errors: 0, Time elapsed: 0.072 sec
    [junit] Tests run: 6, Failures: 0, Errors: 0, Time elapsed: 0.072 sec
    [junit] 
    [junit] Testcase: testSerialization took 0.022 sec
    [junit] Testcase: testEquals took 0.004 sec
    [junit] Testcase: testHashcode took 0.001 sec
    [junit] Testcase: testCloning took 0 sec
    [junit] Testcase: testPublicCloneable took 0 sec
    [junit] Testcase: testGetLegendItemSeriesIndex took 0.045 sec
    [junit] dir attribute ignored if running in the same VM
    [junit] Running org.jfree.chart.title.CompositeTitleTest
    [junit] Testsuite: org.jfree.chart.title.CompositeTitleTest
    [junit] Tests run: 5, Failures: 0, Errors: 0, Time elapsed: 0.018 sec
    [junit] Tests run: 5, Failures: 0, Errors: 0, Time elapsed: 0.018 sec
    [junit] 
    [junit] Testcase: testSerialization took 0.017 sec
    [junit] Testcase: testEquals took 0 sec
    [junit] Testcase: testHashcode took 0 sec
    [junit] Testcase: testCloning took 0.001 sec
    [junit] Testcase: testConstructor took 0 sec
    [junit] dir attribute ignored if running in the same VM
    [junit] Running org.jfree.chart.title.DateTitleTest
    [junit] Testsuite: org.jfree.chart.title.DateTitleTest
    [junit] Tests run: 4, Failures: 0, Errors: 0, Time elapsed: 0.015 sec
    [junit] Tests run: 4, Failures: 0, Errors: 0, Time elapsed: 0.015 sec
    [junit] 
    [junit] Testcase: testSerialization took 0.012 sec
    [junit] Testcase: testEquals took 0.001 sec
    [junit] Testcase: testHashcode took 0 sec
    [junit] Testcase: testCloning took 0.001 sec
    [junit] dir attribute ignored if running in the same VM
    [junit] Running org.jfree.chart.title.ImageTitleTest
    [junit] Testsuite: org.jfree.chart.title.ImageTitleTest
    [junit] Tests run: 5, Failures: 0, Errors: 0, Time elapsed: 0.018 sec
    [junit] Tests run: 5, Failures: 0, Errors: 0, Time elapsed: 0.018 sec
    [junit] 
    [junit] Testcase: testEquals took 0.016 sec
    [junit] Testcase: testHashcode took 0 sec
    [junit] Testcase: testCloning took 0.001 sec
    [junit] Testcase: testArrangeNN took 0.001 sec
    [junit] Testcase: testWidthAndHeight took 0 sec
    [junit] dir attribute ignored if running in the same VM
    [junit] Running org.jfree.chart.title.LegendGraphicTest
    [junit] Testsuite: org.jfree.chart.title.LegendGraphicTest
    [junit] Tests run: 5, Failures: 0, Errors: 0, Time elapsed: 0.012 sec
    [junit] Tests run: 5, Failures: 0, Errors: 0, Time elapsed: 0.012 sec
    [junit] 
    [junit] Testcase: testSerialization took 0.012 sec
    [junit] Testcase: testEquals took 0 sec
    [junit] Testcase: testHashcode took 0 sec
    [junit] Testcase: testCloning took 0 sec
    [junit] Testcase: testCloning2 took 0 sec
    [junit] dir attribute ignored if running in the same VM
    [junit] Running org.jfree.chart.title.LegendTitleTest
    [junit] Testsuite: org.jfree.chart.title.LegendTitleTest
    [junit] Tests run: 4, Failures: 0, Errors: 0, Time elapsed: 0.041 sec
    [junit] Tests run: 4, Failures: 0, Errors: 0, Time elapsed: 0.041 sec
    [junit] 
    [junit] Testcase: testSerialization took 0.04 sec
    [junit] Testcase: testEquals took 0 sec
    [junit] Testcase: testHashcode took 0 sec
    [junit] Testcase: testCloning took 0 sec
    [junit] dir attribute ignored if running in the same VM
    [junit] Running org.jfree.chart.title.PaintScaleLegendTest
    [junit] Testsuite: org.jfree.chart.title.PaintScaleLegendTest
    [junit] Tests run: 4, Failures: 0, Errors: 0, Time elapsed: 0.034 sec
    [junit] Tests run: 4, Failures: 0, Errors: 0, Time elapsed: 0.034 sec
    [junit] 
    [junit] Testcase: testSerialization took 0.027 sec
    [junit] Testcase: testEquals took 0.004 sec
    [junit] Testcase: testHashcode took 0.002 sec
    [junit] Testcase: testCloning took 0.001 sec
    [junit] dir attribute ignored if running in the same VM
    [junit] Running org.jfree.chart.title.ShortTextTitleTest
    [junit] Testsuite: org.jfree.chart.title.ShortTextTitleTest
    [junit] Tests run: 4, Failures: 0, Errors: 0, Time elapsed: 0.02 sec
    [junit] Tests run: 4, Failures: 0, Errors: 0, Time elapsed: 0.02 sec
    [junit] 
    [junit] Testcase: testSerialization took 0.016 sec
    [junit] Testcase: testEquals took 0 sec
    [junit] Testcase: testHashcode took 0 sec
    [junit] Testcase: testCloning took 0.001 sec
    [junit] dir attribute ignored if running in the same VM
    [junit] Running org.jfree.chart.title.TextTitleTest
    [junit] Testsuite: org.jfree.chart.title.TextTitleTest
    [junit] Tests run: 4, Failures: 0, Errors: 0, Time elapsed: 0.018 sec
    [junit] Tests run: 4, Failures: 0, Errors: 0, Time elapsed: 0.018 sec
    [junit] 
    [junit] Testcase: testSerialization took 0.015 sec
    [junit] Testcase: testEquals took 0.001 sec
    [junit] Testcase: testHashcode took 0 sec
    [junit] Testcase: testCloning took 0.002 sec
    [junit] dir attribute ignored if running in the same VM
    [junit] Running org.jfree.chart.title.TitleTest
    [junit] Testsuite: org.jfree.chart.title.TitleTest
    [junit] Tests run: 2, Failures: 0, Errors: 0, Time elapsed: 0.009 sec
    [junit] Tests run: 2, Failures: 0, Errors: 0, Time elapsed: 0.009 sec
    [junit] 
    [junit] Testcase: testEquals took 0.009 sec
    [junit] Testcase: testHashcode took 0 sec
    [junit] dir attribute ignored if running in the same VM
    [junit] Running org.jfree.chart.urls.CustomCategoryURLGeneratorTest
    [junit] Testsuite: org.jfree.chart.urls.CustomCategoryURLGeneratorTest
    [junit] Tests run: 5, Failures: 0, Errors: 0, Time elapsed: 0.003 sec
    [junit] Tests run: 5, Failures: 0, Errors: 0, Time elapsed: 0.003 sec
    [junit] 
    [junit] Testcase: testSerialization took 0.003 sec
    [junit] Testcase: testEquals took 0 sec
    [junit] Testcase: testCloning took 0 sec
    [junit] Testcase: testPublicCloneable took 0 sec
    [junit] Testcase: testAddURLSeries took 0 sec
    [junit] dir attribute ignored if running in the same VM
    [junit] Running org.jfree.chart.urls.CustomPieURLGeneratorTest
    [junit] Testsuite: org.jfree.chart.urls.CustomPieURLGeneratorTest
    [junit] Tests run: 4, Failures: 0, Errors: 0, Time elapsed: 0.003 sec
    [junit] Tests run: 4, Failures: 0, Errors: 0, Time elapsed: 0.003 sec
    [junit] 
    [junit] Testcase: testSerialization took 0.002 sec
    [junit] Testcase: testEquals took 0 sec
    [junit] Testcase: testCloning took 0 sec
    [junit] Testcase: testPublicCloneable took 0 sec
    [junit] dir attribute ignored if running in the same VM
    [junit] Running org.jfree.chart.urls.CustomXYURLGeneratorTest
    [junit] Testsuite: org.jfree.chart.urls.CustomXYURLGeneratorTest
    [junit] Tests run: 5, Failures: 0, Errors: 0, Time elapsed: 0.003 sec
    [junit] Tests run: 5, Failures: 0, Errors: 0, Time elapsed: 0.003 sec
    [junit] 
    [junit] Testcase: testSerialization took 0.002 sec
    [junit] Testcase: testEquals took 0 sec
    [junit] Testcase: testCloning took 0 sec
    [junit] Testcase: testPublicCloneable took 0 sec
    [junit] Testcase: testAddURLSeries took 0 sec
    [junit] dir attribute ignored if running in the same VM
    [junit] Running org.jfree.chart.urls.StandardCategoryURLGeneratorTest
    [junit] Testsuite: org.jfree.chart.urls.StandardCategoryURLGeneratorTest
    [junit] Tests run: 4, Failures: 0, Errors: 0, Time elapsed: 0.006 sec
    [junit] Tests run: 4, Failures: 0, Errors: 0, Time elapsed: 0.006 sec
    [junit] 
    [junit] Testcase: testSerialization took 0.003 sec
    [junit] Testcase: testEquals took 0 sec
    [junit] Testcase: testPublicCloneable took 0 sec
    [junit] Testcase: testGenerateURL took 0.003 sec
    [junit] dir attribute ignored if running in the same VM
    [junit] Running org.jfree.chart.urls.StandardPieURLGeneratorTest
    [junit] Testsuite: org.jfree.chart.urls.StandardPieURLGeneratorTest
    [junit] Tests run: 4, Failures: 0, Errors: 0, Time elapsed: 0.004 sec
    [junit] Tests run: 4, Failures: 0, Errors: 0, Time elapsed: 0.004 sec
    [junit] 
    [junit] Testcase: testSerialization took 0.002 sec
    [junit] Testcase: testEquals took 0 sec
    [junit] Testcase: testPublicCloneable took 0 sec
    [junit] Testcase: testURL took 0.002 sec
    [junit] dir attribute ignored if running in the same VM
    [junit] Running org.jfree.chart.urls.StandardXYURLGeneratorTest
    [junit] Testsuite: org.jfree.chart.urls.StandardXYURLGeneratorTest
    [junit] Tests run: 2, Failures: 0, Errors: 0, Time elapsed: 0.003 sec
    [junit] Tests run: 2, Failures: 0, Errors: 0, Time elapsed: 0.003 sec
    [junit] 
    [junit] Testcase: testSerialization took 0.003 sec
    [junit] Testcase: testPublicCloneable took 0 sec
    [junit] dir attribute ignored if running in the same VM
    [junit] Running org.jfree.chart.urls.TimeSeriesURLGeneratorTest
    [junit] Testsuite: org.jfree.chart.urls.TimeSeriesURLGeneratorTest
    [junit] Tests run: 4, Failures: 0, Errors: 0, Time elapsed: 0.007 sec
    [junit] Tests run: 4, Failures: 0, Errors: 0, Time elapsed: 0.007 sec
    [junit] 
    [junit] Testcase: testSerialization took 0.003 sec
    [junit] Testcase: testEquals took 0.001 sec
    [junit] Testcase: testPublicCloneable took 0.001 sec
    [junit] Testcase: testGenerateURL took 0.002 sec
    [junit] dir attribute ignored if running in the same VM
    [junit] Running org.jfree.chart.util.HMSNumberFormatTest
    [junit] Testsuite: org.jfree.chart.util.HMSNumberFormatTest
    [junit] Tests run: 1, Failures: 0, Errors: 0, Time elapsed: 0 sec
    [junit] Tests run: 1, Failures: 0, Errors: 0, Time elapsed: 0 sec
    [junit] 
    [junit] Testcase: testGeneral took 0 sec
    [junit] dir attribute ignored if running in the same VM
    [junit] Running org.jfree.chart.util.LineUtilitiesTest
    [junit] Testsuite: org.jfree.chart.util.LineUtilitiesTest
    [junit] Tests run: 1, Failures: 0, Errors: 0, Time elapsed: 0.001 sec
    [junit] Tests run: 1, Failures: 0, Errors: 0, Time elapsed: 0.001 sec
    [junit] 
    [junit] Testcase: testClipLine took 0.001 sec
    [junit] dir attribute ignored if running in the same VM
    [junit] Running org.jfree.chart.util.LogFormatTest
    [junit] Testsuite: org.jfree.chart.util.LogFormatTest
    [junit] Tests run: 1, Failures: 0, Errors: 0, Time elapsed: 0.001 sec
    [junit] Tests run: 1, Failures: 0, Errors: 0, Time elapsed: 0.001 sec
    [junit] 
    [junit] Testcase: testEquals took 0.001 sec
    [junit] dir attribute ignored if running in the same VM
    [junit] Running org.jfree.chart.util.RelativeDateFormatTest
    [junit] Testsuite: org.jfree.chart.util.RelativeDateFormatTest
    [junit] Tests run: 1, Failures: 0, Errors: 0, Time elapsed: 0.001 sec
    [junit] Tests run: 1, Failures: 0, Errors: 0, Time elapsed: 0.001 sec
    [junit] 
    [junit] Testcase: testFormat took 0.001 sec
    [junit] dir attribute ignored if running in the same VM
    [junit] Running org.jfree.data.DataUtilitiesTest
    [junit] Testsuite: org.jfree.data.DataUtilitiesTest
    [junit] Tests run: 7, Failures: 0, Errors: 0, Time elapsed: 0.004 sec
    [junit] Tests run: 7, Failures: 0, Errors: 0, Time elapsed: 0.004 sec
    [junit] 
    [junit] Testcase: testCreateNumberArray2D took 0.001 sec
    [junit] Testcase: testCalculateRowTotal took 0.001 sec
    [junit] Testcase: testCalculateRowTotal2 took 0 sec
    [junit] Testcase: testClone took 0.001 sec
    [junit] Testcase: testEqual took 0 sec
    [junit] Testcase: testCalculateColumnTotal took 0 sec
    [junit] Testcase: testCalculateColumnTotal2 took 0 sec
    [junit] dir attribute ignored if running in the same VM
    [junit] Running org.jfree.data.DefaultKeyedValueTest
    [junit] Testsuite: org.jfree.data.DefaultKeyedValueTest
    [junit] Tests run: 4, Failures: 0, Errors: 0, Time elapsed: 0.002 sec
    [junit] Tests run: 4, Failures: 0, Errors: 0, Time elapsed: 0.002 sec
    [junit] 
    [junit] Testcase: testSerialization took 0.002 sec
    [junit] Testcase: testEquals took 0 sec
    [junit] Testcase: testCloning took 0 sec
    [junit] Testcase: testConstructor took 0 sec
    [junit] dir attribute ignored if running in the same VM
    [junit] Running org.jfree.data.DefaultKeyedValues2DTest
    [junit] Testsuite: org.jfree.data.DefaultKeyedValues2DTest
    [junit] Tests run: 14, Failures: 0, Errors: 0, Time elapsed: 0.006 sec
    [junit] Tests run: 14, Failures: 0, Errors: 0, Time elapsed: 0.006 sec
    [junit] 
    [junit] Testcase: testSerialization took 0.004 sec
    [junit] Testcase: testEquals took 0 sec
    [junit] Testcase: testCloning took 0.001 sec
    [junit] Testcase: testGetValue took 0 sec
    [junit] Testcase: testGetRowKey took 0 sec
    [junit] Testcase: testGetColumnKey took 0 sec
    [junit] Testcase: testRemoveValue took 0 sec
    [junit] Testcase: testRemoveValueBug1690654 took 0 sec
    [junit] Testcase: testRemoveRow took 0 sec
    [junit] Testcase: testRemoveColumnByKey took 0 sec
    [junit] Testcase: testRowCount took 0 sec
    [junit] Testcase: testSparsePopulation took 0 sec
    [junit] Testcase: testColumnCount took 0 sec
    [junit] Testcase: testGetValue2 took 0 sec
    [junit] dir attribute ignored if running in the same VM
    [junit] Running org.jfree.data.DefaultKeyedValuesTest
    [junit] Testsuite: org.jfree.data.DefaultKeyedValuesTest
    [junit] Tests run: 18, Failures: 0, Errors: 0, Time elapsed: 0.01 sec
    [junit] Tests run: 18, Failures: 0, Errors: 0, Time elapsed: 0.01 sec
    [junit] 
    [junit] Testcase: testSerialization took 0.004 sec
    [junit] Testcase: testGetItemCount took 0.001 sec
    [junit] Testcase: testGetKey took 0 sec
    [junit] Testcase: testCloning took 0 sec
    [junit] Testcase: testConstructor took 0 sec
    [junit] Testcase: testGetValue took 0 sec
    [junit] Testcase: testGetIndex took 0 sec
    [junit] Testcase: testGetIndex2 took 0 sec
    [junit] Testcase: testAddValue took 0.001 sec
    [junit] Testcase: testRemoveValue took 0 sec
    [junit] Testcase: testInsertValue took 0 sec
    [junit] Testcase: testInsertAndRetrieve took 0 sec
    [junit] Testcase: testGetKeys took 0 sec
    [junit] Testcase: testSortByKeyAscending took 0.002 sec
    [junit] Testcase: testSortByKeyDescending took 0 sec
    [junit] Testcase: testSortByValueAscending took 0 sec
    [junit] Testcase: testSortByValueDescending took 0.001 sec
    [junit] Testcase: testClear took 0 sec
    [junit] dir attribute ignored if running in the same VM
    [junit] Running org.jfree.data.DomainOrderTest
    [junit] Testsuite: org.jfree.data.DomainOrderTest
    [junit] Tests run: 3, Failures: 0, Errors: 0, Time elapsed: 0.001 sec
    [junit] Tests run: 3, Failures: 0, Errors: 0, Time elapsed: 0.001 sec
    [junit] 
    [junit] Testcase: testSerialization took 0.001 sec
    [junit] Testcase: testEquals took 0 sec
    [junit] Testcase: testHashCode took 0 sec
    [junit] dir attribute ignored if running in the same VM
    [junit] Running org.jfree.data.KeyToGroupMapTest
    [junit] Testsuite: org.jfree.data.KeyToGroupMapTest
    [junit] Tests run: 8, Failures: 0, Errors: 0, Time elapsed: 0.005 sec
    [junit] Tests run: 8, Failures: 0, Errors: 0, Time elapsed: 0.005 sec
    [junit] 
    [junit] Testcase: testSerialization took 0.004 sec
    [junit] Testcase: testEquals took 0 sec
    [junit] Testcase: testGroupCount took 0 sec
    [junit] Testcase: testCloning took 0 sec
    [junit] Testcase: testMapKeyToGroup took 0.001 sec
    [junit] Testcase: testGetGroupIndex took 0 sec
    [junit] Testcase: testGetGroup took 0 sec
    [junit] Testcase: testKeyCount took 0 sec
    [junit] dir attribute ignored if running in the same VM
    [junit] Running org.jfree.data.KeyedObjectTest
    [junit] Testsuite: org.jfree.data.KeyedObjectTest
    [junit] Tests run: 4, Failures: 0, Errors: 0, Time elapsed: 0.004 sec
    [junit] Tests run: 4, Failures: 0, Errors: 0, Time elapsed: 0.004 sec
    [junit] 
    [junit] Testcase: testSerialization took 0.002 sec
    [junit] Testcase: testEquals took 0 sec
    [junit] Testcase: testCloning took 0 sec
    [junit] Testcase: testCloning2 took 0.002 sec
    [junit] dir attribute ignored if running in the same VM
    [junit] Running org.jfree.data.KeyedObjects2DTest
    [junit] Testsuite: org.jfree.data.KeyedObjects2DTest
    [junit] Tests run: 11, Failures: 0, Errors: 0, Time elapsed: 0.005 sec
    [junit] Tests run: 11, Failures: 0, Errors: 0, Time elapsed: 0.005 sec
    [junit] 
    [junit] Testcase: testSerialization took 0.004 sec
    [junit] Testcase: testEquals took 0 sec
    [junit] Testcase: testSetObject took 0 sec
    [junit] Testcase: testCloning took 0 sec
    [junit] Testcase: testRemoveColumnByIndex took 0 sec
    [junit] Testcase: testRemoveRowByKey took 0 sec
    [junit] Testcase: testRemoveRowByIndex took 0 sec
    [junit] Testcase: testGetValueByKey took 0 sec
    [junit] Testcase: testRemoveValue took 0 sec
    [junit] Testcase: testRemoveColumnByKey took 0.001 sec
    [junit] Testcase: testGetValueByIndex took 0 sec
    [junit] dir attribute ignored if running in the same VM
    [junit] Running org.jfree.data.KeyedObjectsTest
    [junit] Testsuite: org.jfree.data.KeyedObjectsTest
    [junit] Tests run: 10, Failures: 0, Errors: 0, Time elapsed: 0.005 sec
    [junit] Tests run: 10, Failures: 0, Errors: 0, Time elapsed: 0.005 sec
    [junit] 
    [junit] Testcase: testSerialization took 0.002 sec
    [junit] Testcase: testSetObject took 0 sec
    [junit] Testcase: testGetKey took 0 sec
    [junit] Testcase: testCloning took 0 sec
    [junit] Testcase: testCloning2 took 0.002 sec
    [junit] Testcase: testRemoveValueInt took 0 sec
    [junit] Testcase: testGetObject took 0 sec
    [junit] Testcase: testGetIndex took 0 sec
    [junit] Testcase: testRemoveValue took 0 sec
    [junit] Testcase: testInsertAndRetrieve took 0 sec
    [junit] dir attribute ignored if running in the same VM
    [junit] Running org.jfree.data.RangeTest
    [junit] Testsuite: org.jfree.data.RangeTest
    [junit] Tests run: 12, Failures: 0, Errors: 0, Time elapsed: 0.004 sec
    [junit] Tests run: 12, Failures: 0, Errors: 0, Time elapsed: 0.004 sec
    [junit] 
    [junit] Testcase: testSerialization took 0.002 sec
    [junit] Testcase: testEquals took 0.001 sec
    [junit] Testcase: testConstructor took 0 sec
    [junit] Testcase: testHashCode took 0 sec
    [junit] Testcase: testShift took 0 sec
    [junit] Testcase: testScale took 0 sec
    [junit] Testcase: testCombine took 0 sec
    [junit] Testcase: testCombineIgnoringNaN took 0 sec
    [junit] Testcase: testIntersects took 0 sec
    [junit] Testcase: testExpand took 0 sec
    [junit] Testcase: testContains took 0 sec
    [junit] Testcase: testConstrain took 0 sec
    [junit] dir attribute ignored if running in the same VM
    [junit] Running org.jfree.data.RangeTypeTest
    [junit] Testsuite: org.jfree.data.RangeTypeTest
    [junit] Tests run: 3, Failures: 0, Errors: 0, Time elapsed: 0.002 sec
    [junit] Tests run: 3, Failures: 0, Errors: 0, Time elapsed: 0.002 sec
    [junit] 
    [junit] Testcase: testSerialization took 0.001 sec
    [junit] Testcase: testEquals took 0 sec
    [junit] Testcase: testHashCode took 0 sec
    [junit] dir attribute ignored if running in the same VM
    [junit] Running org.jfree.data.category.CategoryToPieDatasetTest
    [junit] Testsuite: org.jfree.data.category.CategoryToPieDatasetTest
    [junit] Tests run: 6, Failures: 0, Errors: 0, Time elapsed: 0.013 sec
    [junit] Tests run: 6, Failures: 0, Errors: 0, Time elapsed: 0.013 sec
    [junit] 
    [junit] Testcase: testSerialization took 0.012 sec
    [junit] Testcase: testEquals took 0 sec
    [junit] Testcase: testGetKey took 0 sec
    [junit] Testcase: testConstructor took 0 sec
    [junit] Testcase: testGetValue took 0 sec
    [junit] Testcase: testGetIndex took 0 sec
    [junit] dir attribute ignored if running in the same VM
    [junit] Running org.jfree.data.category.DefaultCategoryDatasetTest
    [junit] Testsuite: org.jfree.data.category.DefaultCategoryDatasetTest
    [junit] Tests run: 1, Failures: 0, Errors: 0, Time elapsed: 0.005 sec
    [junit] Tests run: 1, Failures: 0, Errors: 0, Time elapsed: 0.005 sec
    [junit] 
    [junit] Testcase: testGetValue took 0.005 sec
    [junit] dir attribute ignored if running in the same VM
    [junit] Running org.jfree.data.category.DefaultIntervalCategoryDatasetTest
    [junit] Testsuite: org.jfree.data.category.DefaultIntervalCategoryDatasetTest
    [junit] Tests run: 20, Failures: 0, Errors: 0, Time elapsed: 0.014 sec
    [junit] Tests run: 20, Failures: 0, Errors: 0, Time elapsed: 0.014 sec
    [junit] 
    [junit] Testcase: testSerialization took 0.01 sec
    [junit] Testcase: testEquals took 0 sec
    [junit] Testcase: testCloning took 0 sec
    [junit] Testcase: testCloning2 took 0 sec
    [junit] Testcase: testGetValue took 0 sec
    [junit] Testcase: testGetRowKeys took 0 sec
    [junit] Testcase: testSetStartValue took 0 sec
    [junit] Testcase: testSetEndValue took 0 sec
    [junit] Testcase: testGetSeriesCount took 0 sec
    [junit] Testcase: testGetCategoryCount took 0 sec
    [junit] Testcase: testGetSeriesIndex took 0 sec
    [junit] Testcase: testGetRowIndex took 0 sec
    [junit] Testcase: testSetSeriesKeys took 0.001 sec
    [junit] Testcase: testGetCategoryIndex took 0 sec
    [junit] Testcase: testGetColumnIndex took 0 sec
    [junit] Testcase: testSetCategoryKeys took 0 sec
    [junit] Testcase: testGetColumnKeys took 0 sec
    [junit] Testcase: testGetRowCount took 0 sec
    [junit] Testcase: testGetRowAndColumnCount took 0 sec
    [junit] Testcase: testGetColumnCount took 0.001 sec
    [junit] dir attribute ignored if running in the same VM
    [junit] Running org.jfree.data.category.SlidingCategoryDatasetTest
    [junit] Testsuite: org.jfree.data.category.SlidingCategoryDatasetTest
    [junit] Tests run: 9, Failures: 0, Errors: 0, Time elapsed: 0.013 sec
    [junit] Tests run: 9, Failures: 0, Errors: 0, Time elapsed: 0.013 sec
    [junit] 
    [junit] Testcase: testSerialization took 0.009 sec
    [junit] Testcase: testEquals took 0.001 sec
    [junit] Testcase: testCloning took 0.001 sec
    [junit] Testcase: testGetValue took 0 sec
    [junit] Testcase: testGetRowIndex took 0 sec
    [junit] Testcase: testGetColumnIndex took 0 sec
    [junit] Testcase: testGetColumnKeys took 0 sec
    [junit] Testcase: testGetRowCount took 0 sec
    [junit] Testcase: testGetColumnCount took 0 sec
    [junit] dir attribute ignored if running in the same VM
    [junit] Running org.jfree.data.function.PolynomialFunction2DTest
    [junit] Testsuite: org.jfree.data.function.PolynomialFunction2DTest
    [junit] Tests run: 6, Failures: 0, Errors: 0, Time elapsed: 0.004 sec
    [junit] Tests run: 6, Failures: 0, Errors: 0, Time elapsed: 0.004 sec
    [junit] 
    [junit] Testcase: testSerialization took 0.002 sec
    [junit] Testcase: testEquals took 0 sec
    [junit] Testcase: testConstructor took 0 sec
    [junit] Testcase: testHashCode took 0.001 sec
    [junit] Testcase: testGetCoefficients took 0 sec
    [junit] Testcase: testGetOrder took 0 sec
    [junit] dir attribute ignored if running in the same VM
    [junit] Running org.jfree.data.function.PowerFunction2DTest
    [junit] Testsuite: org.jfree.data.function.PowerFunction2DTest
    [junit] Tests run: 4, Failures: 0, Errors: 0, Time elapsed: 0.003 sec
    [junit] Tests run: 4, Failures: 0, Errors: 0, Time elapsed: 0.003 sec
    [junit] 
    [junit] Testcase: testSerialization took 0.002 sec
    [junit] Testcase: testEquals took 0 sec
    [junit] Testcase: testConstructor took 0 sec
    [junit] Testcase: testHashCode took 0.001 sec
    [junit] dir attribute ignored if running in the same VM
    [junit] Running org.jfree.data.gantt.SlidingGanttCategoryDatasetTest
    [junit] Testsuite: org.jfree.data.gantt.SlidingGanttCategoryDatasetTest
    [junit] Tests run: 3, Failures: 0, Errors: 0, Time elapsed: 0.015 sec
    [junit] Tests run: 3, Failures: 0, Errors: 0, Time elapsed: 0.015 sec
    [junit] 
    [junit] Testcase: testSerialization took 0.014 sec
    [junit] Testcase: testEquals took 0 sec
    [junit] Testcase: testCloning took 0.001 sec
    [junit] dir attribute ignored if running in the same VM
    [junit] Running org.jfree.data.gantt.TaskSeriesCollectionTest
    [junit] Testsuite: org.jfree.data.gantt.TaskSeriesCollectionTest
    [junit] Tests run: 23, Failures: 0, Errors: 0, Time elapsed: 0.015 sec
    [junit] Tests run: 23, Failures: 0, Errors: 0, Time elapsed: 0.015 sec
    [junit] 
    [junit] Testcase: testSerialization took 0.01 sec
    [junit] Testcase: testEquals took 0 sec
    [junit] Testcase: testCloning took 0.001 sec
    [junit] Testcase: testGetValue took 0 sec
    [junit] Testcase: testGetSeriesKey took 0 sec
    [junit] Testcase: testGetStartValue took 0 sec
    [junit] Testcase: testGetStartValue2 took 0 sec
    [junit] Testcase: testGetStartValue3 took 0.001 sec
    [junit] Testcase: testGetEndValue took 0 sec
    [junit] Testcase: testGetEndValue2 took 0 sec
    [junit] Testcase: testGetEndValue3 took 0 sec
    [junit] Testcase: testGetPercentComplete took 0 sec
    [junit] Testcase: test697153 took 0 sec
    [junit] Testcase: test800324 took 0 sec
    [junit] Testcase: testGetSeries took 0 sec
    [junit] Testcase: testGetSubIntervalCount took 0 sec
    [junit] Testcase: testRemove took 0 sec
    [junit] Testcase: testGetSeriesCount took 0 sec
    [junit] Testcase: testGetRowIndex took 0 sec
    [junit] Testcase: testGetColumnIndex took 0 sec
    [junit] Testcase: testGetRowCount took 0 sec
    [junit] Testcase: testGetRowKey took 0 sec
    [junit] Testcase: testGetColumnCount took 0 sec
    [junit] dir attribute ignored if running in the same VM
    [junit] Running org.jfree.data.gantt.TaskSeriesTest
    [junit] Testsuite: org.jfree.data.gantt.TaskSeriesTest
    [junit] Tests run: 4, Failures: 0, Errors: 0, Time elapsed: 0.009 sec
    [junit] Tests run: 4, Failures: 0, Errors: 0, Time elapsed: 0.009 sec
    [junit] 
    [junit] Testcase: testSerialization took 0.007 sec
    [junit] Testcase: testEquals took 0 sec
    [junit] Testcase: testCloning took 0.001 sec
    [junit] Testcase: testGetTask took 0 sec
    [junit] dir attribute ignored if running in the same VM
    [junit] Running org.jfree.data.gantt.TaskTest
    [junit] Testsuite: org.jfree.data.gantt.TaskTest
    [junit] Tests run: 4, Failures: 0, Errors: 0, Time elapsed: 0.005 sec
    [junit] Tests run: 4, Failures: 0, Errors: 0, Time elapsed: 0.005 sec
    [junit] 
    [junit] Testcase: testSerialization took 0.005 sec
    [junit] Testcase: testEquals took 0 sec
    [junit] Testcase: testCloning took 0 sec
    [junit] Testcase: testGetSubTaskCount took 0 sec
    [junit] dir attribute ignored if running in the same VM
    [junit] Running org.jfree.data.gantt.XYTaskDatasetTest
    [junit] Testsuite: org.jfree.data.gantt.XYTaskDatasetTest
    [junit] Tests run: 3, Failures: 0, Errors: 0, Time elapsed: 0.016 sec
    [junit] Tests run: 3, Failures: 0, Errors: 0, Time elapsed: 0.016 sec
    [junit] 
    [junit] Testcase: testSerialization took 0.015 sec
    [junit] Testcase: testEquals took 0 sec
    [junit] Testcase: testCloning took 0 sec
    [junit] dir attribute ignored if running in the same VM
    [junit] Running org.jfree.data.general.DatasetGroupTest
    [junit] Testsuite: org.jfree.data.general.DatasetGroupTest
    [junit] Tests run: 1, Failures: 0, Errors: 0, Time elapsed: 0.002 sec
    [junit] Tests run: 1, Failures: 0, Errors: 0, Time elapsed: 0.002 sec
    [junit] 
    [junit] Testcase: testSerialization took 0.002 sec
    [junit] dir attribute ignored if running in the same VM
    [junit] Running org.jfree.data.general.DatasetUtilitiesTest
    [junit] Testsuite: org.jfree.data.general.DatasetUtilitiesTest
    [junit] Tests run: 57, Failures: 0, Errors: 0, Time elapsed: 0.035 sec
    [junit] Tests run: 57, Failures: 0, Errors: 0, Time elapsed: 0.035 sec
    [junit] 
    [junit] Testcase: testFindDomainBounds_NaN took 0.008 sec
    [junit] Testcase: testBug2849731 took 0.003 sec
    [junit] Testcase: testBug2849731_2 took 0.003 sec
    [junit] Testcase: testBug2849731_3 took 0 sec
    [junit] Testcase: testFindYValue took 0.003 sec
    [junit] Testcase: testFindYValueNonSorted took 0 sec
    [junit] Testcase: testFindYValueWithDuplicates took 0 sec
    [junit] Testcase: testMinMaxRange took 0.002 sec
    [junit] Testcase: test803660 took 0 sec
    [junit] Testcase: testCumulativeRange1 took 0 sec
    [junit] Testcase: testCumulativeRange2 took 0 sec
    [junit] Testcase: testCumulativeRange3 took 0 sec
    [junit] Testcase: testCumulativeRange_NaN took 0 sec
    [junit] Testcase: testCreateCategoryDataset1 took 0.001 sec
    [junit] Testcase: testCreateCategoryDataset2 took 0 sec
    [junit] Testcase: testMaximumStackedRangeValue took 0 sec
    [junit] Testcase: testFindStackedRangeBounds_CategoryDataset1 took 0 sec
    [junit] Testcase: testFindStackedRangeBounds_CategoryDataset2 took 0 sec
    [junit] Testcase: testFindStackedRangeBounds_CategoryDataset3 took 0.001 sec
    [junit] Testcase: testFindStackedRangeBoundsForTableXYDataset1 took 0.001 sec
    [junit] Testcase: testFindStackedRangeBoundsForTableXYDataset2 took 0 sec
    [junit] Testcase: testStackedRangeWithMap took 0 sec
    [junit] Testcase: testIsEmptyOrNullXYDataset took 0 sec
    [junit] Testcase: testLimitPieDataset took 0.001 sec
    [junit] Testcase: testSampleFunction2D took 0 sec
    [junit] Testcase: testFindMinimumStackedRangeValue took 0 sec
    [junit] Testcase: testFindMinimumStackedRangeValue2 took 0 sec
    [junit] Testcase: testFindMaximumStackedRangeValue took 0 sec
    [junit] Testcase: testFindMaximumStackedRangeValue2 took 0 sec
    [junit] Testcase: testIterateToFindRangeBounds1_XYDataset took 0 sec
    [junit] Testcase: testIterateToFindRangeBounds2_XYDataset took 0.001 sec
    [junit] Testcase: testIterateToFindRangeBounds_BoxAndWhiskerXYDataset took 0.001 sec
    [junit] Testcase: testIterateToFindRangeBounds_StatisticalCategoryDataset took 0.001 sec
    [junit] Testcase: testIterateToFindRangeBounds_MultiValueCategoryDataset took 0.001 sec
    [junit] Testcase: testIterateRangeBounds_IntervalCategoryDataset took 0 sec
    [junit] Testcase: testIterateDomainBounds_NaN2 took 0 sec
    [junit] Testcase: testFindRangeBounds_CategoryDataset took 0 sec
    [junit] Testcase: testFindDomainBounds3 took 0 sec
    [junit] Testcase: testIterateRangeBounds_CategoryDataset took 0 sec
    [junit] Testcase: testIterateRangeBounds2_CategoryDataset took 0 sec
    [junit] Testcase: testIterateRangeBounds3_CategoryDataset took 0.001 sec
    [junit] Testcase: testIterateRangeBounds took 0 sec
    [junit] Testcase: testIterateRangeBounds2 took 0 sec
    [junit] Testcase: testIterateRangeBounds3 took 0 sec
    [junit] Testcase: testIterateRangeBounds4 took 0.001 sec
    [junit] Testcase: testFindMinimumDomainValue took 0 sec
    [junit] Testcase: testFindMaximumDomainValue took 0 sec
    [junit] Testcase: testFindMinimumRangeValue took 0 sec
    [junit] Testcase: testFindMaximumRangeValue took 0 sec
    [junit] Testcase: testJava took 0 sec
    [junit] Testcase: testFindRangeBounds took 0 sec
    [junit] Testcase: testIterateDomainBounds took 0.001 sec
    [junit] Testcase: testIterateDomainBounds_NaN took 0 sec
    [junit] Testcase: testFindDomainBounds took 0 sec
    [junit] Testcase: testFindRangeBounds2 took 0 sec
    [junit] Testcase: testCalculatePieDatasetTotal took 0 sec
    [junit] Testcase: testFindDomainBounds2 took 0.001 sec
    [junit] dir attribute ignored if running in the same VM
    [junit] Running org.jfree.data.general.DefaultHeatMapDatasetTest
    [junit] Testsuite: org.jfree.data.general.DefaultHeatMapDatasetTest
    [junit] Tests run: 4, Failures: 0, Errors: 0, Time elapsed: 0.004 sec
    [junit] Tests run: 4, Failures: 0, Errors: 0, Time elapsed: 0.004 sec
    [junit] 
    [junit] Testcase: testSerialization took 0.004 sec
    [junit] Testcase: testEquals took 0 sec
    [junit] Testcase: testCloning took 0 sec
    [junit] Testcase: testGeneral took 0 sec
    [junit] dir attribute ignored if running in the same VM
    [junit] Running org.jfree.data.general.DefaultKeyedValueDatasetTest
    [junit] Testsuite: org.jfree.data.general.DefaultKeyedValueDatasetTest
    [junit] Tests run: 4, Failures: 0, Errors: 0, Time elapsed: 0.005 sec
    [junit] Tests run: 4, Failures: 0, Errors: 0, Time elapsed: 0.005 sec
    [junit] 
    [junit] Testcase: testSerialization took 0.005 sec
    [junit] Testcase: testEquals took 0 sec
    [junit] Testcase: testCloning took 0 sec
    [junit] Testcase: testCloneIndependence took 0 sec
    [junit] dir attribute ignored if running in the same VM
    [junit] Running org.jfree.data.general.DefaultKeyedValues2DDatasetTest
    [junit] Testsuite: org.jfree.data.general.DefaultKeyedValues2DDatasetTest
    [junit] Tests run: 1, Failures: 0, Errors: 0, Time elapsed: 0.005 sec
    [junit] Tests run: 1, Failures: 0, Errors: 0, Time elapsed: 0.005 sec
    [junit] 
    [junit] Testcase: testCloning took 0.005 sec
    [junit] dir attribute ignored if running in the same VM
    [junit] Running org.jfree.data.general.DefaultKeyedValuesDatasetTest
    [junit] Testsuite: org.jfree.data.general.DefaultKeyedValuesDatasetTest
    [junit] Tests run: 1, Failures: 0, Errors: 0, Time elapsed: 0.003 sec
    [junit] Tests run: 1, Failures: 0, Errors: 0, Time elapsed: 0.003 sec
    [junit] 
    [junit] Testcase: testCloning took 0.003 sec
    [junit] dir attribute ignored if running in the same VM
    [junit] Running org.jfree.data.general.DefaultPieDatasetTest
    [junit] Testsuite: org.jfree.data.general.DefaultPieDatasetTest
    [junit] Tests run: 1, Failures: 0, Errors: 0, Time elapsed: 0.002 sec
    [junit] Tests run: 1, Failures: 0, Errors: 0, Time elapsed: 0.002 sec
    [junit] 
    [junit] Testcase: testClear took 0.002 sec
    [junit] dir attribute ignored if running in the same VM
    [junit] Running org.jfree.data.statistics.BoxAndWhiskerCalculatorTest
    [junit] Testsuite: org.jfree.data.statistics.BoxAndWhiskerCalculatorTest
    [junit] Tests run: 4, Failures: 0, Errors: 0, Time elapsed: 0.003 sec
    [junit] Tests run: 4, Failures: 0, Errors: 0, Time elapsed: 0.003 sec
    [junit] 
    [junit] Testcase: test1593149 took 0.002 sec
    [junit] Testcase: testCalculateBoxAndWhiskerStatistics took 0 sec
    [junit] Testcase: testCalculateQ1 took 0.001 sec
    [junit] Testcase: testCalculateQ3 took 0 sec
    [junit] dir attribute ignored if running in the same VM
    [junit] Running org.jfree.data.statistics.BoxAndWhiskerItemTest
    [junit] Testsuite: org.jfree.data.statistics.BoxAndWhiskerItemTest
    [junit] Tests run: 2, Failures: 0, Errors: 0, Time elapsed: 0.003 sec
    [junit] Tests run: 2, Failures: 0, Errors: 0, Time elapsed: 0.003 sec
    [junit] 
    [junit] Testcase: testSerialization took 0.003 sec
    [junit] Testcase: testEquals took 0 sec
    [junit] dir attribute ignored if running in the same VM
    [junit] Running org.jfree.data.statistics.DefaultBoxAndWhiskerCategoryDatasetTest
    [junit] Testsuite: org.jfree.data.statistics.DefaultBoxAndWhiskerCategoryDatasetTest
    [junit] Tests run: 9, Failures: 0, Errors: 0, Time elapsed: 0.01 sec
    [junit] Tests run: 9, Failures: 0, Errors: 0, Time elapsed: 0.01 sec
    [junit] 
    [junit] Testcase: testSerialization took 0.008 sec
    [junit] Testcase: testEquals took 0 sec
    [junit] Testcase: testCloning took 0 sec
    [junit] Testcase: testConstructor took 0 sec
    [junit] Testcase: testGetRangeBounds took 0 sec
    [junit] Testcase: testAddUpdatesCachedRange took 0 sec
    [junit] Testcase: testAdd took 0.001 sec
    [junit] Testcase: test1701822 took 0 sec
    [junit] Testcase: testRemove took 0 sec
    [junit] dir attribute ignored if running in the same VM
    [junit] Running org.jfree.data.statistics.DefaultBoxAndWhiskerXYDatasetTest
    [junit] Testsuite: org.jfree.data.statistics.DefaultBoxAndWhiskerXYDatasetTest
    [junit] Tests run: 6, Failures: 0, Errors: 0, Time elapsed: 0.009 sec
    [junit] Tests run: 6, Failures: 0, Errors: 0, Time elapsed: 0.009 sec
    [junit] 
    [junit] Testcase: testSerialization took 0.008 sec
    [junit] Testcase: testEquals took 0 sec
    [junit] Testcase: testCloning took 0 sec
    [junit] Testcase: testConstructor took 0 sec
    [junit] Testcase: testGetRangeBounds took 0 sec
    [junit] Testcase: testAdd took 0 sec
    [junit] dir attribute ignored if running in the same VM
    [junit] Running org.jfree.data.statistics.DefaultMultiValueCategoryDatasetTest
    [junit] Testsuite: org.jfree.data.statistics.DefaultMultiValueCategoryDatasetTest
    [junit] Tests run: 8, Failures: 0, Errors: 0, Time elapsed: 0.007 sec
    [junit] Tests run: 8, Failures: 0, Errors: 0, Time elapsed: 0.007 sec
    [junit] 
    [junit] Testcase: testSerialization took 0.006 sec
    [junit] Testcase: testEquals took 0.001 sec
    [junit] Testcase: testCloning took 0 sec
    [junit] Testcase: testGetValue took 0 sec
    [junit] Testcase: testGetRowCount took 0 sec
    [junit] Testcase: testAddValue took 0 sec
    [junit] Testcase: testGetValue2 took 0 sec
    [junit] Testcase: testGetColumnCount took 0 sec
    [junit] dir attribute ignored if running in the same VM
    [junit] Running org.jfree.data.statistics.DefaultStatisticalCategoryDatasetTest
    [junit] Testsuite: org.jfree.data.statistics.DefaultStatisticalCategoryDatasetTest
    [junit] Tests run: 11, Failures: 0, Errors: 0, Time elapsed: 0.009 sec
    [junit] Tests run: 11, Failures: 0, Errors: 0, Time elapsed: 0.009 sec
    [junit] 
    [junit] Testcase: testSerialization1 took 0.008 sec
    [junit] Testcase: testEquals took 0 sec
    [junit] Testcase: testSerialization2 took 0 sec
    [junit] Testcase: testCloning took 0 sec
    [junit] Testcase: testGetRangeBounds2 took 0.001 sec
    [junit] Testcase: testGetRangeUpperBound took 0 sec
    [junit] Testcase: test3072674 took 0 sec
    [junit] Testcase: testGetRangeBounds took 0 sec
    [junit] Testcase: testAdd took 0 sec
    [junit] Testcase: testRemove took 0 sec
    [junit] Testcase: testGetRangeLowerBound took 0 sec
    [junit] dir attribute ignored if running in the same VM
    [junit] Running org.jfree.data.statistics.HistogramBinTest
    [junit] Testsuite: org.jfree.data.statistics.HistogramBinTest
    [junit] Tests run: 3, Failures: 0, Errors: 0, Time elapsed: 0.002 sec
    [junit] Tests run: 3, Failures: 0, Errors: 0, Time elapsed: 0.002 sec
    [junit] 
    [junit] Testcase: testSerialization took 0.001 sec
    [junit] Testcase: testEquals took 0 sec
    [junit] Testcase: testCloning took 0 sec
    [junit] dir attribute ignored if running in the same VM
    [junit] Running org.jfree.data.statistics.HistogramDatasetTest
    [junit] Testsuite: org.jfree.data.statistics.HistogramDatasetTest
    [junit] Tests run: 10, Failures: 0, Errors: 0, Time elapsed: 0.01 sec
    [junit] Tests run: 10, Failures: 0, Errors: 0, Time elapsed: 0.01 sec
    [junit] 
    [junit] Testcase: testSerialization took 0.007 sec
    [junit] Testcase: testEquals took 0 sec
    [junit] Testcase: testCloning took 0 sec
    [junit] Testcase: testBinBoundaries took 0.001 sec
    [junit] Testcase: test1553088 took 0.001 sec
    [junit] Testcase: testAddSeries took 0 sec
    [junit] Testcase: test2902842 took 0 sec
    [junit] Testcase: testBins took 0 sec
    [junit] Testcase: testGetSeriesKey took 0 sec
    [junit] Testcase: testAddSeries2 took 0 sec
    [junit] dir attribute ignored if running in the same VM
    [junit] Running org.jfree.data.statistics.MeanAndStandardDeviationTest
    [junit] Testsuite: org.jfree.data.statistics.MeanAndStandardDeviationTest
    [junit] Tests run: 3, Failures: 0, Errors: 0, Time elapsed: 0.002 sec
    [junit] Tests run: 3, Failures: 0, Errors: 0, Time elapsed: 0.002 sec
    [junit] 
    [junit] Testcase: testSerialization took 0.002 sec
    [junit] Testcase: testEquals took 0 sec
    [junit] Testcase: testCloning took 0 sec
    [junit] dir attribute ignored if running in the same VM
    [junit] Running org.jfree.data.statistics.RegressionTest
    [junit] Testsuite: org.jfree.data.statistics.RegressionTest
    [junit] Tests run: 8, Failures: 0, Errors: 0, Time elapsed: 0.008 sec
    [junit] Tests run: 8, Failures: 0, Errors: 0, Time elapsed: 0.008 sec
    [junit] 
    [junit] Testcase: testOLSRegression2a took 0.002 sec
    [junit] Testcase: testPowerRegression2a took 0 sec
    [junit] Testcase: testPowerRegression2b took 0.005 sec
    [junit] Testcase: testPowerRegression1b took 0.001 sec
    [junit] Testcase: testPowerRegression1a took 0 sec
    [junit] Testcase: testOLSRegression1b took 0 sec
    [junit] Testcase: testOLSRegression2b took 0 sec
    [junit] Testcase: testOLSRegression1a took 0 sec
    [junit] dir attribute ignored if running in the same VM
    [junit] Running org.jfree.data.statistics.SimpleHistogramBinTest
    [junit] Testsuite: org.jfree.data.statistics.SimpleHistogramBinTest
    [junit] Tests run: 5, Failures: 0, Errors: 0, Time elapsed: 0.002 sec
    [junit] Tests run: 5, Failures: 0, Errors: 0, Time elapsed: 0.002 sec
    [junit] 
    [junit] Testcase: testSerialization took 0.002 sec
    [junit] Testcase: testEquals took 0 sec
    [junit] Testcase: testCloning took 0 sec
    [junit] Testcase: testOverlapsWidth took 0 sec
    [junit] Testcase: testAccepts took 0 sec
    [junit] dir attribute ignored if running in the same VM
    [junit] Running org.jfree.data.statistics.SimpleHistogramDatasetTest
    [junit] Testsuite: org.jfree.data.statistics.SimpleHistogramDatasetTest
    [junit] Tests run: 5, Failures: 0, Errors: 0, Time elapsed: 0.007 sec
    [junit] Tests run: 5, Failures: 0, Errors: 0, Time elapsed: 0.007 sec
    [junit] 
    [junit] Testcase: testSerialization took 0.006 sec
    [junit] Testcase: testEquals took 0 sec
    [junit] Testcase: testCloning took 0.001 sec
    [junit] Testcase: testClearObservations took 0 sec
    [junit] Testcase: testRemoveAllBins took 0 sec
    [junit] dir attribute ignored if running in the same VM
    [junit] Running org.jfree.data.statistics.StatisticsTest
    [junit] Testsuite: org.jfree.data.statistics.StatisticsTest
    [junit] Tests run: 12, Failures: 0, Errors: 0, Time elapsed: 0.003 sec
    [junit] Tests run: 12, Failures: 0, Errors: 0, Time elapsed: 0.003 sec
    [junit] 
    [junit] Testcase: testCalculateMedian1 took 0.001 sec
    [junit] Testcase: testCalculateMedian2 took 0 sec
    [junit] Testcase: testCalculateMean_Array took 0 sec
    [junit] Testcase: testCalculateMedian3 took 0.001 sec
    [junit] Testcase: testCalculateMedian4 took 0 sec
    [junit] Testcase: testGetStdDev took 0 sec
    [junit] Testcase: testCalculateMedian5 took 0 sec
    [junit] Testcase: testCalculateMedian6 took 0 sec
    [junit] Testcase: testCorrelation1 took 0 sec
    [junit] Testcase: testCorrelation2 took 0 sec
    [junit] Testcase: testCalculateMean_Collection took 0 sec
    [junit] Testcase: testCalculateMedian took 0.001 sec
    [junit] dir attribute ignored if running in the same VM
    [junit] Running org.jfree.data.time.DateRangeTest
    [junit] Testsuite: org.jfree.data.time.DateRangeTest
    [junit] Tests run: 4, Failures: 0, Errors: 0, Time elapsed: 0.003 sec
    [junit] Tests run: 4, Failures: 0, Errors: 0, Time elapsed: 0.003 sec
    [junit] 
    [junit] Testcase: testSerialization took 0.003 sec
    [junit] Testcase: testEquals took 0 sec
    [junit] Testcase: testClone took 0 sec
    [junit] Testcase: testImmutable took 0 sec
    [junit] dir attribute ignored if running in the same VM
    [junit] Running org.jfree.data.time.DayTest
    [junit] Testsuite: org.jfree.data.time.DayTest
    [junit] Tests run: 22, Failures: 0, Errors: 0, Time elapsed: 0.009 sec
    [junit] Tests run: 22, Failures: 0, Errors: 0, Time elapsed: 0.009 sec
    [junit] 
    [junit] Testcase: testSerialization took 0.004 sec
    [junit] Testcase: testEquals took 0 sec
    [junit] Testcase: testHashcode took 0 sec
    [junit] Testcase: test31Dec9999Previous took 0.001 sec
    [junit] Testcase: testParseDay took 0 sec
    [junit] Testcase: test31Dec9999Next took 0 sec
    [junit] Testcase: testNotCloneable took 0 sec
    [junit] Testcase: testGetSerialIndex took 0 sec
    [junit] Testcase: testGetFirstMillisecond took 0.001 sec
    [junit] Testcase: testGetFirstMillisecondWithTimeZone took 0 sec
    [junit] Testcase: testGetFirstMillisecondWithCalendar took 0 sec
    [junit] Testcase: testGetLastMillisecond took 0 sec
    [junit] Testcase: test1Jan1900Previous took 0 sec
    [junit] Testcase: test1Jan1900Next took 0 sec
    [junit] Testcase: testGetLastMillisecondWithTimeZone took 0.001 sec
    [junit] Testcase: testGetLastMillisecondWithCalendar took 0 sec
    [junit] Testcase: testNext took 0 sec
    [junit] Testcase: testGetStart took 0 sec
    [junit] Testcase: testGetEnd took 0 sec
    [junit] Testcase: testEqualsSelf took 0 sec
    [junit] Testcase: testDateConstructor2 took 0 sec
    [junit] Testcase: testDateConstructor1 took 0 sec
    [junit] dir attribute ignored if running in the same VM
    [junit] Running org.jfree.data.time.FixedMillisecondTest
    [junit] Testsuite: org.jfree.data.time.FixedMillisecondTest
    [junit] Tests run: 4, Failures: 0, Errors: 0, Time elapsed: 0.003 sec
    [junit] Tests run: 4, Failures: 0, Errors: 0, Time elapsed: 0.003 sec
    [junit] 
    [junit] Testcase: testSerialization took 0.003 sec
    [junit] Testcase: testHashcode took 0 sec
    [junit] Testcase: testImmutability took 0 sec
    [junit] Testcase: testNotCloneable took 0 sec
    [junit] dir attribute ignored if running in the same VM
    [junit] Running org.jfree.data.time.HourTest
    [junit] Testsuite: org.jfree.data.time.HourTest
    [junit] Tests run: 22, Failures: 0, Errors: 0, Time elapsed: 0.01 sec
    [junit] Tests run: 22, Failures: 0, Errors: 0, Time elapsed: 0.01 sec
    [junit] 
    [junit] Testcase: testSerialization took 0.006 sec
    [junit] Testcase: testEquals took 0 sec
    [junit] Testcase: testHashcode took 0 sec
    [junit] Testcase: testNotCloneable took 0 sec
    [junit] Testcase: testGetSerialIndex took 0 sec
    [junit] Testcase: testGetFirstMillisecond took 0.001 sec
    [junit] Testcase: testGetFirstMillisecondWithTimeZone took 0 sec
    [junit] Testcase: testGetFirstMillisecondWithCalendar took 0 sec
    [junit] Testcase: testGetLastMillisecond took 0 sec
    [junit] Testcase: testFirstHourPrevious took 0 sec
    [junit] Testcase: testFirstHourNext took 0 sec
    [junit] Testcase: testLastHourPrevious took 0.001 sec
    [junit] Testcase: testLastHourNext took 0 sec
    [junit] Testcase: testParseHour took 0 sec
    [junit] Testcase: testGetLastMillisecondWithTimeZone took 0 sec
    [junit] Testcase: testGetLastMillisecondWithCalendar took 0 sec
    [junit] Testcase: testNext took 0.001 sec
    [junit] Testcase: testGetStart took 0 sec
    [junit] Testcase: testGetEnd took 0 sec
    [junit] Testcase: testEqualsSelf took 0 sec
    [junit] Testcase: testDateConstructor2 took 0 sec
    [junit] Testcase: testDateConstructor1 took 0.001 sec
    [junit] dir attribute ignored if running in the same VM
    [junit] Running org.jfree.data.time.MillisecondTest
    [junit] Testsuite: org.jfree.data.time.MillisecondTest
    [junit] Tests run: 18, Failures: 0, Errors: 0, Time elapsed: 0.017 sec
    [junit] Tests run: 18, Failures: 0, Errors: 0, Time elapsed: 0.017 sec
    [junit] 
    [junit] Testcase: testSerialization took 0.006 sec
    [junit] Testcase: testEquals took 0.002 sec
    [junit] Testcase: testHashcode took 0.001 sec
    [junit] Testcase: test943985 took 0 sec
    [junit] Testcase: testNotCloneable took 0.001 sec
    [junit] Testcase: testGetSerialIndex took 0 sec
    [junit] Testcase: testGetFirstMillisecond took 0 sec
    [junit] Testcase: testGetFirstMillisecondWithTimeZone took 0 sec
    [junit] Testcase: testGetFirstMillisecondWithCalendar took 0 sec
    [junit] Testcase: testGetLastMillisecond took 0 sec
    [junit] Testcase: testGetLastMillisecondWithTimeZone took 0.001 sec
    [junit] Testcase: testGetLastMillisecondWithCalendar took 0 sec
    [junit] Testcase: testNext took 0.003 sec
    [junit] Testcase: testGetStart took 0 sec
    [junit] Testcase: testGetEnd took 0.001 sec
    [junit] Testcase: testEqualsSelf took 0 sec
    [junit] Testcase: testDateConstructor2 took 0 sec
    [junit] Testcase: testDateConstructor1 took 0 sec
    [junit] dir attribute ignored if running in the same VM
    [junit] Running org.jfree.data.time.MinuteTest
    [junit] Testsuite: org.jfree.data.time.MinuteTest
    [junit] Tests run: 18, Failures: 0, Errors: 0, Time elapsed: 0.014 sec
    [junit] Tests run: 18, Failures: 0, Errors: 0, Time elapsed: 0.014 sec
    [junit] 
    [junit] Testcase: testSerialization took 0.008 sec
    [junit] Testcase: testEquals took 0.001 sec
    [junit] Testcase: testHashcode took 0 sec
    [junit] Testcase: testNotCloneable took 0 sec
    [junit] Testcase: testGetSerialIndex took 0 sec
    [junit] Testcase: testGetFirstMillisecond took 0.001 sec
    [junit] Testcase: testGetFirstMillisecondWithTimeZone took 0 sec
    [junit] Testcase: testGetFirstMillisecondWithCalendar took 0 sec
    [junit] Testcase: testGetLastMillisecond took 0 sec
    [junit] Testcase: testGetLastMillisecondWithTimeZone took 0 sec
    [junit] Testcase: testGetLastMillisecondWithCalendar took 0.001 sec
    [junit] Testcase: testNext took 0 sec
    [junit] Testcase: testGetStart took 0.001 sec
    [junit] Testcase: testGetEnd took 0 sec
    [junit] Testcase: testEqualsSelf took 0 sec
    [junit] Testcase: testDateConstructor2 took 0 sec
    [junit] Testcase: test1611872 took 0 sec
    [junit] Testcase: testDateConstructor1 took 0 sec
    [junit] dir attribute ignored if running in the same VM
    [junit] Running org.jfree.data.time.MonthTest
    [junit] Testsuite: org.jfree.data.time.MonthTest
    [junit] Tests run: 22, Failures: 0, Errors: 0, Time elapsed: 0.011 sec
    [junit] Tests run: 22, Failures: 0, Errors: 0, Time elapsed: 0.011 sec
    [junit] 
    [junit] Testcase: testSerialization took 0.003 sec
    [junit] Testcase: testEquals took 0.001 sec
    [junit] Testcase: testHashcode took 0 sec
    [junit] Testcase: testNotCloneable took 0 sec
    [junit] Testcase: testGetSerialIndex took 0 sec
    [junit] Testcase: testGetFirstMillisecond took 0.001 sec
    [junit] Testcase: testGetFirstMillisecondWithTimeZone took 0 sec
    [junit] Testcase: testGetFirstMillisecondWithCalendar took 0 sec
    [junit] Testcase: testGetLastMillisecond took 0.001 sec
    [junit] Testcase: testGetLastMillisecondWithTimeZone took 0 sec
    [junit] Testcase: testGetLastMillisecondWithCalendar took 0 sec
    [junit] Testcase: testNext took 0.001 sec
    [junit] Testcase: testGetStart took 0 sec
    [junit] Testcase: testGetEnd took 0 sec
    [junit] Testcase: testEqualsSelf took 0.001 sec
    [junit] Testcase: testDateConstructor2 took 0 sec
    [junit] Testcase: testJan1900Previous took 0.001 sec
    [junit] Testcase: testJan1900Next took 0 sec
    [junit] Testcase: testDec9999Previous took 0 sec
    [junit] Testcase: testDec9999Next took 0 sec
    [junit] Testcase: testParseMonth took 0.001 sec
    [junit] Testcase: testDateConstructor1 took 0.001 sec
    [junit] dir attribute ignored if running in the same VM
    [junit] Running org.jfree.data.time.MovingAverageTest
    [junit] Testsuite: org.jfree.data.time.MovingAverageTest
    [junit] Tests run: 1, Failures: 0, Errors: 0, Time elapsed: 0.006 sec
    [junit] Tests run: 1, Failures: 0, Errors: 0, Time elapsed: 0.006 sec
    [junit] 
    [junit] Testcase: test1 took 0.006 sec
    [junit] dir attribute ignored if running in the same VM
    [junit] Running org.jfree.data.time.QuarterTest
    [junit] Testsuite: org.jfree.data.time.QuarterTest
    [junit] Tests run: 23, Failures: 0, Errors: 0, Time elapsed: 0.011 sec
    [junit] Tests run: 23, Failures: 0, Errors: 0, Time elapsed: 0.011 sec
    [junit] 
    [junit] Testcase: testSerialization took 0.004 sec
    [junit] Testcase: testEquals took 0 sec
    [junit] Testcase: testHashcode took 0 sec
    [junit] Testcase: testConstructor took 0 sec
    [junit] Testcase: testNotCloneable took 0.001 sec
    [junit] Testcase: testGetSerialIndex took 0 sec
    [junit] Testcase: testGetFirstMillisecond took 0 sec
    [junit] Testcase: testGetFirstMillisecondWithTimeZone took 0 sec
    [junit] Testcase: testGetFirstMillisecondWithCalendar took 0 sec
    [junit] Testcase: testGetLastMillisecond took 0 sec
    [junit] Testcase: testGetLastMillisecondWithTimeZone took 0 sec
    [junit] Testcase: testGetLastMillisecondWithCalendar took 0.001 sec
    [junit] Testcase: testNext took 0 sec
    [junit] Testcase: testGetStart took 0 sec
    [junit] Testcase: testGetEnd took 0.001 sec
    [junit] Testcase: testEqualsSelf took 0 sec
    [junit] Testcase: testDateConstructor2 took 0.001 sec
    [junit] Testcase: testQ1Y1900Previous took 0 sec
    [junit] Testcase: testQ1Y1900Next took 0 sec
    [junit] Testcase: testQ4Y9999Previous took 0 sec
    [junit] Testcase: testQ4Y9999Next took 0 sec
    [junit] Testcase: testParseQuarter took 0 sec
    [junit] Testcase: testDateConstructor1 took 0 sec
    [junit] dir attribute ignored if running in the same VM
    [junit] Running org.jfree.data.time.SecondTest
    [junit] Testsuite: org.jfree.data.time.SecondTest
    [junit] Tests run: 17, Failures: 0, Errors: 0, Time elapsed: 0.016 sec
    [junit] Tests run: 17, Failures: 0, Errors: 0, Time elapsed: 0.016 sec
    [junit] 
    [junit] Testcase: testSerialization took 0.008 sec
    [junit] Testcase: testEquals took 0.001 sec
    [junit] Testcase: testHashcode took 0 sec
    [junit] Testcase: testNotCloneable took 0 sec
    [junit] Testcase: testGetSerialIndex took 0 sec
    [junit] Testcase: testGetFirstMillisecond took 0 sec
    [junit] Testcase: testGetFirstMillisecondWithTimeZone took 0 sec
    [junit] Testcase: testGetFirstMillisecondWithCalendar took 0 sec
    [junit] Testcase: testGetLastMillisecond took 0.001 sec
    [junit] Testcase: testGetLastMillisecondWithTimeZone took 0 sec
    [junit] Testcase: testGetLastMillisecondWithCalendar took 0 sec
    [junit] Testcase: testNext took 0.002 sec
    [junit] Testcase: testGetStart took 0 sec
    [junit] Testcase: testGetEnd took 0 sec
    [junit] Testcase: testEqualsSelf took 0 sec
    [junit] Testcase: testDateConstructor2 took 0.001 sec
    [junit] Testcase: testDateConstructor1 took 0 sec
    [junit] dir attribute ignored if running in the same VM
    [junit] Running org.jfree.data.time.SimpleTimePeriodTest
    [junit] Testsuite: org.jfree.data.time.SimpleTimePeriodTest
    [junit] Tests run: 7, Failures: 0, Errors: 0, Time elapsed: 0.003 sec
    [junit] Tests run: 7, Failures: 0, Errors: 0, Time elapsed: 0.003 sec
    [junit] 
    [junit] Testcase: testSerialization took 0.003 sec
    [junit] Testcase: testEquals took 0 sec
    [junit] Testcase: testHashcode took 0 sec
    [junit] Testcase: testClone took 0 sec
    [junit] Testcase: testCompareTo took 0 sec
    [junit] Testcase: testImmutable took 0 sec
    [junit] Testcase: testEqualsSelf took 0 sec
    [junit] dir attribute ignored if running in the same VM
    [junit] Running org.jfree.data.time.TimePeriodAnchorTest
    [junit] Testsuite: org.jfree.data.time.TimePeriodAnchorTest
    [junit] Tests run: 2, Failures: 0, Errors: 0, Time elapsed: 0.002 sec
    [junit] Tests run: 2, Failures: 0, Errors: 0, Time elapsed: 0.002 sec
    [junit] 
    [junit] Testcase: testSerialization took 0.002 sec
    [junit] Testcase: testEquals took 0 sec
    [junit] dir attribute ignored if running in the same VM
    [junit] Running org.jfree.data.time.TimePeriodValueTest
    [junit] Testsuite: org.jfree.data.time.TimePeriodValueTest
    [junit] Tests run: 3, Failures: 0, Errors: 0, Time elapsed: 0.007 sec
    [junit] Tests run: 3, Failures: 0, Errors: 0, Time elapsed: 0.007 sec
    [junit] 
    [junit] Testcase: testSerialization took 0.007 sec
    [junit] Testcase: testEquals took 0 sec
    [junit] Testcase: testEqualsSelf took 0 sec
    [junit] dir attribute ignored if running in the same VM
    [junit] Running org.jfree.data.time.TimePeriodValuesCollectionTest
    [junit] Testsuite: org.jfree.data.time.TimePeriodValuesCollectionTest
    [junit] Tests run: 6, Failures: 0, Errors: 0, Time elapsed: 0.016 sec
    [junit] Tests run: 6, Failures: 0, Errors: 0, Time elapsed: 0.016 sec
    [junit] 
    [junit] Testcase: testSerialization took 0.008 sec
    [junit] Testcase: testEquals took 0.002 sec
    [junit] Testcase: testGetDomainBoundsWithoutInterval took 0.002 sec
    [junit] Testcase: testGetDomainBoundsWithInterval took 0 sec
    [junit] Testcase: testGetSeries took 0 sec
    [junit] Testcase: test1161340 took 0.004 sec
    [junit] dir attribute ignored if running in the same VM
    [junit] Running org.jfree.data.time.TimePeriodValuesTest
    [junit] Testsuite: org.jfree.data.time.TimePeriodValuesTest
    [junit] Tests run: 12, Failures: 0, Errors: 0, Time elapsed: 0.022 sec
    [junit] Tests run: 12, Failures: 0, Errors: 0, Time elapsed: 0.022 sec
    [junit] 
    [junit] Testcase: testSerialization took 0.01 sec
    [junit] Testcase: testEquals took 0.003 sec
    [junit] Testcase: testClone took 0.001 sec
    [junit] Testcase: getMaxEndIndex took 0.002 sec
    [junit] Testcase: getMinEndIndex took 0 sec
    [junit] Testcase: testAdd took 0.001 sec
    [junit] Testcase: testAddValue took 0 sec
    [junit] Testcase: testGetMinMiddleIndex took 0.001 sec
    [junit] Testcase: testGetMaxMiddleIndex took 0.001 sec
    [junit] Testcase: testGetMaxStartIndex took 0 sec
    [junit] Testcase: test1161329 took 0.001 sec
    [junit] Testcase: testGetMinStartIndex took 0.001 sec
    [junit] dir attribute ignored if running in the same VM
    [junit] Running org.jfree.data.time.TimeSeriesCollectionTest
    [junit] Testsuite: org.jfree.data.time.TimeSeriesCollectionTest
    [junit] Tests run: 11, Failures: 1, Errors: 0, Time elapsed: 0.033 sec
    [junit] Tests run: 11, Failures: 1, Errors: 0, Time elapsed: 0.033 sec
    [junit] 
    [junit] Testcase: testSerialization took 0.022 sec
    [junit] Testcase: testEquals took 0 sec
    [junit] Testcase: testCloning took 0.001 sec
    [junit] Testcase: testGetRangeBounds took 0.001 sec
    [junit] Testcase: testGetSurroundingItems took 0.001 sec
    [junit] Testcase: test1170825 took 0 sec
    [junit] Testcase: testIndexOf took 0 sec
    [junit] Testcase: testBug3445507 took 0 sec
    [junit] Testcase: testRemoveSeries took 0 sec
    [junit] Testcase: testRemoveSeries_int took 0 sec
    [junit] Testcase: testFindDomainBounds took 0.006 sec
    [junit] 	FAILED
    [junit] expected:<1.199142E12> but was:<1.1991708E12>
    [junit] junit.framework.AssertionFailedError: expected:<1.199142E12> but was:<1.1991708E12>
    [junit] 	at org.jfree.data.time.TimeSeriesCollectionTest.testFindDomainBounds(TimeSeriesCollectionTest.java:325)
    [junit] 
    [junit] dir attribute ignored if running in the same VM
    [junit] Running org.jfree.data.time.TimeSeriesDataItemTest
    [junit] Testsuite: org.jfree.data.time.TimeSeriesDataItemTest
    [junit] Tests run: 3, Failures: 0, Errors: 0, Time elapsed: 0.011 sec
    [junit] Tests run: 3, Failures: 0, Errors: 0, Time elapsed: 0.011 sec
    [junit] 
    [junit] Testcase: testSerialization took 0.01 sec
    [junit] Testcase: testEquals took 0 sec
    [junit] Testcase: testEqualsSelf took 0 sec
    [junit] dir attribute ignored if running in the same VM
    [junit] Running org.jfree.data.time.TimeSeriesTest
    [junit] Testsuite: org.jfree.data.time.TimeSeriesTest
    [junit] Tests run: 40, Failures: 0, Errors: 0, Time elapsed: 0.062 sec
    [junit] Tests run: 40, Failures: 0, Errors: 0, Time elapsed: 0.062 sec
    [junit] 
    [junit] Testcase: testDelete3 took 0.005 sec
    [junit] Testcase: testDelete_RegularTimePeriod took 0.001 sec
    [junit] Testcase: testSerialization took 0.007 sec
    [junit] Testcase: testEquals took 0.003 sec
    [junit] Testcase: testEquals2 took 0.001 sec
    [junit] Testcase: testHashCode took 0.001 sec
    [junit] Testcase: testClone took 0.001 sec
    [junit] Testcase: testGetValue took 0.002 sec
    [junit] Testcase: testAddOrUpdate2 took 0.001 sec
    [junit] Testcase: testAddOrUpdate3 took 0.001 sec
    [junit] Testcase: testAddOrUpdate4 took 0.001 sec
    [junit] Testcase: testBug1075255 took 0.001 sec
    [junit] Testcase: testBug1832432 took 0.001 sec
    [junit] Testcase: testGetDataItem1 took 0.001 sec
    [junit] Testcase: testGetDataItem2 took 0 sec
    [junit] Testcase: testRemoveAgedItems took 0.002 sec
    [junit] Testcase: testRemoveAgedItems2 took 0.001 sec
    [junit] Testcase: testRemoveAgedItems3 took 0 sec
    [junit] Testcase: testRemoveAgedItems4 took 0.001 sec
    [junit] Testcase: testRemoveAgedItems5 took 0.001 sec
    [junit] Testcase: testGetMinY took 0.001 sec
    [junit] Testcase: testAdd took 0.001 sec
    [junit] Testcase: testDelete took 0.001 sec
    [junit] Testcase: testEquals3 took 0 sec
    [junit] Testcase: testCreateCopy1 took 0.002 sec
    [junit] Testcase: testClone2 took 0 sec
    [junit] Testcase: testBug1864222 took 0.001 sec
    [junit] Testcase: testBug3446965 took 0.001 sec
    [junit] Testcase: testGetMaxY took 0.001 sec
    [junit] Testcase: testUpdate_RegularTimePeriod took 0.001 sec
    [junit] Testcase: testAdd_TimeSeriesDataItem took 0 sec
    [junit] Testcase: testSetKey took 0.01 sec
    [junit] Testcase: testDelete2 took 0 sec
    [junit] Testcase: testCreateCopy2 took 0.001 sec
    [junit] Testcase: testCreateCopy3 took 0 sec
    [junit] Testcase: testSetMaximumItemCount took 0 sec
    [junit] Testcase: testAddOrUpdate took 0.001 sec
    [junit] Testcase: testGetIndex took 0.001 sec
    [junit] Testcase: testAddValue took 0.001 sec
    [junit] Testcase: testClear took 0.001 sec
    [junit] dir attribute ignored if running in the same VM
    [junit] Running org.jfree.data.time.TimeTableXYDatasetTest
    [junit] Testsuite: org.jfree.data.time.TimeTableXYDatasetTest
    [junit] Tests run: 6, Failures: 0, Errors: 0, Time elapsed: 0.019 sec
    [junit] Tests run: 6, Failures: 0, Errors: 0, Time elapsed: 0.019 sec
    [junit] 
    [junit] Testcase: testSerialization took 0.016 sec
    [junit] Testcase: testEquals took 0 sec
    [junit] Testcase: testClone took 0.001 sec
    [junit] Testcase: testStandard took 0 sec
    [junit] Testcase: testClear took 0 sec
    [junit] Testcase: testGetTimePeriod took 0.001 sec
    [junit] dir attribute ignored if running in the same VM
    [junit] Running org.jfree.data.time.WeekTest
    [junit] Testsuite: org.jfree.data.time.WeekTest
    [junit] Tests run: 23, Failures: 0, Errors: 0, Time elapsed: 0.014 sec
    [junit] Tests run: 23, Failures: 0, Errors: 0, Time elapsed: 0.014 sec
    [junit] 
    [junit] Testcase: testSerialization took 0.003 sec
    [junit] Testcase: testEquals took 0 sec
    [junit] Testcase: testHashcode took 0 sec
    [junit] Testcase: testConstructor took 0.002 sec
    [junit] Testcase: testBug1448828 took 0 sec
    [junit] Testcase: testBug1498805 took 0.001 sec
    [junit] Testcase: testNotCloneable took 0 sec
    [junit] Testcase: testGetSerialIndex took 0.001 sec
    [junit] Testcase: testGetFirstMillisecond took 0 sec
    [junit] Testcase: testGetFirstMillisecondWithTimeZone took 0 sec
    [junit] Testcase: testGetFirstMillisecondWithCalendar took 0.001 sec
    [junit] Testcase: testGetLastMillisecond took 0 sec
    [junit] Testcase: testW1Y1900Previous took 0.001 sec
    [junit] Testcase: testW1Y1900Next took 0 sec
    [junit] Testcase: testWeek12005 took 0 sec
    [junit] Testcase: testGetLastMillisecondWithTimeZone took 0 sec
    [junit] Testcase: testGetLastMillisecondWithCalendar took 0.001 sec
    [junit] Testcase: testNext took 0 sec
    [junit] Testcase: testGetStart took 0.001 sec
    [junit] Testcase: testGetEnd took 0 sec
    [junit] Testcase: testW52Y9999Previous took 0 sec
    [junit] Testcase: testW52Y9999Next took 0.001 sec
    [junit] Testcase: testWeek532005 took 0 sec
    [junit] dir attribute ignored if running in the same VM
    [junit] Running org.jfree.data.time.YearTest
    [junit] Testsuite: org.jfree.data.time.YearTest
    [junit] Tests run: 22, Failures: 0, Errors: 0, Time elapsed: 0.006 sec
    [junit] Tests run: 22, Failures: 0, Errors: 0, Time elapsed: 0.006 sec
    [junit] 
    [junit] Testcase: testSerialization took 0.003 sec
    [junit] Testcase: testEquals took 0 sec
    [junit] Testcase: testHashcode took 0 sec
    [junit] Testcase: testNotCloneable took 0 sec
    [junit] Testcase: testGetSerialIndex took 0 sec
    [junit] Testcase: testGetFirstMillisecond took 0 sec
    [junit] Testcase: testGetFirstMillisecondWithTimeZone took 0 sec
    [junit] Testcase: testGetFirstMillisecondWithCalendar took 0 sec
    [junit] Testcase: testGetLastMillisecond took 0 sec
    [junit] Testcase: test9999Previous took 0 sec
    [junit] Testcase: test9999Next took 0 sec
    [junit] Testcase: testGetLastMillisecondWithTimeZone took 0 sec
    [junit] Testcase: testGetLastMillisecondWithCalendar took 0.001 sec
    [junit] Testcase: testNext took 0 sec
    [junit] Testcase: testGetStart took 0 sec
    [junit] Testcase: testGetEnd took 0 sec
    [junit] Testcase: testEqualsSelf took 0 sec
    [junit] Testcase: testDateConstructor2 took 0 sec
    [junit] Testcase: testMinuss9999Previous took 0 sec
    [junit] Testcase: test1900Next took 0 sec
    [junit] Testcase: testParseYear took 0.001 sec
    [junit] Testcase: testDateConstructor1 took 0 sec
    [junit] dir attribute ignored if running in the same VM
    [junit] Running org.jfree.data.time.ohlc.OHLCItemTest
    [junit] Testsuite: org.jfree.data.time.ohlc.OHLCItemTest
    [junit] Tests run: 5, Failures: 0, Errors: 0, Time elapsed: 0.005 sec
    [junit] Tests run: 5, Failures: 0, Errors: 0, Time elapsed: 0.005 sec
    [junit] 
    [junit] Testcase: testConstructor1 took 0.001 sec
    [junit] Testcase: testSerialization took 0.003 sec
    [junit] Testcase: testEquals took 0 sec
    [junit] Testcase: testHashcode took 0.001 sec
    [junit] Testcase: testCloning took 0 sec
    [junit] dir attribute ignored if running in the same VM
    [junit] Running org.jfree.data.time.ohlc.OHLCSeriesCollectionTest
    [junit] Testsuite: org.jfree.data.time.ohlc.OHLCSeriesCollectionTest
    [junit] Tests run: 8, Failures: 0, Errors: 0, Time elapsed: 0.015 sec
    [junit] Tests run: 8, Failures: 0, Errors: 0, Time elapsed: 0.015 sec
    [junit] 
    [junit] Testcase: testSerialization took 0.013 sec
    [junit] Testcase: testEquals took 0 sec
    [junit] Testcase: testHashcode took 0.001 sec
    [junit] Testcase: testCloning took 0 sec
    [junit] Testcase: testRemoveAllSeries took 0 sec
    [junit] Testcase: test1170825 took 0 sec
    [junit] Testcase: testRemoveSeries took 0 sec
    [junit] Testcase: testRemoveSeries_int took 0 sec
    [junit] dir attribute ignored if running in the same VM
    [junit] Running org.jfree.data.time.ohlc.OHLCSeriesTest
    [junit] Testsuite: org.jfree.data.time.ohlc.OHLCSeriesTest
    [junit] Tests run: 11, Failures: 0, Errors: 0, Time elapsed: 0.01 sec
    [junit] Tests run: 11, Failures: 0, Errors: 0, Time elapsed: 0.01 sec
    [junit] 
    [junit] Testcase: testSerialization took 0.007 sec
    [junit] Testcase: testEquals took 0 sec
    [junit] Testcase: testHashcode took 0.001 sec
    [junit] Testcase: testCloning took 0 sec
    [junit] Testcase: testRemove_int took 0 sec
    [junit] Testcase: testIndexOf took 0 sec
    [junit] Testcase: testAdditionOfDuplicatePeriod took 0 sec
    [junit] Testcase: testSetMaximumItemCount took 0.001 sec
    [junit] Testcase: testRemove took 0 sec
    [junit] Testcase: testClear took 0 sec
    [junit] Testcase: testSetMaximumItemCount2 took 0 sec
    [junit] dir attribute ignored if running in the same VM
    [junit] Running org.jfree.data.time.ohlc.OHLCTest
    [junit] Testsuite: org.jfree.data.time.ohlc.OHLCTest
    [junit] Tests run: 4, Failures: 0, Errors: 0, Time elapsed: 0.003 sec
    [junit] Tests run: 4, Failures: 0, Errors: 0, Time elapsed: 0.003 sec
    [junit] 
    [junit] Testcase: testSerialization took 0.002 sec
    [junit] Testcase: testEquals took 0 sec
    [junit] Testcase: testHashcode took 0.001 sec
    [junit] Testcase: testCloning took 0 sec
    [junit] dir attribute ignored if running in the same VM
    [junit] Running org.jfree.data.xy.CategoryTableXYDatasetTest
    [junit] Testsuite: org.jfree.data.xy.CategoryTableXYDatasetTest
    [junit] Tests run: 6, Failures: 0, Errors: 0, Time elapsed: 0.012 sec
    [junit] Tests run: 6, Failures: 0, Errors: 0, Time elapsed: 0.012 sec
    [junit] 
    [junit] Testcase: testSerialization took 0.01 sec
    [junit] Testcase: testEquals took 0.001 sec
    [junit] Testcase: testCloning took 0.001 sec
    [junit] Testcase: testCloning2 took 0 sec
    [junit] Testcase: testPublicCloneable took 0 sec
    [junit] Testcase: testAddSeries took 0 sec
    [junit] dir attribute ignored if running in the same VM
    [junit] Running org.jfree.data.xy.DefaultHighLowDatasetTest
    [junit] Testsuite: org.jfree.data.xy.DefaultHighLowDatasetTest
    [junit] Tests run: 4, Failures: 0, Errors: 0, Time elapsed: 0.006 sec
    [junit] Tests run: 4, Failures: 0, Errors: 0, Time elapsed: 0.006 sec
    [junit] 
    [junit] Testcase: testSerialization took 0.005 sec
    [junit] Testcase: testEquals took 0 sec
    [junit] Testcase: testCloning took 0 sec
    [junit] Testcase: testPublicCloneable took 0 sec
    [junit] dir attribute ignored if running in the same VM
    [junit] Running org.jfree.data.xy.DefaultIntervalXYDatasetTest
    [junit] Testsuite: org.jfree.data.xy.DefaultIntervalXYDatasetTest
    [junit] Tests run: 16, Failures: 0, Errors: 0, Time elapsed: 0.006 sec
    [junit] Tests run: 16, Failures: 0, Errors: 0, Time elapsed: 0.006 sec
    [junit] 
    [junit] Testcase: testSerialization took 0.005 sec
    [junit] Testcase: testEquals took 0 sec
    [junit] Testcase: testGetItemCount took 0 sec
    [junit] Testcase: testCloning took 0 sec
    [junit] Testcase: testCloning2 took 0 sec
    [junit] Testcase: testPublicCloneable took 0 sec
    [junit] Testcase: testGetStartYValue took 0 sec
    [junit] Testcase: testGetEndYValue took 0 sec
    [junit] Testcase: testGetStartXValue took 0 sec
    [junit] Testcase: testAddSeries took 0 sec
    [junit] Testcase: testGetSeriesKey took 0 sec
    [junit] Testcase: testIndexOf took 0 sec
    [junit] Testcase: testGetSeriesCount took 0 sec
    [junit] Testcase: testGetXValue took 0.001 sec
    [junit] Testcase: testGetEndXValue took 0 sec
    [junit] Testcase: testGetYValue took 0 sec
    [junit] dir attribute ignored if running in the same VM
    [junit] Running org.jfree.data.xy.DefaultOHLCDatasetTest
    [junit] Testsuite: org.jfree.data.xy.DefaultOHLCDatasetTest
    [junit] Tests run: 6, Failures: 0, Errors: 0, Time elapsed: 0.01 sec
    [junit] Tests run: 6, Failures: 0, Errors: 0, Time elapsed: 0.01 sec
    [junit] 
    [junit] Testcase: testSerialization took 0.005 sec
    [junit] Testcase: testEquals took 0 sec
    [junit] Testcase: testCloning took 0 sec
    [junit] Testcase: testCloning2 took 0 sec
    [junit] Testcase: testPublicCloneable took 0 sec
    [junit] Testcase: testDataRange took 0.004 sec
    [junit] dir attribute ignored if running in the same VM
    [junit] Running org.jfree.data.xy.DefaultTableXYDatasetTest
    [junit] Testsuite: org.jfree.data.xy.DefaultTableXYDatasetTest
    [junit] Tests run: 6, Failures: 0, Errors: 0, Time elapsed: 0.012 sec
    [junit] Tests run: 6, Failures: 0, Errors: 0, Time elapsed: 0.012 sec
    [junit] 
    [junit] Testcase: testSerialization took 0.011 sec
    [junit] Testcase: testEquals took 0.001 sec
    [junit] Testcase: testCloning took 0 sec
    [junit] Testcase: testPublicCloneable took 0 sec
    [junit] Testcase: testAddSeries took 0 sec
    [junit] Testcase: testGetSeries took 0 sec
    [junit] dir attribute ignored if running in the same VM
    [junit] Running org.jfree.data.xy.DefaultWindDatasetTest
    [junit] Testsuite: org.jfree.data.xy.DefaultWindDatasetTest
    [junit] Tests run: 6, Failures: 0, Errors: 0, Time elapsed: 0.007 sec
    [junit] Tests run: 6, Failures: 0, Errors: 0, Time elapsed: 0.007 sec
    [junit] 
    [junit] Testcase: testSerialization took 0.006 sec
    [junit] Testcase: testEquals took 0.001 sec
    [junit] Testcase: testCloning took 0 sec
    [junit] Testcase: testPublicCloneable took 0 sec
    [junit] Testcase: testGetSeriesKey took 0 sec
    [junit] Testcase: testIndexOf took 0 sec
    [junit] dir attribute ignored if running in the same VM
    [junit] Running org.jfree.data.xy.DefaultXYDatasetTest
    [junit] Testsuite: org.jfree.data.xy.DefaultXYDatasetTest
    [junit] Tests run: 7, Failures: 0, Errors: 0, Time elapsed: 0.005 sec
    [junit] Tests run: 7, Failures: 0, Errors: 0, Time elapsed: 0.005 sec
    [junit] 
    [junit] Testcase: testSerialization took 0.004 sec
    [junit] Testcase: testEquals took 0 sec
    [junit] Testcase: testCloning took 0 sec
    [junit] Testcase: testPublicCloneable took 0 sec
    [junit] Testcase: testAddSeries took 0 sec
    [junit] Testcase: testGetSeriesKey took 0 sec
    [junit] Testcase: testIndexOf took 0 sec
    [junit] dir attribute ignored if running in the same VM
    [junit] Running org.jfree.data.xy.DefaultXYZDatasetTest
    [junit] Testsuite: org.jfree.data.xy.DefaultXYZDatasetTest
    [junit] Tests run: 7, Failures: 0, Errors: 0, Time elapsed: 0.004 sec
    [junit] Tests run: 7, Failures: 0, Errors: 0, Time elapsed: 0.004 sec
    [junit] 
    [junit] Testcase: testSerialization took 0.004 sec
    [junit] Testcase: testEquals took 0 sec
    [junit] Testcase: testCloning took 0 sec
    [junit] Testcase: testPublicCloneable took 0 sec
    [junit] Testcase: testAddSeries took 0 sec
    [junit] Testcase: testGetSeriesKey took 0 sec
    [junit] Testcase: testIndexOf took 0 sec
    [junit] dir attribute ignored if running in the same VM
    [junit] Running org.jfree.data.xy.IntervalXYDelegateTest
    [junit] Testsuite: org.jfree.data.xy.IntervalXYDelegateTest
    [junit] Tests run: 3, Failures: 0, Errors: 0, Time elapsed: 0.012 sec
    [junit] Tests run: 3, Failures: 0, Errors: 0, Time elapsed: 0.012 sec
    [junit] 
    [junit] Testcase: testSerialization took 0.011 sec
    [junit] Testcase: testEquals took 0 sec
    [junit] Testcase: testCloning took 0 sec
    [junit] dir attribute ignored if running in the same VM
    [junit] Running org.jfree.data.xy.MatrixSeriesCollectionTest
    [junit] Testsuite: org.jfree.data.xy.MatrixSeriesCollectionTest
    [junit] Tests run: 4, Failures: 0, Errors: 0, Time elapsed: 0.009 sec
    [junit] Tests run: 4, Failures: 0, Errors: 0, Time elapsed: 0.009 sec
    [junit] 
    [junit] Testcase: testSerialization took 0.007 sec
    [junit] Testcase: testEquals took 0 sec
    [junit] Testcase: testCloning took 0.001 sec
    [junit] Testcase: testPublicCloneable took 0 sec
    [junit] dir attribute ignored if running in the same VM
    [junit] Running org.jfree.data.xy.MatrixSeriesTest
    [junit] Testsuite: org.jfree.data.xy.MatrixSeriesTest
    [junit] Tests run: 6, Failures: 0, Errors: 0, Time elapsed: 0.004 sec
    [junit] Tests run: 6, Failures: 0, Errors: 0, Time elapsed: 0.004 sec
    [junit] 
    [junit] Testcase: testSerialization took 0.003 sec
    [junit] Testcase: testEquals took 0 sec
    [junit] Testcase: testCloning took 0 sec
    [junit] Testcase: testGetItemColumn took 0 sec
    [junit] Testcase: testGetItem took 0 sec
    [junit] Testcase: testGetItemRow took 0.001 sec
    [junit] dir attribute ignored if running in the same VM
    [junit] Running org.jfree.data.xy.OHLCDataItemTest
    [junit] Testsuite: org.jfree.data.xy.OHLCDataItemTest
    [junit] Tests run: 3, Failures: 0, Errors: 0, Time elapsed: 0.002 sec
    [junit] Tests run: 3, Failures: 0, Errors: 0, Time elapsed: 0.002 sec
    [junit] 
    [junit] Testcase: testSerialization took 0.002 sec
    [junit] Testcase: testEquals took 0 sec
    [junit] Testcase: testCloning took 0 sec
    [junit] dir attribute ignored if running in the same VM
    [junit] Running org.jfree.data.xy.TableXYDatasetTest
    [junit] Testsuite: org.jfree.data.xy.TableXYDatasetTest
    [junit] Tests run: 9, Failures: 0, Errors: 0, Time elapsed: 0.014 sec
    [junit] Tests run: 9, Failures: 0, Errors: 0, Time elapsed: 0.014 sec
    [junit] 
    [junit] Testcase: testSerialization took 0.011 sec
    [junit] Testcase: testEquals took 0.001 sec
    [junit] Testcase: testCloning took 0 sec
    [junit] Testcase: testPublicCloneable took 0 sec
    [junit] Testcase: testRemoveAllValuesForX took 0 sec
    [junit] Testcase: testPrune took 0 sec
    [junit] Testcase: test788597 took 0.001 sec
    [junit] Testcase: testTableXYDataset took 0 sec
    [junit] Testcase: testAutoPrune took 0 sec
    [junit] dir attribute ignored if running in the same VM
    [junit] Running org.jfree.data.xy.VectorDataItemTest
    [junit] Testsuite: org.jfree.data.xy.VectorDataItemTest
    [junit] Tests run: 4, Failures: 0, Errors: 0, Time elapsed: 0.004 sec
    [junit] Tests run: 4, Failures: 0, Errors: 0, Time elapsed: 0.004 sec
    [junit] 
    [junit] Testcase: testSerialization took 0.004 sec
    [junit] Testcase: testEquals took 0 sec
    [junit] Testcase: testHashcode took 0 sec
    [junit] Testcase: testCloning took 0 sec
    [junit] dir attribute ignored if running in the same VM
    [junit] Running org.jfree.data.xy.VectorSeriesCollectionTest
    [junit] Testsuite: org.jfree.data.xy.VectorSeriesCollectionTest
    [junit] Tests run: 5, Failures: 0, Errors: 0, Time elapsed: 0.011 sec
    [junit] Tests run: 5, Failures: 0, Errors: 0, Time elapsed: 0.011 sec
    [junit] 
    [junit] Testcase: testSerialization took 0.011 sec
    [junit] Testcase: testEquals took 0 sec
    [junit] Testcase: testCloning took 0 sec
    [junit] Testcase: testPublicCloneable took 0 sec
    [junit] Testcase: testRemoveSeries took 0 sec
    [junit] dir attribute ignored if running in the same VM
    [junit] Running org.jfree.data.xy.VectorSeriesTest
    [junit] Testsuite: org.jfree.data.xy.VectorSeriesTest
    [junit] Tests run: 11, Failures: 0, Errors: 0, Time elapsed: 0.008 sec
    [junit] Tests run: 11, Failures: 0, Errors: 0, Time elapsed: 0.008 sec
    [junit] 
    [junit] Testcase: testSerialization took 0.008 sec
    [junit] Testcase: testEquals took 0 sec
    [junit] Testcase: testCloning took 0 sec
    [junit] Testcase: testAdd took 0 sec
    [junit] Testcase: testIndexOf2 took 0 sec
    [junit] Testcase: testIndexOf took 0 sec
    [junit] Testcase: testSetMaximumItemCount took 0 sec
    [junit] Testcase: testRemove took 0 sec
    [junit] Testcase: testClear took 0 sec
    [junit] Testcase: testSetMaximumItemCount2 took 0 sec
    [junit] Testcase: testAdditionOfDuplicateXValues took 0 sec
    [junit] dir attribute ignored if running in the same VM
    [junit] Running org.jfree.data.xy.VectorTest
    [junit] Testsuite: org.jfree.data.xy.VectorTest
    [junit] Tests run: 4, Failures: 0, Errors: 0, Time elapsed: 0.002 sec
    [junit] Tests run: 4, Failures: 0, Errors: 0, Time elapsed: 0.002 sec
    [junit] 
    [junit] Testcase: testSerialization took 0.002 sec
    [junit] Testcase: testEquals took 0 sec
    [junit] Testcase: testHashcode took 0 sec
    [junit] Testcase: testCloning took 0 sec
    [junit] dir attribute ignored if running in the same VM
    [junit] Running org.jfree.data.xy.XIntervalDataItemTest
    [junit] Testsuite: org.jfree.data.xy.XIntervalDataItemTest
    [junit] Tests run: 4, Failures: 0, Errors: 0, Time elapsed: 0.004 sec
    [junit] Tests run: 4, Failures: 0, Errors: 0, Time elapsed: 0.004 sec
    [junit] 
    [junit] Testcase: testConstructor1 took 0.001 sec
    [junit] Testcase: testSerialization took 0.003 sec
    [junit] Testcase: testEquals took 0 sec
    [junit] Testcase: testCloning took 0 sec
    [junit] dir attribute ignored if running in the same VM
    [junit] Running org.jfree.data.xy.XIntervalSeriesCollectionTest
    [junit] Testsuite: org.jfree.data.xy.XIntervalSeriesCollectionTest
    [junit] Tests run: 6, Failures: 0, Errors: 0, Time elapsed: 0.009 sec
    [junit] Tests run: 6, Failures: 0, Errors: 0, Time elapsed: 0.009 sec
    [junit] 
    [junit] Testcase: testSerialization took 0.009 sec
    [junit] Testcase: testEquals took 0 sec
    [junit] Testcase: testCloning took 0 sec
    [junit] Testcase: testPublicCloneable took 0 sec
    [junit] Testcase: test1170825 took 0 sec
    [junit] Testcase: testRemoveSeries took 0 sec
    [junit] dir attribute ignored if running in the same VM
    [junit] Running org.jfree.data.xy.XIntervalSeriesTest
    [junit] Testsuite: org.jfree.data.xy.XIntervalSeriesTest
    [junit] Tests run: 13, Failures: 0, Errors: 0, Time elapsed: 0.008 sec
    [junit] Tests run: 13, Failures: 0, Errors: 0, Time elapsed: 0.008 sec
    [junit] 
    [junit] Testcase: testSerialization took 0.007 sec
    [junit] Testcase: testEquals took 0 sec
    [junit] Testcase: testCloning took 0 sec
    [junit] Testcase: testAdd took 0 sec
    [junit] Testcase: testIndexOf2 took 0 sec
    [junit] Testcase: testIndexOf took 0 sec
    [junit] Testcase: testSetMaximumItemCount took 0 sec
    [junit] Testcase: testRemove took 0 sec
    [junit] Testcase: testClear took 0 sec
    [junit] Testcase: testGetXLowValue took 0 sec
    [junit] Testcase: testGetXHighValue took 0 sec
    [junit] Testcase: testSetMaximumItemCount2 took 0.001 sec
    [junit] Testcase: testAdditionOfDuplicateXValues took 0 sec
    [junit] dir attribute ignored if running in the same VM
    [junit] Running org.jfree.data.xy.XYBarDatasetTest
    [junit] Testsuite: org.jfree.data.xy.XYBarDatasetTest
    [junit] Tests run: 4, Failures: 0, Errors: 0, Time elapsed: 0.007 sec
    [junit] Tests run: 4, Failures: 0, Errors: 0, Time elapsed: 0.007 sec
    [junit] 
    [junit] Testcase: testSerialization took 0.006 sec
    [junit] Testcase: testEquals took 0 sec
    [junit] Testcase: testCloning took 0 sec
    [junit] Testcase: testPublicCloneable took 0 sec
    [junit] dir attribute ignored if running in the same VM
    [junit] Running org.jfree.data.xy.XYCoordinateTest
    [junit] Testsuite: org.jfree.data.xy.XYCoordinateTest
    [junit] Tests run: 4, Failures: 0, Errors: 0, Time elapsed: 0.001 sec
    [junit] Tests run: 4, Failures: 0, Errors: 0, Time elapsed: 0.001 sec
    [junit] 
    [junit] Testcase: testSerialization took 0.001 sec
    [junit] Testcase: testEquals took 0 sec
    [junit] Testcase: testHashcode took 0 sec
    [junit] Testcase: testCloning took 0 sec
    [junit] dir attribute ignored if running in the same VM
    [junit] Running org.jfree.data.xy.XYDataItemTest
    [junit] Testsuite: org.jfree.data.xy.XYDataItemTest
    [junit] Tests run: 3, Failures: 0, Errors: 0, Time elapsed: 0.002 sec
    [junit] Tests run: 3, Failures: 0, Errors: 0, Time elapsed: 0.002 sec
    [junit] 
    [junit] Testcase: testSerialization took 0.002 sec
    [junit] Testcase: testEquals took 0 sec
    [junit] Testcase: testCloning took 0 sec
    [junit] dir attribute ignored if running in the same VM
    [junit] Running org.jfree.data.xy.XYIntervalDataItemTest
    [junit] Testsuite: org.jfree.data.xy.XYIntervalDataItemTest
    [junit] Tests run: 4, Failures: 0, Errors: 0, Time elapsed: 0.003 sec
    [junit] Tests run: 4, Failures: 0, Errors: 0, Time elapsed: 0.003 sec
    [junit] 
    [junit] Testcase: testConstructor1 took 0.001 sec
    [junit] Testcase: testSerialization took 0.002 sec
    [junit] Testcase: testEquals took 0 sec
    [junit] Testcase: testCloning took 0 sec
    [junit] dir attribute ignored if running in the same VM
    [junit] Running org.jfree.data.xy.XYIntervalSeriesCollectionTest
    [junit] Testsuite: org.jfree.data.xy.XYIntervalSeriesCollectionTest
    [junit] Tests run: 6, Failures: 0, Errors: 0, Time elapsed: 0.018 sec
    [junit] Tests run: 6, Failures: 0, Errors: 0, Time elapsed: 0.018 sec
    [junit] 
    [junit] Testcase: testSerialization took 0.018 sec
    [junit] Testcase: testEquals took 0 sec
    [junit] Testcase: testCloning took 0 sec
    [junit] Testcase: testPublicCloneable took 0 sec
    [junit] Testcase: test1170825 took 0 sec
    [junit] Testcase: testRemoveSeries took 0 sec
    [junit] dir attribute ignored if running in the same VM
    [junit] Running org.jfree.data.xy.XYIntervalSeriesTest
    [junit] Testsuite: org.jfree.data.xy.XYIntervalSeriesTest
    [junit] Tests run: 12, Failures: 0, Errors: 0, Time elapsed: 0.011 sec
    [junit] Tests run: 12, Failures: 0, Errors: 0, Time elapsed: 0.011 sec
    [junit] 
    [junit] Testcase: testSerialization took 0.009 sec
    [junit] Testcase: testEquals took 0 sec
    [junit] Testcase: testCloning took 0 sec
    [junit] Testcase: testAdd took 0.001 sec
    [junit] Testcase: testIndexOf2 took 0 sec
    [junit] Testcase: testValues took 0 sec
    [junit] Testcase: testIndexOf took 0 sec
    [junit] Testcase: testSetMaximumItemCount took 0 sec
    [junit] Testcase: testRemove took 0 sec
    [junit] Testcase: testClear took 0 sec
    [junit] Testcase: testSetMaximumItemCount2 took 0 sec
    [junit] Testcase: testAdditionOfDuplicateXValues took 0 sec
    [junit] dir attribute ignored if running in the same VM
    [junit] Running org.jfree.data.xy.XYIntervalTest
    [junit] Testsuite: org.jfree.data.xy.XYIntervalTest
    [junit] Tests run: 3, Failures: 0, Errors: 0, Time elapsed: 0.003 sec
    [junit] Tests run: 3, Failures: 0, Errors: 0, Time elapsed: 0.003 sec
    [junit] 
    [junit] Testcase: testSerialization took 0.003 sec
    [junit] Testcase: testEquals took 0 sec
    [junit] Testcase: testCloning took 0 sec
    [junit] dir attribute ignored if running in the same VM
    [junit] Running org.jfree.data.xy.XYSeriesCollectionTest
    [junit] Testsuite: org.jfree.data.xy.XYSeriesCollectionTest
    [junit] Tests run: 16, Failures: 0, Errors: 0, Time elapsed: 0.027 sec
    [junit] Tests run: 16, Failures: 0, Errors: 0, Time elapsed: 0.027 sec
    [junit] 
    [junit] Testcase: testSerialization took 0.018 sec
    [junit] Testcase: testEquals took 0 sec
    [junit] Testcase: testCloning took 0.001 sec
    [junit] Testcase: testConstructor took 0 sec
    [junit] Testcase: testPublicCloneable took 0 sec
    [junit] Testcase: testGetRangeBounds took 0.001 sec
    [junit] Testcase: testAddSeries took 0 sec
    [junit] Testcase: testGetSeriesByKey took 0 sec
    [junit] Testcase: testGetDomainBounds took 0.006 sec
    [junit] Testcase: test1170825 took 0 sec
    [junit] Testcase: testIndexOf took 0 sec
    [junit] Testcase: testBug3445507 took 0 sec
    [junit] Testcase: testRemoveSeries took 0.001 sec
    [junit] Testcase: testGetSeries took 0 sec
    [junit] Testcase: testRenameSeries took 0 sec
    [junit] Testcase: testSeriesRename took 0 sec
    [junit] dir attribute ignored if running in the same VM
    [junit] Running org.jfree.data.xy.XYSeriesTest
    [junit] Testsuite: org.jfree.data.xy.XYSeriesTest
    [junit] Tests run: 37, Failures: 0, Errors: 0, Time elapsed: 0.02 sec
    [junit] Tests run: 37, Failures: 0, Errors: 0, Time elapsed: 0.02 sec
    [junit] 
    [junit] Testcase: testSerialization took 0.007 sec
    [junit] Testcase: testEquals took 0 sec
    [junit] Testcase: testCloning took 0 sec
    [junit] Testcase: testCloning3 took 0 sec
    [junit] Testcase: testHashCode took 0.001 sec
    [junit] Testcase: testCloning2 took 0 sec
    [junit] Testcase: testAddOrUpdate2 took 0 sec
    [junit] Testcase: testAddOrUpdate3 took 0 sec
    [junit] Testcase: testGetMinY took 0 sec
    [junit] Testcase: testAdd took 0 sec
    [junit] Testcase: testDelete took 0 sec
    [junit] Testcase: testGetMaxY took 0.001 sec
    [junit] Testcase: testSetKey took 0.005 sec
    [junit] Testcase: testIndexOf2 took 0 sec
    [junit] Testcase: testGetMaxX took 0 sec
    [junit] Testcase: testGetMaxY2 took 0 sec
    [junit] Testcase: testUpdateByIndex took 0 sec
    [junit] Testcase: testUpdateByIndex2 took 0 sec
    [junit] Testcase: testUpdateByIndex3 took 0 sec
    [junit] Testcase: testUpdateXY took 0.001 sec
    [junit] Testcase: testUpdate took 0 sec
    [junit] Testcase: testIndexOf took 0 sec
    [junit] Testcase: testSetMaximumItemCount took 0 sec
    [junit] Testcase: testAddOrUpdate took 0 sec
    [junit] Testcase: testRemove took 0 sec
    [junit] Testcase: testClear took 0 sec
    [junit] Testcase: testSetMaximumItemCount2 took 0 sec
    [junit] Testcase: testSetMaximumItemCount4 took 0 sec
    [junit] Testcase: testToArray took 0.001 sec
    [junit] Testcase: testToArrayExample took 0.001 sec
    [junit] Testcase: testBug1955483 took 0 sec
    [junit] Testcase: testGetMinX took 0 sec
    [junit] Testcase: testIndexOf3 took 0 sec
    [junit] Testcase: testUpdate2 took 0 sec
    [junit] Testcase: testSetMaximumItemCount3 took 0 sec
    [junit] Testcase: testRemove2 took 0 sec
    [junit] Testcase: testAdditionOfDuplicateXValues took 0 sec
    [junit] dir attribute ignored if running in the same VM
    [junit] Running org.jfree.data.xy.YIntervalDataItemTest
    [junit] Testsuite: org.jfree.data.xy.YIntervalDataItemTest
    [junit] Tests run: 4, Failures: 0, Errors: 0, Time elapsed: 0.005 sec
    [junit] Tests run: 4, Failures: 0, Errors: 0, Time elapsed: 0.005 sec
    [junit] 
    [junit] Testcase: testConstructor1 took 0.002 sec
    [junit] Testcase: testSerialization took 0.003 sec
    [junit] Testcase: testEquals took 0 sec
    [junit] Testcase: testCloning took 0 sec
    [junit] dir attribute ignored if running in the same VM
    [junit] Running org.jfree.data.xy.YIntervalSeriesCollectionTest
    [junit] Testsuite: org.jfree.data.xy.YIntervalSeriesCollectionTest
    [junit] Tests run: 6, Failures: 0, Errors: 0, Time elapsed: 0.015 sec
    [junit] Tests run: 6, Failures: 0, Errors: 0, Time elapsed: 0.015 sec
    [junit] 
    [junit] Testcase: testSerialization took 0.013 sec
    [junit] Testcase: testEquals took 0 sec
    [junit] Testcase: testCloning took 0.001 sec
    [junit] Testcase: testPublicCloneable took 0 sec
    [junit] Testcase: test1170825 took 0 sec
    [junit] Testcase: testRemoveSeries took 0 sec
    [junit] dir attribute ignored if running in the same VM
    [junit] Running org.jfree.data.xy.YIntervalSeriesTest
    [junit] Testsuite: org.jfree.data.xy.YIntervalSeriesTest
    [junit] Tests run: 11, Failures: 0, Errors: 0, Time elapsed: 0.01 sec
    [junit] Tests run: 11, Failures: 0, Errors: 0, Time elapsed: 0.01 sec
    [junit] 
    [junit] Testcase: testSerialization took 0.009 sec
    [junit] Testcase: testEquals took 0 sec
    [junit] Testcase: testCloning took 0 sec
    [junit] Testcase: testAdd took 0.001 sec
    [junit] Testcase: testIndexOf2 took 0 sec
    [junit] Testcase: testIndexOf took 0 sec
    [junit] Testcase: testSetMaximumItemCount took 0 sec
    [junit] Testcase: testRemove took 0 sec
    [junit] Testcase: testClear took 0 sec
    [junit] Testcase: testSetMaximumItemCount2 took 0 sec
    [junit] Testcase: testAdditionOfDuplicateXValues took 0 sec
    [junit] dir attribute ignored if running in the same VM
    [junit] Running org.jfree.data.xy.YIntervalTest
    [junit] Testsuite: org.jfree.data.xy.YIntervalTest
    [junit] Tests run: 3, Failures: 0, Errors: 0, Time elapsed: 0.002 sec
    [junit] Tests run: 3, Failures: 0, Errors: 0, Time elapsed: 0.002 sec
    [junit] 
    [junit] Testcase: testSerialization took 0.002 sec
    [junit] Testcase: testEquals took 0 sec
    [junit] Testcase: testCloning took 0 sec
    [junit] dir attribute ignored if running in the same VM
    [junit] Running org.jfree.data.xy.YWithXIntervalTest
    [junit] Testsuite: org.jfree.data.xy.YWithXIntervalTest
    [junit] Tests run: 3, Failures: 0, Errors: 0, Time elapsed: 0.001 sec
    [junit] Tests run: 3, Failures: 0, Errors: 0, Time elapsed: 0.001 sec
    [junit] 
    [junit] Testcase: testSerialization took 0.001 sec
    [junit] Testcase: testEquals took 0 sec
    [junit] Testcase: testCloning took 0 sec

BUILD SUCCESSFUL
Total time: 22 seconds
