# Compare the number of tests: running the test using testSuit or seperatly 
1) Test Suit
    [junit] Running HeliumTestSuite
    [junit] Tests run: 162, Failures: 4, Errors: 0, Time elapsed: 0.539 sec
    [junit] Test HeliumTestSuite FAILED 

2) Seperatly using batchtest
162 tests
=4+7+13+1+9+3+5+4+5+7+7+10+8+7+13+6+5+9+7+9+11+2+6+4 
    [junit] Running com.thesleepless.helium.ActionRegisterBuilderTest
    [junit] Tests run: 4, Failures: 0, Errors: 0, Time elapsed: 0.037 sec
    [junit] Running com.thesleepless.helium.ArticleBuilderTest
    [junit] Tests run: 7, Failures: 0, Errors: 0, Time elapsed: 0.084 sec
    [junit] Running com.thesleepless.helium.ArticleParserTest
    [junit] Tests run: 13, Failures: 0, Errors: 0, Time elapsed: 0.143 sec
    [junit] Running com.thesleepless.helium.HeliumFactoryTest
    [junit] Tests run: 1, Failures: 0, Errors: 0, Time elapsed: 0.037 sec
    [junit] Running com.thesleepless.helium.RegisterActionTest
    [junit] Tests run: 9, Failures: 0, Errors: 0, Time elapsed: 0.098 sec
    [junit] Running com.thesleepless.helium.action.ActionActionTest
    [junit] Tests run: 3, Failures: 0, Errors: 0, Time elapsed: 0.085 sec
    [junit] Running com.thesleepless.helium.action.ActionSetActionTest
    [junit] Tests run: 5, Failures: 0, Errors: 0, Time elapsed: 0.089 sec
    [junit] Running com.thesleepless.helium.action.ConstructActionTest
    [junit] Tests run: 4, Failures: 0, Errors: 0, Time elapsed: 0.093 sec
    [junit] Running com.thesleepless.helium.action.IncludeActionTest
    [junit] Tests run: 5, Failures: 0, Errors: 0, Time elapsed: 0.1 sec
    [junit] Running com.thesleepless.helium.action.IterateActionTest
    [junit] Tests run: 7, Failures: 0, Errors: 0, Time elapsed: 0.107 sec
    [junit] Running com.thesleepless.helium.action.ListActionTest
    [junit] Tests run: 7, Failures: 0, Errors: 0, Time elapsed: 0.102 sec
    [junit] Running com.thesleepless.helium.action.ReflectActionTest
    [junit] Tests run: 10, Failures: 3, Errors: 0, Time elapsed: 0.142 sec
    [junit] Test com.thesleepless.helium.action.ReflectActionTest FAILED
    [junit] Running com.thesleepless.helium.action.VarActionTest
    [junit] Tests run: 8, Failures: 0, Errors: 0, Time elapsed: 0.107 sec
    [junit] Running com.thesleepless.helium.action.WhenActionTest
    [junit] Tests run: 7, Failures: 0, Errors: 0, Time elapsed: 0.122 sec
    [junit] Running com.thesleepless.helium.ui.text.CommandLineTest
    [junit] Tests run: 13, Failures: 0, Errors: 0, Time elapsed: 0.136 sec
    [junit] Running com.thesleepless.helium.util.IteratorFactoryTest
    [junit] Tests run: 6, Failures: 0, Errors: 0, Time elapsed: 0.012 sec
    [junit] Running com.thesleepless.helium.util.TagUtilTest
    [junit] Tests run: 5, Failures: 0, Errors: 0, Time elapsed: 0.04 sec
    [junit] Running com.thesleepless.heliumx.net.UrlEncodeActionTest
    [junit] Tests run: 9, Failures: 0, Errors: 0, Time elapsed: 0.215 sec
    [junit] Running com.thesleepless.heliumx.servlet.HeliumServletTest
    [junit] Tests run: 7, Failures: 0, Errors: 0, Time elapsed: 0.151 sec
    [junit] Running com.thesleepless.heliumx.servlet.action.AttributeActionTest
    [junit] Tests run: 9, Failures: 0, Errors: 0, Time elapsed: 0.119 sec
    [junit] Running com.thesleepless.heliumx.servlet.action.CookieActionTest
    [junit] Tests run: 11, Failures: 0, Errors: 0, Time elapsed: 0.137 sec
    [junit] Running com.thesleepless.heliumx.servlet.action.ParameterActionTest
    [junit] Tests run: 2, Failures: 0, Errors: 0, Time elapsed: 0.088 sec
    [junit] Running com.thesleepless.heliumx.servlet.action.RequestActionTest
    [junit] Tests run: 6, Failures: 0, Errors: 0, Time elapsed: 0.119 sec
    [junit] Running com.thesleepless.heliumx.servlet.action.ResponseActionTest
    [junit] Tests run: 4, Failures: 1, Errors: 0, Time elapsed: 0.127 sec
    [junit] Test com.thesleepless.heliumx.servlet.action.ResponseActionTest FAILED

